
*** Running vivado
    with args -log HydroDSP_CC_0_0.vds -m64 -product Vivado -mode batch -messageDb vivado.pb -notrace -source HydroDSP_CC_0_0.tcl


ECHO is off.
ECHO is off.

****** Vivado v2023.1 (64-bit)
  **** SW Build 3865809 on Sun May  7 15:05:29 MDT 2023
  **** IP Build 3864474 on Sun May  7 20:36:21 MDT 2023
  **** SharedData Build 3865790 on Sun May 07 13:33:03 MDT 2023
    ** Copyright 1986-2022 Xilinx, Inc. All Rights Reserved.
    ** Copyright 2022-2023 Advanced Micro Devices, Inc. All Rights Reserved.

source HydroDSP_CC_0_0.tcl -notrace
create_project: Time (s): cpu = 00:00:15 ; elapsed = 00:00:17 . Memory (MB): peak = 455.453 ; gain = 163.480
INFO: [IP_Flow 19-234] Refreshing IP repositories
INFO: [IP_Flow 19-1704] No user IP repositories specified
INFO: [IP_Flow 19-2313] Loaded Vivado IP repository 'C:/Xilinx/Vivado/2023.1/data/ip'.
INFO: [IP_Flow 19-6924] IPCACHE: Running cache check for IP inst: HydroDSP_CC_0_0
INFO: [IP_Flow 19-6922] IPCACHE: Exporting cached entry 13ac9e162dbacfde to dir: C:/Users/JamesWilliamson/Cascade_hydrophones/Hardware/XCORR/XCORR.runs/HydroDSP_CC_0_0_synth_1
INFO: [IP_Flow 19-6928] IPCACHE: copied cached file c:/Users/JamesWilliamson/Cascade_hydrophones/Hardware/XCORR/XCORR.cache/ip/2023.1/1/3/13ac9e162dbacfde/HydroDSP_CC_0_0.dcp to C:/Users/JamesWilliamson/Cascade_hydrophones/Hardware/XCORR/XCORR.runs/HydroDSP_CC_0_0_synth_1/HydroDSP_CC_0_0.dcp.
INFO: [IP_Flow 19-6928] IPCACHE: copied cached file c:/Users/JamesWilliamson/Cascade_hydrophones/Hardware/XCORR/XCORR.cache/ip/2023.1/1/3/13ac9e162dbacfde/HydroDSP_CC_0_0_sim_netlist.v to C:/Users/JamesWilliamson/Cascade_hydrophones/Hardware/XCORR/XCORR.runs/HydroDSP_CC_0_0_synth_1/HydroDSP_CC_0_0_sim_netlist.v.
INFO: [IP_Flow 19-6928] IPCACHE: copied cached file c:/Users/JamesWilliamson/Cascade_hydrophones/Hardware/XCORR/XCORR.cache/ip/2023.1/1/3/13ac9e162dbacfde/HydroDSP_CC_0_0_sim_netlist.vhdl to C:/Users/JamesWilliamson/Cascade_hydrophones/Hardware/XCORR/XCORR.runs/HydroDSP_CC_0_0_synth_1/HydroDSP_CC_0_0_sim_netlist.vhdl.
INFO: [IP_Flow 19-6928] IPCACHE: copied cached file c:/Users/JamesWilliamson/Cascade_hydrophones/Hardware/XCORR/XCORR.cache/ip/2023.1/1/3/13ac9e162dbacfde/HydroDSP_CC_0_0_stub.v to C:/Users/JamesWilliamson/Cascade_hydrophones/Hardware/XCORR/XCORR.runs/HydroDSP_CC_0_0_synth_1/HydroDSP_CC_0_0_stub.v.
INFO: [IP_Flow 19-6928] IPCACHE: copied cached file c:/Users/JamesWilliamson/Cascade_hydrophones/Hardware/XCORR/XCORR.cache/ip/2023.1/1/3/13ac9e162dbacfde/HydroDSP_CC_0_0_stub.vhdl to C:/Users/JamesWilliamson/Cascade_hydrophones/Hardware/XCORR/XCORR.runs/HydroDSP_CC_0_0_synth_1/HydroDSP_CC_0_0_stub.vhdl.
INFO: [IP_Flow 19-4838] Using cached IP synthesis design for IP HydroDSP_CC_0_0, cache-ID = 13ac9e162dbacfde.
INFO: [Common 17-206] Exiting Vivado at Sun Sep  1 03:44:23 2024...
