
*** Running vivado
    with args -log MicroBlaze_WaveCaptureUnit_0_0.vds -m64 -product Vivado -mode batch -messageDb vivado.pb -notrace -source MicroBlaze_WaveCaptureUnit_0_0.tcl



****** Vivado v2024.2 (64-bit)
  **** SW Build 5239630 on Fri Nov 08 22:35:27 MST 2024
  **** IP Build 5239520 on Sun Nov 10 16:12:51 MST 2024
  **** SharedData Build 5239561 on Fri Nov 08 14:39:27 MST 2024
  **** Start of session at: Sun Aug  3 00:16:05 2025
    ** Copyright 1986-2022 Xilinx, Inc. All Rights Reserved.
    ** Copyright 2022-2024 Advanced Micro Devices, Inc. All Rights Reserved.

source MicroBlaze_WaveCaptureUnit_0_0.tcl -notrace
INFO: [IP_Flow 19-234] Refreshing IP repositories
INFO: [IP_Flow 19-1704] No user IP repositories specified
INFO: [IP_Flow 19-2313] Loaded Vivado IP repository 'C:/Xilinx/Vivado/2024.2/data/ip'.
WARNING: [IP_Flow 19-4995] The host OS only allows 260 characters in a normal path. The IP cache path is more than 80 characters. If you experience issues with IP caching, please consider changing the IP cache to a location with a shorter path. Alternately consider using the OS subst command to map part of the path to a drive letter. 
Current IP cache path is c:/Cascade_hydrophones/WorkspaceOMDHydrophones/Hardware/HydroProccess/HydroProccess.cache/ip 
Command: synth_design -top MicroBlaze_WaveCaptureUnit_0_0 -part xc7z020clg400-1 -incremental_mode off -mode out_of_context
Starting synth_design
Attempting to get a license for feature 'Synthesis' and/or device 'xc7z020'
INFO: [Common 17-349] Got license for feature 'Synthesis' and/or device 'xc7z020'
INFO: [Device 21-403] Loading part xc7z020clg400-1
INFO: [Synth 8-7079] Multithreading enabled for synth_design using a maximum of 2 processes.
INFO: [Synth 8-7078] Launching helper process for spawning children vivado processes
INFO: [Synth 8-7075] Helper process launched with PID 36448
---------------------------------------------------------------------------------
Starting RTL Elaboration : Time (s): cpu = 00:00:07 ; elapsed = 00:00:11 . Memory (MB): peak = 1081.906 ; gain = 467.750
---------------------------------------------------------------------------------
INFO: [Synth 8-6157] synthesizing module 'MicroBlaze_WaveCaptureUnit_0_0' [c:/Cascade_hydrophones/WorkspaceOMDHydrophones/Hardware/HydroProccess/HydroProccess.gen/sources_1/bd/MicroBlaze/ip/MicroBlaze_WaveCaptureUnit_0_0/synth/MicroBlaze_WaveCaptureUnit_0_0.v:53]
INFO: [Synth 8-6157] synthesizing module 'WaveCaptureUnit' [C:/Cascade_hydrophones/WorkspaceOMDHydrophones/Hardware/HydroProccess/HydroProccess.srcs/sources_1/new/WaveCaptureUnit.v:3]
INFO: [Synth 8-6155] done synthesizing module 'WaveCaptureUnit' (0#1) [C:/Cascade_hydrophones/WorkspaceOMDHydrophones/Hardware/HydroProccess/HydroProccess.srcs/sources_1/new/WaveCaptureUnit.v:3]
INFO: [Synth 8-6155] done synthesizing module 'MicroBlaze_WaveCaptureUnit_0_0' (0#1) [c:/Cascade_hydrophones/WorkspaceOMDHydrophones/Hardware/HydroProccess/HydroProccess.gen/sources_1/bd/MicroBlaze/ip/MicroBlaze_WaveCaptureUnit_0_0/synth/MicroBlaze_WaveCaptureUnit_0_0.v:53]
---------------------------------------------------------------------------------
Finished RTL Elaboration : Time (s): cpu = 00:00:09 ; elapsed = 00:00:16 . Memory (MB): peak = 1191.684 ; gain = 577.527
---------------------------------------------------------------------------------
---------------------------------------------------------------------------------
Start Handling Custom Attributes
---------------------------------------------------------------------------------
---------------------------------------------------------------------------------
Finished Handling Custom Attributes : Time (s): cpu = 00:00:09 ; elapsed = 00:00:17 . Memory (MB): peak = 1191.684 ; gain = 577.527
---------------------------------------------------------------------------------
---------------------------------------------------------------------------------
Finished RTL Optimization Phase 1 : Time (s): cpu = 00:00:09 ; elapsed = 00:00:17 . Memory (MB): peak = 1191.684 ; gain = 577.527
---------------------------------------------------------------------------------
Netlist sorting complete. Time (s): cpu = 00:00:00 ; elapsed = 00:00:00.003 . Memory (MB): peak = 1191.684 ; gain = 0.000
INFO: [Project 1-570] Preparing netlist for logic optimization

Processing XDC Constraints
Initializing timing engine
Completed Processing XDC Constraints

Netlist sorting complete. Time (s): cpu = 00:00:00 ; elapsed = 00:00:00 . Memory (MB): peak = 1229.211 ; gain = 0.000
INFO: [Project 1-111] Unisim Transformation Summary:
No Unisim elements were transformed.

Constraint Validation Runtime : Time (s): cpu = 00:00:00 ; elapsed = 00:00:00.123 . Memory (MB): peak = 1229.246 ; gain = 0.035
INFO: [Designutils 20-5008] Incremental synthesis strategy off
---------------------------------------------------------------------------------
Finished Constraint Validation : Time (s): cpu = 00:00:18 ; elapsed = 00:00:33 . Memory (MB): peak = 1229.246 ; gain = 615.090
---------------------------------------------------------------------------------
---------------------------------------------------------------------------------
Start Loading Part and Timing Information
---------------------------------------------------------------------------------
Loading part: xc7z020clg400-1
---------------------------------------------------------------------------------
Finished Loading Part and Timing Information : Time (s): cpu = 00:00:18 ; elapsed = 00:00:33 . Memory (MB): peak = 1229.246 ; gain = 615.090
---------------------------------------------------------------------------------
---------------------------------------------------------------------------------
Start Applying 'set_property' XDC Constraints
---------------------------------------------------------------------------------
---------------------------------------------------------------------------------
Finished applying 'set_property' XDC Constraints : Time (s): cpu = 00:00:18 ; elapsed = 00:00:33 . Memory (MB): peak = 1229.246 ; gain = 615.090
---------------------------------------------------------------------------------
---------------------------------------------------------------------------------
Finished RTL Optimization Phase 2 : Time (s): cpu = 00:00:18 ; elapsed = 00:00:33 . Memory (MB): peak = 1229.246 ; gain = 615.090
---------------------------------------------------------------------------------
---------------------------------------------------------------------------------
Start RTL Component Statistics 
---------------------------------------------------------------------------------
Detailed RTL Component Info : 
+---Adders : 
	   2 Input   32 Bit       Adders := 1     
	   3 Input   32 Bit       Adders := 1     
+---Registers : 
	               32 Bit    Registers := 2     
	               13 Bit    Registers := 1     
+---RAMs : 
	              24K Bit	(2048 X 12 bit)          RAMs := 1     
---------------------------------------------------------------------------------
Finished RTL Component Statistics 
---------------------------------------------------------------------------------
---------------------------------------------------------------------------------
Start Part Resource Summary
---------------------------------------------------------------------------------
Part Resources:
DSPs: 220 (col length:60)
BRAMs: 280 (col length: RAMB18 60 RAMB36 30)
---------------------------------------------------------------------------------
Finished Part Resource Summary
---------------------------------------------------------------------------------
---------------------------------------------------------------------------------
Start Cross Boundary and Area Optimization
---------------------------------------------------------------------------------
WARNING: [Synth 8-7080] Parallel synthesis criteria is not met
INFO: [Synth 8-3917] design MicroBlaze_WaveCaptureUnit_0_0 has port WaveRefOut[31] driven by constant 0
INFO: [Synth 8-3917] design MicroBlaze_WaveCaptureUnit_0_0 has port WaveRefOut[30] driven by constant 0
INFO: [Synth 8-3917] design MicroBlaze_WaveCaptureUnit_0_0 has port WaveRefOut[29] driven by constant 0
INFO: [Synth 8-3917] design MicroBlaze_WaveCaptureUnit_0_0 has port WaveRefOut[28] driven by constant 0
INFO: [Synth 8-3917] design MicroBlaze_WaveCaptureUnit_0_0 has port WaveRefOut[27] driven by constant 0
INFO: [Synth 8-3917] design MicroBlaze_WaveCaptureUnit_0_0 has port WaveRefOut[26] driven by constant 0
INFO: [Synth 8-3917] design MicroBlaze_WaveCaptureUnit_0_0 has port WaveRefOut[25] driven by constant 0
INFO: [Synth 8-3917] design MicroBlaze_WaveCaptureUnit_0_0 has port WaveRefOut[24] driven by constant 0
INFO: [Synth 8-3917] design MicroBlaze_WaveCaptureUnit_0_0 has port WaveRefOut[23] driven by constant 0
INFO: [Synth 8-3917] design MicroBlaze_WaveCaptureUnit_0_0 has port WaveRefOut[22] driven by constant 0
INFO: [Synth 8-3917] design MicroBlaze_WaveCaptureUnit_0_0 has port WaveRefOut[21] driven by constant 0
INFO: [Synth 8-3917] design MicroBlaze_WaveCaptureUnit_0_0 has port WaveRefOut[20] driven by constant 0
INFO: [Synth 8-3917] design MicroBlaze_WaveCaptureUnit_0_0 has port WaveRefOut[19] driven by constant 0
INFO: [Synth 8-3917] design MicroBlaze_WaveCaptureUnit_0_0 has port WaveRefOut[18] driven by constant 0
INFO: [Synth 8-3917] design MicroBlaze_WaveCaptureUnit_0_0 has port WaveRefOut[17] driven by constant 0
INFO: [Synth 8-3917] design MicroBlaze_WaveCaptureUnit_0_0 has port WaveRefOut[16] driven by constant 0
INFO: [Synth 8-3917] design MicroBlaze_WaveCaptureUnit_0_0 has port WaveRefOut[15] driven by constant 0
INFO: [Synth 8-3917] design MicroBlaze_WaveCaptureUnit_0_0 has port WaveRefOut[14] driven by constant 0
INFO: [Synth 8-3917] design MicroBlaze_WaveCaptureUnit_0_0 has port WaveRefOut[13] driven by constant 0
INFO: [Synth 8-5784] Optimized 1 bits of RAM "inst/Ram_reg" due to constant propagation. Old ram width 13 bits, new ram width 12 bits.
---------------------------------------------------------------------------------
Finished Cross Boundary and Area Optimization : Time (s): cpu = 00:00:21 ; elapsed = 00:00:38 . Memory (MB): peak = 1246.270 ; gain = 632.113
---------------------------------------------------------------------------------
---------------------------------------------------------------------------------
Start ROM, RAM, DSP, Shift Register and Retiming Reporting
---------------------------------------------------------------------------------

Block RAM: Preliminary Mapping Report (see note below)
+-------------------------------+--------------+------------------------+---+---+------------------------+---+---+------------------+--------+--------+
|Module Name                    | RTL Object   | PORT A (Depth x Width) | W | R | PORT B (Depth x Width) | W | R | Ports driving FF | RAMB18 | RAMB36 | 
+-------------------------------+--------------+------------------------+---+---+------------------------+---+---+------------------+--------+--------+
|MicroBlaze_WaveCaptureUnit_0_0 | inst/Ram_reg | 2 K x 12(READ_FIRST)   | W |   | 2 K x 13(WRITE_FIRST)  |   | R | Port A and B     | 0      | 1      | 
+-------------------------------+--------------+------------------------+---+---+------------------------+---+---+------------------+--------+--------+

Note: The table above is a preliminary report that shows the Block RAMs at the current stage of the synthesis flow. Some Block RAMs may be reimplemented as non Block RAM primitives later in the synthesis flow. Multiple instantiated Block RAMs are reported only once. 
---------------------------------------------------------------------------------
Finished ROM, RAM, DSP, Shift Register and Retiming Reporting
---------------------------------------------------------------------------------
---------------------------------------------------------------------------------
Start Applying XDC Timing Constraints
---------------------------------------------------------------------------------
---------------------------------------------------------------------------------
Finished Applying XDC Timing Constraints : Time (s): cpu = 00:00:29 ; elapsed = 00:00:51 . Memory (MB): peak = 1388.762 ; gain = 774.605
---------------------------------------------------------------------------------
---------------------------------------------------------------------------------
Start Timing Optimization
---------------------------------------------------------------------------------
---------------------------------------------------------------------------------
Finished Timing Optimization : Time (s): cpu = 00:00:29 ; elapsed = 00:00:51 . Memory (MB): peak = 1388.984 ; gain = 774.828
---------------------------------------------------------------------------------
---------------------------------------------------------------------------------
Start ROM, RAM, DSP, Shift Register and Retiming Reporting
---------------------------------------------------------------------------------

Block RAM: Final Mapping Report
+-------------------------------+--------------+------------------------+---+---+------------------------+---+---+------------------+--------+--------+
|Module Name                    | RTL Object   | PORT A (Depth x Width) | W | R | PORT B (Depth x Width) | W | R | Ports driving FF | RAMB18 | RAMB36 | 
+-------------------------------+--------------+------------------------+---+---+------------------------+---+---+------------------+--------+--------+
|MicroBlaze_WaveCaptureUnit_0_0 | inst/Ram_reg | 2 K x 12(READ_FIRST)   | W |   | 2 K x 13(WRITE_FIRST)  |   | R | Port A and B     | 0      | 1      | 
+-------------------------------+--------------+------------------------+---+---+------------------------+---+---+------------------+--------+--------+

---------------------------------------------------------------------------------
Finished ROM, RAM, DSP, Shift Register and Retiming Reporting
---------------------------------------------------------------------------------
---------------------------------------------------------------------------------
Start Technology Mapping
---------------------------------------------------------------------------------
INFO: [Synth 8-7052] The timing for the instance inst/Ram_reg (implemented as a Block RAM) might be sub-optimal as no optional output register could be merged into the ram block. Providing additional output register may help in improving timing.
---------------------------------------------------------------------------------
Finished Technology Mapping : Time (s): cpu = 00:00:29 ; elapsed = 00:00:51 . Memory (MB): peak = 1399.074 ; gain = 784.918
---------------------------------------------------------------------------------
---------------------------------------------------------------------------------
Start IO Insertion
---------------------------------------------------------------------------------
---------------------------------------------------------------------------------
Start Flattening Before IO Insertion
---------------------------------------------------------------------------------
---------------------------------------------------------------------------------
Finished Flattening Before IO Insertion
---------------------------------------------------------------------------------
---------------------------------------------------------------------------------
Start Final Netlist Cleanup
---------------------------------------------------------------------------------
---------------------------------------------------------------------------------
Finished Final Netlist Cleanup
---------------------------------------------------------------------------------
---------------------------------------------------------------------------------
Finished IO Insertion : Time (s): cpu = 00:00:34 ; elapsed = 00:01:04 . Memory (MB): peak = 1615.750 ; gain = 1001.594
---------------------------------------------------------------------------------
---------------------------------------------------------------------------------
Start Renaming Generated Instances
---------------------------------------------------------------------------------
---------------------------------------------------------------------------------
Finished Renaming Generated Instances : Time (s): cpu = 00:00:34 ; elapsed = 00:01:04 . Memory (MB): peak = 1615.750 ; gain = 1001.594
---------------------------------------------------------------------------------
---------------------------------------------------------------------------------
Start Rebuilding User Hierarchy
---------------------------------------------------------------------------------
---------------------------------------------------------------------------------
Finished Rebuilding User Hierarchy : Time (s): cpu = 00:00:34 ; elapsed = 00:01:04 . Memory (MB): peak = 1615.750 ; gain = 1001.594
---------------------------------------------------------------------------------
---------------------------------------------------------------------------------
Start Renaming Generated Ports
---------------------------------------------------------------------------------
---------------------------------------------------------------------------------
Finished Renaming Generated Ports : Time (s): cpu = 00:00:34 ; elapsed = 00:01:04 . Memory (MB): peak = 1615.750 ; gain = 1001.594
---------------------------------------------------------------------------------
---------------------------------------------------------------------------------
Start Handling Custom Attributes
---------------------------------------------------------------------------------
---------------------------------------------------------------------------------
Finished Handling Custom Attributes : Time (s): cpu = 00:00:34 ; elapsed = 00:01:04 . Memory (MB): peak = 1616.742 ; gain = 1002.586
---------------------------------------------------------------------------------
---------------------------------------------------------------------------------
Start Renaming Generated Nets
---------------------------------------------------------------------------------
---------------------------------------------------------------------------------
Finished Renaming Generated Nets : Time (s): cpu = 00:00:34 ; elapsed = 00:01:04 . Memory (MB): peak = 1616.742 ; gain = 1002.586
---------------------------------------------------------------------------------
---------------------------------------------------------------------------------
Start Writing Synthesis Report
---------------------------------------------------------------------------------

Report BlackBoxes: 
+-+--------------+----------+
| |BlackBox name |Instances |
+-+--------------+----------+
+-+--------------+----------+

Report Cell Usage: 
+------+---------+------+
|      |Cell     |Count |
+------+---------+------+
|1     |CARRY4   |    16|
|2     |LUT1     |    33|
|3     |LUT2     |    33|
|4     |LUT3     |     1|
|5     |LUT5     |     1|
|6     |LUT6     |     8|
|7     |RAMB36E1 |     1|
|8     |FDRE     |    68|
|9     |FDSE     |     7|
+------+---------+------+
---------------------------------------------------------------------------------
Finished Writing Synthesis Report : Time (s): cpu = 00:00:34 ; elapsed = 00:01:04 . Memory (MB): peak = 1616.742 ; gain = 1002.586
---------------------------------------------------------------------------------
Synthesis finished with 0 errors, 0 critical warnings and 1 warnings.
Synthesis Optimization Runtime : Time (s): cpu = 00:00:23 ; elapsed = 00:01:01 . Memory (MB): peak = 1616.742 ; gain = 965.023
Synthesis Optimization Complete : Time (s): cpu = 00:00:34 ; elapsed = 00:01:05 . Memory (MB): peak = 1616.742 ; gain = 1002.586
INFO: [Project 1-571] Translating synthesized netlist
Netlist sorting complete. Time (s): cpu = 00:00:00 ; elapsed = 00:00:00.003 . Memory (MB): peak = 1616.742 ; gain = 0.000
INFO: [Netlist 29-17] Analyzing 17 Unisim elements for replacement
INFO: [Netlist 29-28] Unisim Transformation completed in 0 CPU seconds
INFO: [Project 1-570] Preparing netlist for logic optimization
INFO: [Opt 31-138] Pushed 1 inverter(s) to 2 load pin(s).
Netlist sorting complete. Time (s): cpu = 00:00:00 ; elapsed = 00:00:00 . Memory (MB): peak = 1616.742 ; gain = 0.000
INFO: [Project 1-111] Unisim Transformation Summary:
No Unisim elements were transformed.

Synth Design complete | Checksum: 1a33355
INFO: [Common 17-83] Releasing license: Synthesis
43 Infos, 2 Warnings, 0 Critical Warnings and 0 Errors encountered.
synth_design completed successfully
synth_design: Time (s): cpu = 00:00:39 ; elapsed = 00:01:20 . Memory (MB): peak = 1616.742 ; gain = 1231.602
Write ShapeDB Complete: Time (s): cpu = 00:00:00 ; elapsed = 00:00:00.006 . Memory (MB): peak = 1616.742 ; gain = 0.000
INFO: [Common 17-1381] The checkpoint 'C:/Cascade_hydrophones/WorkspaceOMDHydrophones/Hardware/HydroProccess/HydroProccess.runs/MicroBlaze_WaveCaptureUnit_0_0_synth_1/MicroBlaze_WaveCaptureUnit_0_0.dcp' has been generated.
INFO: [Vivado 12-24828] Executing command : report_utilization -file MicroBlaze_WaveCaptureUnit_0_0_utilization_synth.rpt -pb MicroBlaze_WaveCaptureUnit_0_0_utilization_synth.pb
INFO: [Common 17-206] Exiting Vivado at Sun Aug  3 00:17:36 2025...
