16:01:11 DEBUG : Logs will be stored at 'C:/Cascade_hydrophones/WorkspaceOMDHydrophones/Software/IDE.log'.
16:01:13 INFO  : Launching XSCT server: xsct.bat -n  -interactive C:\Cascade_hydrophones\WorkspaceOMDHydrophones\Software\temp_xsdb_launch_script.tcl
16:01:13 INFO  : Registering command handlers for Vitis TCF services
16:01:14 INFO  : Platform repository initialization has completed.
16:01:15 INFO  : XSCT server has started successfully.
16:01:15 INFO  : Successfully done setting XSCT server connection channel  
16:01:15 INFO  : plnx-install-location is set to ''
16:01:15 INFO  : Successfully done query RDI_DATADIR 
16:01:15 INFO  : Successfully done setting workspace for the tool. 
16:05:42 INFO  : Result from executing command 'getProjects': MicroBlaze_wrapper
16:05:42 INFO  : Result from executing command 'getPlatforms': xilinx_vck190_base_202220_1|C:/Xilinx/Vitis/2022.2/base_platforms/xilinx_vck190_base_202220_1/xilinx_vck190_base_202220_1.xpfm;xilinx_vck190_base_dfx_202220_1|C:/Xilinx/Vitis/2022.2/base_platforms/xilinx_vck190_base_dfx_202220_1/xilinx_vck190_base_dfx_202220_1.xpfm;xilinx_vmk180_base_202220_1|C:/Xilinx/Vitis/2022.2/base_platforms/xilinx_vmk180_base_202220_1/xilinx_vmk180_base_202220_1.xpfm;xilinx_zcu102_base_202220_1|C:/Xilinx/Vitis/2022.2/base_platforms/xilinx_zcu102_base_202220_1/xilinx_zcu102_base_202220_1.xpfm;xilinx_zcu102_base_dfx_202220_1|C:/Xilinx/Vitis/2022.2/base_platforms/xilinx_zcu102_base_dfx_202220_1/xilinx_zcu102_base_dfx_202220_1.xpfm;xilinx_zcu104_base_202220_1|C:/Xilinx/Vitis/2022.2/base_platforms/xilinx_zcu104_base_202220_1/xilinx_zcu104_base_202220_1.xpfm
16:05:42 WARN  : An unexpected exception occurred in the module 'platform project logging'
16:05:43 INFO  : Platform 'MicroBlaze_wrapper' is added to custom repositories.
16:05:46 INFO  : Platform 'MicroBlaze_wrapper' is added to custom repositories.
16:15:13 INFO  : Result from executing command 'getProjects': MicroBlaze_wrapper
16:15:13 INFO  : Result from executing command 'getPlatforms': MicroBlaze_wrapper|C:/Cascade_hydrophones/WorkspaceOMDHydrophones/Software/MicroBlaze_wrapper/export/MicroBlaze_wrapper/MicroBlaze_wrapper.xpfm;xilinx_vck190_base_202220_1|C:/Xilinx/Vitis/2022.2/base_platforms/xilinx_vck190_base_202220_1/xilinx_vck190_base_202220_1.xpfm;xilinx_vck190_base_dfx_202220_1|C:/Xilinx/Vitis/2022.2/base_platforms/xilinx_vck190_base_dfx_202220_1/xilinx_vck190_base_dfx_202220_1.xpfm;xilinx_vmk180_base_202220_1|C:/Xilinx/Vitis/2022.2/base_platforms/xilinx_vmk180_base_202220_1/xilinx_vmk180_base_202220_1.xpfm;xilinx_zcu102_base_202220_1|C:/Xilinx/Vitis/2022.2/base_platforms/xilinx_zcu102_base_202220_1/xilinx_zcu102_base_202220_1.xpfm;xilinx_zcu102_base_dfx_202220_1|C:/Xilinx/Vitis/2022.2/base_platforms/xilinx_zcu102_base_dfx_202220_1/xilinx_zcu102_base_dfx_202220_1.xpfm;xilinx_zcu104_base_202220_1|C:/Xilinx/Vitis/2022.2/base_platforms/xilinx_zcu104_base_202220_1/xilinx_zcu104_base_202220_1.xpfm
16:15:14 INFO  : Checking for BSP changes to sync application flags for project 'HelloWorld'...
16:15:31 INFO  : Connected to target on host '127.0.0.1' and port '3121'.
16:15:31 WARN  : IDE version '2022.2.0' doesn't match hw_server version '2023.2'. Some debug features may not work.
16:15:32 INFO  : Jtag cable 'Digilent Cmod S7 210376B8540EA' is selected.
16:15:32 INFO  : 'jtag frequency' command is executed.
16:15:32 INFO  : 'targets -set -filter {jtag_cable_name =~ "Digilent Cmod S7 210376B8540EA" && level==0 && jtag_device_ctx=="jsn-Cmod S7-210376B8540EA-037c4093-0"}' command is executed.
16:15:33 INFO  : Device configured successfully with "C:/Cascade_hydrophones/WorkspaceOMDHydrophones/Software/HelloWorld/_ide/bitstream/MicroBlaze_wrapper.bit"
16:15:33 INFO  : Context for processor 'microblaze_0' is selected.
16:15:33 INFO  : Hardware design and registers information is loaded from 'C:/Cascade_hydrophones/WorkspaceOMDHydrophones/Software/MicroBlaze_wrapper/export/MicroBlaze_wrapper/hw/MicroBlaze_wrapper.xsa'.
16:15:33 INFO  : 'configparams mdm-detect-bscan-mask 2' command is executed.
16:15:33 INFO  : Context for processor 'microblaze_0' is selected.
16:15:33 INFO  : System reset is completed.
16:15:36 INFO  : 'after 3000' command is executed.
16:15:36 INFO  : Context for processor 'microblaze_0' is selected.
16:15:36 INFO  : Connected to target on host '127.0.0.1' and port '3121'.
16:15:36 ERROR : Cannot stop MicroBlaze. MicroBlaze is held in reset
16:15:36 INFO  : ----------------XSDB Script----------------
connect -url tcp:127.0.0.1:3121
targets -set -filter {jtag_cable_name =~ "Digilent Cmod S7 210376B8540EA" && level==0 && jtag_device_ctx=="jsn-Cmod S7-210376B8540EA-037c4093-0"}
fpga -file C:/Cascade_hydrophones/WorkspaceOMDHydrophones/Software/HelloWorld/_ide/bitstream/MicroBlaze_wrapper.bit
targets -set -nocase -filter {name =~ "*microblaze*#0" && bscan=="USER2" }
loadhw -hw C:/Cascade_hydrophones/WorkspaceOMDHydrophones/Software/MicroBlaze_wrapper/export/MicroBlaze_wrapper/hw/MicroBlaze_wrapper.xsa -regs
configparams mdm-detect-bscan-mask 2
targets -set -nocase -filter {name =~ "*microblaze*#0" && bscan=="USER2" }
rst -system
after 3000
targets -set -nocase -filter {name =~ "*microblaze*#0" && bscan=="USER2" }
dow C:/Cascade_hydrophones/WorkspaceOMDHydrophones/Software/HelloWorld/Debug/HelloWorld.elf
----------------End of Script----------------

16:15:36 ERROR : Cannot stop MicroBlaze. MicroBlaze is held in reset
16:15:36 WARN  : IDE version '2022.2.0' doesn't match hw_server version '2023.2'. Some debug features may not work.
16:15:38 INFO  : Jtag cable 'Digilent Cmod S7 210376B8540EA' is selected.
16:15:38 INFO  : 'jtag frequency' command is executed.
16:15:38 INFO  : 'targets -set -filter {jtag_cable_name =~ "Digilent Cmod S7 210376B8540EA" && level==0 && jtag_device_ctx=="jsn-Cmod S7-210376B8540EA-037c4093-0"}' command is executed.
16:15:38 INFO  : Device configured successfully with "C:/Cascade_hydrophones/WorkspaceOMDHydrophones/Software/HelloWorld/_ide/bitstream/MicroBlaze_wrapper.bit"
16:15:38 INFO  : Context for processor 'microblaze_0' is selected.
16:15:38 INFO  : Hardware design and registers information is loaded from 'C:/Cascade_hydrophones/WorkspaceOMDHydrophones/Software/MicroBlaze_wrapper/export/MicroBlaze_wrapper/hw/MicroBlaze_wrapper.xsa'.
16:15:38 INFO  : 'configparams mdm-detect-bscan-mask 2' command is executed.
16:15:38 INFO  : Context for processor 'microblaze_0' is selected.
16:15:38 INFO  : System reset is completed.
16:15:41 INFO  : 'after 3000' command is executed.
16:15:42 INFO  : Context for processor 'microblaze_0' is selected.
16:15:42 ERROR : Cannot stop MicroBlaze. MicroBlaze is held in reset
16:15:42 INFO  : ----------------XSDB Script----------------
connect -url tcp:127.0.0.1:3121
targets -set -filter {jtag_cable_name =~ "Digilent Cmod S7 210376B8540EA" && level==0 && jtag_device_ctx=="jsn-Cmod S7-210376B8540EA-037c4093-0"}
fpga -file C:/Cascade_hydrophones/WorkspaceOMDHydrophones/Software/HelloWorld/_ide/bitstream/MicroBlaze_wrapper.bit
targets -set -nocase -filter {name =~ "*microblaze*#0" && bscan=="USER2" }
loadhw -hw C:/Cascade_hydrophones/WorkspaceOMDHydrophones/Software/MicroBlaze_wrapper/export/MicroBlaze_wrapper/hw/MicroBlaze_wrapper.xsa -regs
configparams mdm-detect-bscan-mask 2
targets -set -nocase -filter {name =~ "*microblaze*#0" && bscan=="USER2" }
rst -system
after 3000
targets -set -nocase -filter {name =~ "*microblaze*#0" && bscan=="USER2" }
dow C:/Cascade_hydrophones/WorkspaceOMDHydrophones/Software/HelloWorld/Debug/HelloWorld.elf
----------------End of Script----------------

16:15:42 ERROR : Cannot stop MicroBlaze. MicroBlaze is held in reset
16:16:22 INFO  : Connected to target on host '127.0.0.1' and port '3121'.
16:16:22 WARN  : IDE version '2022.2.0' doesn't match hw_server version '2023.2'. Some debug features may not work.
16:16:23 INFO  : Jtag cable 'Digilent Cmod S7 210376B8540EA' is selected.
16:16:23 INFO  : 'jtag frequency' command is executed.
16:16:23 INFO  : 'targets -set -filter {jtag_cable_name =~ "Digilent Cmod S7 210376B8540EA" && level==0 && jtag_device_ctx=="jsn-Cmod S7-210376B8540EA-037c4093-0"}' command is executed.
16:16:24 INFO  : Device configured successfully with "C:/Cascade_hydrophones/WorkspaceOMDHydrophones/Software/HelloWorld/_ide/bitstream/MicroBlaze_wrapper.bit"
16:16:24 INFO  : Context for processor 'microblaze_0' is selected.
16:16:24 INFO  : Hardware design and registers information is loaded from 'C:/Cascade_hydrophones/WorkspaceOMDHydrophones/Software/MicroBlaze_wrapper/export/MicroBlaze_wrapper/hw/MicroBlaze_wrapper.xsa'.
16:16:24 INFO  : 'configparams mdm-detect-bscan-mask 2' command is executed.
16:16:24 INFO  : Context for processor 'microblaze_0' is selected.
16:16:24 INFO  : System reset is completed.
16:16:27 INFO  : 'after 3000' command is executed.
16:16:27 INFO  : Context for processor 'microblaze_0' is selected.
16:16:27 INFO  : The application 'C:/Cascade_hydrophones/WorkspaceOMDHydrophones/Software/HelloWorld/Debug/HelloWorld.elf' is downloaded to processor 'microblaze_0'.
16:16:27 INFO  : ----------------XSDB Script----------------
connect -url tcp:127.0.0.1:3121
targets -set -filter {jtag_cable_name =~ "Digilent Cmod S7 210376B8540EA" && level==0 && jtag_device_ctx=="jsn-Cmod S7-210376B8540EA-037c4093-0"}
fpga -file C:/Cascade_hydrophones/WorkspaceOMDHydrophones/Software/HelloWorld/_ide/bitstream/MicroBlaze_wrapper.bit
targets -set -nocase -filter {name =~ "*microblaze*#0" && bscan=="USER2" }
loadhw -hw C:/Cascade_hydrophones/WorkspaceOMDHydrophones/Software/MicroBlaze_wrapper/export/MicroBlaze_wrapper/hw/MicroBlaze_wrapper.xsa -regs
configparams mdm-detect-bscan-mask 2
targets -set -nocase -filter {name =~ "*microblaze*#0" && bscan=="USER2" }
rst -system
after 3000
targets -set -nocase -filter {name =~ "*microblaze*#0" && bscan=="USER2" }
dow C:/Cascade_hydrophones/WorkspaceOMDHydrophones/Software/HelloWorld/Debug/HelloWorld.elf
----------------End of Script----------------

16:16:27 INFO  : Context for processor 'microblaze_0' is selected.
16:16:27 INFO  : 'con' command is executed.
16:16:27 INFO  : ----------------XSDB Script (After Launch)----------------
targets -set -nocase -filter {name =~ "*microblaze*#0" && bscan=="USER2" }
con
----------------End of Script----------------

16:16:27 INFO  : Launch script is exported to file 'C:\Cascade_hydrophones\WorkspaceOMDHydrophones\Software\HelloWorld_system\_ide\scripts\debugger_helloworld-default.tcl'
16:20:25 INFO  : Disconnected from the channel tcfchan#2.
