Copyright 1986-2022 Xilinx, Inc. All Rights Reserved. Copyright 2022-2023 Advanced Micro Devices, Inc. All Rights Reserved.
---------------------------------------------------------------------------------------------------------------------------------------------
| Tool Version : Vivado v.2023.1 (win64) Build 3865809 Sun May  7 15:05:29 MDT 2023
| Date         : Tue Sep 10 01:53:13 2024
| Host         : DESKTOP-C8C4U9T running 64-bit major release  (build 9200)
| Command      : report_control_sets -verbose -file MicroBlaze_wrapper_control_sets_placed.rpt
| Design       : MicroBlaze_wrapper
| Device       : xc7s25
---------------------------------------------------------------------------------------------------------------------------------------------

Control Set Information

Table of Contents
-----------------
1. Summary
2. Histogram
3. Flip-Flop Distribution
4. Detailed Control Set Information

1. Summary
----------

+----------------------------------------------------------+-------+
|                          Status                          | Count |
+----------------------------------------------------------+-------+
| Total control sets                                       |    90 |
|    Minimum number of control sets                        |    90 |
|    Addition due to synthesis replication                 |     0 |
|    Addition due to physical synthesis replication        |     0 |
| Unused register locations in slices containing registers |   264 |
+----------------------------------------------------------+-------+
* Control sets can be merged at opt_design using control_set_merge or merge_equivalent_drivers
** Run report_qor_suggestions for automated merging and remapping suggestions


2. Histogram
------------

+--------------------+-------+
|       Fanout       | Count |
+--------------------+-------+
| Total control sets |    90 |
| >= 0 to < 4        |    10 |
| >= 4 to < 6        |    14 |
| >= 6 to < 8        |     7 |
| >= 8 to < 10       |     7 |
| >= 10 to < 12      |     4 |
| >= 12 to < 14      |     5 |
| >= 14 to < 16      |     7 |
| >= 16              |    36 |
+--------------------+-------+
* Control sets can be remapped at either synth_design or opt_design


3. Flip-Flop Distribution
-------------------------

+--------------+-----------------------+------------------------+-----------------+--------------+
| Clock Enable | Synchronous Set/Reset | Asynchronous Set/Reset | Total Registers | Total Slices |
+--------------+-----------------------+------------------------+-----------------+--------------+
| No           | No                    | No                     |             491 |          170 |
| No           | No                    | Yes                    |              29 |            8 |
| No           | Yes                   | No                     |             616 |          218 |
| Yes          | No                    | No                     |             288 |          102 |
| Yes          | No                    | Yes                    |              15 |            8 |
| Yes          | Yes                   | No                     |             689 |          221 |
+--------------+-----------------------+------------------------+-----------------+--------------+


4. Detailed Control Set Information
-----------------------------------

+------------------------------------------------------------------------------------------+-----------------------------------------------------------------------------------------------------------------------------------------------------------------------------------------------------------+--------------------------------------------------------------------------------------------------------------------------------------------------+------------------+----------------+--------------+
|                                       Clock Signal                                       |                                                                                               Enable Signal                                                                                               |                                                                 Set/Reset Signal                                                                 | Slice Load Count | Bel Load Count | Bels / Slice |
+------------------------------------------------------------------------------------------+-----------------------------------------------------------------------------------------------------------------------------------------------------------------------------------------------------------+--------------------------------------------------------------------------------------------------------------------------------------------------+------------------+----------------+--------------+
|  MicroBlaze_i/mdm_1/U0/Use_E2.BSCAN_I/Dbg_Update_0_BUFG                                  | MicroBlaze_i/microblaze_0/U0/MicroBlaze_Core_I/Performance.Core/Use_Debug_Logic.Master_Core.Debug_Perf/Control_Reg_En                                                                                     | MicroBlaze_i/microblaze_0/U0/MicroBlaze_Core_I/Performance.Core/Use_Debug_Logic.Master_Core.Debug_Perf/Serial_Dbg_Intf.continue_from_brk_reg_n_0 |                1 |              1 |         1.00 |
|  MicroBlaze_i/mdm_1/U0/No_Dbg_Reg_Access.BUFG_DRCK/Dbg_Clk_0                             | MicroBlaze_i/mdm_1/U0/Use_E2.BSCAN_I/Use_E2.BSCANE2_I_0                                                                                                                                                   | MicroBlaze_i/mdm_1/U0/MDM_Core_I1/JTAG_CONTROL_I/Functional_Reset                                                                                |                1 |              1 |         1.00 |
|  MicroBlaze_i/clk_wiz_0/inst/clk_out1                                                    |                                                                                                                                                                                                           | MicroBlaze_i/microblaze_0/U0/MicroBlaze_Core_I/Performance.Core/Use_Debug_Logic.Master_Core.Debug_Perf/Serial_Dbg_Intf.capture_1                 |                1 |              1 |         1.00 |
| ~MicroBlaze_i/mdm_1/U0/Use_E2.BSCAN_I/Dbg_Update_0_BUFG                                  |                                                                                                                                                                                                           | MicroBlaze_i/mdm_1/U0/MDM_Core_I1/JTAG_CONTROL_I/sel_n                                                                                           |                1 |              1 |         1.00 |
| ~MicroBlaze_i/mdm_1/U0/No_Dbg_Reg_Access.BUFG_DRCK/Dbg_Clk_0                             | MicroBlaze_i/mdm_1/U0/MDM_Core_I1/JTAG_CONTROL_I/Use_BSCAN.FDC_I/CE                                                                                                                                       | MicroBlaze_i/mdm_1/U0/MDM_Core_I1/JTAG_CONTROL_I/Use_BSCAN.FDC_I/D                                                                               |                1 |              1 |         1.00 |
|  MicroBlaze_i/mdm_1/U0/Use_E2.BSCAN_I/Dbg_Update_0_BUFG                                  | MicroBlaze_i/microblaze_0/U0/MicroBlaze_Core_I/Performance.Core/Use_Debug_Logic.Master_Core.Debug_Perf/Control_Reg_En                                                                                     | MicroBlaze_i/microblaze_0/U0/MicroBlaze_Core_I/Performance.Core/Use_Debug_Logic.Master_Core.Debug_Perf/Serial_Dbg_Intf.normal_stop_cmd_i_reg_n_0 |                1 |              1 |         1.00 |
|  MicroBlaze_i/mdm_1/U0/Use_E2.BSCAN_I/Dbg_Update_0_BUFG                                  | MicroBlaze_i/microblaze_0/U0/MicroBlaze_Core_I/Performance.Core/Use_Debug_Logic.Master_Core.Debug_Perf/Control_Reg_En                                                                                     | MicroBlaze_i/microblaze_0/U0/MicroBlaze_Core_I/Performance.Core/Use_Debug_Logic.Master_Core.Debug_Perf/Serial_Dbg_Intf.force_stop_cmd_i_reg_0    |                1 |              1 |         1.00 |
|  MicroBlaze_i/mdm_1/U0/Use_E2.BSCAN_I/Dbg_Update_0_BUFG                                  | MicroBlaze_i/microblaze_0/U0/MicroBlaze_Core_I/Performance.Core/Use_Debug_Logic.Master_Core.Debug_Perf/Control_Reg_En                                                                                     | MicroBlaze_i/microblaze_0/U0/MicroBlaze_Core_I/Performance.Core/Use_Debug_Logic.Master_Core.Debug_Perf/start_single_step_reg_n_0                 |                1 |              1 |         1.00 |
|  MicroBlaze_i/mdm_1/U0/Use_E2.BSCAN_I/Dbg_Update_0_BUFG                                  | MicroBlaze_i/microblaze_0/U0/MicroBlaze_Core_I/Performance.Core/Use_Debug_Logic.Master_Core.Debug_Perf/Command_Reg_En                                                                                     | MicroBlaze_i/microblaze_0/U0/MicroBlaze_Core_I/Performance.Core/Use_Debug_Logic.Master_Core.Debug_Perf/command_reg_clear                         |                1 |              2 |         2.00 |
|  MicroBlaze_i/mdm_1/U0/Use_E2.BSCAN_I/Dbg_Update_0_BUFG                                  |                                                                                                                                                                                                           |                                                                                                                                                  |                2 |              3 |         1.50 |
|  MicroBlaze_i/clk_wiz_0/inst/clk_out1                                                    |                                                                                                                                                                                                           | MicroBlaze_i/axi_gpio_1/U0/AXI_LITE_IPIF_I/I_SLAVE_ATTACHMENT/clear                                                                              |                1 |              4 |         4.00 |
|  MicroBlaze_i/mdm_1/U0/Use_E2.BSCAN_I/Dbg_Update_0_BUFG                                  | MicroBlaze_i/microblaze_0/U0/MicroBlaze_Core_I/Performance.Core/Use_Debug_Logic.Master_Core.Debug_Perf/Control_Reg_En                                                                                     |                                                                                                                                                  |                2 |              4 |         2.00 |
|  MicroBlaze_i/clk_wiz_0/inst/clk_out1                                                    | MicroBlaze_i/axi_gpio_0/U0/AXI_LITE_IPIF_I/I_SLAVE_ATTACHMENT/start2                                                                                                                                      | MicroBlaze_i/axi_gpio_0/U0/AXI_LITE_IPIF_I/I_SLAVE_ATTACHMENT/I_DECODER/cs_ce_clr                                                                |                1 |              4 |         4.00 |
|  MicroBlaze_i/clk_wiz_0/inst/clk_out1                                                    |                                                                                                                                                                                                           | MicroBlaze_i/axi_gpio_0/U0/AXI_LITE_IPIF_I/I_SLAVE_ATTACHMENT/clear                                                                              |                1 |              4 |         4.00 |
| ~MicroBlaze_i/mdm_1/U0/Use_E2.BSCAN_I/Dbg_Update_0_BUFG                                  |                                                                                                                                                                                                           | MicroBlaze_i/mdm_1/U0/Use_E2.BSCAN_I/AR[0]                                                                                                       |                1 |              4 |         4.00 |
|  MicroBlaze_i/clk_wiz_0/inst/clk_out1                                                    | MicroBlaze_i/axi_uartlite_0/U0/AXI_LITE_IPIF_I/I_SLAVE_ATTACHMENT/start2                                                                                                                                  | MicroBlaze_i/axi_uartlite_0/U0/AXI_LITE_IPIF_I/I_SLAVE_ATTACHMENT/I_DECODER/cs_ce_clr                                                            |                1 |              4 |         4.00 |
|  MicroBlaze_i/clk_wiz_0/inst/clk_out1                                                    | MicroBlaze_i/axi_uartlite_0/U0/UARTLITE_CORE_I/BAUD_RATE_I/en_16x_Baud                                                                                                                                    |                                                                                                                                                  |                1 |              4 |         4.00 |
|  MicroBlaze_i/mdm_1/U0/No_Dbg_Reg_Access.BUFG_DRCK/Dbg_Clk_0                             | MicroBlaze_i/mdm_1/U0/MDM_Core_I1/Use_BSCAN.TDI_Shifter0                                                                                                                                                  | MicroBlaze_i/mdm_1/U0/Use_E2.BSCAN_I/AR[0]                                                                                                       |                1 |              4 |         4.00 |
|  MicroBlaze_i/clk_wiz_0/inst/clk_out1                                                    | MicroBlaze_i/axi_gpio_1/U0/AXI_LITE_IPIF_I/I_SLAVE_ATTACHMENT/start2                                                                                                                                      | MicroBlaze_i/axi_gpio_1/U0/AXI_LITE_IPIF_I/I_SLAVE_ATTACHMENT/I_DECODER/cs_ce_clr                                                                |                1 |              4 |         4.00 |
|  MicroBlaze_i/clk_wiz_0/inst/clk_out1                                                    | MicroBlaze_i/axi_gpio_1/U0/AXI_LITE_IPIF_I/I_SLAVE_ATTACHMENT/bus2ip_addr_i[8]_i_1_n_0                                                                                                                    | MicroBlaze_i/axi_gpio_1/U0/AXI_LITE_IPIF_I/I_SLAVE_ATTACHMENT/SR[0]                                                                              |                1 |              4 |         4.00 |
|  MicroBlaze_i/mdm_1/U0/Use_E2.BSCAN_I/Dbg_Update_0_BUFG                                  | MicroBlaze_i/mdm_1/U0/MDM_Core_I1/Use_BSCAN.MDM_SEL                                                                                                                                                       | MicroBlaze_i/mdm_1/U0/Use_E2.BSCAN_I/AR[0]                                                                                                       |                1 |              4 |         4.00 |
|  MicroBlaze_i/clk_wiz_0/inst/clk_out1                                                    | MicroBlaze_i/axi_gpio_0/U0/AXI_LITE_IPIF_I/I_SLAVE_ATTACHMENT/bus2ip_addr_i[8]_i_1_n_0                                                                                                                    | MicroBlaze_i/axi_gpio_0/U0/AXI_LITE_IPIF_I/I_SLAVE_ATTACHMENT/SS[0]                                                                              |                1 |              4 |         4.00 |
|  MicroBlaze_i/clk_wiz_0/inst/clk_out1                                                    |                                                                                                                                                                                                           | MicroBlaze_i/rst_clk_wiz_0_100M/U0/EXT_LPF/lpf_int                                                                                               |                2 |              5 |         2.50 |
|  MicroBlaze_i/clk_wiz_0/inst/clk_out1                                                    | MicroBlaze_i/microblaze_0/U0/MicroBlaze_Core_I/Performance.Core/Decode_I/wb_Halted                                                                                                                        | MicroBlaze_i/microblaze_0/U0/MicroBlaze_Core_I/sync_reset                                                                                        |                2 |              5 |         2.50 |
|  MicroBlaze_i/clk_wiz_0/inst/clk_out1                                                    | MicroBlaze_i/rst_clk_wiz_0_100M/U0/SEQ/seq_cnt_en                                                                                                                                                         | MicroBlaze_i/rst_clk_wiz_0_100M/U0/SEQ/SEQ_COUNTER/clear                                                                                         |                2 |              6 |         3.00 |
|  MicroBlaze_i/clk_wiz_0/inst/clk_out1                                                    |                                                                                                                                                                                                           | MicroBlaze_i/axi_uartlite_0/U0/UARTLITE_CORE_I/UARTLITE_RX_I/SRL_FIFO_I/I_SRL_FIFO_RBU_F/CNTR_INCR_DECR_ADDN_F_I/SS[0]                           |                2 |              6 |         3.00 |
|  MicroBlaze_i/clk_wiz_0/inst/clk_out1                                                    |                                                                                                                                                                                                           | MicroBlaze_i/axi_uartlite_0/U0/UARTLITE_CORE_I/UARTLITE_TX_I/SRL_FIFO_I/I_SRL_FIFO_RBU_F/CNTR_INCR_DECR_ADDN_F_I/SS[0]                           |                3 |              6 |         2.00 |
|  MicroBlaze_i/mdm_1/U0/No_Dbg_Reg_Access.BUFG_DRCK/Dbg_Clk_0                             | MicroBlaze_i/mdm_1/U0/MDM_Core_I1/JTAG_CONTROL_I/Use_BSCAN.FDC_I/sample_1                                                                                                                                 |                                                                                                                                                  |                1 |              6 |         6.00 |
|  MicroBlaze_i/mdm_1/U0/No_Dbg_Reg_Access.BUFG_DRCK/Dbg_Clk_0                             | MicroBlaze_i/mdm_1/U0/Use_E2.BSCAN_I/sel                                                                                                                                                                  |                                                                                                                                                  |                2 |              6 |         3.00 |
|  MicroBlaze_i/mdm_1/U0/No_Dbg_Reg_Access.BUFG_DRCK/Dbg_Clk_0                             | MicroBlaze_i/mdm_1/U0/Use_E2.BSCAN_I/Use_E2.BSCANE2_I_2                                                                                                                                                   |                                                                                                                                                  |                2 |              6 |         3.00 |
|  MicroBlaze_i/clk_wiz_0/inst/clk_out1                                                    | MicroBlaze_i/axi_uartlite_0/U0/UARTLITE_CORE_I/BAUD_RATE_I/en_16x_Baud                                                                                                                                    | MicroBlaze_i/axi_uartlite_0/U0/UARTLITE_CORE_I/UARTLITE_RX_I/SERIAL_TO_PARALLEL[8].fifo_din[8]_i_1_n_0                                           |                1 |              7 |         7.00 |
|  MicroBlaze_i/mdm_1/U0/No_Dbg_Reg_Access.BUFG_DRCK/Dbg_Clk_0                             | MicroBlaze_i/mdm_1/U0/MDM_Core_I1/JTAG_CONTROL_I/tdi_shifter0                                                                                                                                             |                                                                                                                                                  |                2 |              8 |         4.00 |
| ~MicroBlaze_i/mdm_1/U0/Use_E2.BSCAN_I/Dbg_Update_0_BUFG                                  | MicroBlaze_i/mdm_1/U0/MDM_Core_I1/JTAG_CONTROL_I/Use_BSCAN.command[0]_i_1_n_0                                                                                                                             |                                                                                                                                                  |                2 |              8 |         4.00 |
|  MicroBlaze_i/mdm_1/U0/No_Dbg_Reg_Access.BUFG_DRCK/Dbg_Clk_0                             | MicroBlaze_i/microblaze_0/U0/MicroBlaze_Core_I/Performance.Core/Use_Debug_Logic.Master_Core.Debug_Perf/Using_PC_Breakpoints.All_PC_Brks[0].Serial_Interface_1.address_hit_I/Compare[0].SRLC16E_I/which_pc |                                                                                                                                                  |                7 |              8 |         1.14 |
|  MicroBlaze_i/clk_wiz_0/inst/clk_out1                                                    | MicroBlaze_i/axi_uartlite_0/U0/AXI_LITE_IPIF_I/I_SLAVE_ATTACHMENT/s_axi_rresp_i                                                                                                                           | MicroBlaze_i/axi_uartlite_0/U0/AXI_LITE_IPIF_I/I_SLAVE_ATTACHMENT/rst                                                                            |                3 |              8 |         2.67 |
|  MicroBlaze_i/mdm_1/U0/Use_E2.BSCAN_I/Dbg_Update_0_BUFG                                  | MicroBlaze_i/mdm_1/U0/MDM_Core_I1/JTAG_CONTROL_I/Use_BSCAN.FDC_I/command_10                                                                                                                               |                                                                                                                                                  |                1 |              8 |         8.00 |
|  MicroBlaze_i/clk_wiz_0/inst/clk_out1                                                    | MicroBlaze_i/axi_uartlite_0/U0/UARTLITE_CORE_I/UARTLITE_RX_I/SRL_FIFO_I/I_SRL_FIFO_RBU_F/DYNSHREG_F_I/fifo_wr                                                                                             |                                                                                                                                                  |                1 |              8 |         8.00 |
|  MicroBlaze_i/clk_wiz_0/inst/clk_out1                                                    | MicroBlaze_i/axi_uartlite_0/U0/AXI_LITE_IPIF_I/I_SLAVE_ATTACHMENT/I_DECODER/fifo_wr                                                                                                                       |                                                                                                                                                  |                1 |              8 |         8.00 |
|  MicroBlaze_i/clk_wiz_0/inst/clk_out1                                                    |                                                                                                                                                                                                           | MicroBlaze_i/axi_uartlite_0/U0/AXI_LITE_IPIF_I/I_SLAVE_ATTACHMENT/rst                                                                            |                3 |             10 |         3.33 |
|  MicroBlaze_i/mdm_1/U0/No_Dbg_Reg_Access.BUFG_DRCK/Dbg_Clk_0                             | MicroBlaze_i/mdm_1/U0/MDM_Core_I1/JTAG_CONTROL_I/Use_BSCAN.FDC_I/Use_Serial_Unified_Completion.completion_block_reg                                                                                       |                                                                                                                                                  |                4 |             10 |         2.50 |
|  MicroBlaze_i/clk_wiz_0/inst/clk_out1                                                    | MicroBlaze_i/axi_gpio_1/U0/AXI_LITE_IPIF_I/I_SLAVE_ATTACHMENT/I_DECODER/bus2ip_rnw_i_reg[0]                                                                                                               | MicroBlaze_i/axi_gpio_1/U0/AXI_LITE_IPIF_I/I_SLAVE_ATTACHMENT/SR[0]                                                                              |                3 |             10 |         3.33 |
|  MicroBlaze_i/clk_wiz_0/inst/clk_out1                                                    |                                                                                                                                                                                                           | MicroBlaze_i/HardwareXCorr_wrapper_0/inst/HardwareXCorr_i/clk100khz_0/inst/clear                                                                 |                2 |             11 |         5.50 |
| ~MicroBlaze_i/HardwareXCorr_wrapper_0/inst/HardwareXCorr_i/clk100khz_0/inst/clk100k_BUFG |                                                                                                                                                                                                           | MicroBlaze_i/HardwareXCorr_wrapper_0/inst/HardwareXCorr_i/waveParser_0/inst/wave0Address[11]_i_1_n_0                                             |                6 |             12 |         2.00 |
| ~MicroBlaze_i/HardwareXCorr_wrapper_0/inst/HardwareXCorr_i/clk100khz_0/inst/clk100k_BUFG |                                                                                                                                                                                                           | MicroBlaze_i/HardwareXCorr_wrapper_0/inst/HardwareXCorr_i/waveParser_0/inst/wave1Address[11]_i_1_n_0                                             |                4 |             12 |         3.00 |
| ~MicroBlaze_i/HardwareXCorr_wrapper_0/inst/HardwareXCorr_i/clk100khz_0/inst/clk100k_BUFG |                                                                                                                                                                                                           | MicroBlaze_i/HardwareXCorr_wrapper_0/inst/HardwareXCorr_i/waveParser_0/inst/wave2Address[11]_i_1_n_0                                             |                3 |             12 |         4.00 |
| ~MicroBlaze_i/HardwareXCorr_wrapper_0/inst/HardwareXCorr_i/clk100khz_0/inst/clk100k_BUFG |                                                                                                                                                                                                           | MicroBlaze_i/HardwareXCorr_wrapper_0/inst/HardwareXCorr_i/waveParser_0/inst/wave3Address[11]_i_1_n_0                                             |                4 |             12 |         3.00 |
|  MicroBlaze_i/clk_wiz_0/inst/clk_out1                                                    |                                                                                                                                                                                                           | MicroBlaze_i/microblaze_0_axi_periph/xbar/inst/gen_sasd.crossbar_sasd_0/addr_arbiter_inst/SR[0]                                                  |                4 |             13 |         3.25 |
| ~MicroBlaze_i/HardwareXCorr_wrapper_0/inst/HardwareXCorr_i/clk_wiz_0/inst/clk_out1       |                                                                                                                                                                                                           | MicroBlaze_i/HardwareXCorr_wrapper_0/inst/HardwareXCorr_i/CC_0/inst/waveRef1Address[13]_i_1_n_0                                                  |                5 |             14 |         2.80 |
| ~MicroBlaze_i/HardwareXCorr_wrapper_0/inst/HardwareXCorr_i/clk100khz_0/inst/clk100k_BUFG |                                                                                                                                                                                                           | MicroBlaze_i/HardwareXCorr_wrapper_0/inst/HardwareXCorr_i/waveParser_0/inst/p_0_in                                                               |                5 |             14 |         2.80 |
| ~MicroBlaze_i/HardwareXCorr_wrapper_0/inst/HardwareXCorr_i/clk100khz_0/inst/clk100k_BUFG |                                                                                                                                                                                                           |                                                                                                                                                  |                6 |             14 |         2.33 |
| ~MicroBlaze_i/HardwareXCorr_wrapper_0/inst/HardwareXCorr_i/clk_wiz_0/inst/clk_out1       |                                                                                                                                                                                                           | MicroBlaze_i/HardwareXCorr_wrapper_0/inst/HardwareXCorr_i/CC_0/inst/waveRef0Address[13]_i_1_n_0                                                  |                8 |             14 |         1.75 |
| ~MicroBlaze_i/HardwareXCorr_wrapper_0/inst/HardwareXCorr_i/clk_wiz_0/inst/clk_out1       |                                                                                                                                                                                                           | MicroBlaze_i/HardwareXCorr_wrapper_0/inst/HardwareXCorr_i/CC_0/inst/waveRef2Address[13]_i_1_n_0                                                  |                9 |             14 |         1.56 |
| ~MicroBlaze_i/HardwareXCorr_wrapper_0/inst/HardwareXCorr_i/clk_wiz_0/inst/clk_out1       |                                                                                                                                                                                                           | MicroBlaze_i/HardwareXCorr_wrapper_0/inst/HardwareXCorr_i/CC_0/inst/waveRef3Address[13]_i_1_n_0                                                  |                6 |             14 |         2.33 |
|  MicroBlaze_i/clk_wiz_0/inst/clk_out1                                                    | MicroBlaze_i/microblaze_0_axi_periph/xbar/inst/gen_sasd.crossbar_sasd_0/reg_slice_r/aa_rready                                                                                                             |                                                                                                                                                  |                3 |             15 |         5.00 |
| ~MicroBlaze_i/HardwareXCorr_wrapper_0/inst/HardwareXCorr_i/CC_0/inst/clkcorr_reg_n_0     |                                                                                                                                                                                                           | MicroBlaze_i/HardwareXCorr_wrapper_0/inst/HardwareXCorr_i/CC_0/inst/clear                                                                        |                4 |             16 |         4.00 |
|  MicroBlaze_i/clk_wiz_0/inst/clk_out1                                                    | MicroBlaze_i/microblaze_0/U0/MicroBlaze_Core_I/Performance.Core/Decode_I/PreFetch_Buffer_I1/OF_Valid_DFF/E[0]                                                                                             | MicroBlaze_i/microblaze_0/U0/MicroBlaze_Core_I/sync_reset                                                                                        |                5 |             16 |         3.20 |
| ~MicroBlaze_i/HardwareXCorr_wrapper_0/inst/HardwareXCorr_i/clk_wiz_0/inst/clk_out1       |                                                                                                                                                                                                           | MicroBlaze_i/HardwareXCorr_wrapper_0/inst/HardwareXCorr_i/CC_0/inst/xcorr[63]_i_1_n_0                                                            |                4 |             16 |         4.00 |
|  MicroBlaze_i/clk_wiz_0/inst/clk_out1                                                    | MicroBlaze_i/microblaze_0_axi_periph/xbar/inst/gen_sasd.crossbar_sasd_0/addr_arbiter_inst/p_0_in1_in                                                                                                      | MicroBlaze_i/microblaze_0_axi_periph/xbar/inst/gen_sasd.crossbar_sasd_0/addr_arbiter_inst/SR[0]                                                  |                5 |             19 |         3.80 |
|  MicroBlaze_i/clk_wiz_0/inst/clk_out1                                                    | MicroBlaze_i/microblaze_0/U0/MicroBlaze_Core_I/Performance.Core/Decode_I/mem_wait_on_ready_N_carry_or/MUXCY_I/lopt_1                                                                                      | MicroBlaze_i/microblaze_0/U0/MicroBlaze_Core_I/sync_reset                                                                                        |                5 |             20 |         4.00 |
|  MicroBlaze_i/clk_wiz_0/inst/clk_out1                                                    |                                                                                                                                                                                                           | MicroBlaze_i/axi_gpio_0/U0/AXI_LITE_IPIF_I/I_SLAVE_ATTACHMENT/SS[0]                                                                              |                6 |             20 |         3.33 |
|  MicroBlaze_i/mdm_1/U0/No_Dbg_Reg_Access.BUFG_DRCK/Dbg_Clk_0                             |                                                                                                                                                                                                           | MicroBlaze_i/mdm_1/U0/Use_E2.BSCAN_I/Use_E2.BSCANE2_I_4                                                                                          |                5 |             23 |         4.60 |
|  MicroBlaze_i/HardwareXCorr_wrapper_0/inst/HardwareXCorr_i/clk_wiz_0/inst/clk_out1       |                                                                                                                                                                                                           |                                                                                                                                                  |               11 |             24 |         2.18 |
|  MicroBlaze_i/clk_wiz_0/inst/clk_out1                                                    |                                                                                                                                                                                                           | MicroBlaze_i/axi_uartlite_0/U0/UARTLITE_CORE_I/UARTLITE_RX_I/s_axi_aresetn_0                                                                     |                9 |             26 |         2.89 |
| ~MicroBlaze_i/HardwareXCorr_wrapper_0/inst/HardwareXCorr_i/clk_wiz_0/inst/clk_out1       |                                                                                                                                                                                                           | MicroBlaze_i/HardwareXCorr_wrapper_0/inst/HardwareXCorr_i/CC_0/inst/subframeCounter[25]_i_1_n_0                                                  |                8 |             26 |         3.25 |
|  MicroBlaze_i/clk_wiz_0/inst/clk_out1                                                    | MicroBlaze_i/axi_uartlite_0/U0/UARTLITE_CORE_I/BAUD_RATE_I/en_16x_Baud                                                                                                                                    | MicroBlaze_i/axi_uartlite_0/U0/UARTLITE_CORE_I/UARTLITE_RX_I/s_axi_aresetn_0                                                                     |                6 |             28 |         4.67 |
|  MicroBlaze_i/clk_wiz_0/inst/clk_out1                                                    | MicroBlaze_i/microblaze_0/U0/MicroBlaze_Core_I/Performance.Core/Decode_I/mem_wait_on_ready_N_carry_or/MUXCY_I/lopt_1                                                                                      |                                                                                                                                                  |                7 |             32 |         4.57 |
|  MicroBlaze_i/clk_wiz_0/inst/clk_out1                                                    | MicroBlaze_i/microblaze_0/U0/MicroBlaze_Core_I/Performance.Core/Decode_I/Use_MuxCy[3].OF_Piperun_Stage/MUXCY_I/E[0]                                                                                       | MicroBlaze_i/microblaze_0/U0/MicroBlaze_Core_I/sync_reset                                                                                        |                6 |             32 |         5.33 |
|  MicroBlaze_i/clk_wiz_0/inst/clk_out1                                                    | MicroBlaze_i/microblaze_0/U0/MicroBlaze_Core_I/Performance.Core/Decode_I/Use_MuxCy[3].OF_Piperun_Stage/MUXCY_I/Using_FPGA.Native_0                                                                        | MicroBlaze_i/microblaze_0/U0/MicroBlaze_Core_I/Performance.Core/Decode_I/R                                                                       |               11 |             32 |         2.91 |
|  MicroBlaze_i/mdm_1/U0/No_Dbg_Reg_Access.BUFG_DRCK/Dbg_Clk_0                             | MicroBlaze_i/microblaze_0/U0/MicroBlaze_Core_I/Performance.Core/Use_Debug_Logic.Master_Core.Debug_Perf/Serial_Dbg_Intf.New_Dbg_Instr_TCK                                                                  |                                                                                                                                                  |               10 |             32 |         3.20 |
|  MicroBlaze_i/clk_wiz_0/inst/clk_out1                                                    | MicroBlaze_i/microblaze_0_axi_periph/xbar/inst/gen_sasd.crossbar_sasd_0/addr_arbiter_inst/s_axi_rvalid[0]                                                                                                 | MicroBlaze_i/microblaze_0/U0/MicroBlaze_Core_I/sync_reset                                                                                        |               10 |             32 |         3.20 |
|  MicroBlaze_i/clk_wiz_0/inst/clk_out1                                                    |                                                                                                                                                                                                           | MicroBlaze_i/microblaze_0/U0/MicroBlaze_Core_I/Performance.Core/wb_dlmb_valid_read_data0                                                         |               11 |             32 |         2.91 |
|  MicroBlaze_i/clk_wiz_0/inst/clk_out1                                                    | MicroBlaze_i/axi_gpio_1/U0/AXI_LITE_IPIF_I/I_SLAVE_ATTACHMENT/s_axi_rresp_i                                                                                                                               | MicroBlaze_i/axi_gpio_1/U0/AXI_LITE_IPIF_I/I_SLAVE_ATTACHMENT/SR[0]                                                                              |                9 |             32 |         3.56 |
|  MicroBlaze_i/clk_wiz_0/inst/clk_out1                                                    | MicroBlaze_i/microblaze_0/U0/MicroBlaze_Core_I/Performance.Core/Use_Debug_Logic.Master_Core.Debug_Perf/data_rd_reg[0]_i_1_n_0                                                                             | MicroBlaze_i/microblaze_0/U0/MicroBlaze_Core_I/sync_reset                                                                                        |                9 |             32 |         3.56 |
|  MicroBlaze_i/clk_wiz_0/inst/clk_out1                                                    | MicroBlaze_i/axi_gpio_1/U0/AXI_LITE_IPIF_I/I_SLAVE_ATTACHMENT/I_DECODER/E[0]                                                                                                                              | MicroBlaze_i/axi_gpio_1/U0/AXI_LITE_IPIF_I/I_SLAVE_ATTACHMENT/SR[0]                                                                              |               11 |             32 |         2.91 |
|  MicroBlaze_i/clk_wiz_0/inst/clk_out1                                                    | MicroBlaze_i/microblaze_0/U0/MicroBlaze_Core_I/Performance.Core/Decode_I/PreFetch_Buffer_I1/Gen_Mux_Select_LUT6[1].Gen_Sel_DFF/if_fetch_in_progress_reg[0]                                                | MicroBlaze_i/microblaze_0/U0/MicroBlaze_Core_I/sync_reset                                                                                        |                7 |             32 |         4.57 |
|  MicroBlaze_i/clk_wiz_0/inst/clk_out1                                                    | MicroBlaze_i/microblaze_0/U0/MicroBlaze_Core_I/Performance.Core/Decode_I/mem_wait_on_ready_N_carry_or/MUXCY_I/lopt_1                                                                                      | MicroBlaze_i/microblaze_0/U0/MicroBlaze_Core_I/Performance.Core/Decode_I/SR[0]                                                                   |               14 |             32 |         2.29 |
|  MicroBlaze_i/clk_wiz_0/inst/clk_out1                                                    | MicroBlaze_i/microblaze_0_axi_periph/xbar/inst/gen_sasd.crossbar_sasd_0/addr_arbiter_inst/E[0]                                                                                                            |                                                                                                                                                  |                8 |             33 |         4.12 |
| ~MicroBlaze_i/HardwareXCorr_wrapper_0/inst/HardwareXCorr_i/clk_wiz_0/inst/clk_out1       |                                                                                                                                                                                                           |                                                                                                                                                  |               15 |             34 |         2.27 |
|  MicroBlaze_i/clk_wiz_0/inst/clk_out1                                                    |                                                                                                                                                                                                           | MicroBlaze_i/axi_gpio_1/U0/AXI_LITE_IPIF_I/I_SLAVE_ATTACHMENT/I_DECODER/bus2ip_rnw_i_reg_0                                                       |               10 |             42 |         4.20 |
|  MicroBlaze_i/mdm_1/U0/No_Dbg_Reg_Access.BUFG_DRCK/Dbg_Clk_0                             | MicroBlaze_i/mdm_1/U0/Use_E2.BSCAN_I/Use_E2.BSCANE2_I_0                                                                                                                                                   |                                                                                                                                                  |               14 |             47 |         3.36 |
|  MicroBlaze_i/clk_wiz_0/inst/clk_out1                                                    |                                                                                                                                                                                                           | MicroBlaze_i/axi_gpio_1/U0/AXI_LITE_IPIF_I/I_SLAVE_ATTACHMENT/SR[0]                                                                              |               14 |             47 |         3.36 |
| ~MicroBlaze_i/HardwareXCorr_wrapper_0/inst/HardwareXCorr_i/clk_wiz_0/inst/clk_out1       |                                                                                                                                                                                                           | MicroBlaze_i/HardwareXCorr_wrapper_0/inst/HardwareXCorr_i/CC_0/inst/clkcorr_reg_n_0                                                              |               16 |             64 |         4.00 |
| ~MicroBlaze_i/HardwareXCorr_wrapper_0/inst/HardwareXCorr_i/clk_wiz_0/inst/clk_out1       | MicroBlaze_i/HardwareXCorr_wrapper_0/inst/HardwareXCorr_i/CC_0/inst/xcorr[63]_i_1_n_0                                                                                                                     |                                                                                                                                                  |               43 |             71 |         1.65 |
|  MicroBlaze_i/clk_wiz_0/inst/clk_out1                                                    | MicroBlaze_i/microblaze_0/U0/MicroBlaze_Core_I/Performance.Core/Decode_I/PreFetch_Buffer_I1/Instruction_Prefetch_Mux[42].Instr_Mux_MUXF7/IReady_0                                                         |                                                                                                                                                  |               10 |             75 |         7.50 |
|  MicroBlaze_i/clk_wiz_0/inst/clk_out1                                                    | MicroBlaze_i/microblaze_0/U0/MicroBlaze_Core_I/Performance.Core/Decode_I/Use_MuxCy[3].OF_Piperun_Stage/MUXCY_I/Using_FPGA.Native_0                                                                        | MicroBlaze_i/microblaze_0/U0/MicroBlaze_Core_I/sync_reset                                                                                        |               31 |             75 |         2.42 |
|  MicroBlaze_i/mdm_1/U0/No_Dbg_Reg_Access.BUFG_DRCK/Dbg_Clk_0                             |                                                                                                                                                                                                           |                                                                                                                                                  |               29 |             80 |         2.76 |
|  MicroBlaze_i/clk_wiz_0/inst/clk_out1                                                    | MicroBlaze_i/microblaze_0/U0/MicroBlaze_Core_I/Performance.Core/Decode_I/WB_GPR_Wr                                                                                                                        |                                                                                                                                                  |               16 |            128 |         8.00 |
|  MicroBlaze_i/clk_wiz_0/inst/clk_out1                                                    |                                                                                                                                                                                                           | MicroBlaze_i/microblaze_0/U0/MicroBlaze_Core_I/sync_reset                                                                                        |               68 |            150 |         2.21 |
|  MicroBlaze_i/clk_wiz_0/inst/clk_out1                                                    | MicroBlaze_i/microblaze_0/U0/MicroBlaze_Core_I/Performance.Core/Decode_I/Use_MuxCy[11].OF_Piperun_Stage/MUXCY_I/Using_FPGA.Native_0                                                                       | MicroBlaze_i/microblaze_0/U0/MicroBlaze_Core_I/sync_reset                                                                                        |               75 |            218 |         2.91 |
|  MicroBlaze_i/clk_wiz_0/inst/clk_out1                                                    |                                                                                                                                                                                                           |                                                                                                                                                  |              112 |            354 |         3.16 |
+------------------------------------------------------------------------------------------+-----------------------------------------------------------------------------------------------------------------------------------------------------------------------------------------------------------+--------------------------------------------------------------------------------------------------------------------------------------------------+------------------+----------------+--------------+


