Copyright 1986-2022 Xilinx, Inc. All Rights Reserved. Copyright 2022-2024 Advanced Micro Devices, Inc. All Rights Reserved.
---------------------------------------------------------------------------------------------------------------------------------------------
| Tool Version : Vivado v.2024.2 (win64) Build 5239630 Fri Nov 08 22:35:27 MST 2024
| Date         : Sun May 25 23:10:45 2025
| Host         : James running 64-bit major release  (build 9200)
| Command      : report_drc -file MicroBlaze_wrapper_drc_opted.rpt -pb MicroBlaze_wrapper_drc_opted.pb -rpx MicroBlaze_wrapper_drc_opted.rpx
| Design       : MicroBlaze_wrapper
| Device       : xc7z010clg400-1
| Speed File   : -1
| Design State : Synthesized
---------------------------------------------------------------------------------------------------------------------------------------------

Report DRC

Table of Contents
-----------------
1. REPORT SUMMARY
2. REPORT DETAILS

1. REPORT SUMMARY
-----------------
            Netlist: netlist
          Floorplan: design_1
      Design limits: <entire design considered>
           Ruledeck: default
             Max checks: <unlimited>
             Checks found: 72
+--------+----------+------------------------+--------+
| Rule   | Severity | Description            | Checks |
+--------+----------+------------------------+--------+
| DPIP-1 | Warning  | Input pipelining       | 48     |
| DPOP-2 | Warning  | MREG Output pipelining | 24     |
+--------+----------+------------------------+--------+

2. REPORT DETAILS
-----------------
DPIP-1#1 Warning
Input pipelining  
DSP MicroBlaze_i/Wrapper_XCorr_0/inst/main/XCORR/temp00_reg input MicroBlaze_i/Wrapper_XCorr_0/inst/main/XCORR/temp00_reg/A[29:0] is not pipelined. Pipelining DSP48 input will improve performance.
Related violations: <none>

DPIP-1#2 Warning
Input pipelining  
DSP MicroBlaze_i/Wrapper_XCorr_0/inst/main/XCORR/temp00_reg input MicroBlaze_i/Wrapper_XCorr_0/inst/main/XCORR/temp00_reg/B[17:0] is not pipelined. Pipelining DSP48 input will improve performance.
Related violations: <none>

DPIP-1#3 Warning
Input pipelining  
DSP MicroBlaze_i/Wrapper_XCorr_0/inst/main/XCORR/temp010_reg input MicroBlaze_i/Wrapper_XCorr_0/inst/main/XCORR/temp010_reg/A[29:0] is not pipelined. Pipelining DSP48 input will improve performance.
Related violations: <none>

DPIP-1#4 Warning
Input pipelining  
DSP MicroBlaze_i/Wrapper_XCorr_0/inst/main/XCORR/temp010_reg input MicroBlaze_i/Wrapper_XCorr_0/inst/main/XCORR/temp010_reg/B[17:0] is not pipelined. Pipelining DSP48 input will improve performance.
Related violations: <none>

DPIP-1#5 Warning
Input pipelining  
DSP MicroBlaze_i/Wrapper_XCorr_0/inst/main/XCORR/temp011_reg input MicroBlaze_i/Wrapper_XCorr_0/inst/main/XCORR/temp011_reg/A[29:0] is not pipelined. Pipelining DSP48 input will improve performance.
Related violations: <none>

DPIP-1#6 Warning
Input pipelining  
DSP MicroBlaze_i/Wrapper_XCorr_0/inst/main/XCORR/temp011_reg input MicroBlaze_i/Wrapper_XCorr_0/inst/main/XCORR/temp011_reg/B[17:0] is not pipelined. Pipelining DSP48 input will improve performance.
Related violations: <none>

DPIP-1#7 Warning
Input pipelining  
DSP MicroBlaze_i/Wrapper_XCorr_0/inst/main/XCORR/temp01_reg input MicroBlaze_i/Wrapper_XCorr_0/inst/main/XCORR/temp01_reg/A[29:0] is not pipelined. Pipelining DSP48 input will improve performance.
Related violations: <none>

DPIP-1#8 Warning
Input pipelining  
DSP MicroBlaze_i/Wrapper_XCorr_0/inst/main/XCORR/temp01_reg input MicroBlaze_i/Wrapper_XCorr_0/inst/main/XCORR/temp01_reg/B[17:0] is not pipelined. Pipelining DSP48 input will improve performance.
Related violations: <none>

DPIP-1#9 Warning
Input pipelining  
DSP MicroBlaze_i/Wrapper_XCorr_0/inst/main/XCORR/temp02_reg input MicroBlaze_i/Wrapper_XCorr_0/inst/main/XCORR/temp02_reg/A[29:0] is not pipelined. Pipelining DSP48 input will improve performance.
Related violations: <none>

DPIP-1#10 Warning
Input pipelining  
DSP MicroBlaze_i/Wrapper_XCorr_0/inst/main/XCORR/temp02_reg input MicroBlaze_i/Wrapper_XCorr_0/inst/main/XCORR/temp02_reg/B[17:0] is not pipelined. Pipelining DSP48 input will improve performance.
Related violations: <none>

DPIP-1#11 Warning
Input pipelining  
DSP MicroBlaze_i/Wrapper_XCorr_0/inst/main/XCORR/temp03_reg input MicroBlaze_i/Wrapper_XCorr_0/inst/main/XCORR/temp03_reg/A[29:0] is not pipelined. Pipelining DSP48 input will improve performance.
Related violations: <none>

DPIP-1#12 Warning
Input pipelining  
DSP MicroBlaze_i/Wrapper_XCorr_0/inst/main/XCORR/temp03_reg input MicroBlaze_i/Wrapper_XCorr_0/inst/main/XCORR/temp03_reg/B[17:0] is not pipelined. Pipelining DSP48 input will improve performance.
Related violations: <none>

DPIP-1#13 Warning
Input pipelining  
DSP MicroBlaze_i/Wrapper_XCorr_0/inst/main/XCORR/temp04_reg input MicroBlaze_i/Wrapper_XCorr_0/inst/main/XCORR/temp04_reg/A[29:0] is not pipelined. Pipelining DSP48 input will improve performance.
Related violations: <none>

DPIP-1#14 Warning
Input pipelining  
DSP MicroBlaze_i/Wrapper_XCorr_0/inst/main/XCORR/temp04_reg input MicroBlaze_i/Wrapper_XCorr_0/inst/main/XCORR/temp04_reg/B[17:0] is not pipelined. Pipelining DSP48 input will improve performance.
Related violations: <none>

DPIP-1#15 Warning
Input pipelining  
DSP MicroBlaze_i/Wrapper_XCorr_0/inst/main/XCORR/temp05_reg input MicroBlaze_i/Wrapper_XCorr_0/inst/main/XCORR/temp05_reg/A[29:0] is not pipelined. Pipelining DSP48 input will improve performance.
Related violations: <none>

DPIP-1#16 Warning
Input pipelining  
DSP MicroBlaze_i/Wrapper_XCorr_0/inst/main/XCORR/temp05_reg input MicroBlaze_i/Wrapper_XCorr_0/inst/main/XCORR/temp05_reg/B[17:0] is not pipelined. Pipelining DSP48 input will improve performance.
Related violations: <none>

DPIP-1#17 Warning
Input pipelining  
DSP MicroBlaze_i/Wrapper_XCorr_0/inst/main/XCORR/temp06_reg input MicroBlaze_i/Wrapper_XCorr_0/inst/main/XCORR/temp06_reg/A[29:0] is not pipelined. Pipelining DSP48 input will improve performance.
Related violations: <none>

DPIP-1#18 Warning
Input pipelining  
DSP MicroBlaze_i/Wrapper_XCorr_0/inst/main/XCORR/temp06_reg input MicroBlaze_i/Wrapper_XCorr_0/inst/main/XCORR/temp06_reg/B[17:0] is not pipelined. Pipelining DSP48 input will improve performance.
Related violations: <none>

DPIP-1#19 Warning
Input pipelining  
DSP MicroBlaze_i/Wrapper_XCorr_0/inst/main/XCORR/temp07_reg input MicroBlaze_i/Wrapper_XCorr_0/inst/main/XCORR/temp07_reg/A[29:0] is not pipelined. Pipelining DSP48 input will improve performance.
Related violations: <none>

DPIP-1#20 Warning
Input pipelining  
DSP MicroBlaze_i/Wrapper_XCorr_0/inst/main/XCORR/temp07_reg input MicroBlaze_i/Wrapper_XCorr_0/inst/main/XCORR/temp07_reg/B[17:0] is not pipelined. Pipelining DSP48 input will improve performance.
Related violations: <none>

DPIP-1#21 Warning
Input pipelining  
DSP MicroBlaze_i/Wrapper_XCorr_0/inst/main/XCORR/temp08_reg input MicroBlaze_i/Wrapper_XCorr_0/inst/main/XCORR/temp08_reg/A[29:0] is not pipelined. Pipelining DSP48 input will improve performance.
Related violations: <none>

DPIP-1#22 Warning
Input pipelining  
DSP MicroBlaze_i/Wrapper_XCorr_0/inst/main/XCORR/temp08_reg input MicroBlaze_i/Wrapper_XCorr_0/inst/main/XCORR/temp08_reg/B[17:0] is not pipelined. Pipelining DSP48 input will improve performance.
Related violations: <none>

DPIP-1#23 Warning
Input pipelining  
DSP MicroBlaze_i/Wrapper_XCorr_0/inst/main/XCORR/temp09_reg input MicroBlaze_i/Wrapper_XCorr_0/inst/main/XCORR/temp09_reg/A[29:0] is not pipelined. Pipelining DSP48 input will improve performance.
Related violations: <none>

DPIP-1#24 Warning
Input pipelining  
DSP MicroBlaze_i/Wrapper_XCorr_0/inst/main/XCORR/temp09_reg input MicroBlaze_i/Wrapper_XCorr_0/inst/main/XCORR/temp09_reg/B[17:0] is not pipelined. Pipelining DSP48 input will improve performance.
Related violations: <none>

DPIP-1#25 Warning
Input pipelining  
DSP MicroBlaze_i/Wrapper_XCorr_0/inst/main/XCORR/temp0_reg input MicroBlaze_i/Wrapper_XCorr_0/inst/main/XCORR/temp0_reg/A[29:0] is not pipelined. Pipelining DSP48 input will improve performance.
Related violations: <none>

DPIP-1#26 Warning
Input pipelining  
DSP MicroBlaze_i/Wrapper_XCorr_0/inst/main/XCORR/temp0_reg input MicroBlaze_i/Wrapper_XCorr_0/inst/main/XCORR/temp0_reg/B[17:0] is not pipelined. Pipelining DSP48 input will improve performance.
Related violations: <none>

DPIP-1#27 Warning
Input pipelining  
DSP MicroBlaze_i/Wrapper_XCorr_0/inst/main/XCORR/temp10_reg input MicroBlaze_i/Wrapper_XCorr_0/inst/main/XCORR/temp10_reg/A[29:0] is not pipelined. Pipelining DSP48 input will improve performance.
Related violations: <none>

DPIP-1#28 Warning
Input pipelining  
DSP MicroBlaze_i/Wrapper_XCorr_0/inst/main/XCORR/temp10_reg input MicroBlaze_i/Wrapper_XCorr_0/inst/main/XCORR/temp10_reg/B[17:0] is not pipelined. Pipelining DSP48 input will improve performance.
Related violations: <none>

DPIP-1#29 Warning
Input pipelining  
DSP MicroBlaze_i/Wrapper_XCorr_0/inst/main/XCORR/temp11_reg input MicroBlaze_i/Wrapper_XCorr_0/inst/main/XCORR/temp11_reg/A[29:0] is not pipelined. Pipelining DSP48 input will improve performance.
Related violations: <none>

DPIP-1#30 Warning
Input pipelining  
DSP MicroBlaze_i/Wrapper_XCorr_0/inst/main/XCORR/temp11_reg input MicroBlaze_i/Wrapper_XCorr_0/inst/main/XCORR/temp11_reg/B[17:0] is not pipelined. Pipelining DSP48 input will improve performance.
Related violations: <none>

DPIP-1#31 Warning
Input pipelining  
DSP MicroBlaze_i/Wrapper_XCorr_0/inst/main/XCORR/temp1_reg input MicroBlaze_i/Wrapper_XCorr_0/inst/main/XCORR/temp1_reg/A[29:0] is not pipelined. Pipelining DSP48 input will improve performance.
Related violations: <none>

DPIP-1#32 Warning
Input pipelining  
DSP MicroBlaze_i/Wrapper_XCorr_0/inst/main/XCORR/temp1_reg input MicroBlaze_i/Wrapper_XCorr_0/inst/main/XCORR/temp1_reg/B[17:0] is not pipelined. Pipelining DSP48 input will improve performance.
Related violations: <none>

DPIP-1#33 Warning
Input pipelining  
DSP MicroBlaze_i/Wrapper_XCorr_0/inst/main/XCORR/temp2_reg input MicroBlaze_i/Wrapper_XCorr_0/inst/main/XCORR/temp2_reg/A[29:0] is not pipelined. Pipelining DSP48 input will improve performance.
Related violations: <none>

DPIP-1#34 Warning
Input pipelining  
DSP MicroBlaze_i/Wrapper_XCorr_0/inst/main/XCORR/temp2_reg input MicroBlaze_i/Wrapper_XCorr_0/inst/main/XCORR/temp2_reg/B[17:0] is not pipelined. Pipelining DSP48 input will improve performance.
Related violations: <none>

DPIP-1#35 Warning
Input pipelining  
DSP MicroBlaze_i/Wrapper_XCorr_0/inst/main/XCORR/temp3_reg input MicroBlaze_i/Wrapper_XCorr_0/inst/main/XCORR/temp3_reg/A[29:0] is not pipelined. Pipelining DSP48 input will improve performance.
Related violations: <none>

DPIP-1#36 Warning
Input pipelining  
DSP MicroBlaze_i/Wrapper_XCorr_0/inst/main/XCORR/temp3_reg input MicroBlaze_i/Wrapper_XCorr_0/inst/main/XCORR/temp3_reg/B[17:0] is not pipelined. Pipelining DSP48 input will improve performance.
Related violations: <none>

DPIP-1#37 Warning
Input pipelining  
DSP MicroBlaze_i/Wrapper_XCorr_0/inst/main/XCORR/temp4_reg input MicroBlaze_i/Wrapper_XCorr_0/inst/main/XCORR/temp4_reg/A[29:0] is not pipelined. Pipelining DSP48 input will improve performance.
Related violations: <none>

DPIP-1#38 Warning
Input pipelining  
DSP MicroBlaze_i/Wrapper_XCorr_0/inst/main/XCORR/temp4_reg input MicroBlaze_i/Wrapper_XCorr_0/inst/main/XCORR/temp4_reg/B[17:0] is not pipelined. Pipelining DSP48 input will improve performance.
Related violations: <none>

DPIP-1#39 Warning
Input pipelining  
DSP MicroBlaze_i/Wrapper_XCorr_0/inst/main/XCORR/temp5_reg input MicroBlaze_i/Wrapper_XCorr_0/inst/main/XCORR/temp5_reg/A[29:0] is not pipelined. Pipelining DSP48 input will improve performance.
Related violations: <none>

DPIP-1#40 Warning
Input pipelining  
DSP MicroBlaze_i/Wrapper_XCorr_0/inst/main/XCORR/temp5_reg input MicroBlaze_i/Wrapper_XCorr_0/inst/main/XCORR/temp5_reg/B[17:0] is not pipelined. Pipelining DSP48 input will improve performance.
Related violations: <none>

DPIP-1#41 Warning
Input pipelining  
DSP MicroBlaze_i/Wrapper_XCorr_0/inst/main/XCORR/temp6_reg input MicroBlaze_i/Wrapper_XCorr_0/inst/main/XCORR/temp6_reg/A[29:0] is not pipelined. Pipelining DSP48 input will improve performance.
Related violations: <none>

DPIP-1#42 Warning
Input pipelining  
DSP MicroBlaze_i/Wrapper_XCorr_0/inst/main/XCORR/temp6_reg input MicroBlaze_i/Wrapper_XCorr_0/inst/main/XCORR/temp6_reg/B[17:0] is not pipelined. Pipelining DSP48 input will improve performance.
Related violations: <none>

DPIP-1#43 Warning
Input pipelining  
DSP MicroBlaze_i/Wrapper_XCorr_0/inst/main/XCORR/temp7_reg input MicroBlaze_i/Wrapper_XCorr_0/inst/main/XCORR/temp7_reg/A[29:0] is not pipelined. Pipelining DSP48 input will improve performance.
Related violations: <none>

DPIP-1#44 Warning
Input pipelining  
DSP MicroBlaze_i/Wrapper_XCorr_0/inst/main/XCORR/temp7_reg input MicroBlaze_i/Wrapper_XCorr_0/inst/main/XCORR/temp7_reg/B[17:0] is not pipelined. Pipelining DSP48 input will improve performance.
Related violations: <none>

DPIP-1#45 Warning
Input pipelining  
DSP MicroBlaze_i/Wrapper_XCorr_0/inst/main/XCORR/temp8_reg input MicroBlaze_i/Wrapper_XCorr_0/inst/main/XCORR/temp8_reg/A[29:0] is not pipelined. Pipelining DSP48 input will improve performance.
Related violations: <none>

DPIP-1#46 Warning
Input pipelining  
DSP MicroBlaze_i/Wrapper_XCorr_0/inst/main/XCORR/temp8_reg input MicroBlaze_i/Wrapper_XCorr_0/inst/main/XCORR/temp8_reg/B[17:0] is not pipelined. Pipelining DSP48 input will improve performance.
Related violations: <none>

DPIP-1#47 Warning
Input pipelining  
DSP MicroBlaze_i/Wrapper_XCorr_0/inst/main/XCORR/temp9_reg input MicroBlaze_i/Wrapper_XCorr_0/inst/main/XCORR/temp9_reg/A[29:0] is not pipelined. Pipelining DSP48 input will improve performance.
Related violations: <none>

DPIP-1#48 Warning
Input pipelining  
DSP MicroBlaze_i/Wrapper_XCorr_0/inst/main/XCORR/temp9_reg input MicroBlaze_i/Wrapper_XCorr_0/inst/main/XCORR/temp9_reg/B[17:0] is not pipelined. Pipelining DSP48 input will improve performance.
Related violations: <none>

DPOP-2#1 Warning
MREG Output pipelining  
DSP MicroBlaze_i/Wrapper_XCorr_0/inst/main/XCORR/temp00_reg multiplier stage MicroBlaze_i/Wrapper_XCorr_0/inst/main/XCORR/temp00_reg/P[47:0] is not pipelined (MREG=0). Pipelining the multiplier function will improve performance and will save significant power so it is suggested whenever possible to fully pipeline this function.  If this multiplier was inferred, it is suggested to describe an additional register stage after this function.  If there is no registered adder/accumulator following the multiply function, two pipeline stages are suggested to allow both the MREG and PREG registers to be used.  If the DSP48 was instantiated in the design, it is suggested to set both the MREG and PREG attributes to 1 when performing multiply functions.
Related violations: <none>

DPOP-2#2 Warning
MREG Output pipelining  
DSP MicroBlaze_i/Wrapper_XCorr_0/inst/main/XCORR/temp010_reg multiplier stage MicroBlaze_i/Wrapper_XCorr_0/inst/main/XCORR/temp010_reg/P[47:0] is not pipelined (MREG=0). Pipelining the multiplier function will improve performance and will save significant power so it is suggested whenever possible to fully pipeline this function.  If this multiplier was inferred, it is suggested to describe an additional register stage after this function.  If there is no registered adder/accumulator following the multiply function, two pipeline stages are suggested to allow both the MREG and PREG registers to be used.  If the DSP48 was instantiated in the design, it is suggested to set both the MREG and PREG attributes to 1 when performing multiply functions.
Related violations: <none>

DPOP-2#3 Warning
MREG Output pipelining  
DSP MicroBlaze_i/Wrapper_XCorr_0/inst/main/XCORR/temp011_reg multiplier stage MicroBlaze_i/Wrapper_XCorr_0/inst/main/XCORR/temp011_reg/P[47:0] is not pipelined (MREG=0). Pipelining the multiplier function will improve performance and will save significant power so it is suggested whenever possible to fully pipeline this function.  If this multiplier was inferred, it is suggested to describe an additional register stage after this function.  If there is no registered adder/accumulator following the multiply function, two pipeline stages are suggested to allow both the MREG and PREG registers to be used.  If the DSP48 was instantiated in the design, it is suggested to set both the MREG and PREG attributes to 1 when performing multiply functions.
Related violations: <none>

DPOP-2#4 Warning
MREG Output pipelining  
DSP MicroBlaze_i/Wrapper_XCorr_0/inst/main/XCORR/temp01_reg multiplier stage MicroBlaze_i/Wrapper_XCorr_0/inst/main/XCORR/temp01_reg/P[47:0] is not pipelined (MREG=0). Pipelining the multiplier function will improve performance and will save significant power so it is suggested whenever possible to fully pipeline this function.  If this multiplier was inferred, it is suggested to describe an additional register stage after this function.  If there is no registered adder/accumulator following the multiply function, two pipeline stages are suggested to allow both the MREG and PREG registers to be used.  If the DSP48 was instantiated in the design, it is suggested to set both the MREG and PREG attributes to 1 when performing multiply functions.
Related violations: <none>

DPOP-2#5 Warning
MREG Output pipelining  
DSP MicroBlaze_i/Wrapper_XCorr_0/inst/main/XCORR/temp02_reg multiplier stage MicroBlaze_i/Wrapper_XCorr_0/inst/main/XCORR/temp02_reg/P[47:0] is not pipelined (MREG=0). Pipelining the multiplier function will improve performance and will save significant power so it is suggested whenever possible to fully pipeline this function.  If this multiplier was inferred, it is suggested to describe an additional register stage after this function.  If there is no registered adder/accumulator following the multiply function, two pipeline stages are suggested to allow both the MREG and PREG registers to be used.  If the DSP48 was instantiated in the design, it is suggested to set both the MREG and PREG attributes to 1 when performing multiply functions.
Related violations: <none>

DPOP-2#6 Warning
MREG Output pipelining  
DSP MicroBlaze_i/Wrapper_XCorr_0/inst/main/XCORR/temp03_reg multiplier stage MicroBlaze_i/Wrapper_XCorr_0/inst/main/XCORR/temp03_reg/P[47:0] is not pipelined (MREG=0). Pipelining the multiplier function will improve performance and will save significant power so it is suggested whenever possible to fully pipeline this function.  If this multiplier was inferred, it is suggested to describe an additional register stage after this function.  If there is no registered adder/accumulator following the multiply function, two pipeline stages are suggested to allow both the MREG and PREG registers to be used.  If the DSP48 was instantiated in the design, it is suggested to set both the MREG and PREG attributes to 1 when performing multiply functions.
Related violations: <none>

DPOP-2#7 Warning
MREG Output pipelining  
DSP MicroBlaze_i/Wrapper_XCorr_0/inst/main/XCORR/temp04_reg multiplier stage MicroBlaze_i/Wrapper_XCorr_0/inst/main/XCORR/temp04_reg/P[47:0] is not pipelined (MREG=0). Pipelining the multiplier function will improve performance and will save significant power so it is suggested whenever possible to fully pipeline this function.  If this multiplier was inferred, it is suggested to describe an additional register stage after this function.  If there is no registered adder/accumulator following the multiply function, two pipeline stages are suggested to allow both the MREG and PREG registers to be used.  If the DSP48 was instantiated in the design, it is suggested to set both the MREG and PREG attributes to 1 when performing multiply functions.
Related violations: <none>

DPOP-2#8 Warning
MREG Output pipelining  
DSP MicroBlaze_i/Wrapper_XCorr_0/inst/main/XCORR/temp05_reg multiplier stage MicroBlaze_i/Wrapper_XCorr_0/inst/main/XCORR/temp05_reg/P[47:0] is not pipelined (MREG=0). Pipelining the multiplier function will improve performance and will save significant power so it is suggested whenever possible to fully pipeline this function.  If this multiplier was inferred, it is suggested to describe an additional register stage after this function.  If there is no registered adder/accumulator following the multiply function, two pipeline stages are suggested to allow both the MREG and PREG registers to be used.  If the DSP48 was instantiated in the design, it is suggested to set both the MREG and PREG attributes to 1 when performing multiply functions.
Related violations: <none>

DPOP-2#9 Warning
MREG Output pipelining  
DSP MicroBlaze_i/Wrapper_XCorr_0/inst/main/XCORR/temp06_reg multiplier stage MicroBlaze_i/Wrapper_XCorr_0/inst/main/XCORR/temp06_reg/P[47:0] is not pipelined (MREG=0). Pipelining the multiplier function will improve performance and will save significant power so it is suggested whenever possible to fully pipeline this function.  If this multiplier was inferred, it is suggested to describe an additional register stage after this function.  If there is no registered adder/accumulator following the multiply function, two pipeline stages are suggested to allow both the MREG and PREG registers to be used.  If the DSP48 was instantiated in the design, it is suggested to set both the MREG and PREG attributes to 1 when performing multiply functions.
Related violations: <none>

DPOP-2#10 Warning
MREG Output pipelining  
DSP MicroBlaze_i/Wrapper_XCorr_0/inst/main/XCORR/temp07_reg multiplier stage MicroBlaze_i/Wrapper_XCorr_0/inst/main/XCORR/temp07_reg/P[47:0] is not pipelined (MREG=0). Pipelining the multiplier function will improve performance and will save significant power so it is suggested whenever possible to fully pipeline this function.  If this multiplier was inferred, it is suggested to describe an additional register stage after this function.  If there is no registered adder/accumulator following the multiply function, two pipeline stages are suggested to allow both the MREG and PREG registers to be used.  If the DSP48 was instantiated in the design, it is suggested to set both the MREG and PREG attributes to 1 when performing multiply functions.
Related violations: <none>

DPOP-2#11 Warning
MREG Output pipelining  
DSP MicroBlaze_i/Wrapper_XCorr_0/inst/main/XCORR/temp08_reg multiplier stage MicroBlaze_i/Wrapper_XCorr_0/inst/main/XCORR/temp08_reg/P[47:0] is not pipelined (MREG=0). Pipelining the multiplier function will improve performance and will save significant power so it is suggested whenever possible to fully pipeline this function.  If this multiplier was inferred, it is suggested to describe an additional register stage after this function.  If there is no registered adder/accumulator following the multiply function, two pipeline stages are suggested to allow both the MREG and PREG registers to be used.  If the DSP48 was instantiated in the design, it is suggested to set both the MREG and PREG attributes to 1 when performing multiply functions.
Related violations: <none>

DPOP-2#12 Warning
MREG Output pipelining  
DSP MicroBlaze_i/Wrapper_XCorr_0/inst/main/XCORR/temp09_reg multiplier stage MicroBlaze_i/Wrapper_XCorr_0/inst/main/XCORR/temp09_reg/P[47:0] is not pipelined (MREG=0). Pipelining the multiplier function will improve performance and will save significant power so it is suggested whenever possible to fully pipeline this function.  If this multiplier was inferred, it is suggested to describe an additional register stage after this function.  If there is no registered adder/accumulator following the multiply function, two pipeline stages are suggested to allow both the MREG and PREG registers to be used.  If the DSP48 was instantiated in the design, it is suggested to set both the MREG and PREG attributes to 1 when performing multiply functions.
Related violations: <none>

DPOP-2#13 Warning
MREG Output pipelining  
DSP MicroBlaze_i/Wrapper_XCorr_0/inst/main/XCORR/temp0_reg multiplier stage MicroBlaze_i/Wrapper_XCorr_0/inst/main/XCORR/temp0_reg/P[47:0] is not pipelined (MREG=0). Pipelining the multiplier function will improve performance and will save significant power so it is suggested whenever possible to fully pipeline this function.  If this multiplier was inferred, it is suggested to describe an additional register stage after this function.  If there is no registered adder/accumulator following the multiply function, two pipeline stages are suggested to allow both the MREG and PREG registers to be used.  If the DSP48 was instantiated in the design, it is suggested to set both the MREG and PREG attributes to 1 when performing multiply functions.
Related violations: <none>

DPOP-2#14 Warning
MREG Output pipelining  
DSP MicroBlaze_i/Wrapper_XCorr_0/inst/main/XCORR/temp10_reg multiplier stage MicroBlaze_i/Wrapper_XCorr_0/inst/main/XCORR/temp10_reg/P[47:0] is not pipelined (MREG=0). Pipelining the multiplier function will improve performance and will save significant power so it is suggested whenever possible to fully pipeline this function.  If this multiplier was inferred, it is suggested to describe an additional register stage after this function.  If there is no registered adder/accumulator following the multiply function, two pipeline stages are suggested to allow both the MREG and PREG registers to be used.  If the DSP48 was instantiated in the design, it is suggested to set both the MREG and PREG attributes to 1 when performing multiply functions.
Related violations: <none>

DPOP-2#15 Warning
MREG Output pipelining  
DSP MicroBlaze_i/Wrapper_XCorr_0/inst/main/XCORR/temp11_reg multiplier stage MicroBlaze_i/Wrapper_XCorr_0/inst/main/XCORR/temp11_reg/P[47:0] is not pipelined (MREG=0). Pipelining the multiplier function will improve performance and will save significant power so it is suggested whenever possible to fully pipeline this function.  If this multiplier was inferred, it is suggested to describe an additional register stage after this function.  If there is no registered adder/accumulator following the multiply function, two pipeline stages are suggested to allow both the MREG and PREG registers to be used.  If the DSP48 was instantiated in the design, it is suggested to set both the MREG and PREG attributes to 1 when performing multiply functions.
Related violations: <none>

DPOP-2#16 Warning
MREG Output pipelining  
DSP MicroBlaze_i/Wrapper_XCorr_0/inst/main/XCORR/temp1_reg multiplier stage MicroBlaze_i/Wrapper_XCorr_0/inst/main/XCORR/temp1_reg/P[47:0] is not pipelined (MREG=0). Pipelining the multiplier function will improve performance and will save significant power so it is suggested whenever possible to fully pipeline this function.  If this multiplier was inferred, it is suggested to describe an additional register stage after this function.  If there is no registered adder/accumulator following the multiply function, two pipeline stages are suggested to allow both the MREG and PREG registers to be used.  If the DSP48 was instantiated in the design, it is suggested to set both the MREG and PREG attributes to 1 when performing multiply functions.
Related violations: <none>

DPOP-2#17 Warning
MREG Output pipelining  
DSP MicroBlaze_i/Wrapper_XCorr_0/inst/main/XCORR/temp2_reg multiplier stage MicroBlaze_i/Wrapper_XCorr_0/inst/main/XCORR/temp2_reg/P[47:0] is not pipelined (MREG=0). Pipelining the multiplier function will improve performance and will save significant power so it is suggested whenever possible to fully pipeline this function.  If this multiplier was inferred, it is suggested to describe an additional register stage after this function.  If there is no registered adder/accumulator following the multiply function, two pipeline stages are suggested to allow both the MREG and PREG registers to be used.  If the DSP48 was instantiated in the design, it is suggested to set both the MREG and PREG attributes to 1 when performing multiply functions.
Related violations: <none>

DPOP-2#18 Warning
MREG Output pipelining  
DSP MicroBlaze_i/Wrapper_XCorr_0/inst/main/XCORR/temp3_reg multiplier stage MicroBlaze_i/Wrapper_XCorr_0/inst/main/XCORR/temp3_reg/P[47:0] is not pipelined (MREG=0). Pipelining the multiplier function will improve performance and will save significant power so it is suggested whenever possible to fully pipeline this function.  If this multiplier was inferred, it is suggested to describe an additional register stage after this function.  If there is no registered adder/accumulator following the multiply function, two pipeline stages are suggested to allow both the MREG and PREG registers to be used.  If the DSP48 was instantiated in the design, it is suggested to set both the MREG and PREG attributes to 1 when performing multiply functions.
Related violations: <none>

DPOP-2#19 Warning
MREG Output pipelining  
DSP MicroBlaze_i/Wrapper_XCorr_0/inst/main/XCORR/temp4_reg multiplier stage MicroBlaze_i/Wrapper_XCorr_0/inst/main/XCORR/temp4_reg/P[47:0] is not pipelined (MREG=0). Pipelining the multiplier function will improve performance and will save significant power so it is suggested whenever possible to fully pipeline this function.  If this multiplier was inferred, it is suggested to describe an additional register stage after this function.  If there is no registered adder/accumulator following the multiply function, two pipeline stages are suggested to allow both the MREG and PREG registers to be used.  If the DSP48 was instantiated in the design, it is suggested to set both the MREG and PREG attributes to 1 when performing multiply functions.
Related violations: <none>

DPOP-2#20 Warning
MREG Output pipelining  
DSP MicroBlaze_i/Wrapper_XCorr_0/inst/main/XCORR/temp5_reg multiplier stage MicroBlaze_i/Wrapper_XCorr_0/inst/main/XCORR/temp5_reg/P[47:0] is not pipelined (MREG=0). Pipelining the multiplier function will improve performance and will save significant power so it is suggested whenever possible to fully pipeline this function.  If this multiplier was inferred, it is suggested to describe an additional register stage after this function.  If there is no registered adder/accumulator following the multiply function, two pipeline stages are suggested to allow both the MREG and PREG registers to be used.  If the DSP48 was instantiated in the design, it is suggested to set both the MREG and PREG attributes to 1 when performing multiply functions.
Related violations: <none>

DPOP-2#21 Warning
MREG Output pipelining  
DSP MicroBlaze_i/Wrapper_XCorr_0/inst/main/XCORR/temp6_reg multiplier stage MicroBlaze_i/Wrapper_XCorr_0/inst/main/XCORR/temp6_reg/P[47:0] is not pipelined (MREG=0). Pipelining the multiplier function will improve performance and will save significant power so it is suggested whenever possible to fully pipeline this function.  If this multiplier was inferred, it is suggested to describe an additional register stage after this function.  If there is no registered adder/accumulator following the multiply function, two pipeline stages are suggested to allow both the MREG and PREG registers to be used.  If the DSP48 was instantiated in the design, it is suggested to set both the MREG and PREG attributes to 1 when performing multiply functions.
Related violations: <none>

DPOP-2#22 Warning
MREG Output pipelining  
DSP MicroBlaze_i/Wrapper_XCorr_0/inst/main/XCORR/temp7_reg multiplier stage MicroBlaze_i/Wrapper_XCorr_0/inst/main/XCORR/temp7_reg/P[47:0] is not pipelined (MREG=0). Pipelining the multiplier function will improve performance and will save significant power so it is suggested whenever possible to fully pipeline this function.  If this multiplier was inferred, it is suggested to describe an additional register stage after this function.  If there is no registered adder/accumulator following the multiply function, two pipeline stages are suggested to allow both the MREG and PREG registers to be used.  If the DSP48 was instantiated in the design, it is suggested to set both the MREG and PREG attributes to 1 when performing multiply functions.
Related violations: <none>

DPOP-2#23 Warning
MREG Output pipelining  
DSP MicroBlaze_i/Wrapper_XCorr_0/inst/main/XCORR/temp8_reg multiplier stage MicroBlaze_i/Wrapper_XCorr_0/inst/main/XCORR/temp8_reg/P[47:0] is not pipelined (MREG=0). Pipelining the multiplier function will improve performance and will save significant power so it is suggested whenever possible to fully pipeline this function.  If this multiplier was inferred, it is suggested to describe an additional register stage after this function.  If there is no registered adder/accumulator following the multiply function, two pipeline stages are suggested to allow both the MREG and PREG registers to be used.  If the DSP48 was instantiated in the design, it is suggested to set both the MREG and PREG attributes to 1 when performing multiply functions.
Related violations: <none>

DPOP-2#24 Warning
MREG Output pipelining  
DSP MicroBlaze_i/Wrapper_XCorr_0/inst/main/XCORR/temp9_reg multiplier stage MicroBlaze_i/Wrapper_XCorr_0/inst/main/XCORR/temp9_reg/P[47:0] is not pipelined (MREG=0). Pipelining the multiplier function will improve performance and will save significant power so it is suggested whenever possible to fully pipeline this function.  If this multiplier was inferred, it is suggested to describe an additional register stage after this function.  If there is no registered adder/accumulator following the multiply function, two pipeline stages are suggested to allow both the MREG and PREG registers to be used.  If the DSP48 was instantiated in the design, it is suggested to set both the MREG and PREG attributes to 1 when performing multiply functions.
Related violations: <none>


