Copyright 1986-2022 Xilinx, Inc. All Rights Reserved. Copyright 2022-2023 Advanced Micro Devices, Inc. All Rights Reserved.
----------------------------------------------------------------------------------------------------------------------------------------------------------------------------
| Tool Version     : Vivado v.2023.2 (win64) Build 4029153 Fri Oct 13 20:14:34 MDT 2023
| Date             : Wed Sep 25 21:09:37 2024
| Host             : DESKTOP-NOLS2CR running 64-bit major release  (build 9200)
| Command          : report_power -file MicroBlaze_wrapper_power_routed.rpt -pb MicroBlaze_wrapper_power_summary_routed.pb -rpx MicroBlaze_wrapper_power_routed.rpx
| Design           : MicroBlaze_wrapper
| Device           : xc7s25csga225-1
| Design State     : routed
| Grade            : commercial
| Process          : typical
| Characterization : Production
----------------------------------------------------------------------------------------------------------------------------------------------------------------------------

Power Report

Table of Contents
-----------------
1. Summary
1.1 On-Chip Components
1.2 Power Supply Summary
1.3 Confidence Level
2. Settings
2.1 Environment
2.2 Clock Constraints
3. Detailed Reports
3.1 By Hierarchy

1. Summary
----------

+--------------------------+--------------+
| Total On-Chip Power (W)  | 0.312        |
| Design Power Budget (W)  | Unspecified* |
| Power Budget Margin (W)  | NA           |
| Dynamic (W)              | 0.251        |
| Device Static (W)        | 0.061        |
| Effective TJA (C/W)      | 3.7          |
| Max Ambient (C)          | 83.9         |
| Junction Temperature (C) | 26.1         |
| Confidence Level         | Medium       |
| Setting File             | ---          |
| Simulation Activity File | ---          |
| Design Nets Matched      | NA           |
+--------------------------+--------------+
* Specify Design Power Budget using, set_operating_conditions -design_power_budget <value in Watts>


1.1 On-Chip Components
----------------------

+--------------------------+-----------+----------+-----------+-----------------+
| On-Chip                  | Power (W) | Used     | Available | Utilization (%) |
+--------------------------+-----------+----------+-----------+-----------------+
| Clocks                   |     0.040 |        9 |       --- |             --- |
| Slice Logic              |     0.012 |    10659 |       --- |             --- |
|   LUT as Logic           |     0.010 |     3542 |     14600 |           24.26 |
|   CARRY4                 |     0.001 |      325 |      3650 |            8.90 |
|   Register               |    <0.001 |     4863 |     29200 |           16.65 |
|   LUT as Distributed RAM |    <0.001 |      152 |      5000 |            3.04 |
|   LUT as Shift Register  |    <0.001 |      262 |      5000 |            5.24 |
|   F7/F8 Muxes            |    <0.001 |       92 |     14600 |            0.63 |
|   BUFG                   |    <0.001 |        1 |        32 |            3.13 |
|   Others                 |     0.000 |      671 |       --- |             --- |
| Signals                  |     0.024 |     7850 |       --- |             --- |
| Block RAM                |     0.061 |     41.5 |        45 |           92.22 |
| MMCM                     |     0.104 |        1 |         3 |           33.33 |
| DSPs                     |     0.009 |        5 |        80 |            6.25 |
| I/O                      |    <0.001 |        1 |       150 |            0.67 |
| Static Power             |     0.061 |          |           |                 |
| Total                    |     0.312 |          |           |                 |
+--------------------------+-----------+----------+-----------+-----------------+


1.2 Power Supply Summary
------------------------

+-----------+-------------+-----------+-------------+------------+-------------+-------------+------------+
| Source    | Voltage (V) | Total (A) | Dynamic (A) | Static (A) | Powerup (A) | Budget (A)  | Margin (A) |
+-----------+-------------+-----------+-------------+------------+-------------+-------------+------------+
| Vccint    |       1.000 |     0.149 |       0.143 |      0.006 |       NA    | Unspecified | NA         |
| Vccaux    |       1.800 |     0.067 |       0.058 |      0.009 |       NA    | Unspecified | NA         |
| Vcco33    |       3.300 |     0.000 |       0.000 |      0.000 |       NA    | Unspecified | NA         |
| Vcco25    |       2.500 |     0.000 |       0.000 |      0.000 |       NA    | Unspecified | NA         |
| Vcco18    |       1.800 |     0.000 |       0.000 |      0.000 |       NA    | Unspecified | NA         |
| Vcco15    |       1.500 |     0.000 |       0.000 |      0.000 |       NA    | Unspecified | NA         |
| Vcco135   |       1.350 |     0.000 |       0.000 |      0.000 |       NA    | Unspecified | NA         |
| Vcco12    |       1.200 |     0.000 |       0.000 |      0.000 |       NA    | Unspecified | NA         |
| Vccaux_io |       1.800 |     0.000 |       0.000 |      0.000 |       NA    | Unspecified | NA         |
| Vccbram   |       1.000 |     0.006 |       0.005 |      0.002 |       NA    | Unspecified | NA         |
| Vccadc    |       1.800 |     0.020 |       0.000 |      0.020 |       NA    | Unspecified | NA         |
+-----------+-------------+-----------+-------------+------------+-------------+-------------+------------+


1.3 Confidence Level
--------------------

+-----------------------------+------------+------------------------------------------------+------------------------------------------------------------------------------------------------------------+
| User Input Data             | Confidence | Details                                        | Action                                                                                                     |
+-----------------------------+------------+------------------------------------------------+------------------------------------------------------------------------------------------------------------+
| Design implementation state | High       | Design is routed                               |                                                                                                            |
| Clock nodes activity        | High       | User specified more than 95% of clocks         |                                                                                                            |
| I/O nodes activity          | High       | User specified more than 95% of inputs         |                                                                                                            |
| Internal nodes activity     | Medium     | User specified less than 25% of internal nodes | Provide missing internal nodes activity with simulation results or by editing the "By Resource Type" views |
| Device models               | High       | Device models are Production                   |                                                                                                            |
|                             |            |                                                |                                                                                                            |
| Overall confidence level    | Medium     |                                                |                                                                                                            |
+-----------------------------+------------+------------------------------------------------+------------------------------------------------------------------------------------------------------------+


2. Settings
-----------

2.1 Environment
---------------

+-----------------------+--------------------------+
| Ambient Temp (C)      | 25.0                     |
| ThetaJA (C/W)         | 3.7                      |
| Airflow (LFM)         | 250                      |
| Heat Sink             | medium (Medium Profile)  |
| ThetaSA (C/W)         | 46.2                     |
| Board Selection       | medium (10"x10")         |
| # of Board Layers     | 12to15 (12 to 15 Layers) |
| Board Temperature (C) | 25.0                     |
+-----------------------+--------------------------+


2.2 Clock Constraints
---------------------

+--------------------------------------------------------------------------------------------+-------------------------------------------------------------------+-----------------+
| Clock                                                                                      | Domain                                                            | Constraint (ns) |
+--------------------------------------------------------------------------------------------+-------------------------------------------------------------------+-----------------+
| clk                                                                                        | clk                                                               |            83.3 |
| clk_out1_MicroBlaze_clk_wiz_0_0                                                            | MicroBlaze_i/clk_wiz_0/inst/clk_out1_MicroBlaze_clk_wiz_0_0       |             5.0 |
| clk_out1_MicroBlaze_clk_wiz_0_0_1                                                          | MicroBlaze_i/clk_wiz_0/inst/clk_out1_MicroBlaze_clk_wiz_0_0       |             5.0 |
| clkfbout_MicroBlaze_clk_wiz_0_0                                                            | MicroBlaze_i/clk_wiz_0/inst/clkfbout_MicroBlaze_clk_wiz_0_0       |            83.3 |
| clkfbout_MicroBlaze_clk_wiz_0_0_1                                                          | MicroBlaze_i/clk_wiz_0/inst/clkfbout_MicroBlaze_clk_wiz_0_0       |            83.3 |
| dbg_hub/inst/BSCANID.u_xsdbm_id/SWITCH_N_EXT_BSCAN.bscan_inst/SERIES7_BSCAN.bscan_inst/TCK | dbg_hub/inst/BSCANID.u_xsdbm_id/SWITCH_N_EXT_BSCAN.bscan_inst/TCK |            33.0 |
| sys_clk_pin                                                                                | clk                                                               |            83.3 |
+--------------------------------------------------------------------------------------------+-------------------------------------------------------------------+-----------------+


3. Detailed Reports
-------------------

3.1 By Hierarchy
----------------

+--------------------------+-----------+
| Name                     | Power (W) |
+--------------------------+-----------+
| MicroBlaze_wrapper       |     0.251 |
|   MicroBlaze_i           |     0.246 |
|     BRAMMUX_0            |     0.006 |
|       inst               |     0.006 |
|     BlockRam_0           |     0.051 |
|       inst               |     0.051 |
|     CC_0                 |     0.021 |
|       inst               |     0.021 |
|     clk_wiz_0            |     0.105 |
|       inst               |     0.105 |
|     dds_compiler_1       |     0.005 |
|       U0                 |     0.005 |
|     ila_0                |     0.055 |
|       inst               |     0.055 |
|     waveParser_0         |     0.003 |
|       inst               |     0.003 |
|   dbg_hub                |     0.005 |
|     inst                 |     0.005 |
|       BSCANID.u_xsdbm_id |     0.005 |
+--------------------------+-----------+


