
*** Running vivado
    with args -log MicroBlaze_wrapper.vdi -applog -m64 -product Vivado -messageDb vivado.pb -mode batch -source MicroBlaze_wrapper.tcl -notrace



****** Vivado v2024.2 (64-bit)
  **** SW Build 5239630 on Fri Nov 08 22:35:27 MST 2024
  **** IP Build 5239520 on Sun Nov 10 16:12:51 MST 2024
  **** SharedData Build 5239561 on Fri Nov 08 14:39:27 MST 2024
  **** Start of session at: Fri Mar 14 02:42:56 2025
    ** Copyright 1986-2022 Xilinx, Inc. All Rights Reserved.
    ** Copyright 2022-2024 Advanced Micro Devices, Inc. All Rights Reserved.

source MicroBlaze_wrapper.tcl -notrace
INFO: [IP_Flow 19-234] Refreshing IP repositories
INFO: [IP_Flow 19-1704] No user IP repositories specified
INFO: [IP_Flow 19-2313] Loaded Vivado IP repository 'C:/Xilinx/Vivado/2024.2/data/ip'.
Command: link_design -top MicroBlaze_wrapper -part xc7z010clg400-1
Design is defaulting to srcset: sources_1
Design is defaulting to constrset: constrs_1
INFO: [Device 21-403] Loading part xc7z010clg400-1
INFO: [Project 1-454] Reading design checkpoint 'c:/Cascade_hydrophones/WorkspaceOMDHydrophones/Hardware/HydroProccess/HydroProccess.gen/sources_1/bd/MicroBlaze/ip/MicroBlaze_AddressFixer_0_0/MicroBlaze_AddressFixer_0_0.dcp' for cell 'MicroBlaze_i/AddressFixer_0'
INFO: [Project 1-454] Reading design checkpoint 'c:/Cascade_hydrophones/WorkspaceOMDHydrophones/Hardware/HydroProccess/HydroProccess.gen/sources_1/bd/MicroBlaze/ip/MicroBlaze_MaximumFinder_0_0/MicroBlaze_MaximumFinder_0_0.dcp' for cell 'MicroBlaze_i/MaximumFinder_0'
INFO: [Project 1-454] Reading design checkpoint 'c:/Cascade_hydrophones/WorkspaceOMDHydrophones/Hardware/HydroProccess/HydroProccess.gen/sources_1/bd/MicroBlaze/ip/MicroBlaze_SPI_ADC_Master_0_1/MicroBlaze_SPI_ADC_Master_0_1.dcp' for cell 'MicroBlaze_i/SPI_ADC_Master_0'
INFO: [Project 1-454] Reading design checkpoint 'c:/Cascade_hydrophones/WorkspaceOMDHydrophones/Hardware/HydroProccess/HydroProccess.gen/sources_1/bd/MicroBlaze/ip/MicroBlaze_SPI_ADC_Master_1_0/MicroBlaze_SPI_ADC_Master_1_0.dcp' for cell 'MicroBlaze_i/SPI_ADC_Master_1'
INFO: [Project 1-454] Reading design checkpoint 'c:/Cascade_hydrophones/WorkspaceOMDHydrophones/Hardware/HydroProccess/HydroProccess.gen/sources_1/bd/MicroBlaze/ip/MicroBlaze_SPI_ADC_Master_2_0/MicroBlaze_SPI_ADC_Master_2_0.dcp' for cell 'MicroBlaze_i/SPI_ADC_Master_2'
INFO: [Project 1-454] Reading design checkpoint 'c:/Cascade_hydrophones/WorkspaceOMDHydrophones/Hardware/HydroProccess/HydroProccess.gen/sources_1/bd/MicroBlaze/ip/MicroBlaze_Serializer_0_0/MicroBlaze_Serializer_0_0.dcp' for cell 'MicroBlaze_i/Serializer_0'
INFO: [Project 1-454] Reading design checkpoint 'c:/Cascade_hydrophones/WorkspaceOMDHydrophones/Hardware/HydroProccess/HydroProccess.gen/sources_1/bd/MicroBlaze/ip/MicroBlaze_Serializer_1_0/MicroBlaze_Serializer_1_0.dcp' for cell 'MicroBlaze_i/Serializer_1'
INFO: [Project 1-454] Reading design checkpoint 'c:/Cascade_hydrophones/WorkspaceOMDHydrophones/Hardware/HydroProccess/HydroProccess.gen/sources_1/bd/MicroBlaze/ip/MicroBlaze_Serializer_2_0/MicroBlaze_Serializer_2_0.dcp' for cell 'MicroBlaze_i/Serializer_2'
INFO: [Project 1-454] Reading design checkpoint 'c:/Cascade_hydrophones/WorkspaceOMDHydrophones/Hardware/HydroProccess/HydroProccess.gen/sources_1/bd/MicroBlaze/ip/MicroBlaze_SineWaveGen_0_0/MicroBlaze_SineWaveGen_0_0.dcp' for cell 'MicroBlaze_i/SineWaveGen_0'
INFO: [Project 1-454] Reading design checkpoint 'c:/Cascade_hydrophones/WorkspaceOMDHydrophones/Hardware/HydroProccess/HydroProccess.gen/sources_1/bd/MicroBlaze/ip/MicroBlaze_SineWaveGen_0_1/MicroBlaze_SineWaveGen_0_1.dcp' for cell 'MicroBlaze_i/SineWaveGen_1'
INFO: [Project 1-454] Reading design checkpoint 'c:/Cascade_hydrophones/WorkspaceOMDHydrophones/Hardware/HydroProccess/HydroProccess.gen/sources_1/bd/MicroBlaze/ip/MicroBlaze_SineWaveGen_2_0/MicroBlaze_SineWaveGen_2_0.dcp' for cell 'MicroBlaze_i/SineWaveGen_2'
INFO: [Project 1-454] Reading design checkpoint 'c:/Cascade_hydrophones/WorkspaceOMDHydrophones/Hardware/HydroProccess/HydroProccess.gen/sources_1/bd/MicroBlaze/ip/MicroBlaze_Wrapper_XCorr_0_0/MicroBlaze_Wrapper_XCorr_0_0.dcp' for cell 'MicroBlaze_i/Wrapper_XCorr_0'
INFO: [Project 1-454] Reading design checkpoint 'c:/Cascade_hydrophones/WorkspaceOMDHydrophones/Hardware/HydroProccess/HydroProccess.gen/sources_1/bd/MicroBlaze/ip/MicroBlaze_axi_gpio_0_0/MicroBlaze_axi_gpio_0_0.dcp' for cell 'MicroBlaze_i/axi_gpio_0'
INFO: [Project 1-454] Reading design checkpoint 'c:/Cascade_hydrophones/WorkspaceOMDHydrophones/Hardware/HydroProccess/HydroProccess.gen/sources_1/bd/MicroBlaze/ip/MicroBlaze_axi_gpio_0_1/MicroBlaze_axi_gpio_0_1.dcp' for cell 'MicroBlaze_i/axi_gpio_1'
INFO: [Project 1-454] Reading design checkpoint 'c:/Cascade_hydrophones/WorkspaceOMDHydrophones/Hardware/HydroProccess/HydroProccess.gen/sources_1/bd/MicroBlaze/ip/MicroBlaze_axi_smc_0/MicroBlaze_axi_smc_0.dcp' for cell 'MicroBlaze_i/axi_smc'
INFO: [Project 1-454] Reading design checkpoint 'c:/Cascade_hydrophones/WorkspaceOMDHydrophones/Hardware/HydroProccess/HydroProccess.gen/sources_1/bd/MicroBlaze/ip/MicroBlaze_clk1Mhz_0_1/MicroBlaze_clk1Mhz_0_1.dcp' for cell 'MicroBlaze_i/clk1Mhz_0'
INFO: [Project 1-454] Reading design checkpoint 'c:/Cascade_hydrophones/WorkspaceOMDHydrophones/Hardware/HydroProccess/HydroProccess.gen/sources_1/bd/MicroBlaze/ip/MicroBlaze_clk_wiz_0_0/MicroBlaze_clk_wiz_0_0.dcp' for cell 'MicroBlaze_i/clk_wiz_0'
INFO: [Project 1-454] Reading design checkpoint 'c:/Cascade_hydrophones/WorkspaceOMDHydrophones/Hardware/HydroProccess/HydroProccess.gen/sources_1/bd/MicroBlaze/ip/MicroBlaze_proc_sys_reset_0_0/MicroBlaze_proc_sys_reset_0_0.dcp' for cell 'MicroBlaze_i/proc_sys_reset_0'
INFO: [Project 1-454] Reading design checkpoint 'c:/Cascade_hydrophones/WorkspaceOMDHydrophones/Hardware/HydroProccess/HydroProccess.gen/sources_1/bd/MicroBlaze/ip/MicroBlaze_processing_system7_0_0/MicroBlaze_processing_system7_0_0.dcp' for cell 'MicroBlaze_i/processing_system7_0'
Netlist sorting complete. Time (s): cpu = 00:00:00 ; elapsed = 00:00:00.134 . Memory (MB): peak = 667.277 ; gain = 0.000
INFO: [Netlist 29-17] Analyzing 779 Unisim elements for replacement
INFO: [Netlist 29-28] Unisim Transformation completed in 0 CPU seconds
INFO: [Project 1-479] Netlist was created with Vivado 2024.2
INFO: [Project 1-570] Preparing netlist for logic optimization
WARNING: [Opt 31-32] Removing redundant IBUF since it is not being driven by a top-level port. MicroBlaze_i/clk_wiz_0/inst/clkin1_ibufg 
Resolution: The tool has removed redundant IBUF. To resolve this warning, check for redundant IBUF in the input design.
WARNING: [Constraints 18-550] Could not create 'IBUF_LOW_PWR' constraint because net 'MicroBlaze_i/clk_wiz_0/clk_in1' is not directly connected to top level port. 'IBUF_LOW_PWR' is ignored for synthesis but preserved for implementation.
Parsing XDC File [c:/Cascade_hydrophones/WorkspaceOMDHydrophones/Hardware/HydroProccess/HydroProccess.gen/sources_1/bd/MicroBlaze/ip/MicroBlaze_axi_gpio_0_0/MicroBlaze_axi_gpio_0_0_board.xdc] for cell 'MicroBlaze_i/axi_gpio_0/U0'
Finished Parsing XDC File [c:/Cascade_hydrophones/WorkspaceOMDHydrophones/Hardware/HydroProccess/HydroProccess.gen/sources_1/bd/MicroBlaze/ip/MicroBlaze_axi_gpio_0_0/MicroBlaze_axi_gpio_0_0_board.xdc] for cell 'MicroBlaze_i/axi_gpio_0/U0'
Parsing XDC File [c:/Cascade_hydrophones/WorkspaceOMDHydrophones/Hardware/HydroProccess/HydroProccess.gen/sources_1/bd/MicroBlaze/ip/MicroBlaze_axi_gpio_0_0/MicroBlaze_axi_gpio_0_0.xdc] for cell 'MicroBlaze_i/axi_gpio_0/U0'
Finished Parsing XDC File [c:/Cascade_hydrophones/WorkspaceOMDHydrophones/Hardware/HydroProccess/HydroProccess.gen/sources_1/bd/MicroBlaze/ip/MicroBlaze_axi_gpio_0_0/MicroBlaze_axi_gpio_0_0.xdc] for cell 'MicroBlaze_i/axi_gpio_0/U0'
Parsing XDC File [c:/Cascade_hydrophones/WorkspaceOMDHydrophones/Hardware/HydroProccess/HydroProccess.gen/sources_1/bd/MicroBlaze/ip/MicroBlaze_axi_gpio_0_1/MicroBlaze_axi_gpio_0_1_board.xdc] for cell 'MicroBlaze_i/axi_gpio_1/U0'
Finished Parsing XDC File [c:/Cascade_hydrophones/WorkspaceOMDHydrophones/Hardware/HydroProccess/HydroProccess.gen/sources_1/bd/MicroBlaze/ip/MicroBlaze_axi_gpio_0_1/MicroBlaze_axi_gpio_0_1_board.xdc] for cell 'MicroBlaze_i/axi_gpio_1/U0'
Parsing XDC File [c:/Cascade_hydrophones/WorkspaceOMDHydrophones/Hardware/HydroProccess/HydroProccess.gen/sources_1/bd/MicroBlaze/ip/MicroBlaze_axi_gpio_0_1/MicroBlaze_axi_gpio_0_1.xdc] for cell 'MicroBlaze_i/axi_gpio_1/U0'
Finished Parsing XDC File [c:/Cascade_hydrophones/WorkspaceOMDHydrophones/Hardware/HydroProccess/HydroProccess.gen/sources_1/bd/MicroBlaze/ip/MicroBlaze_axi_gpio_0_1/MicroBlaze_axi_gpio_0_1.xdc] for cell 'MicroBlaze_i/axi_gpio_1/U0'
Parsing XDC File [c:/Cascade_hydrophones/WorkspaceOMDHydrophones/Hardware/HydroProccess/HydroProccess.gen/sources_1/bd/MicroBlaze/ip/MicroBlaze_processing_system7_0_0/MicroBlaze_processing_system7_0_0.xdc] for cell 'MicroBlaze_i/processing_system7_0/inst'
Finished Parsing XDC File [c:/Cascade_hydrophones/WorkspaceOMDHydrophones/Hardware/HydroProccess/HydroProccess.gen/sources_1/bd/MicroBlaze/ip/MicroBlaze_processing_system7_0_0/MicroBlaze_processing_system7_0_0.xdc] for cell 'MicroBlaze_i/processing_system7_0/inst'
Parsing XDC File [c:/Cascade_hydrophones/WorkspaceOMDHydrophones/Hardware/HydroProccess/HydroProccess.gen/sources_1/bd/MicroBlaze/ip/MicroBlaze_proc_sys_reset_0_0/MicroBlaze_proc_sys_reset_0_0_board.xdc] for cell 'MicroBlaze_i/proc_sys_reset_0/U0'
Finished Parsing XDC File [c:/Cascade_hydrophones/WorkspaceOMDHydrophones/Hardware/HydroProccess/HydroProccess.gen/sources_1/bd/MicroBlaze/ip/MicroBlaze_proc_sys_reset_0_0/MicroBlaze_proc_sys_reset_0_0_board.xdc] for cell 'MicroBlaze_i/proc_sys_reset_0/U0'
Parsing XDC File [c:/Cascade_hydrophones/WorkspaceOMDHydrophones/Hardware/HydroProccess/HydroProccess.gen/sources_1/bd/MicroBlaze/ip/MicroBlaze_proc_sys_reset_0_0/MicroBlaze_proc_sys_reset_0_0.xdc] for cell 'MicroBlaze_i/proc_sys_reset_0/U0'
Finished Parsing XDC File [c:/Cascade_hydrophones/WorkspaceOMDHydrophones/Hardware/HydroProccess/HydroProccess.gen/sources_1/bd/MicroBlaze/ip/MicroBlaze_proc_sys_reset_0_0/MicroBlaze_proc_sys_reset_0_0.xdc] for cell 'MicroBlaze_i/proc_sys_reset_0/U0'
Parsing XDC File [c:/Cascade_hydrophones/WorkspaceOMDHydrophones/Hardware/HydroProccess/HydroProccess.gen/sources_1/bd/MicroBlaze/ip/MicroBlaze_axi_smc_0/bd_0/ip/ip_1/bd_f84b_psr_aclk_0_board.xdc] for cell 'MicroBlaze_i/axi_smc/inst/clk_map/psr_aclk/U0'
Finished Parsing XDC File [c:/Cascade_hydrophones/WorkspaceOMDHydrophones/Hardware/HydroProccess/HydroProccess.gen/sources_1/bd/MicroBlaze/ip/MicroBlaze_axi_smc_0/bd_0/ip/ip_1/bd_f84b_psr_aclk_0_board.xdc] for cell 'MicroBlaze_i/axi_smc/inst/clk_map/psr_aclk/U0'
Parsing XDC File [c:/Cascade_hydrophones/WorkspaceOMDHydrophones/Hardware/HydroProccess/HydroProccess.gen/sources_1/bd/MicroBlaze/ip/MicroBlaze_axi_smc_0/bd_0/ip/ip_1/bd_f84b_psr_aclk_0.xdc] for cell 'MicroBlaze_i/axi_smc/inst/clk_map/psr_aclk/U0'
Finished Parsing XDC File [c:/Cascade_hydrophones/WorkspaceOMDHydrophones/Hardware/HydroProccess/HydroProccess.gen/sources_1/bd/MicroBlaze/ip/MicroBlaze_axi_smc_0/bd_0/ip/ip_1/bd_f84b_psr_aclk_0.xdc] for cell 'MicroBlaze_i/axi_smc/inst/clk_map/psr_aclk/U0'
Parsing XDC File [c:/Cascade_hydrophones/WorkspaceOMDHydrophones/Hardware/HydroProccess/HydroProccess.gen/sources_1/bd/MicroBlaze/ip/MicroBlaze_axi_smc_0/smartconnect.xdc] for cell 'MicroBlaze_i/axi_smc/inst'
Finished Parsing XDC File [c:/Cascade_hydrophones/WorkspaceOMDHydrophones/Hardware/HydroProccess/HydroProccess.gen/sources_1/bd/MicroBlaze/ip/MicroBlaze_axi_smc_0/smartconnect.xdc] for cell 'MicroBlaze_i/axi_smc/inst'
Parsing XDC File [c:/Cascade_hydrophones/WorkspaceOMDHydrophones/Hardware/HydroProccess/HydroProccess.gen/sources_1/bd/MicroBlaze/ip/MicroBlaze_clk_wiz_0_0/MicroBlaze_clk_wiz_0_0_board.xdc] for cell 'MicroBlaze_i/clk_wiz_0/inst'
Finished Parsing XDC File [c:/Cascade_hydrophones/WorkspaceOMDHydrophones/Hardware/HydroProccess/HydroProccess.gen/sources_1/bd/MicroBlaze/ip/MicroBlaze_clk_wiz_0_0/MicroBlaze_clk_wiz_0_0_board.xdc] for cell 'MicroBlaze_i/clk_wiz_0/inst'
Parsing XDC File [c:/Cascade_hydrophones/WorkspaceOMDHydrophones/Hardware/HydroProccess/HydroProccess.gen/sources_1/bd/MicroBlaze/ip/MicroBlaze_clk_wiz_0_0/MicroBlaze_clk_wiz_0_0.xdc] for cell 'MicroBlaze_i/clk_wiz_0/inst'
INFO: [Timing 38-35] Done setting XDC timing constraints. [c:/Cascade_hydrophones/WorkspaceOMDHydrophones/Hardware/HydroProccess/HydroProccess.gen/sources_1/bd/MicroBlaze/ip/MicroBlaze_clk_wiz_0_0/MicroBlaze_clk_wiz_0_0.xdc:54]
INFO: [Timing 38-2] Deriving generated clocks [c:/Cascade_hydrophones/WorkspaceOMDHydrophones/Hardware/HydroProccess/HydroProccess.gen/sources_1/bd/MicroBlaze/ip/MicroBlaze_clk_wiz_0_0/MicroBlaze_clk_wiz_0_0.xdc:54]
Finished Parsing XDC File [c:/Cascade_hydrophones/WorkspaceOMDHydrophones/Hardware/HydroProccess/HydroProccess.gen/sources_1/bd/MicroBlaze/ip/MicroBlaze_clk_wiz_0_0/MicroBlaze_clk_wiz_0_0.xdc] for cell 'MicroBlaze_i/clk_wiz_0/inst'
Parsing XDC File [C:/Users/james/Downloads/ebaz4205.xdc]
Finished Parsing XDC File [C:/Users/james/Downloads/ebaz4205.xdc]
INFO: [Project 1-1714] 45 XPM XDC files have been applied to the design.
INFO: [Opt 31-138] Pushed 0 inverter(s) to 0 load pin(s).
Netlist sorting complete. Time (s): cpu = 00:00:00 ; elapsed = 00:00:00.001 . Memory (MB): peak = 1392.770 ; gain = 0.000
INFO: [Project 1-111] Unisim Transformation Summary:
No Unisim elements were transformed.

32 Infos, 2 Warnings, 0 Critical Warnings and 0 Errors encountered.
link_design completed successfully
link_design: Time (s): cpu = 00:00:09 ; elapsed = 00:00:10 . Memory (MB): peak = 1392.770 ; gain = 976.645
Command: opt_design
Attempting to get a license for feature 'Implementation' and/or device 'xc7z010'
INFO: [Common 17-349] Got license for feature 'Implementation' and/or device 'xc7z010'
Running DRC as a precondition to command opt_design

Starting DRC Task
INFO: [DRC 23-27] Running DRC with 2 threads
INFO: [Project 1-461] DRC finished with 0 Errors
INFO: [Project 1-462] Please refer to the DRC report (report_drc) for more information.

Time (s): cpu = 00:00:01 ; elapsed = 00:00:00.831 . Memory (MB): peak = 1392.770 ; gain = 0.000

Starting Cache Timing Information Task
INFO: [Timing 38-35] Done setting XDC timing constraints.
Ending Cache Timing Information Task | Checksum: 1d24cc096

Time (s): cpu = 00:00:01 ; elapsed = 00:00:00.330 . Memory (MB): peak = 1422.234 ; gain = 29.465

Starting Logic Optimization Task

Phase 1 Initialization

Phase 1.1 Core Generation And Design Setup
Phase 1.1 Core Generation And Design Setup | Checksum: 1d24cc096

Time (s): cpu = 00:00:00 ; elapsed = 00:00:00.009 . Memory (MB): peak = 1818.461 ; gain = 0.000

Phase 1.2 Setup Constraints And Sort Netlist
Phase 1.2 Setup Constraints And Sort Netlist | Checksum: 1d24cc096

Time (s): cpu = 00:00:00 ; elapsed = 00:00:00.014 . Memory (MB): peak = 1818.461 ; gain = 0.000
Phase 1 Initialization | Checksum: 1d24cc096

Time (s): cpu = 00:00:00 ; elapsed = 00:00:00.016 . Memory (MB): peak = 1818.461 ; gain = 0.000

Phase 2 Timer Update And Timing Data Collection

Phase 2.1 Timer Update
Phase 2.1 Timer Update | Checksum: 1d24cc096

Time (s): cpu = 00:00:00 ; elapsed = 00:00:00.143 . Memory (MB): peak = 1818.461 ; gain = 0.000

Phase 2.2 Timing Data Collection
Phase 2.2 Timing Data Collection | Checksum: 1d24cc096

Time (s): cpu = 00:00:00 ; elapsed = 00:00:00.159 . Memory (MB): peak = 1818.461 ; gain = 0.000
Phase 2 Timer Update And Timing Data Collection | Checksum: 1d24cc096

Time (s): cpu = 00:00:00 ; elapsed = 00:00:00.161 . Memory (MB): peak = 1818.461 ; gain = 0.000

Phase 3 Retarget
INFO: [Opt 31-1851] Number of loadless carry chains removed were: 0
INFO: [Opt 31-1834] Total Chains To Be Transformed Were: 0 AND Number of Transformed insts Created are: 0
INFO: [Opt 31-1566] Pulled 4 inverters resulting in an inversion of 96 pins
INFO: [Opt 31-138] Pushed 5 inverter(s) to 19 load pin(s).
INFO: [Opt 31-49] Retargeted 0 cell(s).
Phase 3 Retarget | Checksum: 1701f3685

Time (s): cpu = 00:00:00 ; elapsed = 00:00:00.285 . Memory (MB): peak = 1818.461 ; gain = 0.000
Retarget | Checksum: 1701f3685
INFO: [Opt 31-389] Phase Retarget created 44 cells and removed 83 cells
INFO: [Opt 31-1021] In phase Retarget, 81 netlist objects are constrained preventing optimization. Please run opt_design with -debug_log to get more detail. 

Phase 4 Constant propagation
INFO: [Opt 31-138] Pushed 0 inverter(s) to 0 load pin(s).
Phase 4 Constant propagation | Checksum: 15a926338

Time (s): cpu = 00:00:00 ; elapsed = 00:00:00.341 . Memory (MB): peak = 1818.461 ; gain = 0.000
Constant propagation | Checksum: 15a926338
INFO: [Opt 31-389] Phase Constant propagation created 40 cells and removed 84 cells
INFO: [Opt 31-1021] In phase Constant propagation, 80 netlist objects are constrained preventing optimization. Please run opt_design with -debug_log to get more detail. 

Phase 5 Sweep
INFO: [Constraints 18-11670] Building netlist checker database with flags, 0x8
Done building netlist checker database: Time (s): cpu = 00:00:00 ; elapsed = 00:00:00.002 . Memory (MB): peak = 1818.461 ; gain = 0.000
INFO: [Constraints 18-11670] Building netlist checker database with flags, 0x8
Done building netlist checker database: Time (s): cpu = 00:00:00 ; elapsed = 00:00:00.001 . Memory (MB): peak = 1818.461 ; gain = 0.000
Phase 5 Sweep | Checksum: c93042be

Time (s): cpu = 00:00:00 ; elapsed = 00:00:00.639 . Memory (MB): peak = 1818.461 ; gain = 0.000
Sweep | Checksum: c93042be
INFO: [Opt 31-389] Phase Sweep created 0 cells and removed 579 cells
INFO: [Opt 31-1021] In phase Sweep, 100 netlist objects are constrained preventing optimization. Please run opt_design with -debug_log to get more detail. 

Phase 6 BUFG optimization
INFO: [Opt 31-194] Inserted BUFG MicroBlaze_i/clk1Mhz_0/inst/clk1Mhz_BUFG_inst to drive 332 load(s) on clock net MicroBlaze_i/clk1Mhz_0/inst/clk1Mhz_BUFG
INFO: [Opt 31-193] Inserted 1 BUFG(s) on clock nets
Phase 6 BUFG optimization | Checksum: 129e72204

Time (s): cpu = 00:00:00 ; elapsed = 00:00:00.694 . Memory (MB): peak = 1818.461 ; gain = 0.000
BUFG optimization | Checksum: 129e72204
INFO: [Opt 31-662] Phase BUFG optimization created 1 cells of which 1 are BUFGs and removed 0 cells.

Phase 7 Shift Register Optimization
INFO: [Opt 31-1064] SRL Remap converted 0 SRLs to 0 registers and converted 0 registers of register chains to 0 SRLs
Phase 7 Shift Register Optimization | Checksum: 129e72204

Time (s): cpu = 00:00:00 ; elapsed = 00:00:00.702 . Memory (MB): peak = 1818.461 ; gain = 0.000
Shift Register Optimization | Checksum: 129e72204
INFO: [Opt 31-389] Phase Shift Register Optimization created 0 cells and removed 0 cells

Phase 8 Post Processing Netlist
Phase 8 Post Processing Netlist | Checksum: 1090dc472

Time (s): cpu = 00:00:01 ; elapsed = 00:00:00.726 . Memory (MB): peak = 1818.461 ; gain = 0.000
Post Processing Netlist | Checksum: 1090dc472
INFO: [Opt 31-389] Phase Post Processing Netlist created 0 cells and removed 0 cells
INFO: [Opt 31-1021] In phase Post Processing Netlist, 95 netlist objects are constrained preventing optimization. Please run opt_design with -debug_log to get more detail. 

Phase 9 Finalization

Phase 9.1 Finalizing Design Cores and Updating Shapes
Phase 9.1 Finalizing Design Cores and Updating Shapes | Checksum: 1ae6a00c2

Time (s): cpu = 00:00:01 ; elapsed = 00:00:00.903 . Memory (MB): peak = 1818.461 ; gain = 0.000

Phase 9.2 Verifying Netlist Connectivity

Starting Connectivity Check Task

Time (s): cpu = 00:00:00 ; elapsed = 00:00:00.009 . Memory (MB): peak = 1818.461 ; gain = 0.000
Phase 9.2 Verifying Netlist Connectivity | Checksum: 1ae6a00c2

Time (s): cpu = 00:00:01 ; elapsed = 00:00:00.914 . Memory (MB): peak = 1818.461 ; gain = 0.000
Phase 9 Finalization | Checksum: 1ae6a00c2

Time (s): cpu = 00:00:01 ; elapsed = 00:00:00.917 . Memory (MB): peak = 1818.461 ; gain = 0.000
Opt_design Change Summary
=========================


-------------------------------------------------------------------------------------------------------------------------
|  Phase                        |  #Cells created  |  #Cells Removed  |  #Constrained objects preventing optimizations  |
-------------------------------------------------------------------------------------------------------------------------
|  Retarget                     |              44  |              83  |                                             81  |
|  Constant propagation         |              40  |              84  |                                             80  |
|  Sweep                        |               0  |             579  |                                            100  |
|  BUFG optimization            |               1  |               0  |                                              0  |
|  Shift Register Optimization  |               0  |               0  |                                              0  |
|  Post Processing Netlist      |               0  |               0  |                                             95  |
-------------------------------------------------------------------------------------------------------------------------


Ending Logic Optimization Task | Checksum: 1ae6a00c2

Time (s): cpu = 00:00:01 ; elapsed = 00:00:00.920 . Memory (MB): peak = 1818.461 ; gain = 0.000

Starting Power Optimization Task
INFO: [Pwropt 34-132] Skipping clock gating for clocks with a period < 2.00 ns.
INFO: [Timing 38-35] Done setting XDC timing constraints.
Running Vector-less Activity Propagation...

Finished Running Vector-less Activity Propagation
INFO: [Pwropt 34-9] Applying IDT optimizations ...
INFO: [Pwropt 34-10] Applying ODC optimizations ...


Starting PowerOpt Patch Enables Task
INFO: [Pwropt 34-162] WRITE_MODE attribute of 46 BRAM(s) out of a total of 46 has been updated to save power. Run report_power_opt to get a complete listing of the BRAMs updated.
INFO: [Pwropt 34-201] Structural ODC has moved 0 WE to EN ports
Number of BRAM Ports augmented: 0 newly gated: 0 Total Ports: 92
Ending PowerOpt Patch Enables Task | Checksum: 1ae6a00c2

Time (s): cpu = 00:00:00 ; elapsed = 00:00:00.076 . Memory (MB): peak = 1898.613 ; gain = 0.000
Ending Power Optimization Task | Checksum: 1ae6a00c2

Time (s): cpu = 00:00:03 ; elapsed = 00:00:02 . Memory (MB): peak = 1898.613 ; gain = 80.152

Starting Final Cleanup Task
Ending Final Cleanup Task | Checksum: 1ae6a00c2

Time (s): cpu = 00:00:00 ; elapsed = 00:00:00.002 . Memory (MB): peak = 1898.613 ; gain = 0.000

Starting Netlist Obfuscation Task
Netlist sorting complete. Time (s): cpu = 00:00:00 ; elapsed = 00:00:00.002 . Memory (MB): peak = 1898.613 ; gain = 0.000
Ending Netlist Obfuscation Task | Checksum: 1ae6a00c2

Time (s): cpu = 00:00:00 ; elapsed = 00:00:00.004 . Memory (MB): peak = 1898.613 ; gain = 0.000
INFO: [Common 17-83] Releasing license: Implementation
65 Infos, 2 Warnings, 0 Critical Warnings and 0 Errors encountered.
opt_design completed successfully
opt_design: Time (s): cpu = 00:00:08 ; elapsed = 00:00:06 . Memory (MB): peak = 1898.613 ; gain = 505.844
INFO: [Vivado 12-24828] Executing command : report_drc -file MicroBlaze_wrapper_drc_opted.rpt -pb MicroBlaze_wrapper_drc_opted.pb -rpx MicroBlaze_wrapper_drc_opted.rpx
Command: report_drc -file MicroBlaze_wrapper_drc_opted.rpt -pb MicroBlaze_wrapper_drc_opted.pb -rpx MicroBlaze_wrapper_drc_opted.rpx
INFO: [IP_Flow 19-1839] IP Catalog is up to date.
INFO: [DRC 23-27] Running DRC with 2 threads
INFO: [Vivado_Tcl 2-168] The results of DRC are in file C:/Cascade_hydrophones/WorkspaceOMDHydrophones/Hardware/HydroProccess/HydroProccess.runs/impl_1/MicroBlaze_wrapper_drc_opted.rpt.
report_drc completed successfully
INFO: [Timing 38-35] Done setting XDC timing constraints.
INFO: [Timing 38-480] Writing timing data to binary archive.
Write ShapeDB Complete: Time (s): cpu = 00:00:01 ; elapsed = 00:00:00.012 . Memory (MB): peak = 1898.613 ; gain = 0.000
Wrote PlaceDB: Time (s): cpu = 00:00:01 ; elapsed = 00:00:00.011 . Memory (MB): peak = 1898.613 ; gain = 0.000
Wrote PulsedLatchDB: Time (s): cpu = 00:00:00 ; elapsed = 00:00:00 . Memory (MB): peak = 1898.613 ; gain = 0.000
Writing XDEF routing.
Writing XDEF routing logical nets.
Writing XDEF routing special nets.
Wrote RouteStorage: Time (s): cpu = 00:00:00 ; elapsed = 00:00:00.027 . Memory (MB): peak = 1898.613 ; gain = 0.000
Wrote Netlist Cache: Time (s): cpu = 00:00:00 ; elapsed = 00:00:00.001 . Memory (MB): peak = 1898.613 ; gain = 0.000
Wrote Device Cache: Time (s): cpu = 00:00:00 ; elapsed = 00:00:00.013 . Memory (MB): peak = 1898.613 ; gain = 0.000
Write Physdb Complete: Time (s): cpu = 00:00:01 ; elapsed = 00:00:00.056 . Memory (MB): peak = 1898.613 ; gain = 0.000
INFO: [Common 17-1381] The checkpoint 'C:/Cascade_hydrophones/WorkspaceOMDHydrophones/Hardware/HydroProccess/HydroProccess.runs/impl_1/MicroBlaze_wrapper_opt.dcp' has been generated.
Command: place_design
Attempting to get a license for feature 'Implementation' and/or device 'xc7z010'
INFO: [Common 17-349] Got license for feature 'Implementation' and/or device 'xc7z010'
INFO: [Common 17-83] Releasing license: Implementation
INFO: [DRC 23-27] Running DRC with 2 threads
INFO: [Vivado_Tcl 4-198] DRC finished with 0 Errors
INFO: [Vivado_Tcl 4-199] Please refer to the DRC report (report_drc) for more information.
Running DRC as a precondition to command place_design
INFO: [DRC 23-27] Running DRC with 2 threads
INFO: [Vivado_Tcl 4-198] DRC finished with 0 Errors
INFO: [Vivado_Tcl 4-199] Please refer to the DRC report (report_drc) for more information.
INFO: [Place 30-611] Multithreading enabled for place_design using a maximum of 2 CPUs

Starting Placer Task

Phase 1 Placer Initialization

Phase 1.1 Placer Initialization Netlist Sorting
Netlist sorting complete. Time (s): cpu = 00:00:00 ; elapsed = 00:00:00.002 . Memory (MB): peak = 1898.613 ; gain = 0.000
Phase 1.1 Placer Initialization Netlist Sorting | Checksum: f6d5670e

Time (s): cpu = 00:00:00 ; elapsed = 00:00:00.004 . Memory (MB): peak = 1898.613 ; gain = 0.000
Netlist sorting complete. Time (s): cpu = 00:00:00 ; elapsed = 00:00:00.001 . Memory (MB): peak = 1898.613 ; gain = 0.000

Phase 1.2 IO Placement/ Clock Placement/ Build Placer Device
Phase 1.2 IO Placement/ Clock Placement/ Build Placer Device | Checksum: 1ac53bdbb

Time (s): cpu = 00:00:00 ; elapsed = 00:00:00.306 . Memory (MB): peak = 1898.613 ; gain = 0.000

Phase 1.3 Build Placer Netlist Model
Phase 1.3 Build Placer Netlist Model | Checksum: 16012cb63

Time (s): cpu = 00:00:01 ; elapsed = 00:00:01 . Memory (MB): peak = 1898.613 ; gain = 0.000

Phase 1.4 Constrain Clocks/Macros
Phase 1.4 Constrain Clocks/Macros | Checksum: 16012cb63

Time (s): cpu = 00:00:01 ; elapsed = 00:00:01 . Memory (MB): peak = 1898.613 ; gain = 0.000
Phase 1 Placer Initialization | Checksum: 16012cb63

Time (s): cpu = 00:00:01 ; elapsed = 00:00:01 . Memory (MB): peak = 1898.613 ; gain = 0.000

Phase 2 Global Placement

Phase 2.1 Floorplanning
Phase 2.1 Floorplanning | Checksum: 2174ce18e

Time (s): cpu = 00:00:01 ; elapsed = 00:00:01 . Memory (MB): peak = 1898.613 ; gain = 0.000

Phase 2.2 Update Timing before SLR Path Opt
Phase 2.2 Update Timing before SLR Path Opt | Checksum: 21f7192a1

Time (s): cpu = 00:00:02 ; elapsed = 00:00:01 . Memory (MB): peak = 1898.613 ; gain = 0.000

Phase 2.3 Post-Processing in Floorplanning
Phase 2.3 Post-Processing in Floorplanning | Checksum: 21f7192a1

Time (s): cpu = 00:00:02 ; elapsed = 00:00:01 . Memory (MB): peak = 1898.613 ; gain = 0.000

Phase 2.4 Global Place Phase1
Phase 2.4 Global Place Phase1 | Checksum: 2a7fe1a15

Time (s): cpu = 00:00:07 ; elapsed = 00:00:04 . Memory (MB): peak = 1898.613 ; gain = 0.000

Phase 2.5 Global Place Phase2

Phase 2.5.1 UpdateTiming Before Physical Synthesis
Phase 2.5.1 UpdateTiming Before Physical Synthesis | Checksum: 1fc66db01

Time (s): cpu = 00:00:07 ; elapsed = 00:00:05 . Memory (MB): peak = 1898.613 ; gain = 0.000

Phase 2.5.2 Physical Synthesis In Placer
INFO: [Physopt 32-1035] Found 77 LUTNM shape to break, 97 LUT instances to create LUTNM shape
INFO: [Physopt 32-1044] Break lutnm for timing: one critical 17, two critical 60, total 77, new lutff created 1
INFO: [Physopt 32-1138] End 1 Pass. Optimized 107 nets or LUTs. Breaked 77 LUTs, combined 30 existing LUTs and moved 0 existing LUT
INFO: [Physopt 32-65] No nets found for high-fanout optimization.
INFO: [Physopt 32-232] Optimized 0 net. Created 0 new instance.
INFO: [Physopt 32-775] End 1 Pass. Optimized 0 net or cell. Created 0 new cell, deleted 0 existing cell and moved 0 existing cell
INFO: [Physopt 32-46] Identified 48 candidate nets for critical-cell optimization.
INFO: [Physopt 32-232] Optimized 0 net. Created 0 new instance.
INFO: [Physopt 32-775] End 1 Pass. Optimized 0 net or cell. Created 0 new cell, deleted 0 existing cell and moved 0 existing cell
Netlist sorting complete. Time (s): cpu = 00:00:00 ; elapsed = 00:00:00.004 . Memory (MB): peak = 1898.613 ; gain = 0.000
INFO: [Physopt 32-456] No candidate cells for DSP register optimization found in the design.
INFO: [Physopt 32-775] End 2 Pass. Optimized 0 net or cell. Created 0 new cell, deleted 0 existing cell and moved 0 existing cell
INFO: [Physopt 32-1123] No candidate cells found for Shift Register to Pipeline optimization
INFO: [Physopt 32-775] End 2 Pass. Optimized 0 net or cell. Created 0 new cell, deleted 0 existing cell and moved 0 existing cell
INFO: [Physopt 32-1401] No candidate cells found for Shift Register optimization.
INFO: [Physopt 32-677] No candidate cells for Shift Register optimization found in the design
INFO: [Physopt 32-775] End 1 Pass. Optimized 0 net or cell. Created 0 new cell, deleted 0 existing cell and moved 0 existing cell
INFO: [Physopt 32-526] No candidate cells for BRAM register optimization found in the design
INFO: [Physopt 32-775] End 1 Pass. Optimized 0 net or cell. Created 0 new cell, deleted 0 existing cell and moved 0 existing cell
INFO: [Physopt 32-846] No candidate cells for URAM register optimization found in the design
INFO: [Physopt 32-775] End 1 Pass. Optimized 0 net or cell. Created 0 new cell, deleted 0 existing cell and moved 0 existing cell
INFO: [Physopt 32-846] No candidate cells for URAM register optimization found in the design
INFO: [Physopt 32-775] End 1 Pass. Optimized 0 net or cell. Created 0 new cell, deleted 0 existing cell and moved 0 existing cell
INFO: [Physopt 32-949] No candidate nets found for dynamic/static region interface net replication
INFO: [Physopt 32-775] End 1 Pass. Optimized 0 net or cell. Created 0 new cell, deleted 0 existing cell and moved 0 existing cell
Netlist sorting complete. Time (s): cpu = 00:00:00 ; elapsed = 00:00:00.002 . Memory (MB): peak = 1898.613 ; gain = 0.000

Summary of Physical Synthesis Optimizations
============================================


-----------------------------------------------------------------------------------------------------------------------------------------------------------
|  Optimization                                     |  Added Cells  |  Removed Cells  |  Optimized Cells/Nets  |  Dont Touch  |  Iterations  |  Elapsed   |
-----------------------------------------------------------------------------------------------------------------------------------------------------------
|  LUT Combining                                    |           77  |             30  |                   107  |           0  |           1  |  00:00:00  |
|  Retime                                           |            0  |              0  |                     0  |           0  |           1  |  00:00:00  |
|  Very High Fanout                                 |            0  |              0  |                     0  |           0  |           1  |  00:00:00  |
|  Critical Cell                                    |            0  |              0  |                     0  |           0  |           1  |  00:00:00  |
|  DSP Register                                     |            0  |              0  |                     0  |           0  |           1  |  00:00:00  |
|  Shift Register to Pipeline                       |            0  |              0  |                     0  |           0  |           1  |  00:00:00  |
|  Shift Register                                   |            0  |              0  |                     0  |           0  |           1  |  00:00:00  |
|  BRAM Register                                    |            0  |              0  |                     0  |           0  |           1  |  00:00:00  |
|  URAM Register                                    |            0  |              0  |                     0  |           0  |           1  |  00:00:00  |
|  Dynamic/Static Region Interface Net Replication  |            0  |              0  |                     0  |           0  |           1  |  00:00:00  |
|  Total                                            |           77  |             30  |                   107  |           0  |          10  |  00:00:00  |
-----------------------------------------------------------------------------------------------------------------------------------------------------------


Phase 2.5.2 Physical Synthesis In Placer | Checksum: 214631b1d

Time (s): cpu = 00:00:08 ; elapsed = 00:00:05 . Memory (MB): peak = 1898.613 ; gain = 0.000
Phase 2.5 Global Place Phase2 | Checksum: 20d2dd52f

Time (s): cpu = 00:00:08 ; elapsed = 00:00:05 . Memory (MB): peak = 1898.613 ; gain = 0.000
Phase 2 Global Placement | Checksum: 20d2dd52f

Time (s): cpu = 00:00:08 ; elapsed = 00:00:05 . Memory (MB): peak = 1898.613 ; gain = 0.000

Phase 3 Detail Placement

Phase 3.1 Commit Multi Column Macros
Phase 3.1 Commit Multi Column Macros | Checksum: 2271517df

Time (s): cpu = 00:00:09 ; elapsed = 00:00:06 . Memory (MB): peak = 1898.613 ; gain = 0.000

Phase 3.2 Commit Most Macros & LUTRAMs
Phase 3.2 Commit Most Macros & LUTRAMs | Checksum: 175dd0bc5

Time (s): cpu = 00:00:09 ; elapsed = 00:00:06 . Memory (MB): peak = 1898.613 ; gain = 0.000

Phase 3.3 Area Swap Optimization
Phase 3.3 Area Swap Optimization | Checksum: 1f033649e

Time (s): cpu = 00:00:09 ; elapsed = 00:00:06 . Memory (MB): peak = 1898.613 ; gain = 0.000

Phase 3.4 Pipeline Register Optimization
Phase 3.4 Pipeline Register Optimization | Checksum: 243332b29

Time (s): cpu = 00:00:09 ; elapsed = 00:00:06 . Memory (MB): peak = 1898.613 ; gain = 0.000

Phase 3.5 Fast Optimization
Phase 3.5 Fast Optimization | Checksum: 23efda07a

Time (s): cpu = 00:00:11 ; elapsed = 00:00:07 . Memory (MB): peak = 1898.613 ; gain = 0.000

Phase 3.6 Small Shape Detail Placement
Phase 3.6 Small Shape Detail Placement | Checksum: 175857fd0

Time (s): cpu = 00:00:12 ; elapsed = 00:00:08 . Memory (MB): peak = 1898.613 ; gain = 0.000

Phase 3.7 Re-assign LUT pins
Phase 3.7 Re-assign LUT pins | Checksum: 1703247bb

Time (s): cpu = 00:00:12 ; elapsed = 00:00:08 . Memory (MB): peak = 1898.613 ; gain = 0.000

Phase 3.8 Pipeline Register Optimization
Phase 3.8 Pipeline Register Optimization | Checksum: 118af912c

Time (s): cpu = 00:00:12 ; elapsed = 00:00:08 . Memory (MB): peak = 1898.613 ; gain = 0.000

Phase 3.9 Fast Optimization
Phase 3.9 Fast Optimization | Checksum: 26af8df09

Time (s): cpu = 00:00:14 ; elapsed = 00:00:10 . Memory (MB): peak = 1898.613 ; gain = 0.000
Phase 3 Detail Placement | Checksum: 26af8df09

Time (s): cpu = 00:00:14 ; elapsed = 00:00:10 . Memory (MB): peak = 1898.613 ; gain = 0.000

Phase 4 Post Placement Optimization and Clean-Up

Phase 4.1 Post Commit Optimization
INFO: [Timing 38-35] Done setting XDC timing constraints.

Phase 4.1.1 Post Placement Optimization
Post Placement Optimization Initialization | Checksum: 2c95ed284

Phase 4.1.1.1 BUFG Insertion

Starting Physical Synthesis Task

Phase 1 Physical Synthesis Initialization
INFO: [Physopt 32-721] Multithreading enabled for phys_opt_design using a maximum of 2 CPUs
INFO: [Physopt 32-619] Estimated Timing Summary | WNS=-3.905 | TNS=-2001.885 |
Phase 1 Physical Synthesis Initialization | Checksum: 245ad0e3c

Time (s): cpu = 00:00:01 ; elapsed = 00:00:00.128 . Memory (MB): peak = 1898.613 ; gain = 0.000
INFO: [Place 46-56] BUFG insertion identified 0 candidate nets. Inserted BUFG: 0, Replicated BUFG Driver: 0, Skipped due to Placement/Routing Conflicts: 0, Skipped due to Timing Degradation: 0, Skipped due to netlist editing failed: 0.
Ending Physical Synthesis Task | Checksum: 2baa5c494

Time (s): cpu = 00:00:01 ; elapsed = 00:00:00.152 . Memory (MB): peak = 1898.613 ; gain = 0.000
Phase 4.1.1.1 BUFG Insertion | Checksum: 2c95ed284

Time (s): cpu = 00:00:16 ; elapsed = 00:00:11 . Memory (MB): peak = 1898.613 ; gain = 0.000

Phase 4.1.1.2 Post Placement Timing Optimization
INFO: [Place 30-746] Post Placement Timing Summary WNS=-3.526. For the most accurate timing information please run report_timing.
Phase 4.1.1.2 Post Placement Timing Optimization | Checksum: 22d67a085

Time (s): cpu = 00:00:34 ; elapsed = 00:00:30 . Memory (MB): peak = 1898.613 ; gain = 0.000

Time (s): cpu = 00:00:34 ; elapsed = 00:00:30 . Memory (MB): peak = 1898.613 ; gain = 0.000
Phase 4.1 Post Commit Optimization | Checksum: 22d67a085

Time (s): cpu = 00:00:35 ; elapsed = 00:00:30 . Memory (MB): peak = 1898.613 ; gain = 0.000

Phase 4.2 Post Placement Cleanup
Phase 4.2 Post Placement Cleanup | Checksum: 22d67a085

Time (s): cpu = 00:00:35 ; elapsed = 00:00:30 . Memory (MB): peak = 1898.613 ; gain = 0.000

Phase 4.3 Placer Reporting

Phase 4.3.1 Print Estimated Congestion
INFO: [Place 30-612] Post-Placement Estimated Congestion 
 ____________________________________________________
|           | Global Congestion | Short Congestion  |
| Direction | Region Size       | Region Size       |
|___________|___________________|___________________|
|      North|                1x1|                1x1|
|___________|___________________|___________________|
|      South|                1x1|                2x2|
|___________|___________________|___________________|
|       East|                1x1|                1x1|
|___________|___________________|___________________|
|       West|                1x1|                1x1|
|___________|___________________|___________________|

Phase 4.3.1 Print Estimated Congestion | Checksum: 22d67a085

Time (s): cpu = 00:00:35 ; elapsed = 00:00:30 . Memory (MB): peak = 1898.613 ; gain = 0.000
Phase 4.3 Placer Reporting | Checksum: 22d67a085

Time (s): cpu = 00:00:35 ; elapsed = 00:00:30 . Memory (MB): peak = 1898.613 ; gain = 0.000

Phase 4.4 Final Placement Cleanup
Netlist sorting complete. Time (s): cpu = 00:00:00 ; elapsed = 00:00:00.002 . Memory (MB): peak = 1898.613 ; gain = 0.000

Time (s): cpu = 00:00:35 ; elapsed = 00:00:30 . Memory (MB): peak = 1898.613 ; gain = 0.000
Phase 4 Post Placement Optimization and Clean-Up | Checksum: 23718c511

Time (s): cpu = 00:00:35 ; elapsed = 00:00:30 . Memory (MB): peak = 1898.613 ; gain = 0.000
Ending Placer Task | Checksum: 1bba6d379

Time (s): cpu = 00:00:35 ; elapsed = 00:00:30 . Memory (MB): peak = 1898.613 ; gain = 0.000
111 Infos, 2 Warnings, 0 Critical Warnings and 0 Errors encountered.
place_design completed successfully
place_design: Time (s): cpu = 00:00:38 ; elapsed = 00:00:31 . Memory (MB): peak = 1898.613 ; gain = 0.000
INFO: [Vivado 12-24838] Running report commands "report_control_sets, report_io, report_utilization" in parallel.
Running report generation with 2 threads.
INFO: [Vivado 12-24828] Executing command : report_io -file MicroBlaze_wrapper_io_placed.rpt
report_io: Time (s): cpu = 00:00:00 ; elapsed = 00:00:00.039 . Memory (MB): peak = 1898.613 ; gain = 0.000
INFO: [Vivado 12-24828] Executing command : report_utilization -file MicroBlaze_wrapper_utilization_placed.rpt -pb MicroBlaze_wrapper_utilization_placed.pb
INFO: [Vivado 12-24828] Executing command : report_control_sets -verbose -file MicroBlaze_wrapper_control_sets_placed.rpt
report_control_sets: Time (s): cpu = 00:00:00 ; elapsed = 00:00:00.010 . Memory (MB): peak = 1898.613 ; gain = 0.000
INFO: [Timing 38-480] Writing timing data to binary archive.
Write ShapeDB Complete: Time (s): cpu = 00:00:00 ; elapsed = 00:00:00.015 . Memory (MB): peak = 1898.613 ; gain = 0.000
Wrote PlaceDB: Time (s): cpu = 00:00:01 ; elapsed = 00:00:00.390 . Memory (MB): peak = 1898.613 ; gain = 0.000
Wrote PulsedLatchDB: Time (s): cpu = 00:00:00 ; elapsed = 00:00:00 . Memory (MB): peak = 1898.613 ; gain = 0.000
Writing XDEF routing.
Writing XDEF routing logical nets.
Writing XDEF routing special nets.
Wrote RouteStorage: Time (s): cpu = 00:00:00 ; elapsed = 00:00:00.019 . Memory (MB): peak = 1898.613 ; gain = 0.000
Wrote Netlist Cache: Time (s): cpu = 00:00:00 ; elapsed = 00:00:00.007 . Memory (MB): peak = 1898.613 ; gain = 0.000
Wrote Device Cache: Time (s): cpu = 00:00:00 ; elapsed = 00:00:00.007 . Memory (MB): peak = 1898.613 ; gain = 0.000
Write Physdb Complete: Time (s): cpu = 00:00:01 ; elapsed = 00:00:00.430 . Memory (MB): peak = 1898.613 ; gain = 0.000
INFO: [Common 17-1381] The checkpoint 'C:/Cascade_hydrophones/WorkspaceOMDHydrophones/Hardware/HydroProccess/HydroProccess.runs/impl_1/MicroBlaze_wrapper_placed.dcp' has been generated.
Command: phys_opt_design
Attempting to get a license for feature 'Implementation' and/or device 'xc7z010'
INFO: [Common 17-349] Got license for feature 'Implementation' and/or device 'xc7z010'

Starting Initial Update Timing Task

Time (s): cpu = 00:00:00 ; elapsed = 00:00:00.462 . Memory (MB): peak = 1898.613 ; gain = 0.000
INFO: [Vivado_Tcl 4-1435] PhysOpt_Tcl_Interface Runtime Before Starting Physical Synthesis Task | CPU: 0.00s |  WALL: 0.48s
Netlist sorting complete. Time (s): cpu = 00:00:00 ; elapsed = 00:00:00.001 . Memory (MB): peak = 1898.613 ; gain = 0.000

Starting Physical Synthesis Task

Phase 1 Physical Synthesis Initialization
INFO: [Physopt 32-721] Multithreading enabled for phys_opt_design using a maximum of 2 CPUs
INFO: [Physopt 32-619] Estimated Timing Summary | WNS=-3.547 | TNS=-1923.952 |
Phase 1 Physical Synthesis Initialization | Checksum: 1cc83f09a

Time (s): cpu = 00:00:01 ; elapsed = 00:00:00.337 . Memory (MB): peak = 1898.613 ; gain = 0.000
INFO: [Physopt 32-619] Estimated Timing Summary | WNS=-3.547 | TNS=-1923.952 |

Phase 2 DSP Register Optimization
INFO: [Physopt 32-456] No candidate cells for DSP register optimization found in the design.
INFO: [Physopt 32-775] End 2 Pass. Optimized 0 net or cell. Created 0 new cell, deleted 0 existing cell and moved 0 existing cell
Phase 2 DSP Register Optimization | Checksum: 1cc83f09a

Time (s): cpu = 00:00:01 ; elapsed = 00:00:00.380 . Memory (MB): peak = 1898.613 ; gain = 0.000

Phase 3 Critical Path Optimization
INFO: [Physopt 32-619] Estimated Timing Summary | WNS=-3.547 | TNS=-1923.952 |
INFO: [Physopt 32-663] Processed net MicroBlaze_i/AddressFixer_0/inst/address[4].  Re-placed instance MicroBlaze_i/AddressFixer_0/inst/address_reg[4]
INFO: [Physopt 32-735] Processed net MicroBlaze_i/AddressFixer_0/inst/address[4]. Optimization improves timing on the net.
INFO: [Physopt 32-619] Estimated Timing Summary | WNS=-3.547 | TNS=-1923.810 |
INFO: [Physopt 32-663] Processed net MicroBlaze_i/AddressFixer_0/inst/address[5].  Re-placed instance MicroBlaze_i/AddressFixer_0/inst/address_reg[5]
INFO: [Physopt 32-735] Processed net MicroBlaze_i/AddressFixer_0/inst/address[5]. Optimization improves timing on the net.
INFO: [Physopt 32-619] Estimated Timing Summary | WNS=-3.547 | TNS=-1923.678 |
INFO: [Physopt 32-663] Processed net MicroBlaze_i/AddressFixer_0/inst/address[6].  Re-placed instance MicroBlaze_i/AddressFixer_0/inst/address_reg[6]
INFO: [Physopt 32-735] Processed net MicroBlaze_i/AddressFixer_0/inst/address[6]. Optimization improves timing on the net.
INFO: [Physopt 32-619] Estimated Timing Summary | WNS=-3.454 | TNS=-1924.022 |
INFO: [Physopt 32-663] Processed net MicroBlaze_i/AddressFixer_0/inst/address[10].  Re-placed instance MicroBlaze_i/AddressFixer_0/inst/address_reg[10]
INFO: [Physopt 32-735] Processed net MicroBlaze_i/AddressFixer_0/inst/address[10]. Optimization improves timing on the net.
INFO: [Physopt 32-619] Estimated Timing Summary | WNS=-3.454 | TNS=-1924.132 |
INFO: [Physopt 32-702] Processed net MicroBlaze_i/AddressFixer_0/inst/address[7]. Optimizations did not improve timing on the net.
INFO: [Physopt 32-702] Processed net MicroBlaze_i/processing_system7_0/inst/FCLK_CLK_unbuffered[0]. Optimizations did not improve timing on the net.
INFO: [Physopt 32-702] Processed net MicroBlaze_i/AddressFixer_0/inst/address2_inferred__0/i__carry__2_n_2. Optimizations did not improve timing on the net.
INFO: [Physopt 32-702] Processed net MicroBlaze_i/AddressFixer_0/inst/address2_inferred__0/i__carry__1_n_0. Optimizations did not improve timing on the net.
INFO: [Physopt 32-702] Processed net MicroBlaze_i/AddressFixer_0/inst/address2_inferred__0/i__carry__0_n_0. Optimizations did not improve timing on the net.
INFO: [Physopt 32-608] Optimized 1 net.  Swapped 12 pins.
INFO: [Physopt 32-735] Processed net MicroBlaze_i/AddressFixer_0/inst/i__carry__0_i_2_n_0. Optimization improves timing on the net.
INFO: [Physopt 32-619] Estimated Timing Summary | WNS=-3.442 | TNS=-1923.964 |
INFO: [Physopt 32-702] Processed net MicroBlaze_i/AddressFixer_0/inst/i__carry__0_i_1_n_0. Optimizations did not improve timing on the net.
INFO: [Physopt 32-702] Processed net MicroBlaze_i/AddressFixer_0/inst/address3[15]. Optimizations did not improve timing on the net.
INFO: [Physopt 32-702] Processed net MicroBlaze_i/AddressFixer_0/inst/address3_carry__1_n_0. Optimizations did not improve timing on the net.
INFO: [Physopt 32-702] Processed net MicroBlaze_i/AddressFixer_0/inst/address3_carry__0_n_0. Optimizations did not improve timing on the net.
INFO: [Physopt 32-702] Processed net MicroBlaze_i/AddressFixer_0/inst/address3_carry_n_0. Optimizations did not improve timing on the net.
INFO: [Physopt 32-702] Processed net MicroBlaze_i/AddressFixer_0/inst/address[13]_i_1_n_0. Optimizations did not improve timing on the net.
INFO: [Physopt 32-81] Processed net MicroBlaze_i/Wrapper_XCorr_0/inst/main/XCORR/count[3]. Replicated 3 times.
INFO: [Physopt 32-735] Processed net MicroBlaze_i/Wrapper_XCorr_0/inst/main/XCORR/count[3]. Optimization improves timing on the net.
INFO: [Physopt 32-619] Estimated Timing Summary | WNS=-3.371 | TNS=-1910.510 |
INFO: [Physopt 32-81] Processed net MicroBlaze_i/Wrapper_XCorr_0/inst/main/XCORR/count[3]_repN. Replicated 1 times.
INFO: [Physopt 32-735] Processed net MicroBlaze_i/Wrapper_XCorr_0/inst/main/XCORR/count[3]_repN. Optimization improves timing on the net.
INFO: [Physopt 32-619] Estimated Timing Summary | WNS=-3.367 | TNS=-1910.442 |
INFO: [Physopt 32-601] Processed net MicroBlaze_i/Wrapper_XCorr_0/inst/main/XCORR/count[3]_repN_3. Net driver MicroBlaze_i/Wrapper_XCorr_0/inst/main/XCORR/count_reg[3]_replica_3 was replaced.
INFO: [Physopt 32-735] Processed net MicroBlaze_i/Wrapper_XCorr_0/inst/main/XCORR/count[3]_repN_3. Optimization improves timing on the net.
INFO: [Physopt 32-619] Estimated Timing Summary | WNS=-3.364 | TNS=-1910.394 |
INFO: [Physopt 32-81] Processed net MicroBlaze_i/Wrapper_XCorr_0/inst/main/XCORR/count[3]_repN_3. Replicated 3 times.
INFO: [Physopt 32-735] Processed net MicroBlaze_i/Wrapper_XCorr_0/inst/main/XCORR/count[3]_repN_3. Optimization improves timing on the net.
INFO: [Physopt 32-619] Estimated Timing Summary | WNS=-3.337 | TNS=-1910.001 |
INFO: [Physopt 32-663] Processed net MicroBlaze_i/Wrapper_XCorr_0/inst/main/XCORR/count[3]_repN_4.  Re-placed instance MicroBlaze_i/Wrapper_XCorr_0/inst/main/XCORR/count_reg[3]_replica_4
INFO: [Physopt 32-735] Processed net MicroBlaze_i/Wrapper_XCorr_0/inst/main/XCORR/count[3]_repN_4. Optimization improves timing on the net.
INFO: [Physopt 32-619] Estimated Timing Summary | WNS=-3.334 | TNS=-1909.959 |
INFO: [Physopt 32-702] Processed net MicroBlaze_i/Wrapper_XCorr_0/inst/main/XCORR/count[3]_repN_4. Optimizations did not improve timing on the net.
INFO: [Physopt 32-702] Processed net MicroBlaze_i/SineWaveGen_1/inst/wave[4]. Optimizations did not improve timing on the net.
INFO: [Physopt 32-702] Processed net MicroBlaze_i/SineWaveGen_1/inst/_carry__6_n_0. Optimizations did not improve timing on the net.
INFO: [Physopt 32-702] Processed net MicroBlaze_i/SineWaveGen_1/inst/_carry__6_i_5_n_0. Optimizations did not improve timing on the net.
INFO: [Physopt 32-702] Processed net MicroBlaze_i/SineWaveGen_1/inst/_carry__6_i_9_n_6. Optimizations did not improve timing on the net.
INFO: [Physopt 32-702] Processed net MicroBlaze_i/SineWaveGen_1/inst/_carry__5_i_9_n_0. Optimizations did not improve timing on the net.
INFO: [Physopt 32-702] Processed net MicroBlaze_i/SineWaveGen_1/inst/_carry__4_i_9_n_0. Optimizations did not improve timing on the net.
INFO: [Physopt 32-702] Processed net MicroBlaze_i/SineWaveGen_1/inst/_carry__3_i_9_n_0. Optimizations did not improve timing on the net.
INFO: [Physopt 32-702] Processed net MicroBlaze_i/SineWaveGen_1/inst/_carry__2_i_9_n_0. Optimizations did not improve timing on the net.
INFO: [Physopt 32-702] Processed net MicroBlaze_i/SineWaveGen_1/inst/_carry__1_i_9_n_0. Optimizations did not improve timing on the net.
INFO: [Physopt 32-702] Processed net MicroBlaze_i/SineWaveGen_1/inst/_carry__0_i_9_n_0. Optimizations did not improve timing on the net.
INFO: [Physopt 32-702] Processed net MicroBlaze_i/SineWaveGen_1/inst/_carry__0_i_10_n_0. Optimizations did not improve timing on the net.
INFO: [Physopt 32-571] Net MicroBlaze_i/SineWaveGen_1/inst/wave[11]_i_1_n_0 was not replicated.
INFO: [Physopt 32-702] Processed net MicroBlaze_i/SineWaveGen_1/inst/wave[11]_i_1_n_0. Optimizations did not improve timing on the net.
INFO: [Physopt 32-663] Processed net MicroBlaze_i/axi_gpio_1/U0/gpio_core_1/gpio_io_o[9].  Re-placed instance MicroBlaze_i/axi_gpio_1/U0/gpio_core_1/Dual.gpio_Data_Out_reg[22]
INFO: [Physopt 32-735] Processed net MicroBlaze_i/axi_gpio_1/U0/gpio_core_1/gpio_io_o[9]. Optimization improves timing on the net.
INFO: [Physopt 32-619] Estimated Timing Summary | WNS=-3.334 | TNS=-1909.717 |
INFO: [Physopt 32-702] Processed net MicroBlaze_i/SineWaveGen_1/inst/_carry_i_10_n_0. Optimizations did not improve timing on the net.
INFO: [Physopt 32-81] Processed net MicroBlaze_i/axi_gpio_1/U0/gpio_core_1/gpio_io_o[2]. Replicated 1 times.
INFO: [Physopt 32-735] Processed net MicroBlaze_i/axi_gpio_1/U0/gpio_core_1/gpio_io_o[2]. Optimization improves timing on the net.
INFO: [Physopt 32-619] Estimated Timing Summary | WNS=-3.334 | TNS=-1909.431 |
INFO: [Physopt 32-702] Processed net MicroBlaze_i/axi_gpio_1/U0/gpio_core_1/gpio_io_o[2]. Optimizations did not improve timing on the net.
INFO: [Physopt 32-702] Processed net MicroBlaze_i/AddressFixer_0/inst/address[7]. Optimizations did not improve timing on the net.
INFO: [Physopt 32-702] Processed net MicroBlaze_i/processing_system7_0/inst/FCLK_CLK_unbuffered[0]. Optimizations did not improve timing on the net.
INFO: [Physopt 32-702] Processed net MicroBlaze_i/AddressFixer_0/inst/address2_inferred__0/i__carry__2_n_2. Optimizations did not improve timing on the net.
INFO: [Physopt 32-702] Processed net MicroBlaze_i/AddressFixer_0/inst/i__carry__0_i_1_n_0. Optimizations did not improve timing on the net.
INFO: [Physopt 32-702] Processed net MicroBlaze_i/AddressFixer_0/inst/address3[15]. Optimizations did not improve timing on the net.
INFO: [Physopt 32-702] Processed net MicroBlaze_i/AddressFixer_0/inst/address[13]_i_1_n_0. Optimizations did not improve timing on the net.
INFO: [Physopt 32-702] Processed net MicroBlaze_i/Wrapper_XCorr_0/inst/main/XCORR/count[3]_repN_4. Optimizations did not improve timing on the net.
INFO: [Physopt 32-702] Processed net MicroBlaze_i/SineWaveGen_1/inst/wave[4]. Optimizations did not improve timing on the net.
INFO: [Physopt 32-702] Processed net MicroBlaze_i/SineWaveGen_1/inst/_carry__6_n_0. Optimizations did not improve timing on the net.
INFO: [Physopt 32-702] Processed net MicroBlaze_i/SineWaveGen_1/inst/_carry__6_i_5_n_0. Optimizations did not improve timing on the net.
INFO: [Physopt 32-702] Processed net MicroBlaze_i/SineWaveGen_1/inst/_carry__6_i_9_n_6. Optimizations did not improve timing on the net.
INFO: [Physopt 32-702] Processed net MicroBlaze_i/SineWaveGen_1/inst/wave[11]_i_1_n_0. Optimizations did not improve timing on the net.
INFO: [Physopt 32-702] Processed net MicroBlaze_i/axi_gpio_1/U0/gpio_core_1/gpio_io_o[2]. Optimizations did not improve timing on the net.
INFO: [Physopt 32-619] Estimated Timing Summary | WNS=-3.334 | TNS=-1909.431 |
Netlist sorting complete. Time (s): cpu = 00:00:00 ; elapsed = 00:00:00.020 . Memory (MB): peak = 1898.613 ; gain = 0.000
Phase 3 Critical Path Optimization | Checksum: 1cc83f09a

Time (s): cpu = 00:00:05 ; elapsed = 00:00:03 . Memory (MB): peak = 1898.613 ; gain = 0.000

Phase 4 Critical Path Optimization
INFO: [Physopt 32-619] Estimated Timing Summary | WNS=-3.334 | TNS=-1909.431 |
INFO: [Physopt 32-702] Processed net MicroBlaze_i/AddressFixer_0/inst/address[7]. Optimizations did not improve timing on the net.
INFO: [Physopt 32-702] Processed net MicroBlaze_i/processing_system7_0/inst/FCLK_CLK_unbuffered[0]. Optimizations did not improve timing on the net.
INFO: [Physopt 32-702] Processed net MicroBlaze_i/AddressFixer_0/inst/address2_inferred__0/i__carry__2_n_2. Optimizations did not improve timing on the net.
INFO: [Physopt 32-702] Processed net MicroBlaze_i/AddressFixer_0/inst/address2_inferred__0/i__carry__1_n_0. Optimizations did not improve timing on the net.
INFO: [Physopt 32-702] Processed net MicroBlaze_i/AddressFixer_0/inst/address2_inferred__0/i__carry__0_n_0. Optimizations did not improve timing on the net.
INFO: [Physopt 32-702] Processed net MicroBlaze_i/AddressFixer_0/inst/i__carry__0_i_1_n_0. Optimizations did not improve timing on the net.
INFO: [Physopt 32-702] Processed net MicroBlaze_i/AddressFixer_0/inst/address3[15]. Optimizations did not improve timing on the net.
INFO: [Physopt 32-702] Processed net MicroBlaze_i/AddressFixer_0/inst/address3_carry__1_n_0. Optimizations did not improve timing on the net.
INFO: [Physopt 32-702] Processed net MicroBlaze_i/AddressFixer_0/inst/address3_carry__0_n_0. Optimizations did not improve timing on the net.
INFO: [Physopt 32-702] Processed net MicroBlaze_i/AddressFixer_0/inst/address3_carry_n_0. Optimizations did not improve timing on the net.
INFO: [Physopt 32-702] Processed net MicroBlaze_i/AddressFixer_0/inst/address[13]_i_1_n_0. Optimizations did not improve timing on the net.
INFO: [Physopt 32-702] Processed net MicroBlaze_i/Wrapper_XCorr_0/inst/main/XCORR/count[3]_repN_4. Optimizations did not improve timing on the net.
INFO: [Physopt 32-702] Processed net MicroBlaze_i/SineWaveGen_1/inst/wave[4]. Optimizations did not improve timing on the net.
INFO: [Physopt 32-702] Processed net MicroBlaze_i/SineWaveGen_1/inst/_carry__6_n_0. Optimizations did not improve timing on the net.
INFO: [Physopt 32-702] Processed net MicroBlaze_i/SineWaveGen_1/inst/_carry__6_i_5_n_0. Optimizations did not improve timing on the net.
INFO: [Physopt 32-702] Processed net MicroBlaze_i/SineWaveGen_1/inst/_carry__6_i_9_n_6. Optimizations did not improve timing on the net.
INFO: [Physopt 32-702] Processed net MicroBlaze_i/SineWaveGen_1/inst/_carry__5_i_9_n_0. Optimizations did not improve timing on the net.
INFO: [Physopt 32-702] Processed net MicroBlaze_i/SineWaveGen_1/inst/_carry__4_i_9_n_0. Optimizations did not improve timing on the net.
INFO: [Physopt 32-702] Processed net MicroBlaze_i/SineWaveGen_1/inst/_carry__3_i_9_n_0. Optimizations did not improve timing on the net.
INFO: [Physopt 32-702] Processed net MicroBlaze_i/SineWaveGen_1/inst/_carry__2_i_9_n_0. Optimizations did not improve timing on the net.
INFO: [Physopt 32-702] Processed net MicroBlaze_i/SineWaveGen_1/inst/_carry__1_i_9_n_0. Optimizations did not improve timing on the net.
INFO: [Physopt 32-702] Processed net MicroBlaze_i/SineWaveGen_1/inst/_carry__0_i_9_n_0. Optimizations did not improve timing on the net.
INFO: [Physopt 32-702] Processed net MicroBlaze_i/SineWaveGen_1/inst/_carry_i_10_n_0. Optimizations did not improve timing on the net.
INFO: [Physopt 32-571] Net MicroBlaze_i/SineWaveGen_1/inst/wave[11]_i_1_n_0 was not replicated.
INFO: [Physopt 32-702] Processed net MicroBlaze_i/SineWaveGen_1/inst/wave[11]_i_1_n_0. Optimizations did not improve timing on the net.
INFO: [Physopt 32-702] Processed net MicroBlaze_i/axi_gpio_1/U0/gpio_core_1/gpio_io_o[2]. Optimizations did not improve timing on the net.
INFO: [Physopt 32-702] Processed net MicroBlaze_i/AddressFixer_0/inst/address[7]. Optimizations did not improve timing on the net.
INFO: [Physopt 32-702] Processed net MicroBlaze_i/processing_system7_0/inst/FCLK_CLK_unbuffered[0]. Optimizations did not improve timing on the net.
INFO: [Physopt 32-702] Processed net MicroBlaze_i/AddressFixer_0/inst/address2_inferred__0/i__carry__2_n_2. Optimizations did not improve timing on the net.
INFO: [Physopt 32-702] Processed net MicroBlaze_i/AddressFixer_0/inst/i__carry__0_i_1_n_0. Optimizations did not improve timing on the net.
INFO: [Physopt 32-702] Processed net MicroBlaze_i/AddressFixer_0/inst/address3[15]. Optimizations did not improve timing on the net.
INFO: [Physopt 32-702] Processed net MicroBlaze_i/AddressFixer_0/inst/address[13]_i_1_n_0. Optimizations did not improve timing on the net.
INFO: [Physopt 32-702] Processed net MicroBlaze_i/Wrapper_XCorr_0/inst/main/XCORR/count[3]_repN_4. Optimizations did not improve timing on the net.
INFO: [Physopt 32-702] Processed net MicroBlaze_i/SineWaveGen_1/inst/wave[4]. Optimizations did not improve timing on the net.
INFO: [Physopt 32-702] Processed net MicroBlaze_i/SineWaveGen_1/inst/_carry__6_n_0. Optimizations did not improve timing on the net.
INFO: [Physopt 32-702] Processed net MicroBlaze_i/SineWaveGen_1/inst/_carry__6_i_5_n_0. Optimizations did not improve timing on the net.
INFO: [Physopt 32-702] Processed net MicroBlaze_i/SineWaveGen_1/inst/_carry__6_i_9_n_6. Optimizations did not improve timing on the net.
INFO: [Physopt 32-702] Processed net MicroBlaze_i/SineWaveGen_1/inst/wave[11]_i_1_n_0. Optimizations did not improve timing on the net.
INFO: [Physopt 32-702] Processed net MicroBlaze_i/axi_gpio_1/U0/gpio_core_1/gpio_io_o[2]. Optimizations did not improve timing on the net.
INFO: [Physopt 32-619] Estimated Timing Summary | WNS=-3.334 | TNS=-1909.431 |
Netlist sorting complete. Time (s): cpu = 00:00:00 ; elapsed = 00:00:00.002 . Memory (MB): peak = 1898.613 ; gain = 0.000
Phase 4 Critical Path Optimization | Checksum: 1cc83f09a

Time (s): cpu = 00:00:06 ; elapsed = 00:00:03 . Memory (MB): peak = 1898.613 ; gain = 0.000
Netlist sorting complete. Time (s): cpu = 00:00:00 ; elapsed = 00:00:00.001 . Memory (MB): peak = 1898.613 ; gain = 0.000
INFO: [Physopt 32-603] Post Physical Optimization Timing Summary | WNS=-3.334 | TNS=-1909.431 |

Summary of Physical Synthesis Optimizations
============================================


-------------------------------------------------------------------------------------------------------------------------------------------------------------
|  Optimization   |  WNS Gain (ns)  |  TNS Gain (ns)  |  Added Cells  |  Removed Cells  |  Optimized Cells/Nets  |  Dont Touch  |  Iterations  |  Elapsed   |
-------------------------------------------------------------------------------------------------------------------------------------------------------------
|  DSP Register   |          0.000  |          0.000  |            0  |              0  |                     0  |           0  |           1  |  00:00:00  |
|  Critical Path  |          0.213  |         14.521  |            8  |              0  |                    12  |           0  |           2  |  00:00:03  |
|  Total          |          0.213  |         14.521  |            8  |              0  |                    12  |           0  |           3  |  00:00:03  |
-------------------------------------------------------------------------------------------------------------------------------------------------------------


Netlist sorting complete. Time (s): cpu = 00:00:00 ; elapsed = 00:00:00.002 . Memory (MB): peak = 1898.613 ; gain = 0.000
Ending Physical Synthesis Task | Checksum: 14117a74e

Time (s): cpu = 00:00:06 ; elapsed = 00:00:03 . Memory (MB): peak = 1898.613 ; gain = 0.000
INFO: [Common 17-83] Releasing license: Implementation
245 Infos, 2 Warnings, 0 Critical Warnings and 0 Errors encountered.
phys_opt_design completed successfully
INFO: [Timing 38-480] Writing timing data to binary archive.
Write ShapeDB Complete: Time (s): cpu = 00:00:00 ; elapsed = 00:00:00.012 . Memory (MB): peak = 1898.613 ; gain = 0.000
Wrote PlaceDB: Time (s): cpu = 00:00:01 ; elapsed = 00:00:00.413 . Memory (MB): peak = 1898.613 ; gain = 0.000
Wrote PulsedLatchDB: Time (s): cpu = 00:00:00 ; elapsed = 00:00:00 . Memory (MB): peak = 1898.613 ; gain = 0.000
Writing XDEF routing.
Writing XDEF routing logical nets.
Writing XDEF routing special nets.
Wrote RouteStorage: Time (s): cpu = 00:00:00 ; elapsed = 00:00:00.020 . Memory (MB): peak = 1898.613 ; gain = 0.000
Wrote Netlist Cache: Time (s): cpu = 00:00:00 ; elapsed = 00:00:00.008 . Memory (MB): peak = 1898.613 ; gain = 0.000
Wrote Device Cache: Time (s): cpu = 00:00:00 ; elapsed = 00:00:00.009 . Memory (MB): peak = 1898.613 ; gain = 0.000
Write Physdb Complete: Time (s): cpu = 00:00:01 ; elapsed = 00:00:00.459 . Memory (MB): peak = 1898.613 ; gain = 0.000
INFO: [Common 17-1381] The checkpoint 'C:/Cascade_hydrophones/WorkspaceOMDHydrophones/Hardware/HydroProccess/HydroProccess.runs/impl_1/MicroBlaze_wrapper_physopt.dcp' has been generated.
Command: route_design
Attempting to get a license for feature 'Implementation' and/or device 'xc7z010'
INFO: [Common 17-349] Got license for feature 'Implementation' and/or device 'xc7z010'
INFO: [DRC 23-27] Running DRC with 2 threads
INFO: [Vivado_Tcl 4-198] DRC finished with 0 Errors
INFO: [Vivado_Tcl 4-199] Please refer to the DRC report (report_drc) for more information.


Starting Routing Task
INFO: [Route 35-254] Multithreading enabled for route_design using a maximum of 2 CPUs

Phase 1 Build RT Design
Checksum: PlaceDB: 7f0c5e8 ConstDB: 0 ShapeSum: 36511a7e RouteDB: 6998572b
Post Restoration Checksum: NetGraph: 8483a6c9 | NumContArr: 4ab86b2c | Constraints: c2a8fa9d | Timing: c2a8fa9d
Phase 1 Build RT Design | Checksum: 2548e072f

Time (s): cpu = 00:00:08 ; elapsed = 00:00:07 . Memory (MB): peak = 1925.133 ; gain = 26.520

Phase 2 Router Initialization

Phase 2.1 Fix Topology Constraints
Phase 2.1 Fix Topology Constraints | Checksum: 2548e072f

Time (s): cpu = 00:00:08 ; elapsed = 00:00:07 . Memory (MB): peak = 1925.133 ; gain = 26.520

Phase 2.2 Pre Route Cleanup
Phase 2.2 Pre Route Cleanup | Checksum: 2548e072f

Time (s): cpu = 00:00:08 ; elapsed = 00:00:07 . Memory (MB): peak = 1925.133 ; gain = 26.520
 Number of Nodes with overlaps = 0

Phase 2.3 Update Timing
Phase 2.3 Update Timing | Checksum: 2ea92abda

Time (s): cpu = 00:00:10 ; elapsed = 00:00:09 . Memory (MB): peak = 1965.602 ; gain = 66.988
INFO: [Route 35-416] Intermediate Timing Summary | WNS=-3.356 | TNS=-1898.975| WHS=-0.443 | THS=-72.173|


Router Utilization Summary
  Global Vertical Routing Utilization    = 0.00647523 %
  Global Horizontal Routing Utilization  = 0.00597426 %
  Routable Net Status*
  *Does not include unroutable nets such as driverless and loadless.
  Run report_route_status for detailed report.
  Number of Failed Nets               = 7533
    (Failed Nets is the sum of unrouted and partially routed nets)
  Number of Unrouted Nets             = 7533
  Number of Partially Routed Nets     = 0
  Number of Node Overlaps             = 0

Phase 2 Router Initialization | Checksum: 33e39f732

Time (s): cpu = 00:00:10 ; elapsed = 00:00:09 . Memory (MB): peak = 1980.195 ; gain = 81.582

Phase 3 Global Routing
Phase 3 Global Routing | Checksum: 33e39f732

Time (s): cpu = 00:00:10 ; elapsed = 00:00:09 . Memory (MB): peak = 1980.195 ; gain = 81.582

Phase 4 Initial Routing

Phase 4.1 Initial Net Routing Pass
Phase 4.1 Initial Net Routing Pass | Checksum: 2734d8adc

Time (s): cpu = 00:00:13 ; elapsed = 00:00:10 . Memory (MB): peak = 1981.258 ; gain = 82.645
Phase 4 Initial Routing | Checksum: 2734d8adc

Time (s): cpu = 00:00:13 ; elapsed = 00:00:10 . Memory (MB): peak = 1981.258 ; gain = 82.645
INFO: [Route 35-580] Design has 31 pins with tight setup and hold constraints.

The top 5 pins with tight setup and hold constraints:

+====================+===================+===============================================================================================+
| Launch Setup Clock | Launch Hold Clock | Pin                                                                                           |
+====================+===================+===============================================================================================+
| clk_fpga_0         | clk_fpga_0        | MicroBlaze_i/Wrapper_XCorr_0/inst/main/mux/RefAddress_reg[6][2]/D                             |
| clk_fpga_0         | clk_fpga_0        | MicroBlaze_i/Wrapper_XCorr_0/inst/main/mux/RefAddress_reg[6][1]/D                             |
| clk_fpga_0         | clk_fpga_0        | MicroBlaze_i/axi_smc/inst/s00_entry_pipeline/s00_mmu/inst/aw_reg_stall/state_reg[m_valid_i]/D |
| clk_fpga_0         | clk_fpga_0        | MicroBlaze_i/axi_smc/inst/s00_entry_pipeline/s00_mmu/inst/aw_reg_stall/state_reg[s_ready_i]/D |
| clk_fpga_0         | clk_fpga_0        | MicroBlaze_i/axi_smc/inst/s00_entry_pipeline/s00_mmu/inst/aw_reg_stall/state_reg[s_stall_d]/D |
+--------------------+-------------------+-----------------------------------------------------------------------------------------------+

File with complete list of pins: tight_setup_hold_pins.txt


Phase 5 Rip-up And Reroute

Phase 5.1 Global Iteration 0
 Number of Nodes with overlaps = 586
 Number of Nodes with overlaps = 76
 Number of Nodes with overlaps = 22
 Number of Nodes with overlaps = 15
 Number of Nodes with overlaps = 8
 Number of Nodes with overlaps = 3
 Number of Nodes with overlaps = 3
 Number of Nodes with overlaps = 0
INFO: [Route 35-416] Intermediate Timing Summary | WNS=-3.841 | TNS=-2355.092| WHS=N/A    | THS=N/A    |

Phase 5.1 Global Iteration 0 | Checksum: 230f9b12e

Time (s): cpu = 00:00:19 ; elapsed = 00:00:15 . Memory (MB): peak = 2025.367 ; gain = 126.754

Phase 5.2 Global Iteration 1
 Number of Nodes with overlaps = 11
 Number of Nodes with overlaps = 7
 Number of Nodes with overlaps = 3
 Number of Nodes with overlaps = 1
 Number of Nodes with overlaps = 1
 Number of Nodes with overlaps = 0
INFO: [Route 35-416] Intermediate Timing Summary | WNS=-3.593 | TNS=-2354.021| WHS=N/A    | THS=N/A    |

Phase 5.2 Global Iteration 1 | Checksum: 2540dd4ad

Time (s): cpu = 00:00:19 ; elapsed = 00:00:16 . Memory (MB): peak = 2025.367 ; gain = 126.754

Phase 5.3 Global Iteration 2
 Number of Nodes with overlaps = 14
 Number of Nodes with overlaps = 4
 Number of Nodes with overlaps = 1
 Number of Nodes with overlaps = 0
INFO: [Route 35-416] Intermediate Timing Summary | WNS=-3.593 | TNS=-2356.427| WHS=N/A    | THS=N/A    |

Phase 5.3 Global Iteration 2 | Checksum: 14a04a68b

Time (s): cpu = 00:00:20 ; elapsed = 00:00:16 . Memory (MB): peak = 2025.367 ; gain = 126.754
Phase 5 Rip-up And Reroute | Checksum: 14a04a68b

Time (s): cpu = 00:00:20 ; elapsed = 00:00:16 . Memory (MB): peak = 2025.367 ; gain = 126.754

Phase 6 Delay and Skew Optimization

Phase 6.1 Delay CleanUp

Phase 6.1.1 Update Timing
Phase 6.1.1 Update Timing | Checksum: 159a4389f

Time (s): cpu = 00:00:20 ; elapsed = 00:00:16 . Memory (MB): peak = 2025.367 ; gain = 126.754
INFO: [Route 35-416] Intermediate Timing Summary | WNS=-3.478 | TNS=-2249.798| WHS=N/A    | THS=N/A    |

 Number of Nodes with overlaps = 0
Phase 6.1 Delay CleanUp | Checksum: 1466ec83f

Time (s): cpu = 00:00:21 ; elapsed = 00:00:17 . Memory (MB): peak = 2025.367 ; gain = 126.754

Phase 6.2 Clock Skew Optimization
Phase 6.2 Clock Skew Optimization | Checksum: 1466ec83f

Time (s): cpu = 00:00:21 ; elapsed = 00:00:17 . Memory (MB): peak = 2025.367 ; gain = 126.754
Phase 6 Delay and Skew Optimization | Checksum: 1466ec83f

Time (s): cpu = 00:00:21 ; elapsed = 00:00:17 . Memory (MB): peak = 2025.367 ; gain = 126.754

Phase 7 Post Hold Fix

Phase 7.1 Hold Fix Iter
INFO: [Route 35-416] Intermediate Timing Summary | WNS=-3.478 | TNS=-2219.766| WHS=0.016  | THS=0.000  |

Phase 7.1 Hold Fix Iter | Checksum: 20270c569

Time (s): cpu = 00:00:22 ; elapsed = 00:00:17 . Memory (MB): peak = 2025.367 ; gain = 126.754
Phase 7 Post Hold Fix | Checksum: 20270c569

Time (s): cpu = 00:00:22 ; elapsed = 00:00:17 . Memory (MB): peak = 2025.367 ; gain = 126.754

Phase 8 Route finalize

Router Utilization Summary
  Global Vertical Routing Utilization    = 5.36852 %
  Global Horizontal Routing Utilization  = 6.1335 %
  Routable Net Status*
  *Does not include unroutable nets such as driverless and loadless.
  Run report_route_status for detailed report.
  Number of Failed Nets               = 0
    (Failed Nets is the sum of unrouted and partially routed nets)
  Number of Unrouted Nets             = 0
  Number of Partially Routed Nets     = 0
  Number of Node Overlaps             = 0


--GLOBAL Congestion:
Utilization threshold used for congestion level computation: 0.85
Congestion Report
North Dir 1x1 Area, Max Cong = 70.2703%, No Congested Regions.
South Dir 1x1 Area, Max Cong = 54.0541%, No Congested Regions.
East Dir 1x1 Area, Max Cong = 60.2941%, No Congested Regions.
West Dir 1x1 Area, Max Cong = 70.5882%, No Congested Regions.

------------------------------
Reporting congestion hotspots
------------------------------
Direction: North
----------------
Congested clusters found at Level 0
Effective congestion level: 0 Aspect Ratio: 1 Sparse Ratio: 0
Direction: South
----------------
Congested clusters found at Level 0
Effective congestion level: 0 Aspect Ratio: 1 Sparse Ratio: 0
Direction: East
----------------
Congested clusters found at Level 0
Effective congestion level: 0 Aspect Ratio: 1 Sparse Ratio: 0
Direction: West
----------------
Congested clusters found at Level 0
Effective congestion level: 0 Aspect Ratio: 1 Sparse Ratio: 0

Phase 8 Route finalize | Checksum: 20270c569

Time (s): cpu = 00:00:22 ; elapsed = 00:00:17 . Memory (MB): peak = 2025.367 ; gain = 126.754

Phase 9 Verifying routed nets

 Verification completed successfully
Phase 9 Verifying routed nets | Checksum: 20270c569

Time (s): cpu = 00:00:22 ; elapsed = 00:00:17 . Memory (MB): peak = 2025.367 ; gain = 126.754

Phase 10 Depositing Routes
Phase 10 Depositing Routes | Checksum: 245769c8d

Time (s): cpu = 00:00:22 ; elapsed = 00:00:18 . Memory (MB): peak = 2025.367 ; gain = 126.754

Phase 11 Post Process Routing
Phase 11 Post Process Routing | Checksum: 245769c8d

Time (s): cpu = 00:00:22 ; elapsed = 00:00:18 . Memory (MB): peak = 2025.367 ; gain = 126.754

Phase 12 Post Router Timing
INFO: [Route 35-57] Estimated Timing Summary | WNS=-3.478 | TNS=-2219.766| WHS=0.016  | THS=0.000  |

WARNING: [Route 35-328] Router estimated timing not met.
Resolution: For a complete and accurate timing signoff, report_timing_summary must be run after route_design. Alternatively, route_design can be run with the -timing_summary option to enable a complete timing signoff at the end of route_design.
Phase 12 Post Router Timing | Checksum: 245769c8d

Time (s): cpu = 00:00:22 ; elapsed = 00:00:18 . Memory (MB): peak = 2025.367 ; gain = 126.754
Total Elapsed time in route_design: 17.589 secs

Phase 13 Post-Route Event Processing
Phase 13 Post-Route Event Processing | Checksum: 13a4f6a8d

Time (s): cpu = 00:00:22 ; elapsed = 00:00:18 . Memory (MB): peak = 2025.367 ; gain = 126.754
INFO: [Route 35-16] Router Completed Successfully
Ending Routing Task | Checksum: 13a4f6a8d

Time (s): cpu = 00:00:22 ; elapsed = 00:00:18 . Memory (MB): peak = 2025.367 ; gain = 126.754

Routing Is Done.
INFO: [Common 17-83] Releasing license: Implementation
262 Infos, 3 Warnings, 0 Critical Warnings and 0 Errors encountered.
route_design completed successfully
route_design: Time (s): cpu = 00:00:23 ; elapsed = 00:00:18 . Memory (MB): peak = 2025.367 ; gain = 126.754
INFO: [Vivado 12-24828] Executing command : report_drc -file MicroBlaze_wrapper_drc_routed.rpt -pb MicroBlaze_wrapper_drc_routed.pb -rpx MicroBlaze_wrapper_drc_routed.rpx
Command: report_drc -file MicroBlaze_wrapper_drc_routed.rpt -pb MicroBlaze_wrapper_drc_routed.pb -rpx MicroBlaze_wrapper_drc_routed.rpx
INFO: [IP_Flow 19-1839] IP Catalog is up to date.
INFO: [DRC 23-27] Running DRC with 2 threads
INFO: [Vivado_Tcl 2-168] The results of DRC are in file C:/Cascade_hydrophones/WorkspaceOMDHydrophones/Hardware/HydroProccess/HydroProccess.runs/impl_1/MicroBlaze_wrapper_drc_routed.rpt.
report_drc completed successfully
INFO: [Vivado 12-24828] Executing command : report_methodology -file MicroBlaze_wrapper_methodology_drc_routed.rpt -pb MicroBlaze_wrapper_methodology_drc_routed.pb -rpx MicroBlaze_wrapper_methodology_drc_routed.rpx
Command: report_methodology -file MicroBlaze_wrapper_methodology_drc_routed.rpt -pb MicroBlaze_wrapper_methodology_drc_routed.pb -rpx MicroBlaze_wrapper_methodology_drc_routed.rpx
INFO: [Timing 38-35] Done setting XDC timing constraints.
INFO: [DRC 23-133] Running Methodology with 2 threads
INFO: [Vivado_Tcl 2-1520] The results of Report Methodology are in file C:/Cascade_hydrophones/WorkspaceOMDHydrophones/Hardware/HydroProccess/HydroProccess.runs/impl_1/MicroBlaze_wrapper_methodology_drc_routed.rpt.
report_methodology completed successfully
INFO: [Vivado 12-24828] Executing command : report_timing_summary -max_paths 10 -report_unconstrained -file MicroBlaze_wrapper_timing_summary_routed.rpt -pb MicroBlaze_wrapper_timing_summary_routed.pb -rpx MicroBlaze_wrapper_timing_summary_routed.rpx -warn_on_violation 
INFO: [Timing 38-35] Done setting XDC timing constraints.
INFO: [Timing 38-91] UpdateTimingParams: Speed grade: -1, Delay Type: min_max.
INFO: [Timing 38-191] Multithreading enabled for timing update using a maximum of 2 CPUs
CRITICAL WARNING: [Timing 38-282] The design failed to meet the timing requirements. Please see the timing summary report for details on the timing violations.
INFO: [Vivado 12-24838] Running report commands "report_incremental_reuse, report_route_status" in parallel.
Running report generation with 2 threads.
INFO: [Vivado 12-24828] Executing command : report_incremental_reuse -file MicroBlaze_wrapper_incremental_reuse_routed.rpt
INFO: [Vivado_Tcl 4-1062] Incremental flow is disabled. No incremental reuse Info to report.
INFO: [Vivado 12-24828] Executing command : report_route_status -file MicroBlaze_wrapper_route_status.rpt -pb MicroBlaze_wrapper_route_status.pb
INFO: [Vivado 12-24828] Executing command : report_power -file MicroBlaze_wrapper_power_routed.rpt -pb MicroBlaze_wrapper_power_summary_routed.pb -rpx MicroBlaze_wrapper_power_routed.rpx
Command: report_power -file MicroBlaze_wrapper_power_routed.rpt -pb MicroBlaze_wrapper_power_summary_routed.pb -rpx MicroBlaze_wrapper_power_routed.rpx
Running Vector-less Activity Propagation...

Finished Running Vector-less Activity Propagation
279 Infos, 3 Warnings, 1 Critical Warnings and 0 Errors encountered.
report_power completed successfully
INFO: [Vivado 12-24828] Executing command : report_clock_utilization -file MicroBlaze_wrapper_clock_utilization_routed.rpt
INFO: [Vivado 12-24828] Executing command : report_bus_skew -warn_on_violation -file MicroBlaze_wrapper_bus_skew_routed.rpt -pb MicroBlaze_wrapper_bus_skew_routed.pb -rpx MicroBlaze_wrapper_bus_skew_routed.rpx
INFO: [Timing 38-91] UpdateTimingParams: Speed grade: -1, Delay Type: min_max.
INFO: [Timing 38-191] Multithreading enabled for timing update using a maximum of 2 CPUs
generate_parallel_reports: Time (s): cpu = 00:00:15 ; elapsed = 00:00:08 . Memory (MB): peak = 2061.973 ; gain = 36.605
INFO: [Timing 38-480] Writing timing data to binary archive.
Write ShapeDB Complete: Time (s): cpu = 00:00:00 ; elapsed = 00:00:00.010 . Memory (MB): peak = 2083.895 ; gain = 9.062
Wrote PlaceDB: Time (s): cpu = 00:00:01 ; elapsed = 00:00:00.407 . Memory (MB): peak = 2098.445 ; gain = 23.598
Wrote PulsedLatchDB: Time (s): cpu = 00:00:00 ; elapsed = 00:00:00 . Memory (MB): peak = 2098.445 ; gain = 0.000
Writing XDEF routing.
Writing XDEF routing logical nets.
Writing XDEF routing special nets.
Wrote RouteStorage: Time (s): cpu = 00:00:00 ; elapsed = 00:00:00.061 . Memory (MB): peak = 2098.445 ; gain = 0.000
Wrote Netlist Cache: Time (s): cpu = 00:00:00 ; elapsed = 00:00:00.006 . Memory (MB): peak = 2098.445 ; gain = 0.000
Wrote Device Cache: Time (s): cpu = 00:00:00 ; elapsed = 00:00:00.007 . Memory (MB): peak = 2098.445 ; gain = 0.000
Write Physdb Complete: Time (s): cpu = 00:00:01 ; elapsed = 00:00:00.490 . Memory (MB): peak = 2098.445 ; gain = 23.598
INFO: [Common 17-1381] The checkpoint 'C:/Cascade_hydrophones/WorkspaceOMDHydrophones/Hardware/HydroProccess/HydroProccess.runs/impl_1/MicroBlaze_wrapper_routed.dcp' has been generated.
INFO: [Common 17-206] Exiting Vivado at Fri Mar 14 02:44:25 2025...

*** Running vivado
    with args -log MicroBlaze_wrapper.vdi -applog -m64 -product Vivado -messageDb vivado.pb -mode batch -source MicroBlaze_wrapper.tcl -notrace



****** Vivado v2024.2 (64-bit)
  **** SW Build 5239630 on Fri Nov 08 22:35:27 MST 2024
  **** IP Build 5239520 on Sun Nov 10 16:12:51 MST 2024
  **** SharedData Build 5239561 on Fri Nov 08 14:39:27 MST 2024
  **** Start of session at: Fri Mar 14 02:46:59 2025
    ** Copyright 1986-2022 Xilinx, Inc. All Rights Reserved.
    ** Copyright 2022-2024 Advanced Micro Devices, Inc. All Rights Reserved.

source MicroBlaze_wrapper.tcl -notrace
Command: open_checkpoint MicroBlaze_wrapper_routed.dcp
INFO: [Device 21-403] Loading part xc7z010clg400-1
Netlist sorting complete. Time (s): cpu = 00:00:00 ; elapsed = 00:00:00.126 . Memory (MB): peak = 599.234 ; gain = 0.000
INFO: [Netlist 29-17] Analyzing 735 Unisim elements for replacement
INFO: [Netlist 29-28] Unisim Transformation completed in 0 CPU seconds
INFO: [Project 1-479] Netlist was created with Vivado 2024.2
INFO: [Project 1-570] Preparing netlist for logic optimization
WARNING: [Constraints 18-550] Could not create 'IBUF_LOW_PWR' constraint because net 'MicroBlaze_i/clk_wiz_0/clk_in1' is not directly connected to top level port. 'IBUF_LOW_PWR' is ignored for synthesis but preserved for implementation.
Read ShapeDB Complete: Time (s): cpu = 00:00:00 ; elapsed = 00:00:00.014 . Memory (MB): peak = 732.863 ; gain = 1.629
INFO: [Timing 38-478] Restoring timing data from binary archive.
INFO: [Timing 38-479] Binary timing data restore complete.
INFO: [Project 1-856] Restoring constraints from binary archive.
INFO: [Project 1-853] Binary constraint restore complete.
INFO: [Designutils 20-5722] Start Reading Physical Databases.
Reading placement.
Read Netlist Cache: Time (s): cpu = 00:00:00 ; elapsed = 00:00:00.006 . Memory (MB): peak = 1332.902 ; gain = 0.000
Reading placer database...
Read Device Cache: Time (s): cpu = 00:00:00 ; elapsed = 00:00:00.011 . Memory (MB): peak = 1332.902 ; gain = 0.000
Read PlaceDB: Time (s): cpu = 00:00:00 ; elapsed = 00:00:00.264 . Memory (MB): peak = 1332.902 ; gain = 0.000
Read PulsedLatchDB: Time (s): cpu = 00:00:00 ; elapsed = 00:00:00 . Memory (MB): peak = 1332.902 ; gain = 0.000
Reading routing.
Read RouteStorage: Time (s): cpu = 00:00:01 ; elapsed = 00:00:00.066 . Memory (MB): peak = 1332.902 ; gain = 0.000
Read Physdb Files: Time (s): cpu = 00:00:01 ; elapsed = 00:00:00.357 . Memory (MB): peak = 1332.902 ; gain = 0.000
Restored from archive | CPU: 1.000000 secs | Memory: 0.000000 MB |
Finished XDEF File Restore: Time (s): cpu = 00:00:01 ; elapsed = 00:00:00.393 . Memory (MB): peak = 1332.902 ; gain = 0.000
Netlist sorting complete. Time (s): cpu = 00:00:00 ; elapsed = 00:00:00.001 . Memory (MB): peak = 1332.902 ; gain = 0.000
INFO: [Project 1-111] Unisim Transformation Summary:
No Unisim elements were transformed.

INFO: [Project 1-604] Checkpoint was created with Vivado v2024.2 (64-bit) build 5239630
WARNING: [Vivado 12-23575] Critical violations of the methodology design rules detected. Critical violations may contribute to timing failures or cause functional issues in hardware. Run report_methodology for more information.
open_checkpoint: Time (s): cpu = 00:00:09 ; elapsed = 00:00:10 . Memory (MB): peak = 1335.688 ; gain = 1035.285
Command: write_bitstream -force MicroBlaze_wrapper.bit
Attempting to get a license for feature 'Implementation' and/or device 'xc7z010'
INFO: [Common 17-349] Got license for feature 'Implementation' and/or device 'xc7z010'
Running DRC as a precondition to command write_bitstream
INFO: [IP_Flow 19-234] Refreshing IP repositories
INFO: [IP_Flow 19-1704] No user IP repositories specified
INFO: [IP_Flow 19-2313] Loaded Vivado IP repository 'C:/Xilinx/Vivado/2024.2/data/ip'.
INFO: [DRC 23-27] Running DRC with 2 threads
INFO: [Vivado 12-3199] DRC finished with 0 Errors
INFO: [Vivado 12-3200] Please refer to the DRC report (report_drc) for more information.
INFO: [Designutils 20-2272] Running write_bitstream with 2 threads.
Loading data files...
Loading site data...
Loading route data...
Processing options...
Creating bitmap...
Creating bitstream...
Writing bitstream ./MicroBlaze_wrapper.bit...
INFO: [Vivado 12-1842] Bitgen Completed Successfully.
INFO: [Project 1-1876] WebTalk data collection is mandatory when using a ULT device. To see the specific WebTalk data collected for your design, open the usage_statistics_webtalk.html or usage_statistics_webtalk.xml file in the implementation directory.
INFO: [Common 17-83] Releasing license: Implementation
23 Infos, 2 Warnings, 0 Critical Warnings and 0 Errors encountered.
write_bitstream completed successfully
write_bitstream: Time (s): cpu = 00:00:13 ; elapsed = 00:00:10 . Memory (MB): peak = 1919.312 ; gain = 583.625
INFO: [Common 17-206] Exiting Vivado at Fri Mar 14 02:47:21 2025...
