
*** Running vivado
    with args -log MicroBlaze_BlockRam_0_0.vds -m64 -product Vivado -mode batch -messageDb vivado.pb -notrace -source MicroBlaze_BlockRam_0_0.tcl



****** Vivado v2023.2 (64-bit)
  **** SW Build 4029153 on Fri Oct 13 20:14:34 MDT 2023
  **** IP Build 4028589 on Sat Oct 14 00:45:43 MDT 2023
  **** SharedData Build 4025554 on Tue Oct 10 17:18:54 MDT 2023
    ** Copyright 1986-2022 Xilinx, Inc. All Rights Reserved.
    ** Copyright 2022-2023 Advanced Micro Devices, Inc. All Rights Reserved.

source MicroBlaze_BlockRam_0_0.tcl -notrace
create_project: Time (s): cpu = 00:00:13 ; elapsed = 00:00:17 . Memory (MB): peak = 564.879 ; gain = 182.996
INFO: [IP_Flow 19-234] Refreshing IP repositories
INFO: [IP_Flow 19-1704] No user IP repositories specified
INFO: [IP_Flow 19-2313] Loaded Vivado IP repository 'C:/Xilinx/Vivado/2023.2/data/ip'.
WARNING: [IP_Flow 19-4995] The host OS only allows 260 characters in a normal path. The IP cache path is more than 80 characters. If you experience issues with IP caching, please consider changing the IP cache to a location with a shorter path. Alternately consider using the OS subst command to map part of the path to a drive letter. 
Current IP cache path is c:/Users/JamesWilliamson/Documents/GitHub/Cascade_hydrophones/WorkspaceOMDHydrophones/Hardware/HydroProccess/HydroProccess.cache/ip 
INFO: [IP_Flow 19-6924] IPCACHE: Running cache check for IP inst: MicroBlaze_BlockRam_0_0
Command: synth_design -top MicroBlaze_BlockRam_0_0 -part xc7s25csga225-1 -incremental_mode off -mode out_of_context
Starting synth_design
Attempting to get a license for feature 'Synthesis' and/or device 'xc7s25'
INFO: [Common 17-349] Got license for feature 'Synthesis' and/or device 'xc7s25'
INFO: [Device 21-403] Loading part xc7s25csga225-1
INFO: [Synth 8-7079] Multithreading enabled for synth_design using a maximum of 2 processes.
INFO: [Synth 8-7078] Launching helper process for spawning children vivado processes
INFO: [Synth 8-7075] Helper process launched with PID 15760
---------------------------------------------------------------------------------
Starting RTL Elaboration : Time (s): cpu = 00:00:13 ; elapsed = 00:00:18 . Memory (MB): peak = 1391.531 ; gain = 439.805
---------------------------------------------------------------------------------
WARNING: [Synth 8-6901] identifier 'Ram1' is used before its declaration [C:/Users/JamesWilliamson/Documents/GitHub/Cascade_hydrophones/WorkspaceOMDHydrophones/Hardware/HydroProccess/HydroProccess.srcs/sources_1/new/BlockRam.v:54]
WARNING: [Synth 8-6901] identifier 'Ram2' is used before its declaration [C:/Users/JamesWilliamson/Documents/GitHub/Cascade_hydrophones/WorkspaceOMDHydrophones/Hardware/HydroProccess/HydroProccess.srcs/sources_1/new/BlockRam.v:55]
WARNING: [Synth 8-6901] identifier 'Ram3' is used before its declaration [C:/Users/JamesWilliamson/Documents/GitHub/Cascade_hydrophones/WorkspaceOMDHydrophones/Hardware/HydroProccess/HydroProccess.srcs/sources_1/new/BlockRam.v:56]
WARNING: [Synth 8-6901] identifier 'Ram4' is used before its declaration [C:/Users/JamesWilliamson/Documents/GitHub/Cascade_hydrophones/WorkspaceOMDHydrophones/Hardware/HydroProccess/HydroProccess.srcs/sources_1/new/BlockRam.v:57]
WARNING: [Synth 8-6901] identifier 'Ram5' is used before its declaration [C:/Users/JamesWilliamson/Documents/GitHub/Cascade_hydrophones/WorkspaceOMDHydrophones/Hardware/HydroProccess/HydroProccess.srcs/sources_1/new/BlockRam.v:58]
WARNING: [Synth 8-6901] identifier 'Ram6' is used before its declaration [C:/Users/JamesWilliamson/Documents/GitHub/Cascade_hydrophones/WorkspaceOMDHydrophones/Hardware/HydroProccess/HydroProccess.srcs/sources_1/new/BlockRam.v:59]
WARNING: [Synth 8-6901] identifier 'Ram7' is used before its declaration [C:/Users/JamesWilliamson/Documents/GitHub/Cascade_hydrophones/WorkspaceOMDHydrophones/Hardware/HydroProccess/HydroProccess.srcs/sources_1/new/BlockRam.v:60]
WARNING: [Synth 8-6901] identifier 'Ram8' is used before its declaration [C:/Users/JamesWilliamson/Documents/GitHub/Cascade_hydrophones/WorkspaceOMDHydrophones/Hardware/HydroProccess/HydroProccess.srcs/sources_1/new/BlockRam.v:61]
WARNING: [Synth 8-6901] identifier 'Ram9' is used before its declaration [C:/Users/JamesWilliamson/Documents/GitHub/Cascade_hydrophones/WorkspaceOMDHydrophones/Hardware/HydroProccess/HydroProccess.srcs/sources_1/new/BlockRam.v:62]
WARNING: [Synth 8-6901] identifier 'Ram10' is used before its declaration [C:/Users/JamesWilliamson/Documents/GitHub/Cascade_hydrophones/WorkspaceOMDHydrophones/Hardware/HydroProccess/HydroProccess.srcs/sources_1/new/BlockRam.v:63]
WARNING: [Synth 8-6901] identifier 'Ram11' is used before its declaration [C:/Users/JamesWilliamson/Documents/GitHub/Cascade_hydrophones/WorkspaceOMDHydrophones/Hardware/HydroProccess/HydroProccess.srcs/sources_1/new/BlockRam.v:64]
WARNING: [Synth 8-6901] identifier 'Ram12' is used before its declaration [C:/Users/JamesWilliamson/Documents/GitHub/Cascade_hydrophones/WorkspaceOMDHydrophones/Hardware/HydroProccess/HydroProccess.srcs/sources_1/new/BlockRam.v:65]
INFO: [Synth 8-6157] synthesizing module 'MicroBlaze_BlockRam_0_0' [c:/Users/JamesWilliamson/Documents/GitHub/Cascade_hydrophones/WorkspaceOMDHydrophones/Hardware/HydroProccess/HydroProccess.gen/sources_1/bd/MicroBlaze/ip/MicroBlaze_BlockRam_0_0/synth/MicroBlaze_BlockRam_0_0.v:53]
INFO: [Synth 8-6157] synthesizing module 'BlockRam' [C:/Users/JamesWilliamson/Documents/GitHub/Cascade_hydrophones/WorkspaceOMDHydrophones/Hardware/HydroProccess/HydroProccess.srcs/sources_1/new/BlockRam.v:3]
INFO: [Synth 8-6155] done synthesizing module 'BlockRam' (0#1) [C:/Users/JamesWilliamson/Documents/GitHub/Cascade_hydrophones/WorkspaceOMDHydrophones/Hardware/HydroProccess/HydroProccess.srcs/sources_1/new/BlockRam.v:3]
INFO: [Synth 8-6155] done synthesizing module 'MicroBlaze_BlockRam_0_0' (0#1) [c:/Users/JamesWilliamson/Documents/GitHub/Cascade_hydrophones/WorkspaceOMDHydrophones/Hardware/HydroProccess/HydroProccess.gen/sources_1/bd/MicroBlaze/ip/MicroBlaze_BlockRam_0_0/synth/MicroBlaze_BlockRam_0_0.v:53]
WARNING: [Synth 8-6014] Unused sequential element Ram5_reg was removed. 
WARNING: [Synth 8-6014] Unused sequential element Ram6_reg was removed. 
WARNING: [Synth 8-6014] Unused sequential element Ram7_reg was removed. 
WARNING: [Synth 8-6014] Unused sequential element Ram8_reg was removed. 
WARNING: [Synth 8-6014] Unused sequential element Ram9_reg was removed. 
WARNING: [Synth 8-6014] Unused sequential element Ram10_reg was removed. 
WARNING: [Synth 8-6014] Unused sequential element Ram11_reg was removed. 
WARNING: [Synth 8-6014] Unused sequential element Ram12_reg was removed. 
WARNING: [Synth 8-7129] Port inWave2[11] in module BlockRam is either unconnected or has no load
WARNING: [Synth 8-7129] Port inWave2[10] in module BlockRam is either unconnected or has no load
WARNING: [Synth 8-7129] Port inWave2[9] in module BlockRam is either unconnected or has no load
WARNING: [Synth 8-7129] Port inWave2[8] in module BlockRam is either unconnected or has no load
WARNING: [Synth 8-7129] Port inWave2[7] in module BlockRam is either unconnected or has no load
WARNING: [Synth 8-7129] Port inWave2[6] in module BlockRam is either unconnected or has no load
WARNING: [Synth 8-7129] Port inWave2[5] in module BlockRam is either unconnected or has no load
WARNING: [Synth 8-7129] Port inWave2[4] in module BlockRam is either unconnected or has no load
WARNING: [Synth 8-7129] Port inWave2[3] in module BlockRam is either unconnected or has no load
WARNING: [Synth 8-7129] Port inWave2[2] in module BlockRam is either unconnected or has no load
WARNING: [Synth 8-7129] Port inWave2[1] in module BlockRam is either unconnected or has no load
WARNING: [Synth 8-7129] Port inWave2[0] in module BlockRam is either unconnected or has no load
WARNING: [Synth 8-7129] Port inWave3[11] in module BlockRam is either unconnected or has no load
WARNING: [Synth 8-7129] Port inWave3[10] in module BlockRam is either unconnected or has no load
WARNING: [Synth 8-7129] Port inWave3[9] in module BlockRam is either unconnected or has no load
WARNING: [Synth 8-7129] Port inWave3[8] in module BlockRam is either unconnected or has no load
WARNING: [Synth 8-7129] Port inWave3[7] in module BlockRam is either unconnected or has no load
WARNING: [Synth 8-7129] Port inWave3[6] in module BlockRam is either unconnected or has no load
WARNING: [Synth 8-7129] Port inWave3[5] in module BlockRam is either unconnected or has no load
WARNING: [Synth 8-7129] Port inWave3[4] in module BlockRam is either unconnected or has no load
WARNING: [Synth 8-7129] Port inWave3[3] in module BlockRam is either unconnected or has no load
WARNING: [Synth 8-7129] Port inWave3[2] in module BlockRam is either unconnected or has no load
WARNING: [Synth 8-7129] Port inWave3[1] in module BlockRam is either unconnected or has no load
WARNING: [Synth 8-7129] Port inWave3[0] in module BlockRam is either unconnected or has no load
WARNING: [Synth 8-7129] Port waveRef0Address[13] in module BlockRam is either unconnected or has no load
WARNING: [Synth 8-7129] Port waveRef0Address[12] in module BlockRam is either unconnected or has no load
WARNING: [Synth 8-7129] Port wave0Address[11] in module BlockRam is either unconnected or has no load
WARNING: [Synth 8-7129] Port wave0Address[10] in module BlockRam is either unconnected or has no load
WARNING: [Synth 8-7129] Port wave0Address[9] in module BlockRam is either unconnected or has no load
WARNING: [Synth 8-7129] Port wave0Address[8] in module BlockRam is either unconnected or has no load
WARNING: [Synth 8-7129] Port wave0Address[7] in module BlockRam is either unconnected or has no load
WARNING: [Synth 8-7129] Port wave0Address[6] in module BlockRam is either unconnected or has no load
WARNING: [Synth 8-7129] Port wave0Address[5] in module BlockRam is either unconnected or has no load
WARNING: [Synth 8-7129] Port wave0Address[4] in module BlockRam is either unconnected or has no load
WARNING: [Synth 8-7129] Port wave0Address[3] in module BlockRam is either unconnected or has no load
WARNING: [Synth 8-7129] Port wave0Address[2] in module BlockRam is either unconnected or has no load
WARNING: [Synth 8-7129] Port wave0Address[1] in module BlockRam is either unconnected or has no load
WARNING: [Synth 8-7129] Port wave0Address[0] in module BlockRam is either unconnected or has no load
WARNING: [Synth 8-7129] Port wave00Address[11] in module BlockRam is either unconnected or has no load
WARNING: [Synth 8-7129] Port wave00Address[10] in module BlockRam is either unconnected or has no load
WARNING: [Synth 8-7129] Port wave00Address[9] in module BlockRam is either unconnected or has no load
WARNING: [Synth 8-7129] Port wave00Address[8] in module BlockRam is either unconnected or has no load
WARNING: [Synth 8-7129] Port wave00Address[7] in module BlockRam is either unconnected or has no load
WARNING: [Synth 8-7129] Port wave00Address[6] in module BlockRam is either unconnected or has no load
WARNING: [Synth 8-7129] Port wave00Address[5] in module BlockRam is either unconnected or has no load
WARNING: [Synth 8-7129] Port wave00Address[4] in module BlockRam is either unconnected or has no load
WARNING: [Synth 8-7129] Port wave00Address[3] in module BlockRam is either unconnected or has no load
WARNING: [Synth 8-7129] Port wave00Address[2] in module BlockRam is either unconnected or has no load
WARNING: [Synth 8-7129] Port wave00Address[1] in module BlockRam is either unconnected or has no load
WARNING: [Synth 8-7129] Port wave00Address[0] in module BlockRam is either unconnected or has no load
WARNING: [Synth 8-7129] Port wave1Address[11] in module BlockRam is either unconnected or has no load
WARNING: [Synth 8-7129] Port wave1Address[10] in module BlockRam is either unconnected or has no load
WARNING: [Synth 8-7129] Port wave1Address[9] in module BlockRam is either unconnected or has no load
WARNING: [Synth 8-7129] Port wave1Address[8] in module BlockRam is either unconnected or has no load
WARNING: [Synth 8-7129] Port wave1Address[7] in module BlockRam is either unconnected or has no load
WARNING: [Synth 8-7129] Port wave1Address[6] in module BlockRam is either unconnected or has no load
WARNING: [Synth 8-7129] Port wave1Address[5] in module BlockRam is either unconnected or has no load
WARNING: [Synth 8-7129] Port wave1Address[4] in module BlockRam is either unconnected or has no load
WARNING: [Synth 8-7129] Port wave1Address[3] in module BlockRam is either unconnected or has no load
WARNING: [Synth 8-7129] Port wave1Address[2] in module BlockRam is either unconnected or has no load
WARNING: [Synth 8-7129] Port wave1Address[1] in module BlockRam is either unconnected or has no load
WARNING: [Synth 8-7129] Port wave1Address[0] in module BlockRam is either unconnected or has no load
WARNING: [Synth 8-7129] Port wave01Address[11] in module BlockRam is either unconnected or has no load
WARNING: [Synth 8-7129] Port wave01Address[10] in module BlockRam is either unconnected or has no load
WARNING: [Synth 8-7129] Port wave01Address[9] in module BlockRam is either unconnected or has no load
WARNING: [Synth 8-7129] Port wave01Address[8] in module BlockRam is either unconnected or has no load
WARNING: [Synth 8-7129] Port wave01Address[7] in module BlockRam is either unconnected or has no load
WARNING: [Synth 8-7129] Port wave01Address[6] in module BlockRam is either unconnected or has no load
WARNING: [Synth 8-7129] Port wave01Address[5] in module BlockRam is either unconnected or has no load
WARNING: [Synth 8-7129] Port wave01Address[4] in module BlockRam is either unconnected or has no load
WARNING: [Synth 8-7129] Port wave01Address[3] in module BlockRam is either unconnected or has no load
WARNING: [Synth 8-7129] Port wave01Address[2] in module BlockRam is either unconnected or has no load
WARNING: [Synth 8-7129] Port wave01Address[1] in module BlockRam is either unconnected or has no load
WARNING: [Synth 8-7129] Port wave01Address[0] in module BlockRam is either unconnected or has no load
WARNING: [Synth 8-7129] Port wave2Address[11] in module BlockRam is either unconnected or has no load
WARNING: [Synth 8-7129] Port wave2Address[10] in module BlockRam is either unconnected or has no load
WARNING: [Synth 8-7129] Port wave2Address[9] in module BlockRam is either unconnected or has no load
WARNING: [Synth 8-7129] Port wave2Address[8] in module BlockRam is either unconnected or has no load
WARNING: [Synth 8-7129] Port wave2Address[7] in module BlockRam is either unconnected or has no load
WARNING: [Synth 8-7129] Port wave2Address[6] in module BlockRam is either unconnected or has no load
WARNING: [Synth 8-7129] Port wave2Address[5] in module BlockRam is either unconnected or has no load
WARNING: [Synth 8-7129] Port wave2Address[4] in module BlockRam is either unconnected or has no load
WARNING: [Synth 8-7129] Port wave2Address[3] in module BlockRam is either unconnected or has no load
WARNING: [Synth 8-7129] Port wave2Address[2] in module BlockRam is either unconnected or has no load
WARNING: [Synth 8-7129] Port wave2Address[1] in module BlockRam is either unconnected or has no load
WARNING: [Synth 8-7129] Port wave2Address[0] in module BlockRam is either unconnected or has no load
WARNING: [Synth 8-7129] Port wave02Address[11] in module BlockRam is either unconnected or has no load
WARNING: [Synth 8-7129] Port wave02Address[10] in module BlockRam is either unconnected or has no load
WARNING: [Synth 8-7129] Port wave02Address[9] in module BlockRam is either unconnected or has no load
WARNING: [Synth 8-7129] Port wave02Address[8] in module BlockRam is either unconnected or has no load
WARNING: [Synth 8-7129] Port wave02Address[7] in module BlockRam is either unconnected or has no load
WARNING: [Synth 8-7129] Port wave02Address[6] in module BlockRam is either unconnected or has no load
WARNING: [Synth 8-7129] Port wave02Address[5] in module BlockRam is either unconnected or has no load
WARNING: [Synth 8-7129] Port wave02Address[4] in module BlockRam is either unconnected or has no load
WARNING: [Synth 8-7129] Port wave02Address[3] in module BlockRam is either unconnected or has no load
WARNING: [Synth 8-7129] Port wave02Address[2] in module BlockRam is either unconnected or has no load
WARNING: [Synth 8-7129] Port wave02Address[1] in module BlockRam is either unconnected or has no load
WARNING: [Synth 8-7129] Port wave02Address[0] in module BlockRam is either unconnected or has no load
WARNING: [Synth 8-7129] Port wave3Address[11] in module BlockRam is either unconnected or has no load
WARNING: [Synth 8-7129] Port wave3Address[10] in module BlockRam is either unconnected or has no load
INFO: [Common 17-14] Message 'Synth 8-7129' appears 100 times and further instances of the messages will be disabled. Use the Tcl command set_msg_config to change the current settings.
---------------------------------------------------------------------------------
Finished RTL Elaboration : Time (s): cpu = 00:00:19 ; elapsed = 00:00:25 . Memory (MB): peak = 1509.477 ; gain = 557.750
---------------------------------------------------------------------------------
---------------------------------------------------------------------------------
Start Handling Custom Attributes
---------------------------------------------------------------------------------
---------------------------------------------------------------------------------
Finished Handling Custom Attributes : Time (s): cpu = 00:00:19 ; elapsed = 00:00:25 . Memory (MB): peak = 1509.477 ; gain = 557.750
---------------------------------------------------------------------------------
---------------------------------------------------------------------------------
Finished RTL Optimization Phase 1 : Time (s): cpu = 00:00:19 ; elapsed = 00:00:25 . Memory (MB): peak = 1509.477 ; gain = 557.750
---------------------------------------------------------------------------------
Netlist sorting complete. Time (s): cpu = 00:00:00 ; elapsed = 00:00:00.021 . Memory (MB): peak = 1509.477 ; gain = 0.000
INFO: [Project 1-570] Preparing netlist for logic optimization

Processing XDC Constraints
Initializing timing engine
Completed Processing XDC Constraints

Netlist sorting complete. Time (s): cpu = 00:00:00 ; elapsed = 00:00:00 . Memory (MB): peak = 1576.512 ; gain = 0.000
INFO: [Project 1-111] Unisim Transformation Summary:
No Unisim elements were transformed.

The system cannot find the path specified.
Constraint Validation Runtime : Time (s): cpu = 00:00:00 ; elapsed = 00:00:00.073 . Memory (MB): peak = 1576.520 ; gain = 0.008
INFO: [Designutils 20-5008] Incremental synthesis strategy off
---------------------------------------------------------------------------------
Finished Constraint Validation : Time (s): cpu = 00:00:38 ; elapsed = 00:00:46 . Memory (MB): peak = 1576.520 ; gain = 624.793
---------------------------------------------------------------------------------
---------------------------------------------------------------------------------
Start Loading Part and Timing Information
---------------------------------------------------------------------------------
Loading part: xc7s25csga225-1
---------------------------------------------------------------------------------
Finished Loading Part and Timing Information : Time (s): cpu = 00:00:38 ; elapsed = 00:00:46 . Memory (MB): peak = 1576.520 ; gain = 624.793
---------------------------------------------------------------------------------
---------------------------------------------------------------------------------
Start Applying 'set_property' XDC Constraints
---------------------------------------------------------------------------------
---------------------------------------------------------------------------------
Finished applying 'set_property' XDC Constraints : Time (s): cpu = 00:00:38 ; elapsed = 00:00:46 . Memory (MB): peak = 1576.520 ; gain = 624.793
---------------------------------------------------------------------------------
INFO: [Synth 8-3971] The signal "BlockRam:/Ram1_reg" was recognized as a true dual port RAM template.
INFO: [Synth 8-3971] The signal "BlockRam:/Ram2_reg" was recognized as a true dual port RAM template.
INFO: [Synth 8-3971] The signal "BlockRam:/Ram3_reg" was recognized as a true dual port RAM template.
INFO: [Synth 8-3971] The signal "BlockRam:/Ram4_reg" was recognized as a true dual port RAM template.
---------------------------------------------------------------------------------
Finished RTL Optimization Phase 2 : Time (s): cpu = 00:00:38 ; elapsed = 00:00:47 . Memory (MB): peak = 1576.520 ; gain = 624.793
---------------------------------------------------------------------------------
---------------------------------------------------------------------------------
Start RTL Component Statistics 
---------------------------------------------------------------------------------
Detailed RTL Component Info : 
+---Registers : 
	               12 Bit    Registers := 12    
+---RAMs : 
	              29K Bit	(2502 X 12 bit)          RAMs := 4     
---------------------------------------------------------------------------------
Finished RTL Component Statistics 
---------------------------------------------------------------------------------
---------------------------------------------------------------------------------
Start Part Resource Summary
---------------------------------------------------------------------------------
Part Resources:
DSPs: 80 (col length:40)
BRAMs: 90 (col length: RAMB18 40 RAMB36 20)
---------------------------------------------------------------------------------
Finished Part Resource Summary
---------------------------------------------------------------------------------
---------------------------------------------------------------------------------
Start Cross Boundary and Area Optimization
---------------------------------------------------------------------------------
WARNING: [Synth 8-7080] Parallel synthesis criteria is not met
INFO: [Synth 8-3971] The signal "MicroBlaze_BlockRam_0_0/inst/Ram1_reg" was recognized as a true dual port RAM template.
INFO: [Synth 8-3971] The signal "MicroBlaze_BlockRam_0_0/inst/Ram2_reg" was recognized as a true dual port RAM template.
INFO: [Synth 8-3971] The signal "MicroBlaze_BlockRam_0_0/inst/Ram3_reg" was recognized as a true dual port RAM template.
INFO: [Synth 8-3971] The signal "MicroBlaze_BlockRam_0_0/inst/Ram4_reg" was recognized as a true dual port RAM template.
---------------------------------------------------------------------------------
Finished Cross Boundary and Area Optimization : Time (s): cpu = 00:00:43 ; elapsed = 00:00:54 . Memory (MB): peak = 1576.520 ; gain = 624.793
---------------------------------------------------------------------------------
---------------------------------------------------------------------------------
Start ROM, RAM, DSP, Shift Register and Retiming Reporting
---------------------------------------------------------------------------------

Block RAM: Preliminary Mapping Report (see note below)
-------NONE-------
Note: The table above is a preliminary report that shows the Block RAMs at the current stage of the synthesis flow. Some Block RAMs may be reimplemented as non Block RAM primitives later in the synthesis flow. Multiple instantiated Block RAMs are reported only once. 
---------------------------------------------------------------------------------
Finished ROM, RAM, DSP, Shift Register and Retiming Reporting
---------------------------------------------------------------------------------
---------------------------------------------------------------------------------
Start Applying XDC Timing Constraints
---------------------------------------------------------------------------------
---------------------------------------------------------------------------------
Finished Applying XDC Timing Constraints : Time (s): cpu = 00:00:58 ; elapsed = 00:01:13 . Memory (MB): peak = 1576.520 ; gain = 624.793
---------------------------------------------------------------------------------
---------------------------------------------------------------------------------
Start Timing Optimization
---------------------------------------------------------------------------------
---------------------------------------------------------------------------------
Finished Timing Optimization : Time (s): cpu = 00:00:58 ; elapsed = 00:01:13 . Memory (MB): peak = 1576.520 ; gain = 624.793
---------------------------------------------------------------------------------
---------------------------------------------------------------------------------
Start ROM, RAM, DSP, Shift Register and Retiming Reporting
---------------------------------------------------------------------------------

Block RAM: Final Mapping Report
-------NONE-------
---------------------------------------------------------------------------------
Finished ROM, RAM, DSP, Shift Register and Retiming Reporting
---------------------------------------------------------------------------------
---------------------------------------------------------------------------------
Start Technology Mapping
---------------------------------------------------------------------------------
INFO: [Synth 8-7052] The timing for the instance inst/Ram1_reg_1_0 (implemented as a Block RAM) might be sub-optimal as no optional output register could be merged into the ram block. Providing additional output register may help in improving timing.
INFO: [Synth 8-7052] The timing for the instance inst/Ram1_reg_1_1 (implemented as a Block RAM) might be sub-optimal as no optional output register could be merged into the ram block. Providing additional output register may help in improving timing.
INFO: [Synth 8-7052] The timing for the instance inst/Ram1_reg_2_0 (implemented as a Block RAM) might be sub-optimal as no optional output register could be merged into the ram block. Providing additional output register may help in improving timing.
INFO: [Synth 8-7052] The timing for the instance inst/Ram1_reg_2_1 (implemented as a Block RAM) might be sub-optimal as no optional output register could be merged into the ram block. Providing additional output register may help in improving timing.
INFO: [Synth 8-7052] The timing for the instance inst/Ram1_reg_3_0 (implemented as a Block RAM) might be sub-optimal as no optional output register could be merged into the ram block. Providing additional output register may help in improving timing.
INFO: [Synth 8-7052] The timing for the instance inst/Ram1_reg_3_1 (implemented as a Block RAM) might be sub-optimal as no optional output register could be merged into the ram block. Providing additional output register may help in improving timing.
INFO: [Synth 8-7052] The timing for the instance inst/Ram2_reg_1_0 (implemented as a Block RAM) might be sub-optimal as no optional output register could be merged into the ram block. Providing additional output register may help in improving timing.
INFO: [Synth 8-7052] The timing for the instance inst/Ram2_reg_1_1 (implemented as a Block RAM) might be sub-optimal as no optional output register could be merged into the ram block. Providing additional output register may help in improving timing.
INFO: [Synth 8-7052] The timing for the instance inst/Ram2_reg_2_0 (implemented as a Block RAM) might be sub-optimal as no optional output register could be merged into the ram block. Providing additional output register may help in improving timing.
INFO: [Synth 8-7052] The timing for the instance inst/Ram2_reg_2_1 (implemented as a Block RAM) might be sub-optimal as no optional output register could be merged into the ram block. Providing additional output register may help in improving timing.
INFO: [Synth 8-7052] The timing for the instance inst/Ram2_reg_3_0 (implemented as a Block RAM) might be sub-optimal as no optional output register could be merged into the ram block. Providing additional output register may help in improving timing.
INFO: [Synth 8-7052] The timing for the instance inst/Ram2_reg_3_1 (implemented as a Block RAM) might be sub-optimal as no optional output register could be merged into the ram block. Providing additional output register may help in improving timing.
INFO: [Synth 8-7052] The timing for the instance inst/Ram3_reg_1_0 (implemented as a Block RAM) might be sub-optimal as no optional output register could be merged into the ram block. Providing additional output register may help in improving timing.
INFO: [Synth 8-7052] The timing for the instance inst/Ram3_reg_1_1 (implemented as a Block RAM) might be sub-optimal as no optional output register could be merged into the ram block. Providing additional output register may help in improving timing.
INFO: [Synth 8-7052] The timing for the instance inst/Ram3_reg_2_0 (implemented as a Block RAM) might be sub-optimal as no optional output register could be merged into the ram block. Providing additional output register may help in improving timing.
INFO: [Synth 8-7052] The timing for the instance inst/Ram3_reg_2_1 (implemented as a Block RAM) might be sub-optimal as no optional output register could be merged into the ram block. Providing additional output register may help in improving timing.
INFO: [Synth 8-7052] The timing for the instance inst/Ram3_reg_3_0 (implemented as a Block RAM) might be sub-optimal as no optional output register could be merged into the ram block. Providing additional output register may help in improving timing.
INFO: [Synth 8-7052] The timing for the instance inst/Ram3_reg_3_1 (implemented as a Block RAM) might be sub-optimal as no optional output register could be merged into the ram block. Providing additional output register may help in improving timing.
INFO: [Synth 8-7052] The timing for the instance inst/Ram4_reg_1_0 (implemented as a Block RAM) might be sub-optimal as no optional output register could be merged into the ram block. Providing additional output register may help in improving timing.
INFO: [Synth 8-7052] The timing for the instance inst/Ram4_reg_1_1 (implemented as a Block RAM) might be sub-optimal as no optional output register could be merged into the ram block. Providing additional output register may help in improving timing.
INFO: [Synth 8-7052] The timing for the instance inst/Ram4_reg_2_0 (implemented as a Block RAM) might be sub-optimal as no optional output register could be merged into the ram block. Providing additional output register may help in improving timing.
INFO: [Synth 8-7052] The timing for the instance inst/Ram4_reg_2_1 (implemented as a Block RAM) might be sub-optimal as no optional output register could be merged into the ram block. Providing additional output register may help in improving timing.
INFO: [Synth 8-7052] The timing for the instance inst/Ram4_reg_3_0 (implemented as a Block RAM) might be sub-optimal as no optional output register could be merged into the ram block. Providing additional output register may help in improving timing.
INFO: [Synth 8-7052] The timing for the instance inst/Ram4_reg_3_1 (implemented as a Block RAM) might be sub-optimal as no optional output register could be merged into the ram block. Providing additional output register may help in improving timing.
---------------------------------------------------------------------------------
Finished Technology Mapping : Time (s): cpu = 00:00:58 ; elapsed = 00:01:13 . Memory (MB): peak = 1576.520 ; gain = 624.793
---------------------------------------------------------------------------------
---------------------------------------------------------------------------------
Start IO Insertion
---------------------------------------------------------------------------------
---------------------------------------------------------------------------------
Start Flattening Before IO Insertion
---------------------------------------------------------------------------------
---------------------------------------------------------------------------------
Finished Flattening Before IO Insertion
---------------------------------------------------------------------------------
---------------------------------------------------------------------------------
Start Final Netlist Cleanup
---------------------------------------------------------------------------------
---------------------------------------------------------------------------------
Finished Final Netlist Cleanup
---------------------------------------------------------------------------------
---------------------------------------------------------------------------------
Finished IO Insertion : Time (s): cpu = 00:01:10 ; elapsed = 00:01:28 . Memory (MB): peak = 1576.520 ; gain = 624.793
---------------------------------------------------------------------------------
---------------------------------------------------------------------------------
Start Renaming Generated Instances
---------------------------------------------------------------------------------
---------------------------------------------------------------------------------
Finished Renaming Generated Instances : Time (s): cpu = 00:01:10 ; elapsed = 00:01:28 . Memory (MB): peak = 1576.520 ; gain = 624.793
---------------------------------------------------------------------------------
---------------------------------------------------------------------------------
Start Rebuilding User Hierarchy
---------------------------------------------------------------------------------
---------------------------------------------------------------------------------
Finished Rebuilding User Hierarchy : Time (s): cpu = 00:01:11 ; elapsed = 00:01:28 . Memory (MB): peak = 1576.520 ; gain = 624.793
---------------------------------------------------------------------------------
---------------------------------------------------------------------------------
Start Renaming Generated Ports
---------------------------------------------------------------------------------
---------------------------------------------------------------------------------
Finished Renaming Generated Ports : Time (s): cpu = 00:01:11 ; elapsed = 00:01:28 . Memory (MB): peak = 1576.520 ; gain = 624.793
---------------------------------------------------------------------------------
---------------------------------------------------------------------------------
Start Handling Custom Attributes
---------------------------------------------------------------------------------
---------------------------------------------------------------------------------
Finished Handling Custom Attributes : Time (s): cpu = 00:01:11 ; elapsed = 00:01:28 . Memory (MB): peak = 1576.520 ; gain = 624.793
---------------------------------------------------------------------------------
---------------------------------------------------------------------------------
Start Renaming Generated Nets
---------------------------------------------------------------------------------
---------------------------------------------------------------------------------
Finished Renaming Generated Nets : Time (s): cpu = 00:01:11 ; elapsed = 00:01:28 . Memory (MB): peak = 1576.520 ; gain = 624.793
---------------------------------------------------------------------------------
---------------------------------------------------------------------------------
Start Writing Synthesis Report
---------------------------------------------------------------------------------

Report BlackBoxes: 
+-+--------------+----------+
| |BlackBox name |Instances |
+-+--------------+----------+
+-+--------------+----------+

Report Cell Usage: 
+------+---------+------+
|      |Cell     |Count |
+------+---------+------+
|1     |LUT1     |     2|
|2     |RAMB18E1 |    12|
|3     |RAMB36E1 |    12|
+------+---------+------+
---------------------------------------------------------------------------------
Finished Writing Synthesis Report : Time (s): cpu = 00:01:11 ; elapsed = 00:01:28 . Memory (MB): peak = 1576.520 ; gain = 624.793
---------------------------------------------------------------------------------
Synthesis finished with 0 errors, 0 critical warnings and 123 warnings.
Synthesis Optimization Runtime : Time (s): cpu = 00:00:48 ; elapsed = 00:01:24 . Memory (MB): peak = 1576.520 ; gain = 557.750
Synthesis Optimization Complete : Time (s): cpu = 00:01:11 ; elapsed = 00:01:28 . Memory (MB): peak = 1576.520 ; gain = 624.793
INFO: [Project 1-571] Translating synthesized netlist
Netlist sorting complete. Time (s): cpu = 00:00:00 ; elapsed = 00:00:00.021 . Memory (MB): peak = 1576.520 ; gain = 0.000
INFO: [Netlist 29-17] Analyzing 24 Unisim elements for replacement
INFO: [Netlist 29-28] Unisim Transformation completed in 0 CPU seconds
INFO: [Project 1-570] Preparing netlist for logic optimization
INFO: [Opt 31-138] Pushed 2 inverter(s) to 48 load pin(s).
Netlist sorting complete. Time (s): cpu = 00:00:00 ; elapsed = 00:00:00 . Memory (MB): peak = 1576.520 ; gain = 0.000
INFO: [Project 1-111] Unisim Transformation Summary:
No Unisim elements were transformed.

The system cannot find the path specified.
Synth Design complete | Checksum: dd9f4dea
INFO: [Common 17-83] Releasing license: Synthesis
56 Infos, 122 Warnings, 0 Critical Warnings and 0 Errors encountered.
synth_design completed successfully
synth_design: Time (s): cpu = 00:01:20 ; elapsed = 00:01:45 . Memory (MB): peak = 1576.520 ; gain = 1001.680
INFO: [Common 17-1381] The checkpoint 'C:/Users/JamesWilliamson/Documents/GitHub/Cascade_hydrophones/WorkspaceOMDHydrophones/Hardware/HydroProccess/HydroProccess.runs/MicroBlaze_BlockRam_0_0_synth_1/MicroBlaze_BlockRam_0_0.dcp' has been generated.
INFO: [Coretcl 2-1648] Added synthesis output to IP cache for IP MicroBlaze_BlockRam_0_0, cache-ID = 30ef7d84523522ea
INFO: [Common 17-1381] The checkpoint 'C:/Users/JamesWilliamson/Documents/GitHub/Cascade_hydrophones/WorkspaceOMDHydrophones/Hardware/HydroProccess/HydroProccess.runs/MicroBlaze_BlockRam_0_0_synth_1/MicroBlaze_BlockRam_0_0.dcp' has been generated.
INFO: [runtcl-4] Executing : report_utilization -file MicroBlaze_BlockRam_0_0_utilization_synth.rpt -pb MicroBlaze_BlockRam_0_0_utilization_synth.pb
INFO: [Common 17-206] Exiting Vivado at Sat Sep 21 21:07:06 2024...
