Time resolution is 1 ps
Time = 0, wave =   508
Time = 1000000, wave =   985
Time = 0, wave =   508
Time = 1000000, wave =   985
Time = 2000000, wave =  1400
Time = 3000000, wave =  1727
Time = 4000000, wave =  1946
Time = 5000000, wave =  2042
Time = 6000000, wave =  2011
Time = 7000000, wave =  1853
Time = 8000000, wave =  1578
Time = 9000000, wave =  1205
Time = 10000000, wave =   756
Time = 11000000, wave =   259
Time = 12000000, wave =  -254
Time = 13000000, wave =  -751
Time = 14000000, wave = -1201
Time = 15000000, wave = -1575
Time = 16000000, wave = -1851
Time = 17000000, wave = -2010
Time = 18000000, wave = -2044
Time = 19000000, wave = -1949
Time = 20000000, wave = -1732
Time = 21000000, wave = -1406
Time = 22000000, wave =  -992
Time = 23000000, wave =  -516
Time = 24000000, wave =    -7
Time = 25000000, wave =     0
Time = 26000000, wave =   508
Time = 27000000, wave =   985
Time = 28000000, wave =  1400
Time = 29000000, wave =  1727
Time = 30000000, wave =  1946
Time = 31000000, wave =  2042
Time = 32000000, wave =  2011
Time = 33000000, wave =  1853
Time = 34000000, wave =  1578
Time = 35000000, wave =  1205
Time = 36000000, wave =   756
Time = 37000000, wave =   259
Time = 38000000, wave =  -254
Time = 39000000, wave =  -751
Time = 40000000, wave = -1201
Time = 41000000, wave = -1575
Time = 42000000, wave = -1851
Time = 43000000, wave = -2010
Time = 44000000, wave = -2044
Time = 45000000, wave = -1949
Time = 46000000, wave = -1732
Time = 47000000, wave = -1406
Time = 48000000, wave =  -992
Time = 49000000, wave =  -516
Time = 50000000, wave =    -7
Time = 51000000, wave =     0
Time = 52000000, wave =   508
Time = 53000000, wave =   985
Time = 54000000, wave =  1400
Time = 55000000, wave =  1727
Time = 56000000, wave =  1946
Time = 57000000, wave =  2042
Time = 58000000, wave =  2011
Time = 59000000, wave =  1853
Time = 60000000, wave =  1578
Time = 61000000, wave =  1205
Time = 62000000, wave =   756
Time = 63000000, wave =   259
Time = 64000000, wave =  -254
Time = 65000000, wave =  -751
Time = 66000000, wave = -1201
Time = 67000000, wave = -1575
Time = 68000000, wave = -1851
Time = 69000000, wave = -2010
Time = 70000000, wave = -2044
Time = 71000000, wave = -1949
Time = 72000000, wave = -1732
Time = 73000000, wave = -1406
Time = 74000000, wave =  -992
Time = 75000000, wave =  -516
Time = 76000000, wave =    -7
Time = 77000000, wave =     0
Time = 78000000, wave =   508
Time = 79000000, wave =   985
Time = 80000000, wave =  1400
Time = 81000000, wave =  1727
Time = 82000000, wave =  1946
Time = 83000000, wave =  2042
Time = 84000000, wave =  2011
Time = 85000000, wave =  1853
Time = 86000000, wave =  1578
Time = 87000000, wave =  1205
Time = 88000000, wave =   756
Time = 89000000, wave =   259
Time = 90000000, wave =  -254
Time = 91000000, wave =  -751
Time = 92000000, wave = -1201
Time = 93000000, wave = -1575
Time = 94000000, wave = -1851
Time = 95000000, wave = -2010
Time = 96000000, wave = -2044
Time = 97000000, wave = -1949
Time = 98000000, wave = -1732
Time = 99000000, wave = -1406
Time = 100000000, wave =  -992
Time = 101000000, wave =  -516
Time = 102000000, wave =    -7
Time = 103000000, wave =     0
Time = 104000000, wave =   508
Time = 105000000, wave =   985
Time = 106000000, wave =  1400
Time = 107000000, wave =  1727
Time = 108000000, wave =  1946
Time = 109000000, wave =  2042
Time = 110000000, wave =  2011
Time = 111000000, wave =  1853
Time = 112000000, wave =  1578
Time = 113000000, wave =  1205
Time = 114000000, wave =   756
Time = 115000000, wave =   259
Time = 116000000, wave =  -254
Time = 117000000, wave =  -751
Time = 118000000, wave = -1201
Time = 119000000, wave = -1575
Time = 120000000, wave = -1851
Time = 121000000, wave = -2010
Time = 122000000, wave = -2044
Time = 123000000, wave = -1949
Time = 124000000, wave = -1732
Time = 125000000, wave = -1406
Time = 126000000, wave =  -992
Time = 127000000, wave =  -516
Time = 128000000, wave =    -7
Time = 129000000, wave =     0
Time = 130000000, wave =   508
Time = 131000000, wave =   985
Time = 132000000, wave =  1400
Time = 133000000, wave =  1727
Time = 134000000, wave =  1946
Time = 135000000, wave =  2042
Time = 136000000, wave =  2011
Time = 137000000, wave =  1853
Time = 138000000, wave =  1578
Time = 139000000, wave =  1205
Time = 140000000, wave =   756
Time = 141000000, wave =   259
Time = 142000000, wave =  -254
Time = 143000000, wave =  -751
Time = 144000000, wave = -1201
Time = 145000000, wave = -1575
Time = 146000000, wave = -1851
Time = 147000000, wave = -2010
Time = 148000000, wave = -2044
Time = 149000000, wave = -1949
Time = 150000000, wave = -1732
Time = 151000000, wave = -1406
Time = 152000000, wave =  -992
Time = 153000000, wave =  -516
Time = 154000000, wave =    -7
Time = 155000000, wave =     0
Time = 156000000, wave =   508
Time = 157000000, wave =   985
Time = 158000000, wave =  1400
Time = 159000000, wave =  1727
Time = 160000000, wave =  1946
Time = 161000000, wave =  2042
Time = 162000000, wave =  2011
Time = 163000000, wave =  1853
Time = 164000000, wave =  1578
Time = 165000000, wave =  1205
Time = 166000000, wave =   756
Time = 167000000, wave =   259
Time = 168000000, wave =  -254
Time = 169000000, wave =  -751
Time = 170000000, wave = -1201
Time = 171000000, wave = -1575
Time = 172000000, wave = -1851
Time = 173000000, wave = -2010
Time = 174000000, wave = -2044
Time = 175000000, wave = -1949
Time = 176000000, wave = -1732
Time = 177000000, wave = -1406
Time = 178000000, wave =  -992
Time = 179000000, wave =  -516
Time = 180000000, wave =    -7
Time = 181000000, wave =     0
Time = 182000000, wave =   508
Time = 183000000, wave =   985
Time = 184000000, wave =  1400
Time = 185000000, wave =  1727
Time = 186000000, wave =  1946
Time = 187000000, wave =  2042
Time = 188000000, wave =  2011
Time = 189000000, wave =  1853
Time = 190000000, wave =  1578
Time = 191000000, wave =  1205
Time = 192000000, wave =   756
Time = 193000000, wave =   259
Time = 194000000, wave =  -254
Time = 195000000, wave =  -751
Time = 196000000, wave = -1201
Time = 197000000, wave = -1575
Time = 198000000, wave = -1851
Time = 199000000, wave = -2010
Time = 200000000, wave = -2044
Time = 201000000, wave = -1949
Time = 202000000, wave = -1732
Time = 203000000, wave = -1406
Time = 204000000, wave =  -992
Time = 205000000, wave =  -516
Time = 206000000, wave =    -7
Time = 207000000, wave =     0
Time = 208000000, wave =   508
Time = 209000000, wave =   985
Time = 210000000, wave =  1400
Time = 211000000, wave =  1727
Time = 212000000, wave =  1946
Time = 213000000, wave =  2042
Time = 214000000, wave =  2011
Time = 215000000, wave =  1853
Time = 216000000, wave =  1578
Time = 217000000, wave =  1205
Time = 218000000, wave =   756
Time = 219000000, wave =   259
Time = 220000000, wave =  -254
Time = 221000000, wave =  -751
Time = 222000000, wave = -1201
Time = 223000000, wave = -1575
Time = 224000000, wave = -1851
Time = 225000000, wave = -2010
Time = 226000000, wave = -2044
Time = 227000000, wave = -1949
Time = 228000000, wave = -1732
Time = 229000000, wave = -1406
Time = 230000000, wave =  -992
Time = 231000000, wave =  -516
Time = 232000000, wave =    -7
Time = 233000000, wave =     0
Time = 234000000, wave =   508
Time = 235000000, wave =   985
Time = 236000000, wave =  1400
Time = 237000000, wave =  1727
Time = 238000000, wave =  1946
Time = 239000000, wave =  2042
Time = 240000000, wave =  2011
Time = 241000000, wave =  1853
Time = 242000000, wave =  1578
Time = 243000000, wave =  1205
Time = 244000000, wave =   756
Time = 245000000, wave =   259
Time = 246000000, wave =  -254
Time = 247000000, wave =  -751
Time = 248000000, wave = -1201
Time = 249000000, wave = -1575
Time = 250000000, wave = -1851
Time = 251000000, wave = -2010
Time = 252000000, wave = -2044
Time = 253000000, wave = -1949
Time = 254000000, wave = -1732
Time = 255000000, wave = -1406
Time = 256000000, wave =  -992
Time = 257000000, wave =  -516
Time = 258000000, wave =    -7
Time = 259000000, wave =     0
Time = 260000000, wave =   508
Time = 261000000, wave =   985
Time = 262000000, wave =  1400
Time = 263000000, wave =  1727
Time = 264000000, wave =  1946
Time = 265000000, wave =  2042
Time = 266000000, wave =  2011
Time = 267000000, wave =  1853
Time = 268000000, wave =  1578
Time = 269000000, wave =  1205
Time = 270000000, wave =   756
Time = 271000000, wave =   259
Time = 272000000, wave =  -254
Time = 273000000, wave =  -751
Time = 274000000, wave = -1201
Time = 275000000, wave = -1575
Time = 276000000, wave = -1851
Time = 277000000, wave = -2010
Time = 278000000, wave = -2044
Time = 279000000, wave = -1949
Time = 280000000, wave = -1732
Time = 281000000, wave = -1406
Time = 282000000, wave =  -992
Time = 283000000, wave =  -516
Time = 284000000, wave =    -7
Time = 285000000, wave =     0
Time = 286000000, wave =   508
Time = 287000000, wave =   985
Time = 288000000, wave =  1400
Time = 289000000, wave =  1727
Time = 290000000, wave =  1946
Time = 291000000, wave =  2042
Time = 292000000, wave =  2011
Time = 293000000, wave =  1853
Time = 294000000, wave =  1578
Time = 295000000, wave =  1205
Time = 296000000, wave =   756
Time = 297000000, wave =   259
Time = 298000000, wave =  -254
Time = 299000000, wave =  -751
Time = 300000000, wave = -1201
Time = 301000000, wave = -1575
Time = 302000000, wave = -1851
Time = 303000000, wave = -2010
Time = 304000000, wave = -2044
Time = 305000000, wave = -1949
Time = 306000000, wave = -1732
Time = 307000000, wave = -1406
Time = 308000000, wave =  -992
Time = 309000000, wave =  -516
Time = 310000000, wave =    -7
Time = 311000000, wave =     0
Time = 312000000, wave =   508
Time = 313000000, wave =   985
Time = 314000000, wave =  1400
Time = 315000000, wave =  1727
Time = 316000000, wave =  1946
Time = 317000000, wave =  2042
Time = 318000000, wave =  2011
Time = 319000000, wave =  1853
Time = 320000000, wave =  1578
Time = 321000000, wave =  1205
Time = 322000000, wave =   756
Time = 323000000, wave =   259
Time = 324000000, wave =  -254
Time = 325000000, wave =  -751
Time = 326000000, wave = -1201
Time = 327000000, wave = -1575
Time = 328000000, wave = -1851
Time = 329000000, wave = -2010
Time = 330000000, wave = -2044
Time = 331000000, wave = -1949
Time = 332000000, wave = -1732
Time = 333000000, wave = -1406
Time = 334000000, wave =  -992
Time = 335000000, wave =  -516
Time = 336000000, wave =    -7
Time = 337000000, wave =     0
Time = 338000000, wave =   508
Time = 339000000, wave =   985
Time = 340000000, wave =  1400
Time = 341000000, wave =  1727
Time = 342000000, wave =  1946
Time = 343000000, wave =  2042
Time = 344000000, wave =  2011
Time = 345000000, wave =  1853
Time = 346000000, wave =  1578
Time = 347000000, wave =  1205
Time = 348000000, wave =   756
Time = 349000000, wave =   259
Time = 350000000, wave =  -254
Time = 351000000, wave =  -751
Time = 352000000, wave = -1201
Time = 353000000, wave = -1575
Time = 354000000, wave = -1851
Time = 355000000, wave = -2010
Time = 356000000, wave = -2044
Time = 357000000, wave = -1949
Time = 358000000, wave = -1732
Time = 359000000, wave = -1406
Time = 360000000, wave =  -992
Time = 361000000, wave =  -516
Time = 362000000, wave =    -7
Time = 363000000, wave =     0
Time = 364000000, wave =   508
Time = 365000000, wave =   985
Time = 366000000, wave =  1400
Time = 367000000, wave =  1727
Time = 368000000, wave =  1946
Time = 369000000, wave =  2042
Time = 370000000, wave =  2011
Time = 371000000, wave =  1853
Time = 372000000, wave =  1578
Time = 373000000, wave =  1205
Time = 374000000, wave =   756
Time = 375000000, wave =   259
Time = 376000000, wave =  -254
Time = 377000000, wave =  -751
Time = 378000000, wave = -1201
Time = 379000000, wave = -1575
Time = 380000000, wave = -1851
Time = 381000000, wave = -2010
Time = 382000000, wave = -2044
Time = 383000000, wave = -1949
Time = 384000000, wave = -1732
Time = 385000000, wave = -1406
Time = 386000000, wave =  -992
Time = 387000000, wave =  -516
Time = 388000000, wave =    -7
Time = 389000000, wave =     0
Time = 390000000, wave =   508
Time = 391000000, wave =   985
Time = 392000000, wave =  1400
Time = 393000000, wave =  1727
Time = 394000000, wave =  1946
Time = 395000000, wave =  2042
Time = 396000000, wave =  2011
Time = 397000000, wave =  1853
Time = 398000000, wave =  1578
Time = 399000000, wave =  1205
Time = 400000000, wave =   756
Time = 401000000, wave =   259
Time = 402000000, wave =  -254
Time = 403000000, wave =  -751
Time = 404000000, wave = -1201
Time = 405000000, wave = -1575
Time = 406000000, wave = -1851
Time = 407000000, wave = -2010
Time = 408000000, wave = -2044
Time = 409000000, wave = -1949
Time = 410000000, wave = -1732
Time = 411000000, wave = -1406
Time = 412000000, wave =  -992
Time = 413000000, wave =  -516
Time = 414000000, wave =    -7
Time = 415000000, wave =     0
Time = 416000000, wave =   508
Time = 417000000, wave =   985
Time = 418000000, wave =  1400
Time = 419000000, wave =  1727
Time = 420000000, wave =  1946
Time = 421000000, wave =  2042
Time = 422000000, wave =  2011
Time = 423000000, wave =  1853
Time = 424000000, wave =  1578
Time = 425000000, wave =  1205
Time = 426000000, wave =   756
Time = 427000000, wave =   259
Time = 428000000, wave =  -254
Time = 429000000, wave =  -751
Time = 430000000, wave = -1201
Time = 431000000, wave = -1575
Time = 432000000, wave = -1851
Time = 433000000, wave = -2010
Time = 434000000, wave = -2044
Time = 435000000, wave = -1949
Time = 436000000, wave = -1732
Time = 437000000, wave = -1406
Time = 438000000, wave =  -992
Time = 439000000, wave =  -516
Time = 440000000, wave =    -7
Time = 441000000, wave =     0
Time = 442000000, wave =   508
Time = 443000000, wave =   985
Time = 444000000, wave =  1400
Time = 445000000, wave =  1727
Time = 446000000, wave =  1946
Time = 447000000, wave =  2042
Time = 448000000, wave =  2011
Time = 449000000, wave =  1853
Time = 450000000, wave =  1578
Time = 451000000, wave =  1205
Time = 452000000, wave =   756
Time = 453000000, wave =   259
Time = 454000000, wave =  -254
Time = 455000000, wave =  -751
Time = 456000000, wave = -1201
Time = 457000000, wave = -1575
Time = 458000000, wave = -1851
Time = 459000000, wave = -2010
Time = 460000000, wave = -2044
Time = 461000000, wave = -1949
Time = 462000000, wave = -1732
Time = 463000000, wave = -1406
Time = 464000000, wave =  -992
Time = 465000000, wave =  -516
Time = 466000000, wave =    -7
Time = 467000000, wave =     0
Time = 468000000, wave =   508
Time = 469000000, wave =   985
Time = 470000000, wave =  1400
Time = 471000000, wave =  1727
Time = 472000000, wave =  1946
Time = 473000000, wave =  2042
Time = 474000000, wave =  2011
Time = 475000000, wave =  1853
Time = 476000000, wave =  1578
Time = 477000000, wave =  1205
Time = 478000000, wave =   756
Time = 479000000, wave =   259
Time = 480000000, wave =  -254
Time = 481000000, wave =  -751
Time = 482000000, wave = -1201
Time = 483000000, wave = -1575
Time = 484000000, wave = -1851
Time = 485000000, wave = -2010
Time = 486000000, wave = -2044
Time = 487000000, wave = -1949
Time = 488000000, wave = -1732
Time = 489000000, wave = -1406
Time = 490000000, wave =  -992
Time = 491000000, wave =  -516
Time = 492000000, wave =    -7
Time = 493000000, wave =     0
Time = 494000000, wave =   508
Time = 495000000, wave =   985
Time = 496000000, wave =  1400
Time = 497000000, wave =  1727
Time = 498000000, wave =  1946
Time = 499000000, wave =  2042
Time = 500000000, wave =  2011
Time = 501000000, wave =  1853
Time = 502000000, wave =  1578
Time = 503000000, wave =  1205
Time = 504000000, wave =   756
Time = 505000000, wave =   259
Time = 506000000, wave =  -254
Time = 507000000, wave =  -751
Time = 508000000, wave = -1201
Time = 509000000, wave = -1575
Time = 510000000, wave = -1851
Time = 511000000, wave = -2010
Time = 512000000, wave = -2044
Time = 513000000, wave = -1949
Time = 514000000, wave = -1732
Time = 515000000, wave = -1406
Time = 516000000, wave =  -992
Time = 517000000, wave =  -516
Time = 518000000, wave =    -7
Time = 519000000, wave =     0
Time = 520000000, wave =   508
Time = 521000000, wave =   985
Time = 522000000, wave =  1400
Time = 523000000, wave =  1727
Time = 524000000, wave =  1946
Time = 525000000, wave =  2042
Time = 526000000, wave =  2011
Time = 527000000, wave =  1853
Time = 528000000, wave =  1578
Time = 529000000, wave =  1205
Time = 530000000, wave =   756
Time = 531000000, wave =   259
Time = 532000000, wave =  -254
Time = 533000000, wave =  -751
Time = 534000000, wave = -1201
Time = 535000000, wave = -1575
Time = 536000000, wave = -1851
Time = 537000000, wave = -2010
Time = 538000000, wave = -2044
Time = 539000000, wave = -1949
Time = 540000000, wave = -1732
Time = 541000000, wave = -1406
Time = 542000000, wave =  -992
Time = 543000000, wave =  -516
Time = 544000000, wave =    -7
Time = 545000000, wave =     0
Time = 546000000, wave =   508
Time = 547000000, wave =   985
Time = 548000000, wave =  1400
Time = 549000000, wave =  1727
Time = 550000000, wave =  1946
Time = 551000000, wave =  2042
Time = 552000000, wave =  2011
Time = 553000000, wave =  1853
Time = 554000000, wave =  1578
Time = 555000000, wave =  1205
Time = 556000000, wave =   756
Time = 557000000, wave =   259
Time = 558000000, wave =  -254
Time = 559000000, wave =  -751
Time = 560000000, wave = -1201
Time = 561000000, wave = -1575
Time = 562000000, wave = -1851
Time = 563000000, wave = -2010
Time = 564000000, wave = -2044
Time = 565000000, wave = -1949
Time = 566000000, wave = -1732
Time = 567000000, wave = -1406
Time = 568000000, wave =  -992
Time = 569000000, wave =  -516
Time = 570000000, wave =    -7
Time = 571000000, wave =     0
Time = 572000000, wave =   508
Time = 573000000, wave =   985
Time = 574000000, wave =  1400
Time = 575000000, wave =  1727
Time = 576000000, wave =  1946
Time = 577000000, wave =  2042
Time = 578000000, wave =  2011
Time = 579000000, wave =  1853
Time = 580000000, wave =  1578
Time = 581000000, wave =  1205
Time = 582000000, wave =   756
Time = 583000000, wave =   259
Time = 584000000, wave =  -254
Time = 585000000, wave =  -751
Time = 586000000, wave = -1201
Time = 587000000, wave = -1575
Time = 588000000, wave = -1851
Time = 589000000, wave = -2010
Time = 590000000, wave = -2044
Time = 591000000, wave = -1949
Time = 592000000, wave = -1732
Time = 593000000, wave = -1406
Time = 594000000, wave =  -992
Time = 595000000, wave =  -516
Time = 596000000, wave =    -7
Time = 597000000, wave =     0
Time = 598000000, wave =   508
Time = 599000000, wave =   985
Time = 600000000, wave =  1400
Time = 601000000, wave =  1727
Time = 602000000, wave =  1946
Time = 603000000, wave =  2042
Time = 604000000, wave =  2011
Time = 605000000, wave =  1853
Time = 606000000, wave =  1578
Time = 607000000, wave =  1205
Time = 608000000, wave =   756
Time = 609000000, wave =   259
Time = 610000000, wave =  -254
Time = 611000000, wave =  -751
Time = 612000000, wave = -1201
Time = 613000000, wave = -1575
Time = 614000000, wave = -1851
Time = 615000000, wave = -2010
Time = 616000000, wave = -2044
Time = 617000000, wave = -1949
Time = 618000000, wave = -1732
Time = 619000000, wave = -1406
Time = 620000000, wave =  -992
Time = 621000000, wave =  -516
Time = 622000000, wave =    -7
Time = 623000000, wave =     0
Time = 624000000, wave =   508
Time = 625000000, wave =   985
Time = 626000000, wave =  1400
Time = 627000000, wave =  1727
Time = 628000000, wave =  1946
Time = 629000000, wave =  2042
Time = 630000000, wave =  2011
Time = 631000000, wave =  1853
Time = 632000000, wave =  1578
Time = 633000000, wave =  1205
Time = 634000000, wave =   756
Time = 635000000, wave =   259
Time = 636000000, wave =  -254
Time = 637000000, wave =  -751
Time = 638000000, wave = -1201
Time = 639000000, wave = -1575
Time = 640000000, wave = -1851
Time = 641000000, wave = -2010
Time = 642000000, wave = -2044
Time = 643000000, wave = -1949
Time = 644000000, wave = -1732
Time = 645000000, wave = -1406
Time = 646000000, wave =  -992
Time = 647000000, wave =  -516
Time = 648000000, wave =    -7
Time = 649000000, wave =     0
Time = 650000000, wave =   508
Time = 651000000, wave =   985
Time = 652000000, wave =  1400
Time = 653000000, wave =  1727
Time = 654000000, wave =  1946
Time = 655000000, wave =  2042
Time = 656000000, wave =  2011
Time = 657000000, wave =  1853
Time = 658000000, wave =  1578
Time = 659000000, wave =  1205
Time = 660000000, wave =   756
Time = 661000000, wave =   259
Time = 662000000, wave =  -254
Time = 663000000, wave =  -751
Time = 664000000, wave = -1201
Time = 665000000, wave = -1575
Time = 666000000, wave = -1851
Time = 667000000, wave = -2010
Time = 668000000, wave = -2044
Time = 669000000, wave = -1949
Time = 670000000, wave = -1732
Time = 671000000, wave = -1406
Time = 672000000, wave =  -992
Time = 673000000, wave =  -516
Time = 674000000, wave =    -7
Time = 675000000, wave =     0
Time = 676000000, wave =   508
Time = 677000000, wave =   985
Time = 678000000, wave =  1400
Time = 679000000, wave =  1727
Time = 680000000, wave =  1946
Time = 681000000, wave =  2042
Time = 682000000, wave =  2011
Time = 683000000, wave =  1853
Time = 684000000, wave =  1578
Time = 685000000, wave =  1205
Time = 686000000, wave =   756
Time = 687000000, wave =   259
Time = 688000000, wave =  -254
Time = 689000000, wave =  -751
Time = 690000000, wave = -1201
Time = 691000000, wave = -1575
Time = 692000000, wave = -1851
Time = 693000000, wave = -2010
Time = 694000000, wave = -2044
Time = 695000000, wave = -1949
Time = 696000000, wave = -1732
Time = 697000000, wave = -1406
Time = 698000000, wave =  -992
Time = 699000000, wave =  -516
Time = 700000000, wave =    -7
Time = 701000000, wave =     0
Time = 702000000, wave =   508
Time = 703000000, wave =   985
Time = 704000000, wave =  1400
Time = 705000000, wave =  1727
Time = 706000000, wave =  1946
Time = 707000000, wave =  2042
Time = 708000000, wave =  2011
Time = 709000000, wave =  1853
Time = 710000000, wave =  1578
Time = 711000000, wave =  1205
Time = 712000000, wave =   756
Time = 713000000, wave =   259
Time = 714000000, wave =  -254
Time = 715000000, wave =  -751
Time = 716000000, wave = -1201
Time = 717000000, wave = -1575
Time = 718000000, wave = -1851
Time = 719000000, wave = -2010
Time = 720000000, wave = -2044
Time = 721000000, wave = -1949
Time = 722000000, wave = -1732
Time = 723000000, wave = -1406
Time = 724000000, wave =  -992
Time = 725000000, wave =  -516
Time = 726000000, wave =    -7
Time = 727000000, wave =     0
Time = 728000000, wave =   508
Time = 729000000, wave =   985
Time = 730000000, wave =  1400
Time = 731000000, wave =  1727
Time = 732000000, wave =  1946
Time = 733000000, wave =  2042
Time = 734000000, wave =  2011
Time = 735000000, wave =  1853
Time = 736000000, wave =  1578
Time = 737000000, wave =  1205
Time = 738000000, wave =   756
Time = 739000000, wave =   259
Time = 740000000, wave =  -254
Time = 741000000, wave =  -751
Time = 742000000, wave = -1201
Time = 743000000, wave = -1575
Time = 744000000, wave = -1851
Time = 745000000, wave = -2010
Time = 746000000, wave = -2044
Time = 747000000, wave = -1949
Time = 748000000, wave = -1732
Time = 749000000, wave = -1406
Time = 750000000, wave =  -992
Time = 751000000, wave =  -516
Time = 752000000, wave =    -7
Time = 753000000, wave =     0
Time = 754000000, wave =   508
Time = 755000000, wave =   985
Time = 756000000, wave =  1400
Time = 757000000, wave =  1727
Time = 758000000, wave =  1946
Time = 759000000, wave =  2042
Time = 760000000, wave =  2011
Time = 761000000, wave =  1853
Time = 762000000, wave =  1578
Time = 763000000, wave =  1205
Time = 764000000, wave =   756
Time = 765000000, wave =   259
Time = 766000000, wave =  -254
Time = 767000000, wave =  -751
Time = 768000000, wave = -1201
Time = 769000000, wave = -1575
Time = 770000000, wave = -1851
Time = 771000000, wave = -2010
Time = 772000000, wave = -2044
Time = 773000000, wave = -1949
Time = 774000000, wave = -1732
Time = 775000000, wave = -1406
Time = 776000000, wave =  -992
Time = 777000000, wave =  -516
Time = 778000000, wave =    -7
Time = 779000000, wave =     0
Time = 780000000, wave =   508
Time = 781000000, wave =   985
Time = 782000000, wave =  1400
Time = 783000000, wave =  1727
Time = 784000000, wave =  1946
Time = 785000000, wave =  2042
Time = 786000000, wave =  2011
Time = 787000000, wave =  1853
Time = 788000000, wave =  1578
Time = 789000000, wave =  1205
Time = 790000000, wave =   756
Time = 791000000, wave =   259
Time = 792000000, wave =  -254
Time = 793000000, wave =  -751
Time = 794000000, wave = -1201
Time = 795000000, wave = -1575
Time = 796000000, wave = -1851
Time = 797000000, wave = -2010
Time = 798000000, wave = -2044
Time = 799000000, wave = -1949
Time = 800000000, wave = -1732
Time = 801000000, wave = -1406
Time = 802000000, wave =  -992
Time = 803000000, wave =  -516
Time = 804000000, wave =    -7
Time = 805000000, wave =     0
Time = 806000000, wave =   508
Time = 807000000, wave =   985
Time = 808000000, wave =  1400
Time = 809000000, wave =  1727
Time = 810000000, wave =  1946
Time = 811000000, wave =  2042
Time = 812000000, wave =  2011
Time = 813000000, wave =  1853
Time = 814000000, wave =  1578
Time = 815000000, wave =  1205
Time = 816000000, wave =   756
Time = 817000000, wave =   259
Time = 818000000, wave =  -254
Time = 819000000, wave =  -751
Time = 820000000, wave = -1201
Time = 821000000, wave = -1575
Time = 822000000, wave = -1851
Time = 823000000, wave = -2010
Time = 824000000, wave = -2044
Time = 825000000, wave = -1949
Time = 826000000, wave = -1732
Time = 827000000, wave = -1406
Time = 828000000, wave =  -992
Time = 829000000, wave =  -516
Time = 830000000, wave =    -7
Time = 831000000, wave =     0
Time = 832000000, wave =   508
Time = 833000000, wave =   985
Time = 834000000, wave =  1400
Time = 835000000, wave =  1727
Time = 836000000, wave =  1946
Time = 837000000, wave =  2042
Time = 838000000, wave =  2011
Time = 839000000, wave =  1853
Time = 840000000, wave =  1578
Time = 841000000, wave =  1205
Time = 842000000, wave =   756
Time = 843000000, wave =   259
Time = 844000000, wave =  -254
Time = 845000000, wave =  -751
Time = 846000000, wave = -1201
Time = 847000000, wave = -1575
Time = 848000000, wave = -1851
Time = 849000000, wave = -2010
Time = 850000000, wave = -2044
Time = 851000000, wave = -1949
Time = 852000000, wave = -1732
Time = 853000000, wave = -1406
Time = 854000000, wave =  -992
Time = 855000000, wave =  -516
Time = 856000000, wave =    -7
Time = 857000000, wave =     0
Time = 858000000, wave =   508
Time = 859000000, wave =   985
Time = 860000000, wave =  1400
Time = 861000000, wave =  1727
Time = 862000000, wave =  1946
Time = 863000000, wave =  2042
Time = 864000000, wave =  2011
Time = 865000000, wave =  1853
Time = 866000000, wave =  1578
Time = 867000000, wave =  1205
Time = 868000000, wave =   756
Time = 869000000, wave =   259
Time = 870000000, wave =  -254
Time = 871000000, wave =  -751
Time = 872000000, wave = -1201
Time = 873000000, wave = -1575
Time = 874000000, wave = -1851
Time = 875000000, wave = -2010
Time = 876000000, wave = -2044
Time = 877000000, wave = -1949
Time = 878000000, wave = -1732
Time = 879000000, wave = -1406
Time = 880000000, wave =  -992
Time = 881000000, wave =  -516
Time = 882000000, wave =    -7
Time = 883000000, wave =     0
Time = 884000000, wave =   508
Time = 885000000, wave =   985
Time = 886000000, wave =  1400
Time = 887000000, wave =  1727
Time = 888000000, wave =  1946
Time = 889000000, wave =  2042
Time = 890000000, wave =  2011
Time = 891000000, wave =  1853
Time = 892000000, wave =  1578
Time = 893000000, wave =  1205
Time = 894000000, wave =   756
Time = 895000000, wave =   259
Time = 896000000, wave =  -254
Time = 897000000, wave =  -751
Time = 898000000, wave = -1201
Time = 899000000, wave = -1575
Time = 900000000, wave = -1851
Time = 901000000, wave = -2010
Time = 902000000, wave = -2044
Time = 903000000, wave = -1949
Time = 904000000, wave = -1732
Time = 905000000, wave = -1406
Time = 906000000, wave =  -992
Time = 907000000, wave =  -516
Time = 908000000, wave =    -7
Time = 909000000, wave =     0
Time = 910000000, wave =   508
Time = 911000000, wave =   985
Time = 912000000, wave =  1400
Time = 913000000, wave =  1727
Time = 914000000, wave =  1946
Time = 915000000, wave =  2042
Time = 916000000, wave =  2011
Time = 917000000, wave =  1853
Time = 918000000, wave =  1578
Time = 919000000, wave =  1205
Time = 920000000, wave =   756
Time = 921000000, wave =   259
Time = 922000000, wave =  -254
Time = 923000000, wave =  -751
Time = 924000000, wave = -1201
Time = 925000000, wave = -1575
Time = 926000000, wave = -1851
Time = 927000000, wave = -2010
Time = 928000000, wave = -2044
Time = 929000000, wave = -1949
Time = 930000000, wave = -1732
Time = 931000000, wave = -1406
Time = 932000000, wave =  -992
Time = 933000000, wave =  -516
Time = 934000000, wave =    -7
Time = 935000000, wave =     0
Time = 936000000, wave =   508
Time = 937000000, wave =   985
Time = 938000000, wave =  1400
Time = 939000000, wave =  1727
Time = 940000000, wave =  1946
Time = 941000000, wave =  2042
Time = 942000000, wave =  2011
Time = 943000000, wave =  1853
Time = 944000000, wave =  1578
Time = 945000000, wave =  1205
Time = 946000000, wave =   756
Time = 947000000, wave =   259
Time = 948000000, wave =  -254
Time = 949000000, wave =  -751
Time = 950000000, wave = -1201
Time = 951000000, wave = -1575
Time = 952000000, wave = -1851
Time = 953000000, wave = -2010
Time = 954000000, wave = -2044
Time = 955000000, wave = -1949
Time = 956000000, wave = -1732
Time = 957000000, wave = -1406
Time = 958000000, wave =  -992
Time = 959000000, wave =  -516
Time = 960000000, wave =    -7
Time = 961000000, wave =     0
Time = 962000000, wave =   508
Time = 963000000, wave =   985
Time = 964000000, wave =  1400
Time = 965000000, wave =  1727
Time = 966000000, wave =  1946
Time = 967000000, wave =  2042
Time = 968000000, wave =  2011
Time = 969000000, wave =  1853
Time = 970000000, wave =  1578
Time = 971000000, wave =  1205
Time = 972000000, wave =   756
Time = 973000000, wave =   259
Time = 974000000, wave =  -254
Time = 975000000, wave =  -751
Time = 976000000, wave = -1201
Time = 977000000, wave = -1575
Time = 978000000, wave = -1851
Time = 979000000, wave = -2010
Time = 980000000, wave = -2044
Time = 981000000, wave = -1949
Time = 982000000, wave = -1732
Time = 983000000, wave = -1406
Time = 984000000, wave =  -992
Time = 985000000, wave =  -516
Time = 986000000, wave =    -7
Time = 987000000, wave =     0
Time = 988000000, wave =   508
Time = 989000000, wave =   985
Time = 990000000, wave =  1400
Time = 991000000, wave =  1727
Time = 992000000, wave =  1946
Time = 993000000, wave =  2042
Time = 994000000, wave =  2011
Time = 995000000, wave =  1853
Time = 996000000, wave =  1578
Time = 997000000, wave =  1205
Time = 998000000, wave =   756
Time = 999000000, wave =   259
$finish called at time : 1 ms : File "C:/Cascade_hydrophones/WorkspaceOMDHydrophones/Hardware/SineWaveGenerator/SineWaveGenerator.srcs/sim_1/new/TestBench.v" Line 29
