
*** Running vivado
    with args -log MicroBlaze_XCorrOutputManager_0_0.vds -m64 -product Vivado -mode batch -messageDb vivado.pb -notrace -source MicroBlaze_XCorrOutputManager_0_0.tcl



****** Vivado v2024.2 (64-bit)
  **** SW Build 5239630 on Fri Nov 08 22:35:27 MST 2024
  **** IP Build 5239520 on Sun Nov 10 16:12:51 MST 2024
  **** SharedData Build 5239561 on Fri Nov 08 14:39:27 MST 2024
  **** Start of session at: Thu Feb 27 14:52:30 2025
    ** Copyright 1986-2022 Xilinx, Inc. All Rights Reserved.
    ** Copyright 2022-2024 Advanced Micro Devices, Inc. All Rights Reserved.

source MicroBlaze_XCorrOutputManager_0_0.tcl -notrace
INFO: [IP_Flow 19-234] Refreshing IP repositories
INFO: [IP_Flow 19-1704] No user IP repositories specified
INFO: [IP_Flow 19-2313] Loaded Vivado IP repository 'C:/Xilinx/Vivado/2024.2/data/ip'.
WARNING: [IP_Flow 19-4995] The host OS only allows 260 characters in a normal path. The IP cache path is more than 80 characters. If you experience issues with IP caching, please consider changing the IP cache to a location with a shorter path. Alternately consider using the OS subst command to map part of the path to a drive letter. 
Current IP cache path is c:/Cascade_hydrophones/WorkspaceOMDHydrophones/Hardware/HydroProccess/HydroProccess.cache/ip 
Command: synth_design -top MicroBlaze_XCorrOutputManager_0_0 -part xc7z010clg400-1 -incremental_mode off -mode out_of_context
Starting synth_design
Attempting to get a license for feature 'Synthesis' and/or device 'xc7z010'
INFO: [Common 17-349] Got license for feature 'Synthesis' and/or device 'xc7z010'
INFO: [Device 21-403] Loading part xc7z010clg400-1
INFO: [Synth 8-7079] Multithreading enabled for synth_design using a maximum of 2 processes.
INFO: [Synth 8-7078] Launching helper process for spawning children vivado processes
INFO: [Synth 8-7075] Helper process launched with PID 7668
---------------------------------------------------------------------------------
Starting RTL Elaboration : Time (s): cpu = 00:00:05 ; elapsed = 00:00:05 . Memory (MB): peak = 1061.125 ; gain = 467.695
---------------------------------------------------------------------------------
INFO: [Synth 8-6157] synthesizing module 'MicroBlaze_XCorrOutputManager_0_0' [c:/Cascade_hydrophones/WorkspaceOMDHydrophones/Hardware/HydroProccess/HydroProccess.gen/sources_1/bd/MicroBlaze/ip/MicroBlaze_XCorrOutputManager_0_0/synth/MicroBlaze_XCorrOutputManager_0_0.v:53]
INFO: [Synth 8-6157] synthesizing module 'XCorrOutputManager' [C:/Cascade_hydrophones/WorkspaceOMDHydrophones/Hardware/HydroProccess/HydroProccess.srcs/sources_1/new/XCorrOutputManager.v:3]
INFO: [Synth 8-6155] done synthesizing module 'XCorrOutputManager' (0#1) [C:/Cascade_hydrophones/WorkspaceOMDHydrophones/Hardware/HydroProccess/HydroProccess.srcs/sources_1/new/XCorrOutputManager.v:3]
INFO: [Synth 8-6155] done synthesizing module 'MicroBlaze_XCorrOutputManager_0_0' (0#1) [c:/Cascade_hydrophones/WorkspaceOMDHydrophones/Hardware/HydroProccess/HydroProccess.gen/sources_1/bd/MicroBlaze/ip/MicroBlaze_XCorrOutputManager_0_0/synth/MicroBlaze_XCorrOutputManager_0_0.v:53]
WARNING: [Synth 8-7129] Port XCORR_prime[35] in module XCorrOutputManager is either unconnected or has no load
WARNING: [Synth 8-7129] Port XCORR_prime[2] in module XCorrOutputManager is either unconnected or has no load
WARNING: [Synth 8-7129] Port XCORR_prime[1] in module XCorrOutputManager is either unconnected or has no load
WARNING: [Synth 8-7129] Port XCORR_prime[0] in module XCorrOutputManager is either unconnected or has no load
WARNING: [Synth 8-7129] Port XCORR_prime1[35] in module XCorrOutputManager is either unconnected or has no load
WARNING: [Synth 8-7129] Port XCORR_prime1[2] in module XCorrOutputManager is either unconnected or has no load
WARNING: [Synth 8-7129] Port XCORR_prime1[1] in module XCorrOutputManager is either unconnected or has no load
WARNING: [Synth 8-7129] Port XCORR_prime1[0] in module XCorrOutputManager is either unconnected or has no load
WARNING: [Synth 8-7129] Port XCORR_second[35] in module XCorrOutputManager is either unconnected or has no load
WARNING: [Synth 8-7129] Port XCORR_second[2] in module XCorrOutputManager is either unconnected or has no load
WARNING: [Synth 8-7129] Port XCORR_second[1] in module XCorrOutputManager is either unconnected or has no load
WARNING: [Synth 8-7129] Port XCORR_second[0] in module XCorrOutputManager is either unconnected or has no load
WARNING: [Synth 8-7129] Port XCORR_second1[35] in module XCorrOutputManager is either unconnected or has no load
WARNING: [Synth 8-7129] Port XCORR_second1[2] in module XCorrOutputManager is either unconnected or has no load
WARNING: [Synth 8-7129] Port XCORR_second1[1] in module XCorrOutputManager is either unconnected or has no load
WARNING: [Synth 8-7129] Port XCORR_second1[0] in module XCorrOutputManager is either unconnected or has no load
WARNING: [Synth 8-7129] Port reset in module XCorrOutputManager is either unconnected or has no load
---------------------------------------------------------------------------------
Finished RTL Elaboration : Time (s): cpu = 00:00:06 ; elapsed = 00:00:06 . Memory (MB): peak = 1170.027 ; gain = 576.598
---------------------------------------------------------------------------------
---------------------------------------------------------------------------------
Start Handling Custom Attributes
---------------------------------------------------------------------------------
---------------------------------------------------------------------------------
Finished Handling Custom Attributes : Time (s): cpu = 00:00:06 ; elapsed = 00:00:06 . Memory (MB): peak = 1170.027 ; gain = 576.598
---------------------------------------------------------------------------------
---------------------------------------------------------------------------------
Finished RTL Optimization Phase 1 : Time (s): cpu = 00:00:06 ; elapsed = 00:00:06 . Memory (MB): peak = 1170.027 ; gain = 576.598
---------------------------------------------------------------------------------
Netlist sorting complete. Time (s): cpu = 00:00:00 ; elapsed = 00:00:00.003 . Memory (MB): peak = 1170.027 ; gain = 0.000
INFO: [Project 1-570] Preparing netlist for logic optimization

Processing XDC Constraints
Initializing timing engine
Completed Processing XDC Constraints

Netlist sorting complete. Time (s): cpu = 00:00:00 ; elapsed = 00:00:00 . Memory (MB): peak = 1235.641 ; gain = 0.000
INFO: [Project 1-111] Unisim Transformation Summary:
No Unisim elements were transformed.

Constraint Validation Runtime : Time (s): cpu = 00:00:00 ; elapsed = 00:00:00.017 . Memory (MB): peak = 1235.641 ; gain = 0.000
INFO: [Designutils 20-5008] Incremental synthesis strategy off
---------------------------------------------------------------------------------
Finished Constraint Validation : Time (s): cpu = 00:00:12 ; elapsed = 00:00:13 . Memory (MB): peak = 1235.641 ; gain = 642.211
---------------------------------------------------------------------------------
---------------------------------------------------------------------------------
Start Loading Part and Timing Information
---------------------------------------------------------------------------------
Loading part: xc7z010clg400-1
---------------------------------------------------------------------------------
Finished Loading Part and Timing Information : Time (s): cpu = 00:00:12 ; elapsed = 00:00:13 . Memory (MB): peak = 1235.641 ; gain = 642.211
---------------------------------------------------------------------------------
---------------------------------------------------------------------------------
Start Applying 'set_property' XDC Constraints
---------------------------------------------------------------------------------
---------------------------------------------------------------------------------
Finished applying 'set_property' XDC Constraints : Time (s): cpu = 00:00:12 ; elapsed = 00:00:13 . Memory (MB): peak = 1235.641 ; gain = 642.211
---------------------------------------------------------------------------------
---------------------------------------------------------------------------------
Finished RTL Optimization Phase 2 : Time (s): cpu = 00:00:13 ; elapsed = 00:00:13 . Memory (MB): peak = 1235.641 ; gain = 642.211
---------------------------------------------------------------------------------
---------------------------------------------------------------------------------
Start RTL Component Statistics 
---------------------------------------------------------------------------------
Detailed RTL Component Info : 
+---Registers : 
	               32 Bit    Registers := 2     
	                1 Bit    Registers := 1     
+---Muxes : 
	   2 Input   32 Bit        Muxes := 2     
---------------------------------------------------------------------------------
Finished RTL Component Statistics 
---------------------------------------------------------------------------------
---------------------------------------------------------------------------------
Start Part Resource Summary
---------------------------------------------------------------------------------
Part Resources:
DSPs: 80 (col length:40)
BRAMs: 120 (col length: RAMB18 40 RAMB36 20)
---------------------------------------------------------------------------------
Finished Part Resource Summary
---------------------------------------------------------------------------------
---------------------------------------------------------------------------------
Start Cross Boundary and Area Optimization
---------------------------------------------------------------------------------
WARNING: [Synth 8-7080] Parallel synthesis criteria is not met
WARNING: [Synth 8-7129] Port XCORR_prime[35] in module MicroBlaze_XCorrOutputManager_0_0 is either unconnected or has no load
WARNING: [Synth 8-7129] Port XCORR_prime[2] in module MicroBlaze_XCorrOutputManager_0_0 is either unconnected or has no load
WARNING: [Synth 8-7129] Port XCORR_prime[1] in module MicroBlaze_XCorrOutputManager_0_0 is either unconnected or has no load
WARNING: [Synth 8-7129] Port XCORR_prime[0] in module MicroBlaze_XCorrOutputManager_0_0 is either unconnected or has no load
WARNING: [Synth 8-7129] Port XCORR_prime1[35] in module MicroBlaze_XCorrOutputManager_0_0 is either unconnected or has no load
WARNING: [Synth 8-7129] Port XCORR_prime1[2] in module MicroBlaze_XCorrOutputManager_0_0 is either unconnected or has no load
WARNING: [Synth 8-7129] Port XCORR_prime1[1] in module MicroBlaze_XCorrOutputManager_0_0 is either unconnected or has no load
WARNING: [Synth 8-7129] Port XCORR_prime1[0] in module MicroBlaze_XCorrOutputManager_0_0 is either unconnected or has no load
WARNING: [Synth 8-7129] Port XCORR_second[35] in module MicroBlaze_XCorrOutputManager_0_0 is either unconnected or has no load
WARNING: [Synth 8-7129] Port XCORR_second[2] in module MicroBlaze_XCorrOutputManager_0_0 is either unconnected or has no load
WARNING: [Synth 8-7129] Port XCORR_second[1] in module MicroBlaze_XCorrOutputManager_0_0 is either unconnected or has no load
WARNING: [Synth 8-7129] Port XCORR_second[0] in module MicroBlaze_XCorrOutputManager_0_0 is either unconnected or has no load
WARNING: [Synth 8-7129] Port XCORR_second1[35] in module MicroBlaze_XCorrOutputManager_0_0 is either unconnected or has no load
WARNING: [Synth 8-7129] Port XCORR_second1[2] in module MicroBlaze_XCorrOutputManager_0_0 is either unconnected or has no load
WARNING: [Synth 8-7129] Port XCORR_second1[1] in module MicroBlaze_XCorrOutputManager_0_0 is either unconnected or has no load
WARNING: [Synth 8-7129] Port XCORR_second1[0] in module MicroBlaze_XCorrOutputManager_0_0 is either unconnected or has no load
WARNING: [Synth 8-7129] Port reset in module MicroBlaze_XCorrOutputManager_0_0 is either unconnected or has no load
---------------------------------------------------------------------------------
Finished Cross Boundary and Area Optimization : Time (s): cpu = 00:00:14 ; elapsed = 00:00:15 . Memory (MB): peak = 1235.641 ; gain = 642.211
---------------------------------------------------------------------------------
---------------------------------------------------------------------------------
Start Applying XDC Timing Constraints
---------------------------------------------------------------------------------
---------------------------------------------------------------------------------
Finished Applying XDC Timing Constraints : Time (s): cpu = 00:00:19 ; elapsed = 00:00:20 . Memory (MB): peak = 1365.664 ; gain = 772.234
---------------------------------------------------------------------------------
---------------------------------------------------------------------------------
Start Timing Optimization
---------------------------------------------------------------------------------
---------------------------------------------------------------------------------
Finished Timing Optimization : Time (s): cpu = 00:00:19 ; elapsed = 00:00:20 . Memory (MB): peak = 1365.816 ; gain = 772.387
---------------------------------------------------------------------------------
---------------------------------------------------------------------------------
Start Technology Mapping
---------------------------------------------------------------------------------
---------------------------------------------------------------------------------
Finished Technology Mapping : Time (s): cpu = 00:00:19 ; elapsed = 00:00:20 . Memory (MB): peak = 1384.910 ; gain = 791.480
---------------------------------------------------------------------------------
---------------------------------------------------------------------------------
Start IO Insertion
---------------------------------------------------------------------------------
---------------------------------------------------------------------------------
Start Flattening Before IO Insertion
---------------------------------------------------------------------------------
---------------------------------------------------------------------------------
Finished Flattening Before IO Insertion
---------------------------------------------------------------------------------
---------------------------------------------------------------------------------
Start Final Netlist Cleanup
---------------------------------------------------------------------------------
---------------------------------------------------------------------------------
Finished Final Netlist Cleanup
---------------------------------------------------------------------------------
---------------------------------------------------------------------------------
Finished IO Insertion : Time (s): cpu = 00:00:22 ; elapsed = 00:00:23 . Memory (MB): peak = 1592.281 ; gain = 998.852
---------------------------------------------------------------------------------
---------------------------------------------------------------------------------
Start Renaming Generated Instances
---------------------------------------------------------------------------------
---------------------------------------------------------------------------------
Finished Renaming Generated Instances : Time (s): cpu = 00:00:22 ; elapsed = 00:00:23 . Memory (MB): peak = 1592.281 ; gain = 998.852
---------------------------------------------------------------------------------
---------------------------------------------------------------------------------
Start Rebuilding User Hierarchy
---------------------------------------------------------------------------------
---------------------------------------------------------------------------------
Finished Rebuilding User Hierarchy : Time (s): cpu = 00:00:22 ; elapsed = 00:00:23 . Memory (MB): peak = 1592.281 ; gain = 998.852
---------------------------------------------------------------------------------
---------------------------------------------------------------------------------
Start Renaming Generated Ports
---------------------------------------------------------------------------------
---------------------------------------------------------------------------------
Finished Renaming Generated Ports : Time (s): cpu = 00:00:22 ; elapsed = 00:00:23 . Memory (MB): peak = 1592.281 ; gain = 998.852
---------------------------------------------------------------------------------
---------------------------------------------------------------------------------
Start Handling Custom Attributes
---------------------------------------------------------------------------------
---------------------------------------------------------------------------------
Finished Handling Custom Attributes : Time (s): cpu = 00:00:22 ; elapsed = 00:00:23 . Memory (MB): peak = 1592.281 ; gain = 998.852
---------------------------------------------------------------------------------
---------------------------------------------------------------------------------
Start Renaming Generated Nets
---------------------------------------------------------------------------------
---------------------------------------------------------------------------------
Finished Renaming Generated Nets : Time (s): cpu = 00:00:22 ; elapsed = 00:00:23 . Memory (MB): peak = 1592.281 ; gain = 998.852
---------------------------------------------------------------------------------
---------------------------------------------------------------------------------
Start Writing Synthesis Report
---------------------------------------------------------------------------------

Report BlackBoxes: 
+-+--------------+----------+
| |BlackBox name |Instances |
+-+--------------+----------+
+-+--------------+----------+

Report Cell Usage: 
+------+-----+------+
|      |Cell |Count |
+------+-----+------+
|1     |LUT3 |    64|
|2     |FDRE |    65|
+------+-----+------+
---------------------------------------------------------------------------------
Finished Writing Synthesis Report : Time (s): cpu = 00:00:22 ; elapsed = 00:00:23 . Memory (MB): peak = 1592.281 ; gain = 998.852
---------------------------------------------------------------------------------
Synthesis finished with 0 errors, 0 critical warnings and 18 warnings.
Synthesis Optimization Runtime : Time (s): cpu = 00:00:15 ; elapsed = 00:00:22 . Memory (MB): peak = 1592.281 ; gain = 933.238
Synthesis Optimization Complete : Time (s): cpu = 00:00:22 ; elapsed = 00:00:23 . Memory (MB): peak = 1592.281 ; gain = 998.852
INFO: [Project 1-571] Translating synthesized netlist
Netlist sorting complete. Time (s): cpu = 00:00:00 ; elapsed = 00:00:00.003 . Memory (MB): peak = 1592.281 ; gain = 0.000
INFO: [Project 1-570] Preparing netlist for logic optimization
INFO: [Opt 31-138] Pushed 0 inverter(s) to 0 load pin(s).
Netlist sorting complete. Time (s): cpu = 00:00:00 ; elapsed = 00:00:00 . Memory (MB): peak = 1592.281 ; gain = 0.000
INFO: [Project 1-111] Unisim Transformation Summary:
No Unisim elements were transformed.

Synth Design complete | Checksum: f18d74a1
INFO: [Common 17-83] Releasing license: Synthesis
20 Infos, 36 Warnings, 0 Critical Warnings and 0 Errors encountered.
synth_design completed successfully
synth_design: Time (s): cpu = 00:00:24 ; elapsed = 00:00:29 . Memory (MB): peak = 1592.281 ; gain = 1210.805
Write ShapeDB Complete: Time (s): cpu = 00:00:00 ; elapsed = 00:00:00.001 . Memory (MB): peak = 1592.281 ; gain = 0.000
INFO: [Common 17-1381] The checkpoint 'C:/Cascade_hydrophones/WorkspaceOMDHydrophones/Hardware/HydroProccess/HydroProccess.runs/MicroBlaze_XCorrOutputManager_0_0_synth_1/MicroBlaze_XCorrOutputManager_0_0.dcp' has been generated.
INFO: [Vivado 12-24828] Executing command : report_utilization -file MicroBlaze_XCorrOutputManager_0_0_utilization_synth.rpt -pb MicroBlaze_XCorrOutputManager_0_0_utilization_synth.pb
INFO: [Common 17-206] Exiting Vivado at Thu Feb 27 14:53:02 2025...
