02:35:18 DEBUG : Logs will be stored at 'C:/Cascade_hydrophones/WorkspaceOMDHydrophones/Zynqware/IDE.log'.
02:35:19 INFO  : Launching XSCT server: xsct.bat -n  -interactive C:\Cascade_hydrophones\WorkspaceOMDHydrophones\Zynqware\temp_xsdb_launch_script.tcl
02:35:19 INFO  : Registering command handlers for Vitis TCF services
02:35:20 INFO  : Platform repository initialization has completed.
02:35:22 INFO  : XSCT server has started successfully.
02:35:22 INFO  : Successfully done setting XSCT server connection channel  
02:35:23 INFO  : plnx-install-location is set to ''
02:35:23 INFO  : Successfully done setting workspace for the tool. 
02:35:23 INFO  : Successfully done query RDI_DATADIR 
02:36:39 INFO  : Result from executing command 'getProjects': MicroBlaze_wrapper
02:36:39 INFO  : Result from executing command 'getPlatforms': xilinx_vck190_base_202220_1|C:/Xilinx/Vitis/2022.2/base_platforms/xilinx_vck190_base_202220_1/xilinx_vck190_base_202220_1.xpfm;xilinx_vck190_base_dfx_202220_1|C:/Xilinx/Vitis/2022.2/base_platforms/xilinx_vck190_base_dfx_202220_1/xilinx_vck190_base_dfx_202220_1.xpfm;xilinx_vmk180_base_202220_1|C:/Xilinx/Vitis/2022.2/base_platforms/xilinx_vmk180_base_202220_1/xilinx_vmk180_base_202220_1.xpfm;xilinx_zcu102_base_202220_1|C:/Xilinx/Vitis/2022.2/base_platforms/xilinx_zcu102_base_202220_1/xilinx_zcu102_base_202220_1.xpfm;xilinx_zcu102_base_dfx_202220_1|C:/Xilinx/Vitis/2022.2/base_platforms/xilinx_zcu102_base_dfx_202220_1/xilinx_zcu102_base_dfx_202220_1.xpfm;xilinx_zcu104_base_202220_1|C:/Xilinx/Vitis/2022.2/base_platforms/xilinx_zcu104_base_202220_1/xilinx_zcu104_base_202220_1.xpfm
02:36:40 WARN  : An unexpected exception occurred in the module 'platform project logging'
02:36:40 INFO  : Platform 'MicroBlaze_wrapper' is added to custom repositories.
02:36:46 INFO  : Platform 'MicroBlaze_wrapper' is added to custom repositories.
02:37:12 INFO  : Result from executing command 'getProjects': MicroBlaze_wrapper
02:37:12 INFO  : Result from executing command 'getPlatforms': MicroBlaze_wrapper|C:/Cascade_hydrophones/WorkspaceOMDHydrophones/Zynqware/MicroBlaze_wrapper/export/MicroBlaze_wrapper/MicroBlaze_wrapper.xpfm;xilinx_vck190_base_202220_1|C:/Xilinx/Vitis/2022.2/base_platforms/xilinx_vck190_base_202220_1/xilinx_vck190_base_202220_1.xpfm;xilinx_vck190_base_dfx_202220_1|C:/Xilinx/Vitis/2022.2/base_platforms/xilinx_vck190_base_dfx_202220_1/xilinx_vck190_base_dfx_202220_1.xpfm;xilinx_vmk180_base_202220_1|C:/Xilinx/Vitis/2022.2/base_platforms/xilinx_vmk180_base_202220_1/xilinx_vmk180_base_202220_1.xpfm;xilinx_zcu102_base_202220_1|C:/Xilinx/Vitis/2022.2/base_platforms/xilinx_zcu102_base_202220_1/xilinx_zcu102_base_202220_1.xpfm;xilinx_zcu102_base_dfx_202220_1|C:/Xilinx/Vitis/2022.2/base_platforms/xilinx_zcu102_base_dfx_202220_1/xilinx_zcu102_base_dfx_202220_1.xpfm;xilinx_zcu104_base_202220_1|C:/Xilinx/Vitis/2022.2/base_platforms/xilinx_zcu104_base_202220_1/xilinx_zcu104_base_202220_1.xpfm
02:37:13 INFO  : Checking for BSP changes to sync application flags for project 'HelloWorld'...
02:37:29 INFO  : Checking for BSP changes to sync application flags for project 'HelloWorld'...
02:37:47 INFO  : Checking for BSP changes to sync application flags for project 'HelloWorld'...
02:37:56 INFO  : Connected to target on host '127.0.0.1' and port '3121'.
02:37:56 WARN  : IDE version '2022.2.0' doesn't match hw_server version '2024.2'. Some debug features may not work.
02:38:08 INFO  : ----------------XSDB Script----------------
connect -url tcp:127.0.0.1:3121
----------------End of Script----------------

02:38:08 ERROR : Could not find ARM device on the board for connection 'Local'.
Check if the target is in:
1. Split JTAG - No operations are possible with ARM DAP.
2. Non JTAG bootmode - Bootrom may need time to enable DAP.
Please try again.


Troubleshooting hints:
1. Check whether board is connected to system properly.
2. In case of zynq board, check whether Digilent/Xilinx cable switch settings are correct.
3. If you are using Xilinx Platform Cable USB, ensure that status LED is green.
02:38:18 INFO  : Connected to target on host '127.0.0.1' and port '3121'.
02:38:18 WARN  : IDE version '2022.2.0' doesn't match hw_server version '2024.2'. Some debug features may not work.
02:38:28 INFO  : ----------------XSDB Script----------------
connect -url tcp:127.0.0.1:3121
----------------End of Script----------------

02:38:28 ERROR : Could not find ARM device on the board for connection 'Local'.
Check if the target is in:
1. Split JTAG - No operations are possible with ARM DAP.
2. Non JTAG bootmode - Bootrom may need time to enable DAP.
Please try again.


Troubleshooting hints:
1. Check whether board is connected to system properly.
2. In case of zynq board, check whether Digilent/Xilinx cable switch settings are correct.
3. If you are using Xilinx Platform Cable USB, ensure that status LED is green.
03:18:48 DEBUG : Logs will be stored at 'C:/Cascade_hydrophones/WorkspaceOMDHydrophones/Zynqware/IDE.log'.
03:18:49 INFO  : Launching XSCT server: xsct.bat -n  -interactive C:\Cascade_hydrophones\WorkspaceOMDHydrophones\Zynqware\temp_xsdb_launch_script.tcl
03:18:51 INFO  : Registering command handlers for Vitis TCF services
03:18:52 INFO  : Platform repository initialization has completed.
03:18:53 INFO  : XSCT server has started successfully.
03:18:53 INFO  : plnx-install-location is set to ''
03:18:53 INFO  : Successfully done setting XSCT server connection channel  
03:18:57 INFO  : Successfully done setting workspace for the tool. 
03:18:59 INFO  : Successfully done query RDI_DATADIR 
03:19:03 INFO  : Connected to target on host '127.0.0.1' and port '3121'.
03:19:04 WARN  : IDE version '2022.2.0' doesn't match hw_server version '2024.2'. Some debug features may not work.
03:19:04 INFO  : Jtag cable 'Digilent JTAG-SMT2 A30526FBA07A' is selected.
03:19:04 INFO  : 'jtag frequency' command is executed.
03:19:04 INFO  : Context for 'APU' is selected.
03:19:05 INFO  : System reset is completed.
03:19:08 INFO  : 'after 3000' command is executed.
03:19:08 INFO  : 'targets -set -filter {jtag_cable_name =~ "Digilent JTAG-SMT2 A30526FBA07A" && level==0 && jtag_device_ctx=="jsn-JTAG-SMT2-A30526FBA07A-13722093-0"}' command is executed.
03:19:10 ERROR : fpga configuration failed. DONE PIN is not HIGH
03:19:10 ERROR : Exception occured while running Program Device.
java.lang.RuntimeException: fpga configuration failed. DONE PIN is not HIGH
03:19:10 INFO  : ----------------XSDB Script----------------
connect -url tcp:127.0.0.1:3121
targets -set -nocase -filter {name =~"APU*"}
rst -system
after 3000
----------------End of Script----------------

03:19:10 ERROR : fpga configuration failed. DONE PIN is not HIGH
03:19:53 INFO  : Connected to target on host '127.0.0.1' and port '3121'.
03:19:53 WARN  : IDE version '2022.2.0' doesn't match hw_server version '2024.2'. Some debug features may not work.
03:19:54 INFO  : Jtag cable 'Digilent JTAG-SMT2 A30526FBA07A' is selected.
03:19:54 INFO  : 'jtag frequency' command is executed.
03:19:54 INFO  : Context for 'APU' is selected.
03:19:54 INFO  : System reset is completed.
03:19:57 INFO  : 'after 3000' command is executed.
03:19:58 INFO  : 'targets -set -filter {jtag_cable_name =~ "Digilent JTAG-SMT2 A30526FBA07A" && level==0 && jtag_device_ctx=="jsn-JTAG-SMT2-A30526FBA07A-13722093-0"}' command is executed.
03:19:59 INFO  : Device configured successfully with "C:/Cascade_hydrophones/WorkspaceOMDHydrophones/Zynqware/HelloWorld/_ide/bitstream/MicroBlaze_wrapper.bit"
03:19:59 INFO  : Context for 'APU' is selected.
03:19:59 INFO  : Hardware design and registers information is loaded from 'C:/Cascade_hydrophones/WorkspaceOMDHydrophones/Zynqware/MicroBlaze_wrapper/export/MicroBlaze_wrapper/hw/MicroBlaze_wrapper.xsa'.
03:19:59 INFO  : 'configparams force-mem-access 1' command is executed.
03:19:59 INFO  : Context for 'APU' is selected.
03:19:59 INFO  : Sourcing of 'C:/Cascade_hydrophones/WorkspaceOMDHydrophones/Zynqware/HelloWorld/_ide/psinit/ps7_init.tcl' is done.
03:19:59 INFO  : 'ps7_init' command is executed.
03:19:59 INFO  : 'ps7_post_config' command is executed.
03:19:59 INFO  : Context for processor 'ps7_cortexa9_0' is selected.
03:19:59 INFO  : The application 'C:/Cascade_hydrophones/WorkspaceOMDHydrophones/Zynqware/HelloWorld/Debug/HelloWorld.elf' is downloaded to processor 'ps7_cortexa9_0'.
03:19:59 INFO  : 'configparams force-mem-access 0' command is executed.
03:19:59 INFO  : ----------------XSDB Script----------------
connect -url tcp:127.0.0.1:3121
targets -set -nocase -filter {name =~"APU*"}
rst -system
after 3000
targets -set -filter {jtag_cable_name =~ "Digilent JTAG-SMT2 A30526FBA07A" && level==0 && jtag_device_ctx=="jsn-JTAG-SMT2-A30526FBA07A-13722093-0"}
fpga -file C:/Cascade_hydrophones/WorkspaceOMDHydrophones/Zynqware/HelloWorld/_ide/bitstream/MicroBlaze_wrapper.bit
targets -set -nocase -filter {name =~"APU*"}
loadhw -hw C:/Cascade_hydrophones/WorkspaceOMDHydrophones/Zynqware/MicroBlaze_wrapper/export/MicroBlaze_wrapper/hw/MicroBlaze_wrapper.xsa -mem-ranges [list {0x40000000 0xbfffffff}] -regs
configparams force-mem-access 1
targets -set -nocase -filter {name =~"APU*"}
source C:/Cascade_hydrophones/WorkspaceOMDHydrophones/Zynqware/HelloWorld/_ide/psinit/ps7_init.tcl
ps7_init
ps7_post_config
targets -set -nocase -filter {name =~ "*A9*#0"}
dow C:/Cascade_hydrophones/WorkspaceOMDHydrophones/Zynqware/HelloWorld/Debug/HelloWorld.elf
configparams force-mem-access 0
----------------End of Script----------------

03:19:59 INFO  : Context for processor 'ps7_cortexa9_0' is selected.
03:19:59 INFO  : 'con' command is executed.
03:19:59 INFO  : ----------------XSDB Script (After Launch)----------------
targets -set -nocase -filter {name =~ "*A9*#0"}
con
----------------End of Script----------------

03:19:59 INFO  : Disconnected from the channel tcfchan#1.
03:23:08 INFO  : Checking for BSP changes to sync application flags for project 'HelloWorld'...
03:23:15 INFO  : Connected to target on host '127.0.0.1' and port '3121'.
03:23:24 WARN  : IDE version '2022.2.0' doesn't match hw_server version '2024.2'. Some debug features may not work.
03:23:36 INFO  : ----------------XSDB Script----------------
connect -url tcp:127.0.0.1:3121
----------------End of Script----------------

03:23:36 ERROR : Could not find ARM device on the board for connection 'Local'.
Check if the target is in:
1. Split JTAG - No operations are possible with ARM DAP.
2. Non JTAG bootmode - Bootrom may need time to enable DAP.
Please try again.


Troubleshooting hints:
1. Check whether board is connected to system properly.
2. In case of zynq board, check whether Digilent/Xilinx cable switch settings are correct.
3. If you are using Xilinx Platform Cable USB, ensure that status LED is green.
03:23:41 INFO  : Connected to target on host '127.0.0.1' and port '3121'.
03:23:42 WARN  : IDE version '2022.2.0' doesn't match hw_server version '2024.2'. Some debug features may not work.
03:23:44 INFO  : Jtag cable 'Digilent JTAG-SMT2 A30526FBA07A' is selected.
03:23:44 INFO  : 'jtag frequency' command is executed.
03:23:44 INFO  : Context for 'APU' is selected.
03:23:44 INFO  : System reset is completed.
03:23:47 INFO  : 'after 3000' command is executed.
03:23:47 INFO  : 'targets -set -filter {jtag_cable_name =~ "Digilent JTAG-SMT2 A30526FBA07A" && level==0 && jtag_device_ctx=="jsn-JTAG-SMT2-A30526FBA07A-13722093-0"}' command is executed.
03:23:48 INFO  : Device configured successfully with "C:/Cascade_hydrophones/WorkspaceOMDHydrophones/Zynqware/HelloWorld/_ide/bitstream/MicroBlaze_wrapper.bit"
03:23:48 INFO  : Context for 'APU' is selected.
03:23:48 INFO  : Hardware design and registers information is loaded from 'C:/Cascade_hydrophones/WorkspaceOMDHydrophones/Zynqware/MicroBlaze_wrapper/export/MicroBlaze_wrapper/hw/MicroBlaze_wrapper.xsa'.
03:23:48 INFO  : 'configparams force-mem-access 1' command is executed.
03:23:48 INFO  : Context for 'APU' is selected.
03:23:48 INFO  : Sourcing of 'C:/Cascade_hydrophones/WorkspaceOMDHydrophones/Zynqware/HelloWorld/_ide/psinit/ps7_init.tcl' is done.
03:23:48 INFO  : 'ps7_init' command is executed.
03:23:48 INFO  : 'ps7_post_config' command is executed.
03:23:48 INFO  : Context for processor 'ps7_cortexa9_0' is selected.
03:23:48 INFO  : The application 'C:/Cascade_hydrophones/WorkspaceOMDHydrophones/Zynqware/HelloWorld/Debug/HelloWorld.elf' is downloaded to processor 'ps7_cortexa9_0'.
03:23:48 INFO  : 'configparams force-mem-access 0' command is executed.
03:23:48 INFO  : ----------------XSDB Script----------------
connect -url tcp:127.0.0.1:3121
targets -set -nocase -filter {name =~"APU*"}
rst -system
after 3000
targets -set -filter {jtag_cable_name =~ "Digilent JTAG-SMT2 A30526FBA07A" && level==0 && jtag_device_ctx=="jsn-JTAG-SMT2-A30526FBA07A-13722093-0"}
fpga -file C:/Cascade_hydrophones/WorkspaceOMDHydrophones/Zynqware/HelloWorld/_ide/bitstream/MicroBlaze_wrapper.bit
targets -set -nocase -filter {name =~"APU*"}
loadhw -hw C:/Cascade_hydrophones/WorkspaceOMDHydrophones/Zynqware/MicroBlaze_wrapper/export/MicroBlaze_wrapper/hw/MicroBlaze_wrapper.xsa -mem-ranges [list {0x40000000 0xbfffffff}] -regs
configparams force-mem-access 1
targets -set -nocase -filter {name =~"APU*"}
source C:/Cascade_hydrophones/WorkspaceOMDHydrophones/Zynqware/HelloWorld/_ide/psinit/ps7_init.tcl
ps7_init
ps7_post_config
targets -set -nocase -filter {name =~ "*A9*#0"}
dow C:/Cascade_hydrophones/WorkspaceOMDHydrophones/Zynqware/HelloWorld/Debug/HelloWorld.elf
configparams force-mem-access 0
----------------End of Script----------------

03:23:48 INFO  : Context for processor 'ps7_cortexa9_0' is selected.
03:23:48 INFO  : 'con' command is executed.
03:23:48 INFO  : ----------------XSDB Script (After Launch)----------------
targets -set -nocase -filter {name =~ "*A9*#0"}
con
----------------End of Script----------------

03:23:48 INFO  : Disconnected from the channel tcfchan#2.
03:26:22 INFO  : Connected to target on host '127.0.0.1' and port '3121'.
03:26:31 WARN  : IDE version '2022.2.0' doesn't match hw_server version '2024.2'. Some debug features may not work.
03:26:42 INFO  : ----------------XSDB Script----------------
connect -url tcp:127.0.0.1:3121
----------------End of Script----------------

03:26:42 ERROR : Could not find ARM device on the board for connection 'Local'.
Check if the target is in:
1. Split JTAG - No operations are possible with ARM DAP.
2. Non JTAG bootmode - Bootrom may need time to enable DAP.
Please try again.


Troubleshooting hints:
1. Check whether board is connected to system properly.
2. In case of zynq board, check whether Digilent/Xilinx cable switch settings are correct.
3. If you are using Xilinx Platform Cable USB, ensure that status LED is green.
03:26:49 INFO  : Connected to target on host '127.0.0.1' and port '3121'.
03:26:49 WARN  : IDE version '2022.2.0' doesn't match hw_server version '2024.2'. Some debug features may not work.
03:26:50 INFO  : Jtag cable 'Digilent JTAG-SMT2 A30526FBA07A' is selected.
03:26:50 INFO  : 'jtag frequency' command is executed.
03:26:50 INFO  : Context for 'APU' is selected.
03:26:50 INFO  : System reset is completed.
03:26:53 INFO  : 'after 3000' command is executed.
03:26:53 INFO  : 'targets -set -filter {jtag_cable_name =~ "Digilent JTAG-SMT2 A30526FBA07A" && level==0 && jtag_device_ctx=="jsn-JTAG-SMT2-A30526FBA07A-13722093-0"}' command is executed.
03:26:54 INFO  : Device configured successfully with "C:/Cascade_hydrophones/WorkspaceOMDHydrophones/Zynqware/HelloWorld/_ide/bitstream/MicroBlaze_wrapper.bit"
03:26:54 INFO  : Context for 'APU' is selected.
03:26:55 INFO  : Hardware design and registers information is loaded from 'C:/Cascade_hydrophones/WorkspaceOMDHydrophones/Zynqware/MicroBlaze_wrapper/export/MicroBlaze_wrapper/hw/MicroBlaze_wrapper.xsa'.
03:26:55 INFO  : 'configparams force-mem-access 1' command is executed.
03:26:55 INFO  : Context for 'APU' is selected.
03:26:55 INFO  : Sourcing of 'C:/Cascade_hydrophones/WorkspaceOMDHydrophones/Zynqware/HelloWorld/_ide/psinit/ps7_init.tcl' is done.
03:26:55 INFO  : 'ps7_init' command is executed.
03:26:55 INFO  : 'ps7_post_config' command is executed.
03:26:55 INFO  : Context for processor 'ps7_cortexa9_0' is selected.
03:26:56 INFO  : The application 'C:/Cascade_hydrophones/WorkspaceOMDHydrophones/Zynqware/HelloWorld/Debug/HelloWorld.elf' is downloaded to processor 'ps7_cortexa9_0'.
03:26:56 INFO  : 'configparams force-mem-access 0' command is executed.
03:26:56 INFO  : ----------------XSDB Script----------------
connect -url tcp:127.0.0.1:3121
targets -set -nocase -filter {name =~"APU*"}
rst -system
after 3000
targets -set -filter {jtag_cable_name =~ "Digilent JTAG-SMT2 A30526FBA07A" && level==0 && jtag_device_ctx=="jsn-JTAG-SMT2-A30526FBA07A-13722093-0"}
fpga -file C:/Cascade_hydrophones/WorkspaceOMDHydrophones/Zynqware/HelloWorld/_ide/bitstream/MicroBlaze_wrapper.bit
targets -set -nocase -filter {name =~"APU*"}
loadhw -hw C:/Cascade_hydrophones/WorkspaceOMDHydrophones/Zynqware/MicroBlaze_wrapper/export/MicroBlaze_wrapper/hw/MicroBlaze_wrapper.xsa -mem-ranges [list {0x40000000 0xbfffffff}] -regs
configparams force-mem-access 1
targets -set -nocase -filter {name =~"APU*"}
source C:/Cascade_hydrophones/WorkspaceOMDHydrophones/Zynqware/HelloWorld/_ide/psinit/ps7_init.tcl
ps7_init
ps7_post_config
targets -set -nocase -filter {name =~ "*A9*#0"}
dow C:/Cascade_hydrophones/WorkspaceOMDHydrophones/Zynqware/HelloWorld/Debug/HelloWorld.elf
configparams force-mem-access 0
----------------End of Script----------------

03:26:56 INFO  : Context for processor 'ps7_cortexa9_0' is selected.
03:26:56 INFO  : 'con' command is executed.
03:26:56 INFO  : ----------------XSDB Script (After Launch)----------------
targets -set -nocase -filter {name =~ "*A9*#0"}
con
----------------End of Script----------------

03:26:56 INFO  : Disconnected from the channel tcfchan#3.
03:28:53 INFO  : Checking for BSP changes to sync application flags for project 'HelloWorld'...
03:28:58 INFO  : Connected to target on host '127.0.0.1' and port '3121'.
03:28:58 WARN  : IDE version '2022.2.0' doesn't match hw_server version '2024.2'. Some debug features may not work.
03:29:00 INFO  : Jtag cable 'Digilent JTAG-SMT2 A30526FBA07A' is selected.
03:29:00 INFO  : 'jtag frequency' command is executed.
03:29:00 INFO  : Context for 'APU' is selected.
03:29:00 INFO  : System reset is completed.
03:29:03 INFO  : 'after 3000' command is executed.
03:29:03 INFO  : 'targets -set -filter {jtag_cable_name =~ "Digilent JTAG-SMT2 A30526FBA07A" && level==0 && jtag_device_ctx=="jsn-JTAG-SMT2-A30526FBA07A-13722093-0"}' command is executed.
03:29:04 INFO  : Device configured successfully with "C:/Cascade_hydrophones/WorkspaceOMDHydrophones/Zynqware/HelloWorld/_ide/bitstream/MicroBlaze_wrapper.bit"
03:29:04 INFO  : Context for 'APU' is selected.
03:29:04 INFO  : Hardware design and registers information is loaded from 'C:/Cascade_hydrophones/WorkspaceOMDHydrophones/Zynqware/MicroBlaze_wrapper/export/MicroBlaze_wrapper/hw/MicroBlaze_wrapper.xsa'.
03:29:04 INFO  : 'configparams force-mem-access 1' command is executed.
03:29:04 INFO  : Context for 'APU' is selected.
03:29:04 INFO  : Sourcing of 'C:/Cascade_hydrophones/WorkspaceOMDHydrophones/Zynqware/HelloWorld/_ide/psinit/ps7_init.tcl' is done.
03:29:05 INFO  : 'ps7_init' command is executed.
03:29:05 INFO  : 'ps7_post_config' command is executed.
03:29:05 INFO  : Context for processor 'ps7_cortexa9_0' is selected.
03:29:05 INFO  : The application 'C:/Cascade_hydrophones/WorkspaceOMDHydrophones/Zynqware/HelloWorld/Debug/HelloWorld.elf' is downloaded to processor 'ps7_cortexa9_0'.
03:29:05 INFO  : 'configparams force-mem-access 0' command is executed.
03:29:05 INFO  : ----------------XSDB Script----------------
connect -url tcp:127.0.0.1:3121
targets -set -nocase -filter {name =~"APU*"}
rst -system
after 3000
targets -set -filter {jtag_cable_name =~ "Digilent JTAG-SMT2 A30526FBA07A" && level==0 && jtag_device_ctx=="jsn-JTAG-SMT2-A30526FBA07A-13722093-0"}
fpga -file C:/Cascade_hydrophones/WorkspaceOMDHydrophones/Zynqware/HelloWorld/_ide/bitstream/MicroBlaze_wrapper.bit
targets -set -nocase -filter {name =~"APU*"}
loadhw -hw C:/Cascade_hydrophones/WorkspaceOMDHydrophones/Zynqware/MicroBlaze_wrapper/export/MicroBlaze_wrapper/hw/MicroBlaze_wrapper.xsa -mem-ranges [list {0x40000000 0xbfffffff}] -regs
configparams force-mem-access 1
targets -set -nocase -filter {name =~"APU*"}
source C:/Cascade_hydrophones/WorkspaceOMDHydrophones/Zynqware/HelloWorld/_ide/psinit/ps7_init.tcl
ps7_init
ps7_post_config
targets -set -nocase -filter {name =~ "*A9*#0"}
dow C:/Cascade_hydrophones/WorkspaceOMDHydrophones/Zynqware/HelloWorld/Debug/HelloWorld.elf
configparams force-mem-access 0
----------------End of Script----------------

03:29:05 INFO  : Context for processor 'ps7_cortexa9_0' is selected.
03:29:05 INFO  : 'con' command is executed.
03:29:05 INFO  : ----------------XSDB Script (After Launch)----------------
targets -set -nocase -filter {name =~ "*A9*#0"}
con
----------------End of Script----------------

03:29:05 INFO  : Disconnected from the channel tcfchan#4.
03:30:38 INFO  : Connected to target on host '127.0.0.1' and port '3121'.
03:30:38 WARN  : IDE version '2022.2.0' doesn't match hw_server version '2024.2'. Some debug features may not work.
03:30:39 INFO  : Jtag cable 'Digilent JTAG-SMT2 A30526FBA07A' is selected.
03:30:39 INFO  : 'jtag frequency' command is executed.
03:30:39 INFO  : Context for 'APU' is selected.
03:30:40 INFO  : System reset is completed.
03:30:43 INFO  : 'after 3000' command is executed.
03:30:43 INFO  : 'targets -set -filter {jtag_cable_name =~ "Digilent JTAG-SMT2 A30526FBA07A" && level==0 && jtag_device_ctx=="jsn-JTAG-SMT2-A30526FBA07A-13722093-0"}' command is executed.
03:30:44 INFO  : Device configured successfully with "C:/Cascade_hydrophones/WorkspaceOMDHydrophones/Zynqware/HelloWorld/_ide/bitstream/MicroBlaze_wrapper.bit"
03:30:44 INFO  : Context for 'APU' is selected.
03:30:45 INFO  : Hardware design and registers information is loaded from 'C:/Cascade_hydrophones/WorkspaceOMDHydrophones/Zynqware/MicroBlaze_wrapper/export/MicroBlaze_wrapper/hw/MicroBlaze_wrapper.xsa'.
03:30:45 INFO  : 'configparams force-mem-access 1' command is executed.
03:30:45 INFO  : Context for 'APU' is selected.
03:30:45 INFO  : Sourcing of 'C:/Cascade_hydrophones/WorkspaceOMDHydrophones/Zynqware/HelloWorld/_ide/psinit/ps7_init.tcl' is done.
03:30:45 INFO  : 'ps7_init' command is executed.
03:30:45 INFO  : 'ps7_post_config' command is executed.
03:30:45 INFO  : Context for processor 'ps7_cortexa9_0' is selected.
03:30:45 INFO  : The application 'C:/Cascade_hydrophones/WorkspaceOMDHydrophones/Zynqware/HelloWorld/Debug/HelloWorld.elf' is downloaded to processor 'ps7_cortexa9_0'.
03:30:45 INFO  : 'configparams force-mem-access 0' command is executed.
03:30:45 INFO  : ----------------XSDB Script----------------
connect -url tcp:127.0.0.1:3121
targets -set -nocase -filter {name =~"APU*"}
rst -system
after 3000
targets -set -filter {jtag_cable_name =~ "Digilent JTAG-SMT2 A30526FBA07A" && level==0 && jtag_device_ctx=="jsn-JTAG-SMT2-A30526FBA07A-13722093-0"}
fpga -file C:/Cascade_hydrophones/WorkspaceOMDHydrophones/Zynqware/HelloWorld/_ide/bitstream/MicroBlaze_wrapper.bit
targets -set -nocase -filter {name =~"APU*"}
loadhw -hw C:/Cascade_hydrophones/WorkspaceOMDHydrophones/Zynqware/MicroBlaze_wrapper/export/MicroBlaze_wrapper/hw/MicroBlaze_wrapper.xsa -mem-ranges [list {0x40000000 0xbfffffff}] -regs
configparams force-mem-access 1
targets -set -nocase -filter {name =~"APU*"}
source C:/Cascade_hydrophones/WorkspaceOMDHydrophones/Zynqware/HelloWorld/_ide/psinit/ps7_init.tcl
ps7_init
ps7_post_config
targets -set -nocase -filter {name =~ "*A9*#0"}
dow C:/Cascade_hydrophones/WorkspaceOMDHydrophones/Zynqware/HelloWorld/Debug/HelloWorld.elf
configparams force-mem-access 0
----------------End of Script----------------

03:30:45 INFO  : Context for processor 'ps7_cortexa9_0' is selected.
03:30:45 INFO  : 'con' command is executed.
03:30:45 INFO  : ----------------XSDB Script (After Launch)----------------
targets -set -nocase -filter {name =~ "*A9*#0"}
con
----------------End of Script----------------

03:30:45 INFO  : Disconnected from the channel tcfchan#5.
03:31:18 INFO  : Connected to target on host '127.0.0.1' and port '3121'.
03:31:18 WARN  : IDE version '2022.2.0' doesn't match hw_server version '2024.2'. Some debug features may not work.
03:31:20 INFO  : Jtag cable 'Digilent JTAG-SMT2 A30526FBA07A' is selected.
03:31:20 INFO  : 'jtag frequency' command is executed.
03:31:20 INFO  : Context for 'APU' is selected.
03:31:20 INFO  : System reset is completed.
03:31:23 INFO  : 'after 3000' command is executed.
03:31:23 INFO  : 'targets -set -filter {jtag_cable_name =~ "Digilent JTAG-SMT2 A30526FBA07A" && level==0 && jtag_device_ctx=="jsn-JTAG-SMT2-A30526FBA07A-13722093-0"}' command is executed.
03:31:24 INFO  : Device configured successfully with "C:/Cascade_hydrophones/WorkspaceOMDHydrophones/Zynqware/HelloWorld/_ide/bitstream/MicroBlaze_wrapper.bit"
03:31:24 INFO  : Context for 'APU' is selected.
03:31:26 INFO  : Hardware design and registers information is loaded from 'C:/Cascade_hydrophones/WorkspaceOMDHydrophones/Zynqware/MicroBlaze_wrapper/export/MicroBlaze_wrapper/hw/MicroBlaze_wrapper.xsa'.
03:31:26 INFO  : 'configparams force-mem-access 1' command is executed.
03:31:26 INFO  : Context for 'APU' is selected.
03:31:26 INFO  : Sourcing of 'C:/Cascade_hydrophones/WorkspaceOMDHydrophones/Zynqware/HelloWorld/_ide/psinit/ps7_init.tcl' is done.
03:31:26 INFO  : 'ps7_init' command is executed.
03:31:26 INFO  : 'ps7_post_config' command is executed.
03:31:26 INFO  : Context for processor 'ps7_cortexa9_0' is selected.
03:31:26 INFO  : The application 'C:/Cascade_hydrophones/WorkspaceOMDHydrophones/Zynqware/HelloWorld/Debug/HelloWorld.elf' is downloaded to processor 'ps7_cortexa9_0'.
03:31:26 INFO  : 'configparams force-mem-access 0' command is executed.
03:31:26 INFO  : ----------------XSDB Script----------------
connect -url tcp:127.0.0.1:3121
targets -set -nocase -filter {name =~"APU*"}
rst -system
after 3000
targets -set -filter {jtag_cable_name =~ "Digilent JTAG-SMT2 A30526FBA07A" && level==0 && jtag_device_ctx=="jsn-JTAG-SMT2-A30526FBA07A-13722093-0"}
fpga -file C:/Cascade_hydrophones/WorkspaceOMDHydrophones/Zynqware/HelloWorld/_ide/bitstream/MicroBlaze_wrapper.bit
targets -set -nocase -filter {name =~"APU*"}
loadhw -hw C:/Cascade_hydrophones/WorkspaceOMDHydrophones/Zynqware/MicroBlaze_wrapper/export/MicroBlaze_wrapper/hw/MicroBlaze_wrapper.xsa -mem-ranges [list {0x40000000 0xbfffffff}] -regs
configparams force-mem-access 1
targets -set -nocase -filter {name =~"APU*"}
source C:/Cascade_hydrophones/WorkspaceOMDHydrophones/Zynqware/HelloWorld/_ide/psinit/ps7_init.tcl
ps7_init
ps7_post_config
targets -set -nocase -filter {name =~ "*A9*#0"}
dow C:/Cascade_hydrophones/WorkspaceOMDHydrophones/Zynqware/HelloWorld/Debug/HelloWorld.elf
configparams force-mem-access 0
----------------End of Script----------------

03:31:26 INFO  : Context for processor 'ps7_cortexa9_0' is selected.
03:31:26 INFO  : 'con' command is executed.
03:31:26 INFO  : ----------------XSDB Script (After Launch)----------------
targets -set -nocase -filter {name =~ "*A9*#0"}
con
----------------End of Script----------------

03:31:26 INFO  : Disconnected from the channel tcfchan#6.
