
*** Running vivado
    with args -log HardwareXCorr_blk_mem_gen_8_0.vds -m64 -product Vivado -mode batch -messageDb vivado.pb -notrace -source HardwareXCorr_blk_mem_gen_8_0.tcl


ECHO is off.
ECHO is off.

****** Vivado v2023.1 (64-bit)
  **** SW Build 3865809 on Sun May  7 15:05:29 MDT 2023
  **** IP Build 3864474 on Sun May  7 20:36:21 MDT 2023
  **** SharedData Build 3865790 on Sun May 07 13:33:03 MDT 2023
    ** Copyright 1986-2022 Xilinx, Inc. All Rights Reserved.
    ** Copyright 2022-2023 Advanced Micro Devices, Inc. All Rights Reserved.

source HardwareXCorr_blk_mem_gen_8_0.tcl -notrace
create_project: Time (s): cpu = 00:00:06 ; elapsed = 00:00:07 . Memory (MB): peak = 454.277 ; gain = 161.301
INFO: [IP_Flow 19-6924] IPCACHE: Running cache check for IP inst: HardwareXCorr_blk_mem_gen_8_0
INFO: [IP_Flow 19-6922] IPCACHE: Exporting cached entry 936ccdef11c89aac to dir: C:/Users/JamesWilliamson/WorkspaceOMDHydrophones/Hardware/HydroProccess/HydroProccess.runs/HardwareXCorr_blk_mem_gen_8_0_synth_1
INFO: [IP_Flow 19-6928] IPCACHE: copied cached file c:/Users/JamesWilliamson/WorkspaceOMDHydrophones/Hardware/HydroProccess/HydroProccess.cache/ip/2023.1/9/3/936ccdef11c89aac/HardwareXCorr_blk_mem_gen_8_3.dcp to C:/Users/JamesWilliamson/WorkspaceOMDHydrophones/Hardware/HydroProccess/HydroProccess.runs/HardwareXCorr_blk_mem_gen_8_0_synth_1/HardwareXCorr_blk_mem_gen_8_0.dcp.
INFO: [IP_Flow 19-6928] IPCACHE: copied cached file c:/Users/JamesWilliamson/WorkspaceOMDHydrophones/Hardware/HydroProccess/HydroProccess.cache/ip/2023.1/9/3/936ccdef11c89aac/HardwareXCorr_blk_mem_gen_8_3_sim_netlist.v to C:/Users/JamesWilliamson/WorkspaceOMDHydrophones/Hardware/HydroProccess/HydroProccess.runs/HardwareXCorr_blk_mem_gen_8_0_synth_1/HardwareXCorr_blk_mem_gen_8_0_sim_netlist.v.
INFO: [IP_Flow 19-6928] IPCACHE: copied cached file c:/Users/JamesWilliamson/WorkspaceOMDHydrophones/Hardware/HydroProccess/HydroProccess.cache/ip/2023.1/9/3/936ccdef11c89aac/HardwareXCorr_blk_mem_gen_8_3_sim_netlist.vhdl to C:/Users/JamesWilliamson/WorkspaceOMDHydrophones/Hardware/HydroProccess/HydroProccess.runs/HardwareXCorr_blk_mem_gen_8_0_synth_1/HardwareXCorr_blk_mem_gen_8_0_sim_netlist.vhdl.
INFO: [IP_Flow 19-6928] IPCACHE: copied cached file c:/Users/JamesWilliamson/WorkspaceOMDHydrophones/Hardware/HydroProccess/HydroProccess.cache/ip/2023.1/9/3/936ccdef11c89aac/HardwareXCorr_blk_mem_gen_8_3_stub.v to C:/Users/JamesWilliamson/WorkspaceOMDHydrophones/Hardware/HydroProccess/HydroProccess.runs/HardwareXCorr_blk_mem_gen_8_0_synth_1/HardwareXCorr_blk_mem_gen_8_0_stub.v.
INFO: [IP_Flow 19-6928] IPCACHE: copied cached file c:/Users/JamesWilliamson/WorkspaceOMDHydrophones/Hardware/HydroProccess/HydroProccess.cache/ip/2023.1/9/3/936ccdef11c89aac/HardwareXCorr_blk_mem_gen_8_3_stub.vhdl to C:/Users/JamesWilliamson/WorkspaceOMDHydrophones/Hardware/HydroProccess/HydroProccess.runs/HardwareXCorr_blk_mem_gen_8_0_synth_1/HardwareXCorr_blk_mem_gen_8_0_stub.vhdl.
INFO: [IP_Flow 19-4838] Using cached IP synthesis design for IP HardwareXCorr_blk_mem_gen_8_0, cache-ID = 936ccdef11c89aac.
INFO: [Common 17-206] Exiting Vivado at Thu Sep 12 18:33:26 2024...
