
*** Running vivado
    with args -log HydroDSP_blk_mem_gen_0_4.vds -m64 -product Vivado -mode batch -messageDb vivado.pb -notrace -source HydroDSP_blk_mem_gen_0_4.tcl


ECHO is off.
ECHO is off.

****** Vivado v2023.1 (64-bit)
  **** SW Build 3865809 on Sun May  7 15:05:29 MDT 2023
  **** IP Build 3864474 on Sun May  7 20:36:21 MDT 2023
  **** SharedData Build 3865790 on Sun May 07 13:33:03 MDT 2023
    ** Copyright 1986-2022 Xilinx, Inc. All Rights Reserved.
    ** Copyright 2022-2023 Advanced Micro Devices, Inc. All Rights Reserved.

source HydroDSP_blk_mem_gen_0_4.tcl -notrace
create_project: Time (s): cpu = 00:00:09 ; elapsed = 00:00:10 . Memory (MB): peak = 454.578 ; gain = 157.305
INFO: [IP_Flow 19-6924] IPCACHE: Running cache check for IP inst: HydroDSP_blk_mem_gen_0_4
INFO: [IP_Flow 19-6922] IPCACHE: Exporting cached entry f7d0585bfbf80068 to dir: C:/Users/JamesWilliamson/Cascade_hydrophones/Hardware/XCORR/XCORR.runs/HydroDSP_blk_mem_gen_0_4_synth_1
INFO: [IP_Flow 19-6928] IPCACHE: copied cached file c:/Users/JamesWilliamson/Cascade_hydrophones/Hardware/XCORR/XCORR.cache/ip/2023.1/f/7/f7d0585bfbf80068/HydroDSP_blk_mem_gen_0_1.dcp to C:/Users/JamesWilliamson/Cascade_hydrophones/Hardware/XCORR/XCORR.runs/HydroDSP_blk_mem_gen_0_4_synth_1/HydroDSP_blk_mem_gen_0_4.dcp.
INFO: [IP_Flow 19-6928] IPCACHE: copied cached file c:/Users/JamesWilliamson/Cascade_hydrophones/Hardware/XCORR/XCORR.cache/ip/2023.1/f/7/f7d0585bfbf80068/HydroDSP_blk_mem_gen_0_1_sim_netlist.v to C:/Users/JamesWilliamson/Cascade_hydrophones/Hardware/XCORR/XCORR.runs/HydroDSP_blk_mem_gen_0_4_synth_1/HydroDSP_blk_mem_gen_0_4_sim_netlist.v.
INFO: [IP_Flow 19-6928] IPCACHE: copied cached file c:/Users/JamesWilliamson/Cascade_hydrophones/Hardware/XCORR/XCORR.cache/ip/2023.1/f/7/f7d0585bfbf80068/HydroDSP_blk_mem_gen_0_1_sim_netlist.vhdl to C:/Users/JamesWilliamson/Cascade_hydrophones/Hardware/XCORR/XCORR.runs/HydroDSP_blk_mem_gen_0_4_synth_1/HydroDSP_blk_mem_gen_0_4_sim_netlist.vhdl.
INFO: [IP_Flow 19-6928] IPCACHE: copied cached file c:/Users/JamesWilliamson/Cascade_hydrophones/Hardware/XCORR/XCORR.cache/ip/2023.1/f/7/f7d0585bfbf80068/HydroDSP_blk_mem_gen_0_1_stub.v to C:/Users/JamesWilliamson/Cascade_hydrophones/Hardware/XCORR/XCORR.runs/HydroDSP_blk_mem_gen_0_4_synth_1/HydroDSP_blk_mem_gen_0_4_stub.v.
INFO: [IP_Flow 19-6928] IPCACHE: copied cached file c:/Users/JamesWilliamson/Cascade_hydrophones/Hardware/XCORR/XCORR.cache/ip/2023.1/f/7/f7d0585bfbf80068/HydroDSP_blk_mem_gen_0_1_stub.vhdl to C:/Users/JamesWilliamson/Cascade_hydrophones/Hardware/XCORR/XCORR.runs/HydroDSP_blk_mem_gen_0_4_synth_1/HydroDSP_blk_mem_gen_0_4_stub.vhdl.
INFO: [IP_Flow 19-4838] Using cached IP synthesis design for IP HydroDSP_blk_mem_gen_0_4, cache-ID = f7d0585bfbf80068.
INFO: [Common 17-206] Exiting Vivado at Sun Sep  1 04:42:24 2024...
