
*** Running vivado
    with args -log MicroBlaze_blk_mem_gen_0_1.vds -m64 -product Vivado -mode batch -messageDb vivado.pb -notrace -source MicroBlaze_blk_mem_gen_0_1.tcl



****** Vivado v2024.2 (64-bit)
  **** SW Build 5239630 on Fri Nov 08 22:35:27 MST 2024
  **** IP Build 5239520 on Sun Nov 10 16:12:51 MST 2024
  **** SharedData Build 5239561 on Fri Nov 08 14:39:27 MST 2024
  **** Start of session at: Mon Jan 20 02:21:39 2025
    ** Copyright 1986-2022 Xilinx, Inc. All Rights Reserved.
    ** Copyright 2022-2024 Advanced Micro Devices, Inc. All Rights Reserved.

source MicroBlaze_blk_mem_gen_0_1.tcl -notrace
INFO: [IP_Flow 19-6924] IPCACHE: Running cache check for IP inst: MicroBlaze_blk_mem_gen_0_1
Command: synth_design -top MicroBlaze_blk_mem_gen_0_1 -part xc7z010clg400-1 -incremental_mode off -mode out_of_context
Starting synth_design
Attempting to get a license for feature 'Synthesis' and/or device 'xc7z010'
INFO: [Common 17-349] Got license for feature 'Synthesis' and/or device 'xc7z010'
INFO: [Device 21-403] Loading part xc7z010clg400-1
INFO: [Synth 8-7079] Multithreading enabled for synth_design using a maximum of 2 processes.
INFO: [Synth 8-7078] Launching helper process for spawning children vivado processes
INFO: [Synth 8-7075] Helper process launched with PID 14460
---------------------------------------------------------------------------------
Starting RTL Elaboration : Time (s): cpu = 00:00:06 ; elapsed = 00:00:14 . Memory (MB): peak = 1059.145 ; gain = 466.754
---------------------------------------------------------------------------------
INFO: [Synth 8-638] synthesizing module 'MicroBlaze_blk_mem_gen_0_1' [c:/Cascade_hydrophones/WorkspaceOMDHydrophones/Hardware/HydroProccess/HydroProccess.gen/sources_1/bd/MicroBlaze/ip/MicroBlaze_blk_mem_gen_0_1/synth/MicroBlaze_blk_mem_gen_0_1.vhd:74]
	Parameter C_FAMILY bound to: zynq - type: string 
	Parameter C_XDEVICEFAMILY bound to: zynq - type: string 
	Parameter C_ELABORATION_DIR bound to: ./ - type: string 
	Parameter C_INTERFACE_TYPE bound to: 0 - type: integer 
	Parameter C_AXI_TYPE bound to: 1 - type: integer 
	Parameter C_AXI_SLAVE_TYPE bound to: 0 - type: integer 
	Parameter C_USE_BRAM_BLOCK bound to: 0 - type: integer 
	Parameter C_ENABLE_32BIT_ADDRESS bound to: 0 - type: integer 
	Parameter C_CTRL_ECC_ALGO bound to: NONE - type: string 
	Parameter C_HAS_AXI_ID bound to: 0 - type: integer 
	Parameter C_AXI_ID_WIDTH bound to: 4 - type: integer 
	Parameter C_MEM_TYPE bound to: 2 - type: integer 
	Parameter C_BYTE_SIZE bound to: 9 - type: integer 
	Parameter C_ALGORITHM bound to: 1 - type: integer 
	Parameter C_PRIM_TYPE bound to: 1 - type: integer 
	Parameter C_LOAD_INIT_FILE bound to: 0 - type: integer 
	Parameter C_INIT_FILE_NAME bound to: no_coe_file_loaded - type: string 
	Parameter C_INIT_FILE bound to: NONE - type: string 
	Parameter C_USE_DEFAULT_DATA bound to: 0 - type: integer 
	Parameter C_DEFAULT_DATA bound to: 0 - type: string 
	Parameter C_HAS_RSTA bound to: 0 - type: integer 
	Parameter C_RST_PRIORITY_A bound to: CE - type: string 
	Parameter C_RSTRAM_A bound to: 0 - type: integer 
	Parameter C_INITA_VAL bound to: 0 - type: string 
	Parameter C_HAS_ENA bound to: 0 - type: integer 
	Parameter C_HAS_REGCEA bound to: 0 - type: integer 
	Parameter C_USE_BYTE_WEA bound to: 0 - type: integer 
	Parameter C_WEA_WIDTH bound to: 1 - type: integer 
	Parameter C_WRITE_MODE_A bound to: WRITE_FIRST - type: string 
	Parameter C_WRITE_WIDTH_A bound to: 32 - type: integer 
	Parameter C_READ_WIDTH_A bound to: 32 - type: integer 
	Parameter C_WRITE_DEPTH_A bound to: 4001 - type: integer 
	Parameter C_READ_DEPTH_A bound to: 4001 - type: integer 
	Parameter C_ADDRA_WIDTH bound to: 12 - type: integer 
	Parameter C_HAS_RSTB bound to: 0 - type: integer 
	Parameter C_RST_PRIORITY_B bound to: CE - type: string 
	Parameter C_RSTRAM_B bound to: 0 - type: integer 
	Parameter C_INITB_VAL bound to: 0 - type: string 
	Parameter C_HAS_ENB bound to: 0 - type: integer 
	Parameter C_HAS_REGCEB bound to: 0 - type: integer 
	Parameter C_USE_BYTE_WEB bound to: 0 - type: integer 
	Parameter C_WEB_WIDTH bound to: 1 - type: integer 
	Parameter C_WRITE_MODE_B bound to: WRITE_FIRST - type: string 
	Parameter C_WRITE_WIDTH_B bound to: 32 - type: integer 
	Parameter C_READ_WIDTH_B bound to: 32 - type: integer 
	Parameter C_WRITE_DEPTH_B bound to: 4001 - type: integer 
	Parameter C_READ_DEPTH_B bound to: 4001 - type: integer 
	Parameter C_ADDRB_WIDTH bound to: 12 - type: integer 
	Parameter C_HAS_MEM_OUTPUT_REGS_A bound to: 1 - type: integer 
	Parameter C_HAS_MEM_OUTPUT_REGS_B bound to: 1 - type: integer 
	Parameter C_HAS_MUX_OUTPUT_REGS_A bound to: 0 - type: integer 
	Parameter C_HAS_MUX_OUTPUT_REGS_B bound to: 0 - type: integer 
	Parameter C_MUX_PIPELINE_STAGES bound to: 0 - type: integer 
	Parameter C_HAS_SOFTECC_INPUT_REGS_A bound to: 0 - type: integer 
	Parameter C_HAS_SOFTECC_OUTPUT_REGS_B bound to: 0 - type: integer 
	Parameter C_USE_SOFTECC bound to: 0 - type: integer 
	Parameter C_USE_ECC bound to: 0 - type: integer 
	Parameter C_EN_ECC_PIPE bound to: 0 - type: integer 
	Parameter C_READ_LATENCY_A bound to: 1 - type: integer 
	Parameter C_READ_LATENCY_B bound to: 1 - type: integer 
	Parameter C_HAS_INJECTERR bound to: 0 - type: integer 
	Parameter C_SIM_COLLISION_CHECK bound to: ALL - type: string 
	Parameter C_COMMON_CLK bound to: 1 - type: integer 
	Parameter C_DISABLE_WARN_BHV_COLL bound to: 0 - type: integer 
	Parameter C_EN_SLEEP_PIN bound to: 0 - type: integer 
	Parameter C_USE_URAM bound to: 0 - type: integer 
	Parameter C_EN_RDADDRA_CHG bound to: 0 - type: integer 
	Parameter C_EN_RDADDRB_CHG bound to: 0 - type: integer 
	Parameter C_EN_DEEPSLEEP_PIN bound to: 0 - type: integer 
	Parameter C_EN_SHUTDOWN_PIN bound to: 0 - type: integer 
	Parameter C_EN_SAFETY_CKT bound to: 0 - type: integer 
	Parameter C_DISABLE_WARN_BHV_RANGE bound to: 0 - type: integer 
	Parameter C_COUNT_36K_BRAM bound to: 4 - type: string 
	Parameter C_COUNT_18K_BRAM bound to: 0 - type: string 
	Parameter C_EST_POWER_SUMMARY bound to: Estimated Power for IP     :     20.285598 mW - type: string 
INFO: [Synth 8-3491] module 'blk_mem_gen_v8_4_9' declared at 'c:/Cascade_hydrophones/WorkspaceOMDHydrophones/Hardware/HydroProccess/HydroProccess.gen/sources_1/bd/MicroBlaze/ipshared/5ec1/hdl/blk_mem_gen_v8_4_vhsyn_rfs.vhd:195208' bound to instance 'U0' of component 'blk_mem_gen_v8_4_9' [c:/Cascade_hydrophones/WorkspaceOMDHydrophones/Hardware/HydroProccess/HydroProccess.gen/sources_1/bd/MicroBlaze/ip/MicroBlaze_blk_mem_gen_0_1/synth/MicroBlaze_blk_mem_gen_0_1.vhd:248]
INFO: [Synth 8-256] done synthesizing module 'MicroBlaze_blk_mem_gen_0_1' (0#1) [c:/Cascade_hydrophones/WorkspaceOMDHydrophones/Hardware/HydroProccess/HydroProccess.gen/sources_1/bd/MicroBlaze/ip/MicroBlaze_blk_mem_gen_0_1/synth/MicroBlaze_blk_mem_gen_0_1.vhd:74]
WARNING: [Synth 8-7129] Port CLKB in module blk_mem_output_block is either unconnected or has no load
WARNING: [Synth 8-7129] Port SBITERR_I in module blk_mem_output_block is either unconnected or has no load
WARNING: [Synth 8-7129] Port DBITERR_I in module blk_mem_output_block is either unconnected or has no load
WARNING: [Synth 8-7129] Port RDADDRECC_I[11] in module blk_mem_output_block is either unconnected or has no load
WARNING: [Synth 8-7129] Port RDADDRECC_I[10] in module blk_mem_output_block is either unconnected or has no load
WARNING: [Synth 8-7129] Port RDADDRECC_I[9] in module blk_mem_output_block is either unconnected or has no load
WARNING: [Synth 8-7129] Port RDADDRECC_I[8] in module blk_mem_output_block is either unconnected or has no load
WARNING: [Synth 8-7129] Port RDADDRECC_I[7] in module blk_mem_output_block is either unconnected or has no load
WARNING: [Synth 8-7129] Port RDADDRECC_I[6] in module blk_mem_output_block is either unconnected or has no load
WARNING: [Synth 8-7129] Port RDADDRECC_I[5] in module blk_mem_output_block is either unconnected or has no load
WARNING: [Synth 8-7129] Port RDADDRECC_I[4] in module blk_mem_output_block is either unconnected or has no load
WARNING: [Synth 8-7129] Port RDADDRECC_I[3] in module blk_mem_output_block is either unconnected or has no load
WARNING: [Synth 8-7129] Port RDADDRECC_I[2] in module blk_mem_output_block is either unconnected or has no load
WARNING: [Synth 8-7129] Port RDADDRECC_I[1] in module blk_mem_output_block is either unconnected or has no load
WARNING: [Synth 8-7129] Port RDADDRECC_I[0] in module blk_mem_output_block is either unconnected or has no load
WARNING: [Synth 8-7129] Port SBITERR in module blk_mem_gen_prim_wrapper__parameterized2 is either unconnected or has no load
WARNING: [Synth 8-7129] Port DBITERR in module blk_mem_gen_prim_wrapper__parameterized2 is either unconnected or has no load
WARNING: [Synth 8-7129] Port SSRA in module blk_mem_gen_prim_wrapper__parameterized2 is either unconnected or has no load
WARNING: [Synth 8-7129] Port SSRB in module blk_mem_gen_prim_wrapper__parameterized2 is either unconnected or has no load
WARNING: [Synth 8-7129] Port SLEEP in module blk_mem_gen_prim_wrapper__parameterized2 is either unconnected or has no load
WARNING: [Synth 8-7129] Port INJECTSBITERR in module blk_mem_gen_prim_wrapper__parameterized2 is either unconnected or has no load
WARNING: [Synth 8-7129] Port INJECTDBITERR in module blk_mem_gen_prim_wrapper__parameterized2 is either unconnected or has no load
WARNING: [Synth 8-7129] Port ECCPIPECE in module blk_mem_gen_prim_wrapper__parameterized2 is either unconnected or has no load
WARNING: [Synth 8-7129] Port SBITERR in module blk_mem_gen_prim_wrapper__parameterized1 is either unconnected or has no load
WARNING: [Synth 8-7129] Port DBITERR in module blk_mem_gen_prim_wrapper__parameterized1 is either unconnected or has no load
WARNING: [Synth 8-7129] Port SSRA in module blk_mem_gen_prim_wrapper__parameterized1 is either unconnected or has no load
WARNING: [Synth 8-7129] Port SSRB in module blk_mem_gen_prim_wrapper__parameterized1 is either unconnected or has no load
WARNING: [Synth 8-7129] Port SLEEP in module blk_mem_gen_prim_wrapper__parameterized1 is either unconnected or has no load
WARNING: [Synth 8-7129] Port INJECTSBITERR in module blk_mem_gen_prim_wrapper__parameterized1 is either unconnected or has no load
WARNING: [Synth 8-7129] Port INJECTDBITERR in module blk_mem_gen_prim_wrapper__parameterized1 is either unconnected or has no load
WARNING: [Synth 8-7129] Port ECCPIPECE in module blk_mem_gen_prim_wrapper__parameterized1 is either unconnected or has no load
WARNING: [Synth 8-7129] Port SBITERR in module blk_mem_gen_prim_wrapper__parameterized0 is either unconnected or has no load
WARNING: [Synth 8-7129] Port DBITERR in module blk_mem_gen_prim_wrapper__parameterized0 is either unconnected or has no load
WARNING: [Synth 8-7129] Port SSRA in module blk_mem_gen_prim_wrapper__parameterized0 is either unconnected or has no load
WARNING: [Synth 8-7129] Port SSRB in module blk_mem_gen_prim_wrapper__parameterized0 is either unconnected or has no load
WARNING: [Synth 8-7129] Port SLEEP in module blk_mem_gen_prim_wrapper__parameterized0 is either unconnected or has no load
WARNING: [Synth 8-7129] Port INJECTSBITERR in module blk_mem_gen_prim_wrapper__parameterized0 is either unconnected or has no load
WARNING: [Synth 8-7129] Port INJECTDBITERR in module blk_mem_gen_prim_wrapper__parameterized0 is either unconnected or has no load
WARNING: [Synth 8-7129] Port ECCPIPECE in module blk_mem_gen_prim_wrapper__parameterized0 is either unconnected or has no load
WARNING: [Synth 8-7129] Port SBITERR in module blk_mem_gen_prim_wrapper is either unconnected or has no load
WARNING: [Synth 8-7129] Port DBITERR in module blk_mem_gen_prim_wrapper is either unconnected or has no load
WARNING: [Synth 8-7129] Port SSRA in module blk_mem_gen_prim_wrapper is either unconnected or has no load
WARNING: [Synth 8-7129] Port SSRB in module blk_mem_gen_prim_wrapper is either unconnected or has no load
WARNING: [Synth 8-7129] Port SLEEP in module blk_mem_gen_prim_wrapper is either unconnected or has no load
WARNING: [Synth 8-7129] Port INJECTSBITERR in module blk_mem_gen_prim_wrapper is either unconnected or has no load
WARNING: [Synth 8-7129] Port INJECTDBITERR in module blk_mem_gen_prim_wrapper is either unconnected or has no load
WARNING: [Synth 8-7129] Port ECCPIPECE in module blk_mem_gen_prim_wrapper is either unconnected or has no load
WARNING: [Synth 8-7129] Port RSTA[0] in module blk_mem_gen_generic_cstr is either unconnected or has no load
WARNING: [Synth 8-7129] Port WEA[3] in module blk_mem_gen_generic_cstr is either unconnected or has no load
WARNING: [Synth 8-7129] Port WEA[2] in module blk_mem_gen_generic_cstr is either unconnected or has no load
WARNING: [Synth 8-7129] Port WEA[1] in module blk_mem_gen_generic_cstr is either unconnected or has no load
WARNING: [Synth 8-7129] Port RSTB[0] in module blk_mem_gen_generic_cstr is either unconnected or has no load
WARNING: [Synth 8-7129] Port WEB[3] in module blk_mem_gen_generic_cstr is either unconnected or has no load
WARNING: [Synth 8-7129] Port WEB[2] in module blk_mem_gen_generic_cstr is either unconnected or has no load
WARNING: [Synth 8-7129] Port WEB[1] in module blk_mem_gen_generic_cstr is either unconnected or has no load
WARNING: [Synth 8-7129] Port INJECTSBITERR in module blk_mem_gen_generic_cstr is either unconnected or has no load
WARNING: [Synth 8-7129] Port INJECTDBITERR in module blk_mem_gen_generic_cstr is either unconnected or has no load
WARNING: [Synth 8-7129] Port RSTA in module blk_mem_input_block is either unconnected or has no load
WARNING: [Synth 8-7129] Port ENA in module blk_mem_input_block is either unconnected or has no load
WARNING: [Synth 8-7129] Port REGCEA in module blk_mem_input_block is either unconnected or has no load
WARNING: [Synth 8-7129] Port RSTB in module blk_mem_input_block is either unconnected or has no load
WARNING: [Synth 8-7129] Port ENB in module blk_mem_input_block is either unconnected or has no load
WARNING: [Synth 8-7129] Port REGCEB in module blk_mem_input_block is either unconnected or has no load
WARNING: [Synth 8-7129] Port INJECTDBITERR in module blk_mem_input_block is either unconnected or has no load
WARNING: [Synth 8-7129] Port INJECTSBITERR in module blk_mem_input_block is either unconnected or has no load
WARNING: [Synth 8-7129] Port CLKB in module blk_mem_gen_v8_4_9_synth is either unconnected or has no load
WARNING: [Synth 8-7129] Port S_AClk in module blk_mem_gen_v8_4_9_synth is either unconnected or has no load
WARNING: [Synth 8-7129] Port S_ARESETN in module blk_mem_gen_v8_4_9_synth is either unconnected or has no load
WARNING: [Synth 8-7129] Port S_AXI_AWID[3] in module blk_mem_gen_v8_4_9_synth is either unconnected or has no load
WARNING: [Synth 8-7129] Port S_AXI_AWID[2] in module blk_mem_gen_v8_4_9_synth is either unconnected or has no load
WARNING: [Synth 8-7129] Port S_AXI_AWID[1] in module blk_mem_gen_v8_4_9_synth is either unconnected or has no load
WARNING: [Synth 8-7129] Port S_AXI_AWID[0] in module blk_mem_gen_v8_4_9_synth is either unconnected or has no load
WARNING: [Synth 8-7129] Port S_AXI_AWADDR[31] in module blk_mem_gen_v8_4_9_synth is either unconnected or has no load
WARNING: [Synth 8-7129] Port S_AXI_AWADDR[30] in module blk_mem_gen_v8_4_9_synth is either unconnected or has no load
WARNING: [Synth 8-7129] Port S_AXI_AWADDR[29] in module blk_mem_gen_v8_4_9_synth is either unconnected or has no load
WARNING: [Synth 8-7129] Port S_AXI_AWADDR[28] in module blk_mem_gen_v8_4_9_synth is either unconnected or has no load
WARNING: [Synth 8-7129] Port S_AXI_AWADDR[27] in module blk_mem_gen_v8_4_9_synth is either unconnected or has no load
WARNING: [Synth 8-7129] Port S_AXI_AWADDR[26] in module blk_mem_gen_v8_4_9_synth is either unconnected or has no load
WARNING: [Synth 8-7129] Port S_AXI_AWADDR[25] in module blk_mem_gen_v8_4_9_synth is either unconnected or has no load
WARNING: [Synth 8-7129] Port S_AXI_AWADDR[24] in module blk_mem_gen_v8_4_9_synth is either unconnected or has no load
WARNING: [Synth 8-7129] Port S_AXI_AWADDR[23] in module blk_mem_gen_v8_4_9_synth is either unconnected or has no load
WARNING: [Synth 8-7129] Port S_AXI_AWADDR[22] in module blk_mem_gen_v8_4_9_synth is either unconnected or has no load
WARNING: [Synth 8-7129] Port S_AXI_AWADDR[21] in module blk_mem_gen_v8_4_9_synth is either unconnected or has no load
WARNING: [Synth 8-7129] Port S_AXI_AWADDR[20] in module blk_mem_gen_v8_4_9_synth is either unconnected or has no load
WARNING: [Synth 8-7129] Port S_AXI_AWADDR[19] in module blk_mem_gen_v8_4_9_synth is either unconnected or has no load
WARNING: [Synth 8-7129] Port S_AXI_AWADDR[18] in module blk_mem_gen_v8_4_9_synth is either unconnected or has no load
WARNING: [Synth 8-7129] Port S_AXI_AWADDR[17] in module blk_mem_gen_v8_4_9_synth is either unconnected or has no load
WARNING: [Synth 8-7129] Port S_AXI_AWADDR[16] in module blk_mem_gen_v8_4_9_synth is either unconnected or has no load
WARNING: [Synth 8-7129] Port S_AXI_AWADDR[15] in module blk_mem_gen_v8_4_9_synth is either unconnected or has no load
WARNING: [Synth 8-7129] Port S_AXI_AWADDR[14] in module blk_mem_gen_v8_4_9_synth is either unconnected or has no load
WARNING: [Synth 8-7129] Port S_AXI_AWADDR[13] in module blk_mem_gen_v8_4_9_synth is either unconnected or has no load
WARNING: [Synth 8-7129] Port S_AXI_AWADDR[12] in module blk_mem_gen_v8_4_9_synth is either unconnected or has no load
WARNING: [Synth 8-7129] Port S_AXI_AWADDR[11] in module blk_mem_gen_v8_4_9_synth is either unconnected or has no load
WARNING: [Synth 8-7129] Port S_AXI_AWADDR[10] in module blk_mem_gen_v8_4_9_synth is either unconnected or has no load
WARNING: [Synth 8-7129] Port S_AXI_AWADDR[9] in module blk_mem_gen_v8_4_9_synth is either unconnected or has no load
WARNING: [Synth 8-7129] Port S_AXI_AWADDR[8] in module blk_mem_gen_v8_4_9_synth is either unconnected or has no load
WARNING: [Synth 8-7129] Port S_AXI_AWADDR[7] in module blk_mem_gen_v8_4_9_synth is either unconnected or has no load
WARNING: [Synth 8-7129] Port S_AXI_AWADDR[6] in module blk_mem_gen_v8_4_9_synth is either unconnected or has no load
WARNING: [Synth 8-7129] Port S_AXI_AWADDR[5] in module blk_mem_gen_v8_4_9_synth is either unconnected or has no load
WARNING: [Synth 8-7129] Port S_AXI_AWADDR[4] in module blk_mem_gen_v8_4_9_synth is either unconnected or has no load
INFO: [Common 17-14] Message 'Synth 8-7129' appears 100 times and further instances of the messages will be disabled. Use the Tcl command set_msg_config to change the current settings.
---------------------------------------------------------------------------------
Finished RTL Elaboration : Time (s): cpu = 00:00:12 ; elapsed = 00:00:25 . Memory (MB): peak = 1421.703 ; gain = 829.312
---------------------------------------------------------------------------------
---------------------------------------------------------------------------------
Start Handling Custom Attributes
---------------------------------------------------------------------------------
---------------------------------------------------------------------------------
Finished Handling Custom Attributes : Time (s): cpu = 00:00:12 ; elapsed = 00:00:25 . Memory (MB): peak = 1421.703 ; gain = 829.312
---------------------------------------------------------------------------------
---------------------------------------------------------------------------------
Finished RTL Optimization Phase 1 : Time (s): cpu = 00:00:12 ; elapsed = 00:00:25 . Memory (MB): peak = 1421.703 ; gain = 829.312
---------------------------------------------------------------------------------
Netlist sorting complete. Time (s): cpu = 00:00:00 ; elapsed = 00:00:00.014 . Memory (MB): peak = 1421.703 ; gain = 0.000
INFO: [Netlist 29-17] Analyzing 4 Unisim elements for replacement
INFO: [Netlist 29-28] Unisim Transformation completed in 0 CPU seconds
INFO: [Project 1-570] Preparing netlist for logic optimization

Processing XDC Constraints
Initializing timing engine
Parsing XDC File [c:/Cascade_hydrophones/WorkspaceOMDHydrophones/Hardware/HydroProccess/HydroProccess.gen/sources_1/bd/MicroBlaze/ip/MicroBlaze_blk_mem_gen_0_1/MicroBlaze_blk_mem_gen_0_1_ooc.xdc] for cell 'U0'
Finished Parsing XDC File [c:/Cascade_hydrophones/WorkspaceOMDHydrophones/Hardware/HydroProccess/HydroProccess.gen/sources_1/bd/MicroBlaze/ip/MicroBlaze_blk_mem_gen_0_1/MicroBlaze_blk_mem_gen_0_1_ooc.xdc] for cell 'U0'
Parsing XDC File [C:/Cascade_hydrophones/WorkspaceOMDHydrophones/Hardware/HydroProccess/HydroProccess.runs/MicroBlaze_blk_mem_gen_0_1_synth_1/dont_touch.xdc]
Finished Parsing XDC File [C:/Cascade_hydrophones/WorkspaceOMDHydrophones/Hardware/HydroProccess/HydroProccess.runs/MicroBlaze_blk_mem_gen_0_1_synth_1/dont_touch.xdc]
Completed Processing XDC Constraints

Netlist sorting complete. Time (s): cpu = 00:00:00 ; elapsed = 00:00:00 . Memory (MB): peak = 1421.703 ; gain = 0.000
INFO: [Project 1-111] Unisim Transformation Summary:
No Unisim elements were transformed.

Constraint Validation Runtime : Time (s): cpu = 00:00:00 ; elapsed = 00:00:00.041 . Memory (MB): peak = 1421.703 ; gain = 0.000
INFO: [Designutils 20-5008] Incremental synthesis strategy off
---------------------------------------------------------------------------------
Finished Constraint Validation : Time (s): cpu = 00:00:17 ; elapsed = 00:00:37 . Memory (MB): peak = 1421.703 ; gain = 829.312
---------------------------------------------------------------------------------
---------------------------------------------------------------------------------
Start Loading Part and Timing Information
---------------------------------------------------------------------------------
Loading part: xc7z010clg400-1
---------------------------------------------------------------------------------
Finished Loading Part and Timing Information : Time (s): cpu = 00:00:17 ; elapsed = 00:00:37 . Memory (MB): peak = 1421.703 ; gain = 829.312
---------------------------------------------------------------------------------
---------------------------------------------------------------------------------
Start Applying 'set_property' XDC Constraints
---------------------------------------------------------------------------------
Applied set_property KEEP_HIERARCHY = SOFT for U0. (constraint file  C:/Cascade_hydrophones/WorkspaceOMDHydrophones/Hardware/HydroProccess/HydroProccess.runs/MicroBlaze_blk_mem_gen_0_1_synth_1/dont_touch.xdc, line 9).
---------------------------------------------------------------------------------
Finished applying 'set_property' XDC Constraints : Time (s): cpu = 00:00:17 ; elapsed = 00:00:37 . Memory (MB): peak = 1421.703 ; gain = 829.312
---------------------------------------------------------------------------------
---------------------------------------------------------------------------------
Finished RTL Optimization Phase 2 : Time (s): cpu = 00:00:17 ; elapsed = 00:00:37 . Memory (MB): peak = 1421.703 ; gain = 829.312
---------------------------------------------------------------------------------
---------------------------------------------------------------------------------
Start RTL Component Statistics 
---------------------------------------------------------------------------------
Detailed RTL Component Info : 
---------------------------------------------------------------------------------
Finished RTL Component Statistics 
---------------------------------------------------------------------------------
---------------------------------------------------------------------------------
Start Part Resource Summary
---------------------------------------------------------------------------------
Part Resources:
DSPs: 80 (col length:40)
BRAMs: 120 (col length: RAMB18 40 RAMB36 20)
---------------------------------------------------------------------------------
Finished Part Resource Summary
---------------------------------------------------------------------------------
---------------------------------------------------------------------------------
Start Cross Boundary and Area Optimization
---------------------------------------------------------------------------------
WARNING: [Synth 8-7080] Parallel synthesis criteria is not met
---------------------------------------------------------------------------------
Finished Cross Boundary and Area Optimization : Time (s): cpu = 00:00:17 ; elapsed = 00:00:40 . Memory (MB): peak = 1421.703 ; gain = 829.312
---------------------------------------------------------------------------------
---------------------------------------------------------------------------------
Start Applying XDC Timing Constraints
---------------------------------------------------------------------------------
---------------------------------------------------------------------------------
Finished Applying XDC Timing Constraints : Time (s): cpu = 00:00:19 ; elapsed = 00:00:49 . Memory (MB): peak = 1421.703 ; gain = 829.312
---------------------------------------------------------------------------------
---------------------------------------------------------------------------------
Start Timing Optimization
---------------------------------------------------------------------------------
---------------------------------------------------------------------------------
Finished Timing Optimization : Time (s): cpu = 00:00:19 ; elapsed = 00:00:49 . Memory (MB): peak = 1421.703 ; gain = 829.312
---------------------------------------------------------------------------------
---------------------------------------------------------------------------------
Start Technology Mapping
---------------------------------------------------------------------------------
---------------------------------------------------------------------------------
Finished Technology Mapping : Time (s): cpu = 00:00:19 ; elapsed = 00:00:49 . Memory (MB): peak = 1421.703 ; gain = 829.312
---------------------------------------------------------------------------------
---------------------------------------------------------------------------------
Start IO Insertion
---------------------------------------------------------------------------------
---------------------------------------------------------------------------------
Start Flattening Before IO Insertion
---------------------------------------------------------------------------------
---------------------------------------------------------------------------------
Finished Flattening Before IO Insertion
---------------------------------------------------------------------------------
---------------------------------------------------------------------------------
Start Final Netlist Cleanup
---------------------------------------------------------------------------------
---------------------------------------------------------------------------------
Finished Final Netlist Cleanup
---------------------------------------------------------------------------------
---------------------------------------------------------------------------------
Finished IO Insertion : Time (s): cpu = 00:00:21 ; elapsed = 00:00:53 . Memory (MB): peak = 1602.270 ; gain = 1009.879
---------------------------------------------------------------------------------
---------------------------------------------------------------------------------
Start Renaming Generated Instances
---------------------------------------------------------------------------------
---------------------------------------------------------------------------------
Finished Renaming Generated Instances : Time (s): cpu = 00:00:21 ; elapsed = 00:00:53 . Memory (MB): peak = 1602.270 ; gain = 1009.879
---------------------------------------------------------------------------------
---------------------------------------------------------------------------------
Start Rebuilding User Hierarchy
---------------------------------------------------------------------------------
---------------------------------------------------------------------------------
Finished Rebuilding User Hierarchy : Time (s): cpu = 00:00:21 ; elapsed = 00:00:53 . Memory (MB): peak = 1602.270 ; gain = 1009.879
---------------------------------------------------------------------------------
---------------------------------------------------------------------------------
Start Renaming Generated Ports
---------------------------------------------------------------------------------
---------------------------------------------------------------------------------
Finished Renaming Generated Ports : Time (s): cpu = 00:00:21 ; elapsed = 00:00:53 . Memory (MB): peak = 1602.270 ; gain = 1009.879
---------------------------------------------------------------------------------
---------------------------------------------------------------------------------
Start Handling Custom Attributes
---------------------------------------------------------------------------------
---------------------------------------------------------------------------------
Finished Handling Custom Attributes : Time (s): cpu = 00:00:21 ; elapsed = 00:00:53 . Memory (MB): peak = 1602.270 ; gain = 1009.879
---------------------------------------------------------------------------------
---------------------------------------------------------------------------------
Start Renaming Generated Nets
---------------------------------------------------------------------------------
---------------------------------------------------------------------------------
Finished Renaming Generated Nets : Time (s): cpu = 00:00:21 ; elapsed = 00:00:53 . Memory (MB): peak = 1602.270 ; gain = 1009.879
---------------------------------------------------------------------------------
---------------------------------------------------------------------------------
Start Writing Synthesis Report
---------------------------------------------------------------------------------

Report BlackBoxes: 
+-+--------------+----------+
| |BlackBox name |Instances |
+-+--------------+----------+
+-+--------------+----------+

Report Cell Usage: 
+------+---------+------+
|      |Cell     |Count |
+------+---------+------+
|1     |RAMB36E1 |     4|
+------+---------+------+
---------------------------------------------------------------------------------
Finished Writing Synthesis Report : Time (s): cpu = 00:00:21 ; elapsed = 00:00:53 . Memory (MB): peak = 1602.270 ; gain = 1009.879
---------------------------------------------------------------------------------
Synthesis finished with 0 errors, 0 critical warnings and 155 warnings.
Synthesis Optimization Runtime : Time (s): cpu = 00:00:08 ; elapsed = 00:00:49 . Memory (MB): peak = 1602.270 ; gain = 1009.879
Synthesis Optimization Complete : Time (s): cpu = 00:00:21 ; elapsed = 00:00:53 . Memory (MB): peak = 1602.270 ; gain = 1009.879
INFO: [Project 1-571] Translating synthesized netlist
Netlist sorting complete. Time (s): cpu = 00:00:00 ; elapsed = 00:00:00.006 . Memory (MB): peak = 1602.270 ; gain = 0.000
INFO: [Netlist 29-17] Analyzing 4 Unisim elements for replacement
INFO: [Netlist 29-28] Unisim Transformation completed in 0 CPU seconds
INFO: [Project 1-570] Preparing netlist for logic optimization
INFO: [Opt 31-138] Pushed 0 inverter(s) to 0 load pin(s).
Netlist sorting complete. Time (s): cpu = 00:00:00 ; elapsed = 00:00:00 . Memory (MB): peak = 1615.027 ; gain = 0.000
INFO: [Project 1-111] Unisim Transformation Summary:
No Unisim elements were transformed.

Synth Design complete | Checksum: 497920eb
INFO: [Common 17-83] Releasing license: Synthesis
22 Infos, 101 Warnings, 0 Critical Warnings and 0 Errors encountered.
synth_design completed successfully
synth_design: Time (s): cpu = 00:00:22 ; elapsed = 00:00:57 . Memory (MB): peak = 1615.027 ; gain = 1237.574
INFO: [Common 17-1381] The checkpoint 'C:/Cascade_hydrophones/WorkspaceOMDHydrophones/Hardware/HydroProccess/HydroProccess.runs/MicroBlaze_blk_mem_gen_0_1_synth_1/MicroBlaze_blk_mem_gen_0_1.dcp' has been generated.
INFO: [Coretcl 2-1648] Added synthesis output to IP cache for IP MicroBlaze_blk_mem_gen_0_1, cache-ID = f9f5a3acecf9fb37
INFO: [Coretcl 2-1174] Renamed 12 cell refs.
INFO: [Common 17-1381] The checkpoint 'C:/Cascade_hydrophones/WorkspaceOMDHydrophones/Hardware/HydroProccess/HydroProccess.runs/MicroBlaze_blk_mem_gen_0_1_synth_1/MicroBlaze_blk_mem_gen_0_1.dcp' has been generated.
INFO: [Vivado 12-24828] Executing command : report_utilization -file MicroBlaze_blk_mem_gen_0_1_utilization_synth.rpt -pb MicroBlaze_blk_mem_gen_0_1_utilization_synth.pb
INFO: [Common 17-206] Exiting Vivado at Mon Jan 20 02:22:43 2025...
