Nothing to build in platform 'MicroBlaze_wrapper'

18:16:16 **** Incremental Build of configuration Debug for project hiiii ****
make all 
'Building file: ../src/helloworld.c'
'Invoking: MicroBlaze gcc compiler'
mb-gcc -Wall -O0 -g3 -c -fmessage-length=0 -MT"src/helloworld.o" -IC:/Cascade_hydrophones/WorkspaceOMDHydrophones/Software/MicroBlaze_wrapper/export/MicroBlaze_wrapper/sw/MicroBlaze_wrapper/standalone_microblaze_0/bspinclude/include -mlittle-endian -mcpu=v11.0 -mxl-soft-mul -Wl,--no-relax -ffunction-sections -fdata-sections -MMD -MP -MF"src/helloworld.d" -MT"src/helloworld.o" -o "src/helloworld.o" "../src/helloworld.c"
../src/helloworld.c: In function 'main':
../src/helloworld.c:17:19: warning: implicit declaration of function 'delayGetter' [-Wimplicit-function-declaration]
   17 |         maxTime = delayGetter(maxTime);
      |                   ^~~~~~~~~~~
'Finished building: ../src/helloworld.c'
' '
'Building target: hiiii.elf'
'Invoking: MicroBlaze gcc linker'
mb-gcc -Wl,-T -Wl,../src/lscript.ld -LC:/Cascade_hydrophones/WorkspaceOMDHydrophones/Software/MicroBlaze_wrapper/export/MicroBlaze_wrapper/sw/MicroBlaze_wrapper/standalone_microblaze_0/bsplib/lib -mlittle-endian -mcpu=v11.0 -mxl-soft-mul -Wl,--no-relax -Wl,--gc-sections -o "hiiii.elf"  ./src/helloworld.o ./src/platform.o   -Wl,--start-group,-lxil,-lgcc,-lc,--end-group
'Finished building target: hiiii.elf'
' '
'Invoking: MicroBlaze Print Size'
mb-size hiiii.elf  |tee "hiiii.elf.size"
   text	   data	    bss	    dec	    hex	filename
   6716	    304	   3116	  10136	   2798	hiiii.elf
'Finished building: hiiii.elf.size'
' '
