
*** Running vivado
    with args -log MicroBlaze_dds_compiler_0_0.vds -m64 -product Vivado -mode batch -messageDb vivado.pb -notrace -source MicroBlaze_dds_compiler_0_0.tcl



****** Vivado v2023.2 (64-bit)
  **** SW Build 4029153 on Fri Oct 13 20:14:34 MDT 2023
  **** IP Build 4028589 on Sat Oct 14 00:45:43 MDT 2023
  **** SharedData Build 4025554 on Tue Oct 10 17:18:54 MDT 2023
    ** Copyright 1986-2022 Xilinx, Inc. All Rights Reserved.
    ** Copyright 2022-2023 Advanced Micro Devices, Inc. All Rights Reserved.

source MicroBlaze_dds_compiler_0_0.tcl -notrace
create_project: Time (s): cpu = 00:00:13 ; elapsed = 00:00:18 . Memory (MB): peak = 564.613 ; gain = 180.949
INFO: [IP_Flow 19-6924] IPCACHE: Running cache check for IP inst: MicroBlaze_dds_compiler_0_0
Command: synth_design -top MicroBlaze_dds_compiler_0_0 -part xc7s25csga225-1 -incremental_mode off -mode out_of_context
Starting synth_design
Attempting to get a license for feature 'Synthesis' and/or device 'xc7s25'
INFO: [Common 17-349] Got license for feature 'Synthesis' and/or device 'xc7s25'
INFO: [Device 21-403] Loading part xc7s25csga225-1
INFO: [Synth 8-7079] Multithreading enabled for synth_design using a maximum of 2 processes.
INFO: [Synth 8-7078] Launching helper process for spawning children vivado processes
INFO: [Synth 8-7075] Helper process launched with PID 3344
---------------------------------------------------------------------------------
Starting RTL Elaboration : Time (s): cpu = 00:00:17 ; elapsed = 00:00:22 . Memory (MB): peak = 1389.375 ; gain = 438.637
---------------------------------------------------------------------------------
INFO: [Synth 8-638] synthesizing module 'MicroBlaze_dds_compiler_0_0' [c:/Users/JamesWilliamson/Documents/GitHub/Cascade_hydrophones/WorkspaceOMDHydrophones/Hardware/HydroProccess/HydroProccess.gen/sources_1/bd/MicroBlaze/ip/MicroBlaze_dds_compiler_0_0/synth/MicroBlaze_dds_compiler_0_0.vhd:69]
WARNING: [Synth 8-5640] Port 'debug_axi_pinc_in' is missing in component declaration [c:/Users/JamesWilliamson/Documents/GitHub/Cascade_hydrophones/WorkspaceOMDHydrophones/Hardware/HydroProccess/HydroProccess.gen/sources_1/bd/MicroBlaze/ip/MicroBlaze_dds_compiler_0_0/synth/MicroBlaze_dds_compiler_0_0.vhd:72]
WARNING: [Synth 8-5640] Port 'debug_axi_poff_in' is missing in component declaration [c:/Users/JamesWilliamson/Documents/GitHub/Cascade_hydrophones/WorkspaceOMDHydrophones/Hardware/HydroProccess/HydroProccess.gen/sources_1/bd/MicroBlaze/ip/MicroBlaze_dds_compiler_0_0/synth/MicroBlaze_dds_compiler_0_0.vhd:72]
WARNING: [Synth 8-5640] Port 'debug_axi_resync_in' is missing in component declaration [c:/Users/JamesWilliamson/Documents/GitHub/Cascade_hydrophones/WorkspaceOMDHydrophones/Hardware/HydroProccess/HydroProccess.gen/sources_1/bd/MicroBlaze/ip/MicroBlaze_dds_compiler_0_0/synth/MicroBlaze_dds_compiler_0_0.vhd:72]
WARNING: [Synth 8-5640] Port 'debug_axi_chan_in' is missing in component declaration [c:/Users/JamesWilliamson/Documents/GitHub/Cascade_hydrophones/WorkspaceOMDHydrophones/Hardware/HydroProccess/HydroProccess.gen/sources_1/bd/MicroBlaze/ip/MicroBlaze_dds_compiler_0_0/synth/MicroBlaze_dds_compiler_0_0.vhd:72]
WARNING: [Synth 8-5640] Port 'debug_core_nd' is missing in component declaration [c:/Users/JamesWilliamson/Documents/GitHub/Cascade_hydrophones/WorkspaceOMDHydrophones/Hardware/HydroProccess/HydroProccess.gen/sources_1/bd/MicroBlaze/ip/MicroBlaze_dds_compiler_0_0/synth/MicroBlaze_dds_compiler_0_0.vhd:72]
WARNING: [Synth 8-5640] Port 'debug_phase' is missing in component declaration [c:/Users/JamesWilliamson/Documents/GitHub/Cascade_hydrophones/WorkspaceOMDHydrophones/Hardware/HydroProccess/HydroProccess.gen/sources_1/bd/MicroBlaze/ip/MicroBlaze_dds_compiler_0_0/synth/MicroBlaze_dds_compiler_0_0.vhd:72]
WARNING: [Synth 8-5640] Port 'debug_phase_nd' is missing in component declaration [c:/Users/JamesWilliamson/Documents/GitHub/Cascade_hydrophones/WorkspaceOMDHydrophones/Hardware/HydroProccess/HydroProccess.gen/sources_1/bd/MicroBlaze/ip/MicroBlaze_dds_compiler_0_0/synth/MicroBlaze_dds_compiler_0_0.vhd:72]
	Parameter C_XDEVICEFAMILY bound to: spartan7 - type: string 
	Parameter C_MODE_OF_OPERATION bound to: 0 - type: integer 
	Parameter C_MODULUS bound to: 9 - type: integer 
	Parameter C_ACCUMULATOR_WIDTH bound to: 12 - type: integer 
	Parameter C_CHANNELS bound to: 1 - type: integer 
	Parameter C_HAS_PHASE_OUT bound to: 1 - type: integer 
	Parameter C_HAS_PHASEGEN bound to: 1 - type: integer 
	Parameter C_HAS_SINCOS bound to: 1 - type: integer 
	Parameter C_LATENCY bound to: 7 - type: integer 
	Parameter C_MEM_TYPE bound to: 1 - type: integer 
	Parameter C_NEGATIVE_COSINE bound to: 0 - type: integer 
	Parameter C_NEGATIVE_SINE bound to: 0 - type: integer 
	Parameter C_NOISE_SHAPING bound to: 0 - type: integer 
	Parameter C_OUTPUTS_REQUIRED bound to: 0 - type: integer 
	Parameter C_OUTPUT_FORM bound to: 0 - type: integer 
	Parameter C_OUTPUT_WIDTH bound to: 12 - type: integer 
	Parameter C_PHASE_ANGLE_WIDTH bound to: 12 - type: integer 
	Parameter C_PHASE_INCREMENT bound to: 2 - type: integer 
	Parameter C_PHASE_INCREMENT_VALUE bound to: 1,0,0,0,0,0,0,0,0,0,0,0,0,0,0,0 - type: string 
	Parameter C_RESYNC bound to: 0 - type: integer 
	Parameter C_PHASE_OFFSET bound to: 0 - type: integer 
	Parameter C_PHASE_OFFSET_VALUE bound to: 0,0,0,0,0,0,0,0,0,0,0,0,0,0,0,0 - type: string 
	Parameter C_OPTIMISE_GOAL bound to: 0 - type: integer 
	Parameter C_USE_DSP48 bound to: 0 - type: integer 
	Parameter C_POR_MODE bound to: 0 - type: integer 
	Parameter C_AMPLITUDE bound to: 0 - type: integer 
	Parameter C_HAS_ACLKEN bound to: 0 - type: integer 
	Parameter C_HAS_ARESETN bound to: 0 - type: integer 
	Parameter C_HAS_TLAST bound to: 0 - type: integer 
	Parameter C_HAS_TREADY bound to: 0 - type: integer 
	Parameter C_HAS_S_PHASE bound to: 0 - type: integer 
	Parameter C_S_PHASE_TDATA_WIDTH bound to: 1 - type: integer 
	Parameter C_S_PHASE_HAS_TUSER bound to: 0 - type: integer 
	Parameter C_S_PHASE_TUSER_WIDTH bound to: 1 - type: integer 
	Parameter C_HAS_S_CONFIG bound to: 0 - type: integer 
	Parameter C_S_CONFIG_SYNC_MODE bound to: 0 - type: integer 
	Parameter C_S_CONFIG_TDATA_WIDTH bound to: 1 - type: integer 
	Parameter C_HAS_M_DATA bound to: 1 - type: integer 
	Parameter C_M_DATA_TDATA_WIDTH bound to: 16 - type: integer 
	Parameter C_M_DATA_HAS_TUSER bound to: 0 - type: integer 
	Parameter C_M_DATA_TUSER_WIDTH bound to: 1 - type: integer 
	Parameter C_HAS_M_PHASE bound to: 1 - type: integer 
	Parameter C_M_PHASE_TDATA_WIDTH bound to: 16 - type: integer 
	Parameter C_M_PHASE_HAS_TUSER bound to: 0 - type: integer 
	Parameter C_M_PHASE_TUSER_WIDTH bound to: 1 - type: integer 
	Parameter C_DEBUG_INTERFACE bound to: 0 - type: integer 
	Parameter C_CHAN_WIDTH bound to: 1 - type: integer 
INFO: [Synth 8-3491] module 'dds_compiler_v6_0_23' declared at 'c:/Users/JamesWilliamson/Documents/GitHub/Cascade_hydrophones/WorkspaceOMDHydrophones/Hardware/HydroProccess/HydroProccess.gen/sources_1/bd/MicroBlaze/ipshared/daca/hdl/dds_compiler_v6_0_vh_rfs.vhd:46995' bound to instance 'U0' of component 'dds_compiler_v6_0_23' [c:/Users/JamesWilliamson/Documents/GitHub/Cascade_hydrophones/WorkspaceOMDHydrophones/Hardware/HydroProccess/HydroProccess.gen/sources_1/bd/MicroBlaze/ip/MicroBlaze_dds_compiler_0_0/synth/MicroBlaze_dds_compiler_0_0.vhd:189]
INFO: [Synth 8-256] done synthesizing module 'MicroBlaze_dds_compiler_0_0' (0#1) [c:/Users/JamesWilliamson/Documents/GitHub/Cascade_hydrophones/WorkspaceOMDHydrophones/Hardware/HydroProccess/HydroProccess.gen/sources_1/bd/MicroBlaze/ip/MicroBlaze_dds_compiler_0_0/synth/MicroBlaze_dds_compiler_0_0.vhd:69]
WARNING: [Synth 8-7129] Port CLK in module xbip_pipe_v3_0_7_viv__parameterized20 is either unconnected or has no load
WARNING: [Synth 8-7129] Port CE in module xbip_pipe_v3_0_7_viv__parameterized20 is either unconnected or has no load
WARNING: [Synth 8-7129] Port SCLR in module xbip_pipe_v3_0_7_viv__parameterized20 is either unconnected or has no load
WARNING: [Synth 8-7129] Port SSET in module xbip_pipe_v3_0_7_viv__parameterized20 is either unconnected or has no load
WARNING: [Synth 8-7129] Port SINIT in module xbip_pipe_v3_0_7_viv__parameterized20 is either unconnected or has no load
WARNING: [Synth 8-7129] Port CLK in module xbip_pipe_v3_0_7_viv__parameterized3 is either unconnected or has no load
WARNING: [Synth 8-7129] Port CE in module xbip_pipe_v3_0_7_viv__parameterized3 is either unconnected or has no load
WARNING: [Synth 8-7129] Port SCLR in module xbip_pipe_v3_0_7_viv__parameterized3 is either unconnected or has no load
WARNING: [Synth 8-7129] Port SSET in module xbip_pipe_v3_0_7_viv__parameterized3 is either unconnected or has no load
WARNING: [Synth 8-7129] Port SINIT in module xbip_pipe_v3_0_7_viv__parameterized3 is either unconnected or has no load
WARNING: [Synth 8-7129] Port SCLR in module xbip_pipe_v3_0_7_viv__parameterized17 is either unconnected or has no load
WARNING: [Synth 8-7129] Port SSET in module xbip_pipe_v3_0_7_viv__parameterized17 is either unconnected or has no load
WARNING: [Synth 8-7129] Port SINIT in module xbip_pipe_v3_0_7_viv__parameterized17 is either unconnected or has no load
WARNING: [Synth 8-7129] Port SCLR in module xbip_pipe_v3_0_7_viv__parameterized15 is either unconnected or has no load
WARNING: [Synth 8-7129] Port SSET in module xbip_pipe_v3_0_7_viv__parameterized15 is either unconnected or has no load
WARNING: [Synth 8-7129] Port SINIT in module xbip_pipe_v3_0_7_viv__parameterized15 is either unconnected or has no load
WARNING: [Synth 8-7129] Port SCLR in module xbip_pipe_v3_0_7_viv__parameterized13 is either unconnected or has no load
WARNING: [Synth 8-7129] Port SSET in module xbip_pipe_v3_0_7_viv__parameterized13 is either unconnected or has no load
WARNING: [Synth 8-7129] Port SINIT in module xbip_pipe_v3_0_7_viv__parameterized13 is either unconnected or has no load
WARNING: [Synth 8-7129] Port SCLR in module sin_cos is either unconnected or has no load
WARNING: [Synth 8-7129] Port SCLR in module xbip_pipe_v3_0_7_viv__parameterized11 is either unconnected or has no load
WARNING: [Synth 8-7129] Port SSET in module xbip_pipe_v3_0_7_viv__parameterized11 is either unconnected or has no load
WARNING: [Synth 8-7129] Port SINIT in module xbip_pipe_v3_0_7_viv__parameterized11 is either unconnected or has no load
WARNING: [Synth 8-7129] Port CLK in module xbip_pipe_v3_0_7_viv__parameterized9 is either unconnected or has no load
WARNING: [Synth 8-7129] Port CE in module xbip_pipe_v3_0_7_viv__parameterized9 is either unconnected or has no load
WARNING: [Synth 8-7129] Port SCLR in module xbip_pipe_v3_0_7_viv__parameterized9 is either unconnected or has no load
WARNING: [Synth 8-7129] Port SSET in module xbip_pipe_v3_0_7_viv__parameterized9 is either unconnected or has no load
WARNING: [Synth 8-7129] Port SINIT in module xbip_pipe_v3_0_7_viv__parameterized9 is either unconnected or has no load
WARNING: [Synth 8-7129] Port SCLR in module xbip_pipe_v3_0_7_viv__parameterized7 is either unconnected or has no load
WARNING: [Synth 8-7129] Port SSET in module xbip_pipe_v3_0_7_viv__parameterized7 is either unconnected or has no load
WARNING: [Synth 8-7129] Port SINIT in module xbip_pipe_v3_0_7_viv__parameterized7 is either unconnected or has no load
WARNING: [Synth 8-7129] Port CLK in module xbip_pipe_v3_0_7_viv__parameterized5 is either unconnected or has no load
WARNING: [Synth 8-7129] Port CE in module xbip_pipe_v3_0_7_viv__parameterized5 is either unconnected or has no load
WARNING: [Synth 8-7129] Port SCLR in module xbip_pipe_v3_0_7_viv__parameterized5 is either unconnected or has no load
WARNING: [Synth 8-7129] Port SSET in module xbip_pipe_v3_0_7_viv__parameterized5 is either unconnected or has no load
WARNING: [Synth 8-7129] Port SINIT in module xbip_pipe_v3_0_7_viv__parameterized5 is either unconnected or has no load
WARNING: [Synth 8-7129] Port chan_addr[0] in module accum is either unconnected or has no load
WARNING: [Synth 8-7129] Port chan_addr_del2[0] in module accum is either unconnected or has no load
WARNING: [Synth 8-7129] Port chan_addr_del3[0] in module accum is either unconnected or has no load
WARNING: [Synth 8-7129] Port addr_i[3] in module accum is either unconnected or has no load
WARNING: [Synth 8-7129] Port addr_i[2] in module accum is either unconnected or has no load
WARNING: [Synth 8-7129] Port addr_i[1] in module accum is either unconnected or has no load
WARNING: [Synth 8-7129] Port addr_i[0] in module accum is either unconnected or has no load
WARNING: [Synth 8-7129] Port phase_inc_we in module accum is either unconnected or has no load
WARNING: [Synth 8-7129] Port phase_adj_we in module accum is either unconnected or has no load
WARNING: [Synth 8-7129] Port poff_in[11] in module accum is either unconnected or has no load
WARNING: [Synth 8-7129] Port poff_in[10] in module accum is either unconnected or has no load
WARNING: [Synth 8-7129] Port poff_in[9] in module accum is either unconnected or has no load
WARNING: [Synth 8-7129] Port poff_in[8] in module accum is either unconnected or has no load
WARNING: [Synth 8-7129] Port poff_in[7] in module accum is either unconnected or has no load
WARNING: [Synth 8-7129] Port poff_in[6] in module accum is either unconnected or has no load
WARNING: [Synth 8-7129] Port poff_in[5] in module accum is either unconnected or has no load
WARNING: [Synth 8-7129] Port poff_in[4] in module accum is either unconnected or has no load
WARNING: [Synth 8-7129] Port poff_in[3] in module accum is either unconnected or has no load
WARNING: [Synth 8-7129] Port poff_in[2] in module accum is either unconnected or has no load
WARNING: [Synth 8-7129] Port poff_in[1] in module accum is either unconnected or has no load
WARNING: [Synth 8-7129] Port poff_in[0] in module accum is either unconnected or has no load
WARNING: [Synth 8-7129] Port data_i[11] in module accum is either unconnected or has no load
WARNING: [Synth 8-7129] Port data_i[10] in module accum is either unconnected or has no load
WARNING: [Synth 8-7129] Port data_i[9] in module accum is either unconnected or has no load
WARNING: [Synth 8-7129] Port data_i[8] in module accum is either unconnected or has no load
WARNING: [Synth 8-7129] Port data_i[7] in module accum is either unconnected or has no load
WARNING: [Synth 8-7129] Port data_i[6] in module accum is either unconnected or has no load
WARNING: [Synth 8-7129] Port data_i[5] in module accum is either unconnected or has no load
WARNING: [Synth 8-7129] Port data_i[4] in module accum is either unconnected or has no load
WARNING: [Synth 8-7129] Port data_i[3] in module accum is either unconnected or has no load
WARNING: [Synth 8-7129] Port data_i[2] in module accum is either unconnected or has no load
WARNING: [Synth 8-7129] Port data_i[1] in module accum is either unconnected or has no load
WARNING: [Synth 8-7129] Port data_i[0] in module accum is either unconnected or has no load
WARNING: [Synth 8-7129] Port SCLR in module xbip_pipe_v3_0_7_viv__parameterized1 is either unconnected or has no load
WARNING: [Synth 8-7129] Port SSET in module xbip_pipe_v3_0_7_viv__parameterized1 is either unconnected or has no load
WARNING: [Synth 8-7129] Port SINIT in module xbip_pipe_v3_0_7_viv__parameterized1 is either unconnected or has no load
WARNING: [Synth 8-7129] Port RFD in module dds_compiler_v6_0_23_core is either unconnected or has no load
WARNING: [Synth 8-7129] Port CHANNEL[0] in module dds_compiler_v6_0_23_core is either unconnected or has no load
WARNING: [Synth 8-7129] Port COSINE[11] in module dds_compiler_v6_0_23_core is either unconnected or has no load
WARNING: [Synth 8-7129] Port COSINE[10] in module dds_compiler_v6_0_23_core is either unconnected or has no load
WARNING: [Synth 8-7129] Port COSINE[9] in module dds_compiler_v6_0_23_core is either unconnected or has no load
WARNING: [Synth 8-7129] Port COSINE[8] in module dds_compiler_v6_0_23_core is either unconnected or has no load
WARNING: [Synth 8-7129] Port COSINE[7] in module dds_compiler_v6_0_23_core is either unconnected or has no load
WARNING: [Synth 8-7129] Port COSINE[6] in module dds_compiler_v6_0_23_core is either unconnected or has no load
WARNING: [Synth 8-7129] Port COSINE[5] in module dds_compiler_v6_0_23_core is either unconnected or has no load
WARNING: [Synth 8-7129] Port COSINE[4] in module dds_compiler_v6_0_23_core is either unconnected or has no load
WARNING: [Synth 8-7129] Port COSINE[3] in module dds_compiler_v6_0_23_core is either unconnected or has no load
WARNING: [Synth 8-7129] Port COSINE[2] in module dds_compiler_v6_0_23_core is either unconnected or has no load
WARNING: [Synth 8-7129] Port COSINE[1] in module dds_compiler_v6_0_23_core is either unconnected or has no load
WARNING: [Synth 8-7129] Port COSINE[0] in module dds_compiler_v6_0_23_core is either unconnected or has no load
WARNING: [Synth 8-7129] Port ADDR[0] in module dds_compiler_v6_0_23_core is either unconnected or has no load
WARNING: [Synth 8-7129] Port REG_SELECT in module dds_compiler_v6_0_23_core is either unconnected or has no load
WARNING: [Synth 8-7129] Port SCLR in module dds_compiler_v6_0_23_core is either unconnected or has no load
WARNING: [Synth 8-7129] Port PHASE_IN[11] in module dds_compiler_v6_0_23_core is either unconnected or has no load
WARNING: [Synth 8-7129] Port PHASE_IN[10] in module dds_compiler_v6_0_23_core is either unconnected or has no load
WARNING: [Synth 8-7129] Port PHASE_IN[9] in module dds_compiler_v6_0_23_core is either unconnected or has no load
WARNING: [Synth 8-7129] Port PHASE_IN[8] in module dds_compiler_v6_0_23_core is either unconnected or has no load
WARNING: [Synth 8-7129] Port PHASE_IN[7] in module dds_compiler_v6_0_23_core is either unconnected or has no load
WARNING: [Synth 8-7129] Port PHASE_IN[6] in module dds_compiler_v6_0_23_core is either unconnected or has no load
WARNING: [Synth 8-7129] Port PHASE_IN[5] in module dds_compiler_v6_0_23_core is either unconnected or has no load
WARNING: [Synth 8-7129] Port PHASE_IN[4] in module dds_compiler_v6_0_23_core is either unconnected or has no load
WARNING: [Synth 8-7129] Port PHASE_IN[3] in module dds_compiler_v6_0_23_core is either unconnected or has no load
WARNING: [Synth 8-7129] Port PHASE_IN[2] in module dds_compiler_v6_0_23_core is either unconnected or has no load
WARNING: [Synth 8-7129] Port PHASE_IN[1] in module dds_compiler_v6_0_23_core is either unconnected or has no load
INFO: [Common 17-14] Message 'Synth 8-7129' appears 100 times and further instances of the messages will be disabled. Use the Tcl command set_msg_config to change the current settings.
---------------------------------------------------------------------------------
Finished RTL Elaboration : Time (s): cpu = 00:00:27 ; elapsed = 00:00:35 . Memory (MB): peak = 1563.457 ; gain = 612.719
---------------------------------------------------------------------------------
---------------------------------------------------------------------------------
Start Handling Custom Attributes
---------------------------------------------------------------------------------
---------------------------------------------------------------------------------
Finished Handling Custom Attributes : Time (s): cpu = 00:00:27 ; elapsed = 00:00:35 . Memory (MB): peak = 1563.457 ; gain = 612.719
---------------------------------------------------------------------------------
---------------------------------------------------------------------------------
Finished RTL Optimization Phase 1 : Time (s): cpu = 00:00:27 ; elapsed = 00:00:35 . Memory (MB): peak = 1563.457 ; gain = 612.719
---------------------------------------------------------------------------------
Netlist sorting complete. Time (s): cpu = 00:00:00 ; elapsed = 00:00:00.024 . Memory (MB): peak = 1563.457 ; gain = 0.000
INFO: [Project 1-570] Preparing netlist for logic optimization

Processing XDC Constraints
Initializing timing engine
Parsing XDC File [c:/Users/JamesWilliamson/Documents/GitHub/Cascade_hydrophones/WorkspaceOMDHydrophones/Hardware/HydroProccess/HydroProccess.gen/sources_1/bd/MicroBlaze/ip/MicroBlaze_dds_compiler_0_0/MicroBlaze_dds_compiler_0_0_ooc.xdc] for cell 'U0'
Finished Parsing XDC File [c:/Users/JamesWilliamson/Documents/GitHub/Cascade_hydrophones/WorkspaceOMDHydrophones/Hardware/HydroProccess/HydroProccess.gen/sources_1/bd/MicroBlaze/ip/MicroBlaze_dds_compiler_0_0/MicroBlaze_dds_compiler_0_0_ooc.xdc] for cell 'U0'
Parsing XDC File [C:/Users/JamesWilliamson/Documents/GitHub/Cascade_hydrophones/WorkspaceOMDHydrophones/Hardware/HydroProccess/HydroProccess.runs/MicroBlaze_dds_compiler_0_0_synth_1/dont_touch.xdc]
Finished Parsing XDC File [C:/Users/JamesWilliamson/Documents/GitHub/Cascade_hydrophones/WorkspaceOMDHydrophones/Hardware/HydroProccess/HydroProccess.runs/MicroBlaze_dds_compiler_0_0_synth_1/dont_touch.xdc]
Completed Processing XDC Constraints

Netlist sorting complete. Time (s): cpu = 00:00:00 ; elapsed = 00:00:00.001 . Memory (MB): peak = 1573.332 ; gain = 0.000
INFO: [Project 1-111] Unisim Transformation Summary:
No Unisim elements were transformed.

The system cannot find the path specified.
Constraint Validation Runtime : Time (s): cpu = 00:00:00 ; elapsed = 00:00:00.030 . Memory (MB): peak = 1577.668 ; gain = 4.336
INFO: [Designutils 20-5008] Incremental synthesis strategy off
---------------------------------------------------------------------------------
Finished Constraint Validation : Time (s): cpu = 00:00:43 ; elapsed = 00:00:54 . Memory (MB): peak = 1577.668 ; gain = 626.930
---------------------------------------------------------------------------------
---------------------------------------------------------------------------------
Start Loading Part and Timing Information
---------------------------------------------------------------------------------
Loading part: xc7s25csga225-1
---------------------------------------------------------------------------------
Finished Loading Part and Timing Information : Time (s): cpu = 00:00:43 ; elapsed = 00:00:54 . Memory (MB): peak = 1577.668 ; gain = 626.930
---------------------------------------------------------------------------------
---------------------------------------------------------------------------------
Start Applying 'set_property' XDC Constraints
---------------------------------------------------------------------------------
Applied set_property KEEP_HIERARCHY = SOFT for U0. (constraint file  C:/Users/JamesWilliamson/Documents/GitHub/Cascade_hydrophones/WorkspaceOMDHydrophones/Hardware/HydroProccess/HydroProccess.runs/MicroBlaze_dds_compiler_0_0_synth_1/dont_touch.xdc, line 9).
---------------------------------------------------------------------------------
Finished applying 'set_property' XDC Constraints : Time (s): cpu = 00:00:43 ; elapsed = 00:00:54 . Memory (MB): peak = 1577.668 ; gain = 626.930
---------------------------------------------------------------------------------
WARNING: [Synth 8-6040] Register i_rtl.i_quarter_table.i_has_sin.i_addr_mod_stage1.mod_sin_addr_reg driving address of a ROM cannot be packed in BRAM/URAM because of presence of initial value.
---------------------------------------------------------------------------------
Finished RTL Optimization Phase 2 : Time (s): cpu = 00:00:44 ; elapsed = 00:00:55 . Memory (MB): peak = 1577.668 ; gain = 626.930
---------------------------------------------------------------------------------
---------------------------------------------------------------------------------
Start RTL Component Statistics 
---------------------------------------------------------------------------------
---------------------------------------------------------------------------------
Finished RTL Component Statistics 
---------------------------------------------------------------------------------
---------------------------------------------------------------------------------
Start Part Resource Summary
---------------------------------------------------------------------------------
Part Resources:
DSPs: 80 (col length:40)
BRAMs: 90 (col length: RAMB18 40 RAMB36 20)
---------------------------------------------------------------------------------
Finished Part Resource Summary
---------------------------------------------------------------------------------
---------------------------------------------------------------------------------
Start Cross Boundary and Area Optimization
---------------------------------------------------------------------------------
WARNING: [Synth 8-7080] Parallel synthesis criteria is not met
---------------------------------------------------------------------------------
Finished Cross Boundary and Area Optimization : Time (s): cpu = 00:00:47 ; elapsed = 00:00:59 . Memory (MB): peak = 1577.668 ; gain = 626.930
---------------------------------------------------------------------------------
---------------------------------------------------------------------------------
Start Applying XDC Timing Constraints
---------------------------------------------------------------------------------
---------------------------------------------------------------------------------
Finished Applying XDC Timing Constraints : Time (s): cpu = 00:00:57 ; elapsed = 00:01:11 . Memory (MB): peak = 1577.668 ; gain = 626.930
---------------------------------------------------------------------------------
---------------------------------------------------------------------------------
Start Timing Optimization
---------------------------------------------------------------------------------
---------------------------------------------------------------------------------
Finished Timing Optimization : Time (s): cpu = 00:00:57 ; elapsed = 00:01:11 . Memory (MB): peak = 1577.668 ; gain = 626.930
---------------------------------------------------------------------------------
---------------------------------------------------------------------------------
Start Technology Mapping
---------------------------------------------------------------------------------
---------------------------------------------------------------------------------
Finished Technology Mapping : Time (s): cpu = 00:00:57 ; elapsed = 00:01:11 . Memory (MB): peak = 1577.668 ; gain = 626.930
---------------------------------------------------------------------------------
---------------------------------------------------------------------------------
Start IO Insertion
---------------------------------------------------------------------------------
---------------------------------------------------------------------------------
Start Flattening Before IO Insertion
---------------------------------------------------------------------------------
---------------------------------------------------------------------------------
Finished Flattening Before IO Insertion
---------------------------------------------------------------------------------
---------------------------------------------------------------------------------
Start Final Netlist Cleanup
---------------------------------------------------------------------------------
---------------------------------------------------------------------------------
Finished Final Netlist Cleanup
---------------------------------------------------------------------------------
---------------------------------------------------------------------------------
Finished IO Insertion : Time (s): cpu = 00:01:04 ; elapsed = 00:01:21 . Memory (MB): peak = 1577.668 ; gain = 626.930
---------------------------------------------------------------------------------
---------------------------------------------------------------------------------
Start Renaming Generated Instances
---------------------------------------------------------------------------------
---------------------------------------------------------------------------------
Finished Renaming Generated Instances : Time (s): cpu = 00:01:04 ; elapsed = 00:01:21 . Memory (MB): peak = 1577.668 ; gain = 626.930
---------------------------------------------------------------------------------
---------------------------------------------------------------------------------
Start Rebuilding User Hierarchy
---------------------------------------------------------------------------------
---------------------------------------------------------------------------------
Finished Rebuilding User Hierarchy : Time (s): cpu = 00:01:04 ; elapsed = 00:01:21 . Memory (MB): peak = 1577.668 ; gain = 626.930
---------------------------------------------------------------------------------
---------------------------------------------------------------------------------
Start Renaming Generated Ports
---------------------------------------------------------------------------------
---------------------------------------------------------------------------------
Finished Renaming Generated Ports : Time (s): cpu = 00:01:04 ; elapsed = 00:01:21 . Memory (MB): peak = 1577.668 ; gain = 626.930
---------------------------------------------------------------------------------
---------------------------------------------------------------------------------
Start Handling Custom Attributes
---------------------------------------------------------------------------------
---------------------------------------------------------------------------------
Finished Handling Custom Attributes : Time (s): cpu = 00:01:04 ; elapsed = 00:01:21 . Memory (MB): peak = 1577.668 ; gain = 626.930
---------------------------------------------------------------------------------
---------------------------------------------------------------------------------
Start Renaming Generated Nets
---------------------------------------------------------------------------------
---------------------------------------------------------------------------------
Finished Renaming Generated Nets : Time (s): cpu = 00:01:04 ; elapsed = 00:01:21 . Memory (MB): peak = 1577.668 ; gain = 626.930
---------------------------------------------------------------------------------
---------------------------------------------------------------------------------
Start Writing Synthesis Report
---------------------------------------------------------------------------------

Report BlackBoxes: 
+-+--------------+----------+
| |BlackBox name |Instances |
+-+--------------+----------+
+-+--------------+----------+

Report Cell Usage: 
+------+---------+------+
|      |Cell     |Count |
+------+---------+------+
|1     |CARRY4   |     9|
|2     |LUT1     |     2|
|3     |LUT2     |    21|
|4     |LUT3     |    16|
|5     |RAMB18E1 |     1|
|6     |SRL16E   |    15|
|7     |FDRE     |   118|
+------+---------+------+
---------------------------------------------------------------------------------
Finished Writing Synthesis Report : Time (s): cpu = 00:01:04 ; elapsed = 00:01:21 . Memory (MB): peak = 1577.668 ; gain = 626.930
---------------------------------------------------------------------------------
Synthesis finished with 0 errors, 0 critical warnings and 17 warnings.
Synthesis Optimization Runtime : Time (s): cpu = 00:00:34 ; elapsed = 00:01:17 . Memory (MB): peak = 1577.668 ; gain = 612.719
Synthesis Optimization Complete : Time (s): cpu = 00:01:05 ; elapsed = 00:01:22 . Memory (MB): peak = 1577.668 ; gain = 626.930
INFO: [Project 1-571] Translating synthesized netlist
Netlist sorting complete. Time (s): cpu = 00:00:00 ; elapsed = 00:00:00.003 . Memory (MB): peak = 1577.668 ; gain = 0.000
INFO: [Netlist 29-17] Analyzing 10 Unisim elements for replacement
INFO: [Netlist 29-28] Unisim Transformation completed in 0 CPU seconds
INFO: [Project 1-570] Preparing netlist for logic optimization
INFO: [Opt 31-138] Pushed 0 inverter(s) to 0 load pin(s).
Netlist sorting complete. Time (s): cpu = 00:00:00 ; elapsed = 00:00:00 . Memory (MB): peak = 1577.789 ; gain = 0.000
INFO: [Project 1-111] Unisim Transformation Summary:
No Unisim elements were transformed.

The system cannot find the path specified.
Synth Design complete | Checksum: 5c4911e8
INFO: [Common 17-83] Releasing license: Synthesis
20 Infos, 109 Warnings, 0 Critical Warnings and 0 Errors encountered.
synth_design completed successfully
synth_design: Time (s): cpu = 00:01:12 ; elapsed = 00:01:33 . Memory (MB): peak = 1577.789 ; gain = 1004.281
Write ShapeDB Complete: Time (s): cpu = 00:00:00 ; elapsed = 00:00:00.004 . Memory (MB): peak = 1577.789 ; gain = 0.000
INFO: [Common 17-1381] The checkpoint 'C:/Users/JamesWilliamson/Documents/GitHub/Cascade_hydrophones/WorkspaceOMDHydrophones/Hardware/HydroProccess/HydroProccess.runs/MicroBlaze_dds_compiler_0_0_synth_1/MicroBlaze_dds_compiler_0_0.dcp' has been generated.
INFO: [Coretcl 2-1648] Added synthesis output to IP cache for IP MicroBlaze_dds_compiler_0_0, cache-ID = c7d2f733fbae8dd4
INFO: [Coretcl 2-1174] Renamed 16 cell refs.
Write ShapeDB Complete: Time (s): cpu = 00:00:00 ; elapsed = 00:00:00.003 . Memory (MB): peak = 1577.789 ; gain = 0.000
INFO: [Common 17-1381] The checkpoint 'C:/Users/JamesWilliamson/Documents/GitHub/Cascade_hydrophones/WorkspaceOMDHydrophones/Hardware/HydroProccess/HydroProccess.runs/MicroBlaze_dds_compiler_0_0_synth_1/MicroBlaze_dds_compiler_0_0.dcp' has been generated.
INFO: [runtcl-4] Executing : report_utilization -file MicroBlaze_dds_compiler_0_0_utilization_synth.rpt -pb MicroBlaze_dds_compiler_0_0_utilization_synth.pb
INFO: [Common 17-206] Exiting Vivado at Sat Sep 21 21:09:33 2024...
