
*** Running vivado
    with args -log HydroDSP_blk_mem_gen_0_0.vds -m64 -product Vivado -mode batch -messageDb vivado.pb -notrace -source HydroDSP_blk_mem_gen_0_0.tcl


ECHO is off.
ECHO is off.

****** Vivado v2023.1 (64-bit)
  **** SW Build 3865809 on Sun May  7 15:05:29 MDT 2023
  **** IP Build 3864474 on Sun May  7 20:36:21 MDT 2023
  **** SharedData Build 3865790 on Sun May 07 13:33:03 MDT 2023
    ** Copyright 1986-2022 Xilinx, Inc. All Rights Reserved.
    ** Copyright 2022-2023 Advanced Micro Devices, Inc. All Rights Reserved.

source HydroDSP_blk_mem_gen_0_0.tcl -notrace
create_project: Time (s): cpu = 00:00:06 ; elapsed = 00:00:06 . Memory (MB): peak = 456.996 ; gain = 161.641
INFO: [IP_Flow 19-6924] IPCACHE: Running cache check for IP inst: HydroDSP_blk_mem_gen_0_0
Command: synth_design -top HydroDSP_blk_mem_gen_0_0 -part xc7s25csga225-1 -incremental_mode off -mode out_of_context
Starting synth_design
Attempting to get a license for feature 'Synthesis' and/or device 'xc7s25'
INFO: [Common 17-349] Got license for feature 'Synthesis' and/or device 'xc7s25'
INFO: [Device 21-403] Loading part xc7s25csga225-1
INFO: [Synth 8-7079] Multithreading enabled for synth_design using a maximum of 2 processes.
INFO: [Synth 8-7078] Launching helper process for spawning children vivado processes
INFO: [Synth 8-7075] Helper process launched with PID 15704
---------------------------------------------------------------------------------
Starting RTL Elaboration : Time (s): cpu = 00:00:07 ; elapsed = 00:00:07 . Memory (MB): peak = 1261.035 ; gain = 409.000
---------------------------------------------------------------------------------
INFO: [Synth 8-638] synthesizing module 'HydroDSP_blk_mem_gen_0_0' [c:/Users/JamesWilliamson/Xcorr/xCorr.gen/sources_1/bd/HydroDSP/ip/HydroDSP_blk_mem_gen_0_0/synth/HydroDSP_blk_mem_gen_0_0.vhd:76]
	Parameter C_FAMILY bound to: spartan7 - type: string 
	Parameter C_XDEVICEFAMILY bound to: spartan7 - type: string 
	Parameter C_ELABORATION_DIR bound to: ./ - type: string 
	Parameter C_INTERFACE_TYPE bound to: 0 - type: integer 
	Parameter C_AXI_TYPE bound to: 1 - type: integer 
	Parameter C_AXI_SLAVE_TYPE bound to: 0 - type: integer 
	Parameter C_USE_BRAM_BLOCK bound to: 0 - type: integer 
	Parameter C_ENABLE_32BIT_ADDRESS bound to: 0 - type: integer 
	Parameter C_CTRL_ECC_ALGO bound to: NONE - type: string 
	Parameter C_HAS_AXI_ID bound to: 0 - type: integer 
	Parameter C_AXI_ID_WIDTH bound to: 4 - type: integer 
	Parameter C_MEM_TYPE bound to: 2 - type: integer 
	Parameter C_BYTE_SIZE bound to: 9 - type: integer 
	Parameter C_ALGORITHM bound to: 1 - type: integer 
	Parameter C_PRIM_TYPE bound to: 1 - type: integer 
	Parameter C_LOAD_INIT_FILE bound to: 0 - type: integer 
	Parameter C_INIT_FILE_NAME bound to: no_coe_file_loaded - type: string 
	Parameter C_INIT_FILE bound to: NONE - type: string 
	Parameter C_USE_DEFAULT_DATA bound to: 0 - type: integer 
	Parameter C_DEFAULT_DATA bound to: 0 - type: string 
	Parameter C_HAS_RSTA bound to: 0 - type: integer 
	Parameter C_RST_PRIORITY_A bound to: CE - type: string 
	Parameter C_RSTRAM_A bound to: 0 - type: integer 
	Parameter C_INITA_VAL bound to: 0 - type: string 
	Parameter C_HAS_ENA bound to: 1 - type: integer 
	Parameter C_HAS_REGCEA bound to: 0 - type: integer 
	Parameter C_USE_BYTE_WEA bound to: 0 - type: integer 
	Parameter C_WEA_WIDTH bound to: 1 - type: integer 
	Parameter C_WRITE_MODE_A bound to: WRITE_FIRST - type: string 
	Parameter C_WRITE_WIDTH_A bound to: 16 - type: integer 
	Parameter C_READ_WIDTH_A bound to: 16 - type: integer 
	Parameter C_WRITE_DEPTH_A bound to: 10000 - type: integer 
	Parameter C_READ_DEPTH_A bound to: 10000 - type: integer 
	Parameter C_ADDRA_WIDTH bound to: 14 - type: integer 
	Parameter C_HAS_RSTB bound to: 0 - type: integer 
	Parameter C_RST_PRIORITY_B bound to: CE - type: string 
	Parameter C_RSTRAM_B bound to: 0 - type: integer 
	Parameter C_INITB_VAL bound to: 0 - type: string 
	Parameter C_HAS_ENB bound to: 1 - type: integer 
	Parameter C_HAS_REGCEB bound to: 0 - type: integer 
	Parameter C_USE_BYTE_WEB bound to: 0 - type: integer 
	Parameter C_WEB_WIDTH bound to: 1 - type: integer 
	Parameter C_WRITE_MODE_B bound to: WRITE_FIRST - type: string 
	Parameter C_WRITE_WIDTH_B bound to: 16 - type: integer 
	Parameter C_READ_WIDTH_B bound to: 16 - type: integer 
	Parameter C_WRITE_DEPTH_B bound to: 10000 - type: integer 
	Parameter C_READ_DEPTH_B bound to: 10000 - type: integer 
	Parameter C_ADDRB_WIDTH bound to: 14 - type: integer 
	Parameter C_HAS_MEM_OUTPUT_REGS_A bound to: 1 - type: integer 
	Parameter C_HAS_MEM_OUTPUT_REGS_B bound to: 1 - type: integer 
	Parameter C_HAS_MUX_OUTPUT_REGS_A bound to: 0 - type: integer 
	Parameter C_HAS_MUX_OUTPUT_REGS_B bound to: 0 - type: integer 
	Parameter C_MUX_PIPELINE_STAGES bound to: 0 - type: integer 
	Parameter C_HAS_SOFTECC_INPUT_REGS_A bound to: 0 - type: integer 
	Parameter C_HAS_SOFTECC_OUTPUT_REGS_B bound to: 0 - type: integer 
	Parameter C_USE_SOFTECC bound to: 0 - type: integer 
	Parameter C_USE_ECC bound to: 0 - type: integer 
	Parameter C_EN_ECC_PIPE bound to: 0 - type: integer 
	Parameter C_READ_LATENCY_A bound to: 1 - type: integer 
	Parameter C_READ_LATENCY_B bound to: 1 - type: integer 
	Parameter C_HAS_INJECTERR bound to: 0 - type: integer 
	Parameter C_SIM_COLLISION_CHECK bound to: ALL - type: string 
	Parameter C_COMMON_CLK bound to: 0 - type: integer 
	Parameter C_DISABLE_WARN_BHV_COLL bound to: 0 - type: integer 
	Parameter C_EN_SLEEP_PIN bound to: 0 - type: integer 
	Parameter C_USE_URAM bound to: 0 - type: integer 
	Parameter C_EN_RDADDRA_CHG bound to: 0 - type: integer 
	Parameter C_EN_RDADDRB_CHG bound to: 0 - type: integer 
	Parameter C_EN_DEEPSLEEP_PIN bound to: 0 - type: integer 
	Parameter C_EN_SHUTDOWN_PIN bound to: 0 - type: integer 
	Parameter C_EN_SAFETY_CKT bound to: 0 - type: integer 
	Parameter C_DISABLE_WARN_BHV_RANGE bound to: 0 - type: integer 
	Parameter C_COUNT_36K_BRAM bound to: 5 - type: string 
	Parameter C_COUNT_18K_BRAM bound to: 0 - type: string 
	Parameter C_EST_POWER_SUMMARY bound to: Estimated Power for IP     :     9.276081 mW - type: string 
INFO: [Synth 8-3491] module 'blk_mem_gen_v8_4_6' declared at 'c:/Users/JamesWilliamson/Xcorr/xCorr.gen/sources_1/bd/HydroDSP/ipshared/bb55/hdl/blk_mem_gen_v8_4_vhsyn_rfs.vhd:195321' bound to instance 'U0' of component 'blk_mem_gen_v8_4_6' [c:/Users/JamesWilliamson/Xcorr/xCorr.gen/sources_1/bd/HydroDSP/ip/HydroDSP_blk_mem_gen_0_0/synth/HydroDSP_blk_mem_gen_0_0.vhd:249]
INFO: [Synth 8-256] done synthesizing module 'HydroDSP_blk_mem_gen_0_0' (0#1) [c:/Users/JamesWilliamson/Xcorr/xCorr.gen/sources_1/bd/HydroDSP/ip/HydroDSP_blk_mem_gen_0_0/synth/HydroDSP_blk_mem_gen_0_0.vhd:76]
WARNING: [Synth 8-7129] Port CLKB in module blk_mem_output_block is either unconnected or has no load
WARNING: [Synth 8-7129] Port SBITERR_I in module blk_mem_output_block is either unconnected or has no load
WARNING: [Synth 8-7129] Port DBITERR_I in module blk_mem_output_block is either unconnected or has no load
WARNING: [Synth 8-7129] Port RDADDRECC_I[13] in module blk_mem_output_block is either unconnected or has no load
WARNING: [Synth 8-7129] Port RDADDRECC_I[12] in module blk_mem_output_block is either unconnected or has no load
WARNING: [Synth 8-7129] Port RDADDRECC_I[11] in module blk_mem_output_block is either unconnected or has no load
WARNING: [Synth 8-7129] Port RDADDRECC_I[10] in module blk_mem_output_block is either unconnected or has no load
WARNING: [Synth 8-7129] Port RDADDRECC_I[9] in module blk_mem_output_block is either unconnected or has no load
WARNING: [Synth 8-7129] Port RDADDRECC_I[8] in module blk_mem_output_block is either unconnected or has no load
WARNING: [Synth 8-7129] Port RDADDRECC_I[7] in module blk_mem_output_block is either unconnected or has no load
WARNING: [Synth 8-7129] Port RDADDRECC_I[6] in module blk_mem_output_block is either unconnected or has no load
WARNING: [Synth 8-7129] Port RDADDRECC_I[5] in module blk_mem_output_block is either unconnected or has no load
WARNING: [Synth 8-7129] Port RDADDRECC_I[4] in module blk_mem_output_block is either unconnected or has no load
WARNING: [Synth 8-7129] Port RDADDRECC_I[3] in module blk_mem_output_block is either unconnected or has no load
WARNING: [Synth 8-7129] Port RDADDRECC_I[2] in module blk_mem_output_block is either unconnected or has no load
WARNING: [Synth 8-7129] Port RDADDRECC_I[1] in module blk_mem_output_block is either unconnected or has no load
WARNING: [Synth 8-7129] Port RDADDRECC_I[0] in module blk_mem_output_block is either unconnected or has no load
WARNING: [Synth 8-7129] Port SBITERR in module blk_mem_gen_prim_wrapper__parameterized3 is either unconnected or has no load
WARNING: [Synth 8-7129] Port DBITERR in module blk_mem_gen_prim_wrapper__parameterized3 is either unconnected or has no load
WARNING: [Synth 8-7129] Port SSRA in module blk_mem_gen_prim_wrapper__parameterized3 is either unconnected or has no load
WARNING: [Synth 8-7129] Port SSRB in module blk_mem_gen_prim_wrapper__parameterized3 is either unconnected or has no load
WARNING: [Synth 8-7129] Port SLEEP in module blk_mem_gen_prim_wrapper__parameterized3 is either unconnected or has no load
WARNING: [Synth 8-7129] Port INJECTSBITERR in module blk_mem_gen_prim_wrapper__parameterized3 is either unconnected or has no load
WARNING: [Synth 8-7129] Port INJECTDBITERR in module blk_mem_gen_prim_wrapper__parameterized3 is either unconnected or has no load
WARNING: [Synth 8-7129] Port ECCPIPECE in module blk_mem_gen_prim_wrapper__parameterized3 is either unconnected or has no load
WARNING: [Synth 8-7129] Port SBITERR in module blk_mem_gen_prim_wrapper__parameterized2 is either unconnected or has no load
WARNING: [Synth 8-7129] Port DBITERR in module blk_mem_gen_prim_wrapper__parameterized2 is either unconnected or has no load
WARNING: [Synth 8-7129] Port SSRA in module blk_mem_gen_prim_wrapper__parameterized2 is either unconnected or has no load
WARNING: [Synth 8-7129] Port SSRB in module blk_mem_gen_prim_wrapper__parameterized2 is either unconnected or has no load
WARNING: [Synth 8-7129] Port SLEEP in module blk_mem_gen_prim_wrapper__parameterized2 is either unconnected or has no load
WARNING: [Synth 8-7129] Port INJECTSBITERR in module blk_mem_gen_prim_wrapper__parameterized2 is either unconnected or has no load
WARNING: [Synth 8-7129] Port INJECTDBITERR in module blk_mem_gen_prim_wrapper__parameterized2 is either unconnected or has no load
WARNING: [Synth 8-7129] Port ECCPIPECE in module blk_mem_gen_prim_wrapper__parameterized2 is either unconnected or has no load
WARNING: [Synth 8-7129] Port SBITERR in module blk_mem_gen_prim_wrapper__parameterized1 is either unconnected or has no load
WARNING: [Synth 8-7129] Port DBITERR in module blk_mem_gen_prim_wrapper__parameterized1 is either unconnected or has no load
WARNING: [Synth 8-7129] Port SSRA in module blk_mem_gen_prim_wrapper__parameterized1 is either unconnected or has no load
WARNING: [Synth 8-7129] Port SSRB in module blk_mem_gen_prim_wrapper__parameterized1 is either unconnected or has no load
WARNING: [Synth 8-7129] Port SLEEP in module blk_mem_gen_prim_wrapper__parameterized1 is either unconnected or has no load
WARNING: [Synth 8-7129] Port INJECTSBITERR in module blk_mem_gen_prim_wrapper__parameterized1 is either unconnected or has no load
WARNING: [Synth 8-7129] Port INJECTDBITERR in module blk_mem_gen_prim_wrapper__parameterized1 is either unconnected or has no load
WARNING: [Synth 8-7129] Port ECCPIPECE in module blk_mem_gen_prim_wrapper__parameterized1 is either unconnected or has no load
WARNING: [Synth 8-7129] Port SBITERR in module blk_mem_gen_prim_wrapper__parameterized0 is either unconnected or has no load
WARNING: [Synth 8-7129] Port DBITERR in module blk_mem_gen_prim_wrapper__parameterized0 is either unconnected or has no load
WARNING: [Synth 8-7129] Port SSRA in module blk_mem_gen_prim_wrapper__parameterized0 is either unconnected or has no load
WARNING: [Synth 8-7129] Port SSRB in module blk_mem_gen_prim_wrapper__parameterized0 is either unconnected or has no load
WARNING: [Synth 8-7129] Port SLEEP in module blk_mem_gen_prim_wrapper__parameterized0 is either unconnected or has no load
WARNING: [Synth 8-7129] Port INJECTSBITERR in module blk_mem_gen_prim_wrapper__parameterized0 is either unconnected or has no load
WARNING: [Synth 8-7129] Port INJECTDBITERR in module blk_mem_gen_prim_wrapper__parameterized0 is either unconnected or has no load
WARNING: [Synth 8-7129] Port ECCPIPECE in module blk_mem_gen_prim_wrapper__parameterized0 is either unconnected or has no load
WARNING: [Synth 8-7129] Port SBITERR in module blk_mem_gen_prim_wrapper is either unconnected or has no load
WARNING: [Synth 8-7129] Port DBITERR in module blk_mem_gen_prim_wrapper is either unconnected or has no load
WARNING: [Synth 8-7129] Port SSRA in module blk_mem_gen_prim_wrapper is either unconnected or has no load
WARNING: [Synth 8-7129] Port SSRB in module blk_mem_gen_prim_wrapper is either unconnected or has no load
WARNING: [Synth 8-7129] Port SLEEP in module blk_mem_gen_prim_wrapper is either unconnected or has no load
WARNING: [Synth 8-7129] Port INJECTSBITERR in module blk_mem_gen_prim_wrapper is either unconnected or has no load
WARNING: [Synth 8-7129] Port INJECTDBITERR in module blk_mem_gen_prim_wrapper is either unconnected or has no load
WARNING: [Synth 8-7129] Port ECCPIPECE in module blk_mem_gen_prim_wrapper is either unconnected or has no load
WARNING: [Synth 8-7129] Port MUX_RST[0] in module blk_mem_gen_mux__parameterized0 is either unconnected or has no load
WARNING: [Synth 8-7129] Port MEM_LAT_RST in module blk_mem_gen_mux__parameterized0 is either unconnected or has no load
WARNING: [Synth 8-7129] Port MUX_REGCE[0] in module blk_mem_gen_mux__parameterized0 is either unconnected or has no load
WARNING: [Synth 8-7129] Port WE in module blk_mem_gen_mux__parameterized0 is either unconnected or has no load
WARNING: [Synth 8-7129] Port ADDR_IN[13] in module blk_mem_gen_mux__parameterized0 is either unconnected or has no load
WARNING: [Synth 8-7129] Port ADDR_IN[12] in module blk_mem_gen_mux__parameterized0 is either unconnected or has no load
WARNING: [Synth 8-7129] Port ADDR_IN[11] in module blk_mem_gen_mux__parameterized0 is either unconnected or has no load
WARNING: [Synth 8-7129] Port ADDR_IN[10] in module blk_mem_gen_mux__parameterized0 is either unconnected or has no load
WARNING: [Synth 8-7129] Port ADDR_IN[9] in module blk_mem_gen_mux__parameterized0 is either unconnected or has no load
WARNING: [Synth 8-7129] Port ADDR_IN[8] in module blk_mem_gen_mux__parameterized0 is either unconnected or has no load
WARNING: [Synth 8-7129] Port ADDR_IN[7] in module blk_mem_gen_mux__parameterized0 is either unconnected or has no load
WARNING: [Synth 8-7129] Port ADDR_IN[6] in module blk_mem_gen_mux__parameterized0 is either unconnected or has no load
WARNING: [Synth 8-7129] Port ADDR_IN[5] in module blk_mem_gen_mux__parameterized0 is either unconnected or has no load
WARNING: [Synth 8-7129] Port ADDR_IN[4] in module blk_mem_gen_mux__parameterized0 is either unconnected or has no load
WARNING: [Synth 8-7129] Port ADDR_IN[3] in module blk_mem_gen_mux__parameterized0 is either unconnected or has no load
WARNING: [Synth 8-7129] Port ADDR_IN[2] in module blk_mem_gen_mux__parameterized0 is either unconnected or has no load
WARNING: [Synth 8-7129] Port ADDR_IN[1] in module blk_mem_gen_mux__parameterized0 is either unconnected or has no load
WARNING: [Synth 8-7129] Port ADDR_IN[0] in module blk_mem_gen_mux__parameterized0 is either unconnected or has no load
WARNING: [Synth 8-7129] Port SBITERRIN[15] in module blk_mem_gen_mux__parameterized0 is either unconnected or has no load
WARNING: [Synth 8-7129] Port SBITERRIN[14] in module blk_mem_gen_mux__parameterized0 is either unconnected or has no load
WARNING: [Synth 8-7129] Port SBITERRIN[13] in module blk_mem_gen_mux__parameterized0 is either unconnected or has no load
WARNING: [Synth 8-7129] Port SBITERRIN[12] in module blk_mem_gen_mux__parameterized0 is either unconnected or has no load
WARNING: [Synth 8-7129] Port SBITERRIN[11] in module blk_mem_gen_mux__parameterized0 is either unconnected or has no load
WARNING: [Synth 8-7129] Port SBITERRIN[10] in module blk_mem_gen_mux__parameterized0 is either unconnected or has no load
WARNING: [Synth 8-7129] Port SBITERRIN[9] in module blk_mem_gen_mux__parameterized0 is either unconnected or has no load
WARNING: [Synth 8-7129] Port SBITERRIN[8] in module blk_mem_gen_mux__parameterized0 is either unconnected or has no load
WARNING: [Synth 8-7129] Port SBITERRIN[7] in module blk_mem_gen_mux__parameterized0 is either unconnected or has no load
WARNING: [Synth 8-7129] Port SBITERRIN[6] in module blk_mem_gen_mux__parameterized0 is either unconnected or has no load
WARNING: [Synth 8-7129] Port SBITERRIN[5] in module blk_mem_gen_mux__parameterized0 is either unconnected or has no load
WARNING: [Synth 8-7129] Port SBITERRIN[4] in module blk_mem_gen_mux__parameterized0 is either unconnected or has no load
WARNING: [Synth 8-7129] Port SBITERRIN[3] in module blk_mem_gen_mux__parameterized0 is either unconnected or has no load
WARNING: [Synth 8-7129] Port SBITERRIN[2] in module blk_mem_gen_mux__parameterized0 is either unconnected or has no load
WARNING: [Synth 8-7129] Port SBITERRIN[1] in module blk_mem_gen_mux__parameterized0 is either unconnected or has no load
WARNING: [Synth 8-7129] Port SBITERRIN[0] in module blk_mem_gen_mux__parameterized0 is either unconnected or has no load
WARNING: [Synth 8-7129] Port DBITERRIN[15] in module blk_mem_gen_mux__parameterized0 is either unconnected or has no load
WARNING: [Synth 8-7129] Port DBITERRIN[14] in module blk_mem_gen_mux__parameterized0 is either unconnected or has no load
WARNING: [Synth 8-7129] Port DBITERRIN[13] in module blk_mem_gen_mux__parameterized0 is either unconnected or has no load
WARNING: [Synth 8-7129] Port DBITERRIN[12] in module blk_mem_gen_mux__parameterized0 is either unconnected or has no load
WARNING: [Synth 8-7129] Port DBITERRIN[11] in module blk_mem_gen_mux__parameterized0 is either unconnected or has no load
WARNING: [Synth 8-7129] Port DBITERRIN[10] in module blk_mem_gen_mux__parameterized0 is either unconnected or has no load
WARNING: [Synth 8-7129] Port DBITERRIN[9] in module blk_mem_gen_mux__parameterized0 is either unconnected or has no load
WARNING: [Synth 8-7129] Port DBITERRIN[8] in module blk_mem_gen_mux__parameterized0 is either unconnected or has no load
WARNING: [Synth 8-7129] Port DBITERRIN[7] in module blk_mem_gen_mux__parameterized0 is either unconnected or has no load
INFO: [Common 17-14] Message 'Synth 8-7129' appears 100 times and further instances of the messages will be disabled. Use the Tcl command set_msg_config to change the current settings.
---------------------------------------------------------------------------------
Finished RTL Elaboration : Time (s): cpu = 00:00:20 ; elapsed = 00:00:20 . Memory (MB): peak = 1592.598 ; gain = 740.562
---------------------------------------------------------------------------------
---------------------------------------------------------------------------------
Start Handling Custom Attributes
---------------------------------------------------------------------------------
---------------------------------------------------------------------------------
Finished Handling Custom Attributes : Time (s): cpu = 00:00:20 ; elapsed = 00:00:21 . Memory (MB): peak = 1592.598 ; gain = 740.562
---------------------------------------------------------------------------------
---------------------------------------------------------------------------------
Finished RTL Optimization Phase 1 : Time (s): cpu = 00:00:20 ; elapsed = 00:00:21 . Memory (MB): peak = 1592.598 ; gain = 740.562
---------------------------------------------------------------------------------
Netlist sorting complete. Time (s): cpu = 00:00:00 ; elapsed = 00:00:00.017 . Memory (MB): peak = 1592.598 ; gain = 0.000
INFO: [Netlist 29-17] Analyzing 5 Unisim elements for replacement
INFO: [Netlist 29-28] Unisim Transformation completed in 0 CPU seconds
INFO: [Project 1-570] Preparing netlist for logic optimization

Processing XDC Constraints
Initializing timing engine
Parsing XDC File [c:/Users/JamesWilliamson/Xcorr/xCorr.gen/sources_1/bd/HydroDSP/ip/HydroDSP_blk_mem_gen_0_0/HydroDSP_blk_mem_gen_0_0_ooc.xdc] for cell 'U0'
Finished Parsing XDC File [c:/Users/JamesWilliamson/Xcorr/xCorr.gen/sources_1/bd/HydroDSP/ip/HydroDSP_blk_mem_gen_0_0/HydroDSP_blk_mem_gen_0_0_ooc.xdc] for cell 'U0'
Parsing XDC File [C:/Users/JamesWilliamson/Xcorr/xCorr.runs/HydroDSP_blk_mem_gen_0_0_synth_1/dont_touch.xdc]
Finished Parsing XDC File [C:/Users/JamesWilliamson/Xcorr/xCorr.runs/HydroDSP_blk_mem_gen_0_0_synth_1/dont_touch.xdc]
Completed Processing XDC Constraints

Netlist sorting complete. Time (s): cpu = 00:00:00 ; elapsed = 00:00:00 . Memory (MB): peak = 1592.598 ; gain = 0.000
INFO: [Project 1-111] Unisim Transformation Summary:
No Unisim elements were transformed.

Constraint Validation Runtime : Time (s): cpu = 00:00:00 ; elapsed = 00:00:00.035 . Memory (MB): peak = 1592.598 ; gain = 0.000
INFO: [Designutils 20-5008] Incremental synthesis strategy off
---------------------------------------------------------------------------------
Finished Constraint Validation : Time (s): cpu = 00:00:27 ; elapsed = 00:00:27 . Memory (MB): peak = 1592.598 ; gain = 740.562
---------------------------------------------------------------------------------
---------------------------------------------------------------------------------
Start Loading Part and Timing Information
---------------------------------------------------------------------------------
Loading part: xc7s25csga225-1
---------------------------------------------------------------------------------
Finished Loading Part and Timing Information : Time (s): cpu = 00:00:27 ; elapsed = 00:00:27 . Memory (MB): peak = 1592.598 ; gain = 740.562
---------------------------------------------------------------------------------
---------------------------------------------------------------------------------
Start Applying 'set_property' XDC Constraints
---------------------------------------------------------------------------------
Applied set_property KEEP_HIERARCHY = SOFT for U0. (constraint file  C:/Users/JamesWilliamson/Xcorr/xCorr.runs/HydroDSP_blk_mem_gen_0_0_synth_1/dont_touch.xdc, line 9).
---------------------------------------------------------------------------------
Finished applying 'set_property' XDC Constraints : Time (s): cpu = 00:00:27 ; elapsed = 00:00:27 . Memory (MB): peak = 1592.598 ; gain = 740.562
---------------------------------------------------------------------------------
---------------------------------------------------------------------------------
Finished RTL Optimization Phase 2 : Time (s): cpu = 00:00:27 ; elapsed = 00:00:28 . Memory (MB): peak = 1592.598 ; gain = 740.562
---------------------------------------------------------------------------------
---------------------------------------------------------------------------------
Start RTL Component Statistics 
---------------------------------------------------------------------------------
Detailed RTL Component Info : 
+---Registers : 
	               14 Bit    Registers := 2     
	                3 Bit    Registers := 4     
+---Muxes : 
	   2 Input    1 Bit        Muxes := 18    
---------------------------------------------------------------------------------
Finished RTL Component Statistics 
---------------------------------------------------------------------------------
---------------------------------------------------------------------------------
Start Part Resource Summary
---------------------------------------------------------------------------------
Part Resources:
DSPs: 80 (col length:40)
BRAMs: 90 (col length: RAMB18 40 RAMB36 20)
---------------------------------------------------------------------------------
Finished Part Resource Summary
---------------------------------------------------------------------------------
---------------------------------------------------------------------------------
Start Cross Boundary and Area Optimization
---------------------------------------------------------------------------------
WARNING: [Synth 8-7080] Parallel synthesis criteria is not met
---------------------------------------------------------------------------------
Finished Cross Boundary and Area Optimization : Time (s): cpu = 00:00:29 ; elapsed = 00:00:29 . Memory (MB): peak = 1592.598 ; gain = 740.562
---------------------------------------------------------------------------------
---------------------------------------------------------------------------------
Start Applying XDC Timing Constraints
---------------------------------------------------------------------------------
---------------------------------------------------------------------------------
Finished Applying XDC Timing Constraints : Time (s): cpu = 00:00:34 ; elapsed = 00:00:34 . Memory (MB): peak = 1592.598 ; gain = 740.562
---------------------------------------------------------------------------------
---------------------------------------------------------------------------------
Start Timing Optimization
---------------------------------------------------------------------------------
---------------------------------------------------------------------------------
Finished Timing Optimization : Time (s): cpu = 00:00:34 ; elapsed = 00:00:34 . Memory (MB): peak = 1592.598 ; gain = 740.562
---------------------------------------------------------------------------------
---------------------------------------------------------------------------------
Start Technology Mapping
---------------------------------------------------------------------------------
---------------------------------------------------------------------------------
Finished Technology Mapping : Time (s): cpu = 00:00:34 ; elapsed = 00:00:34 . Memory (MB): peak = 1592.598 ; gain = 740.562
---------------------------------------------------------------------------------
---------------------------------------------------------------------------------
Start IO Insertion
---------------------------------------------------------------------------------
---------------------------------------------------------------------------------
Start Flattening Before IO Insertion
---------------------------------------------------------------------------------
---------------------------------------------------------------------------------
Finished Flattening Before IO Insertion
---------------------------------------------------------------------------------
---------------------------------------------------------------------------------
Start Final Netlist Cleanup
---------------------------------------------------------------------------------
---------------------------------------------------------------------------------
Finished Final Netlist Cleanup
---------------------------------------------------------------------------------
---------------------------------------------------------------------------------
Finished IO Insertion : Time (s): cpu = 00:00:38 ; elapsed = 00:00:38 . Memory (MB): peak = 1592.598 ; gain = 740.562
---------------------------------------------------------------------------------
---------------------------------------------------------------------------------
Start Renaming Generated Instances
---------------------------------------------------------------------------------
---------------------------------------------------------------------------------
Finished Renaming Generated Instances : Time (s): cpu = 00:00:38 ; elapsed = 00:00:38 . Memory (MB): peak = 1592.598 ; gain = 740.562
---------------------------------------------------------------------------------
---------------------------------------------------------------------------------
Start Rebuilding User Hierarchy
---------------------------------------------------------------------------------
---------------------------------------------------------------------------------
Finished Rebuilding User Hierarchy : Time (s): cpu = 00:00:38 ; elapsed = 00:00:38 . Memory (MB): peak = 1592.598 ; gain = 740.562
---------------------------------------------------------------------------------
---------------------------------------------------------------------------------
Start Renaming Generated Ports
---------------------------------------------------------------------------------
---------------------------------------------------------------------------------
Finished Renaming Generated Ports : Time (s): cpu = 00:00:38 ; elapsed = 00:00:38 . Memory (MB): peak = 1592.598 ; gain = 740.562
---------------------------------------------------------------------------------
---------------------------------------------------------------------------------
Start Handling Custom Attributes
---------------------------------------------------------------------------------
---------------------------------------------------------------------------------
Finished Handling Custom Attributes : Time (s): cpu = 00:00:38 ; elapsed = 00:00:38 . Memory (MB): peak = 1592.598 ; gain = 740.562
---------------------------------------------------------------------------------
---------------------------------------------------------------------------------
Start Renaming Generated Nets
---------------------------------------------------------------------------------
---------------------------------------------------------------------------------
Finished Renaming Generated Nets : Time (s): cpu = 00:00:38 ; elapsed = 00:00:38 . Memory (MB): peak = 1592.598 ; gain = 740.562
---------------------------------------------------------------------------------
---------------------------------------------------------------------------------
Start Writing Synthesis Report
---------------------------------------------------------------------------------

Report BlackBoxes: 
+-+--------------+----------+
| |BlackBox name |Instances |
+-+--------------+----------+
+-+--------------+----------+

Report Cell Usage: 
+------+---------+------+
|      |Cell     |Count |
+------+---------+------+
|1     |LUT3     |     4|
|2     |LUT4     |     2|
|3     |LUT6     |    32|
|4     |RAMB36E1 |     5|
|6     |FDRE     |    12|
+------+---------+------+
---------------------------------------------------------------------------------
Finished Writing Synthesis Report : Time (s): cpu = 00:00:38 ; elapsed = 00:00:38 . Memory (MB): peak = 1592.598 ; gain = 740.562
---------------------------------------------------------------------------------
Synthesis finished with 0 errors, 0 critical warnings and 135 warnings.
Synthesis Optimization Runtime : Time (s): cpu = 00:00:16 ; elapsed = 00:00:36 . Memory (MB): peak = 1592.598 ; gain = 740.562
Synthesis Optimization Complete : Time (s): cpu = 00:00:38 ; elapsed = 00:00:38 . Memory (MB): peak = 1592.598 ; gain = 740.562
INFO: [Project 1-571] Translating synthesized netlist
Netlist sorting complete. Time (s): cpu = 00:00:00 ; elapsed = 00:00:00.008 . Memory (MB): peak = 1592.598 ; gain = 0.000
INFO: [Netlist 29-17] Analyzing 5 Unisim elements for replacement
INFO: [Netlist 29-28] Unisim Transformation completed in 0 CPU seconds
INFO: [Project 1-570] Preparing netlist for logic optimization
INFO: [Opt 31-138] Pushed 0 inverter(s) to 0 load pin(s).
Netlist sorting complete. Time (s): cpu = 00:00:00 ; elapsed = 00:00:00 . Memory (MB): peak = 1592.598 ; gain = 0.000
INFO: [Project 1-111] Unisim Transformation Summary:
No Unisim elements were transformed.

Synth Design complete | Checksum: df232061
INFO: [Common 17-83] Releasing license: Synthesis
22 Infos, 101 Warnings, 0 Critical Warnings and 0 Errors encountered.
synth_design completed successfully
synth_design: Time (s): cpu = 00:00:42 ; elapsed = 00:00:42 . Memory (MB): peak = 1592.598 ; gain = 1104.172
INFO: [Common 17-1381] The checkpoint 'C:/Users/JamesWilliamson/Xcorr/xCorr.runs/HydroDSP_blk_mem_gen_0_0_synth_1/HydroDSP_blk_mem_gen_0_0.dcp' has been generated.
INFO: [Coretcl 2-1648] Added synthesis output to IP cache for IP HydroDSP_blk_mem_gen_0_0, cache-ID = d69a290ca51156f9
INFO: [Coretcl 2-1174] Renamed 18 cell refs.
INFO: [Common 17-1381] The checkpoint 'C:/Users/JamesWilliamson/Xcorr/xCorr.runs/HydroDSP_blk_mem_gen_0_0_synth_1/HydroDSP_blk_mem_gen_0_0.dcp' has been generated.
INFO: [runtcl-4] Executing : report_utilization -file HydroDSP_blk_mem_gen_0_0_utilization_synth.rpt -pb HydroDSP_blk_mem_gen_0_0_utilization_synth.pb
INFO: [Common 17-206] Exiting Vivado at Fri Aug 23 16:36:49 2024...
