
*** Running vivado
    with args -log TB.vds -m64 -product Vivado -mode batch -messageDb vivado.pb -notrace -source TB.tcl


ECHO is off.
ECHO is off.

****** Vivado v2023.1 (64-bit)
  **** SW Build 3865809 on Sun May  7 15:05:29 MDT 2023
  **** IP Build 3864474 on Sun May  7 20:36:21 MDT 2023
  **** SharedData Build 3865790 on Sun May 07 13:33:03 MDT 2023
    ** Copyright 1986-2022 Xilinx, Inc. All Rights Reserved.
    ** Copyright 2022-2023 Advanced Micro Devices, Inc. All Rights Reserved.

source TB.tcl -notrace
create_project: Time (s): cpu = 00:00:07 ; elapsed = 00:00:06 . Memory (MB): peak = 455.621 ; gain = 162.711
INFO: [IP_Flow 19-234] Refreshing IP repositories
INFO: [IP_Flow 19-1704] No user IP repositories specified
INFO: [IP_Flow 19-2313] Loaded Vivado IP repository 'C:/Xilinx/Vivado/2023.1/data/ip'.
Command: read_checkpoint -auto_incremental -incremental C:/Users/JamesWilliamson/Xcorr/xCorr.srcs/utils_1/imports/synth_1/TB.dcp
INFO: [Vivado 12-5825] Read reference checkpoint from C:/Users/JamesWilliamson/Xcorr/xCorr.srcs/utils_1/imports/synth_1/TB.dcp for incremental synthesis
INFO: [Vivado 12-7989] Please ensure there are no constraint changes
Command: synth_design -top TB -part xc7s25csga225-1
Starting synth_design
Attempting to get a license for feature 'Synthesis' and/or device 'xc7s25'
INFO: [Common 17-349] Got license for feature 'Synthesis' and/or device 'xc7s25'
INFO: [Device 21-403] Loading part xc7s25csga225-1
INFO: [Designutils 20-5440] No compile time benefit to using incremental synthesis; A full resynthesis will be run
INFO: [Designutils 20-4379] Flow is switching to default flow due to incremental criteria not met. If you would like to alter this behaviour and have the flow terminate instead, please set the following parameter config_implementation {autoIncr.Synth.RejectBehavior Terminate}
INFO: [Synth 8-7079] Multithreading enabled for synth_design using a maximum of 2 processes.
INFO: [Synth 8-7078] Launching helper process for spawning children vivado processes
INFO: [Synth 8-7075] Helper process launched with PID 4516
---------------------------------------------------------------------------------
Starting RTL Elaboration : Time (s): cpu = 00:00:05 ; elapsed = 00:00:05 . Memory (MB): peak = 1271.250 ; gain = 411.793
---------------------------------------------------------------------------------
INFO: [Synth 8-6157] synthesizing module 'TB' [C:/Users/JamesWilliamson/Xcorr/xCorr.srcs/sources_1/new/Testbench.v:3]
WARNING: [Synth 8-6896] loop limit (65536) exceeded inside initial block, initial block items will be ignored [C:/Users/JamesWilliamson/Xcorr/xCorr.srcs/sources_1/new/Testbench.v:19]
WARNING: [Synth 8-4446] all outputs are unconnected for this instance and logic may be removed [C:/Users/JamesWilliamson/Xcorr/xCorr.srcs/sources_1/new/Testbench.v:12]
INFO: [Synth 8-6157] synthesizing module 'HydroDSP_wrapper' [C:/Users/JamesWilliamson/Xcorr/xCorr.gen/sources_1/bd/HydroDSP/hdl/HydroDSP_wrapper.v:13]
INFO: [Synth 8-6157] synthesizing module 'HydroDSP' [c:/Users/JamesWilliamson/Xcorr/xCorr.gen/sources_1/bd/HydroDSP/synth/HydroDSP.v:13]
INFO: [Synth 8-6157] synthesizing module 'HydroDSP_CC_0_0' [C:/Users/JamesWilliamson/Xcorr/xCorr.runs/synth_1/.Xil/Vivado-25532-DESKTOP-C8C4U9T/realtime/HydroDSP_CC_0_0_stub.v:6]
INFO: [Synth 8-6155] done synthesizing module 'HydroDSP_CC_0_0' (0#1) [C:/Users/JamesWilliamson/Xcorr/xCorr.runs/synth_1/.Xil/Vivado-25532-DESKTOP-C8C4U9T/realtime/HydroDSP_CC_0_0_stub.v:6]
WARNING: [Synth 8-7071] port 'product' of module 'HydroDSP_CC_0_0' is unconnected for instance 'CC_0' [c:/Users/JamesWilliamson/Xcorr/xCorr.gen/sources_1/bd/HydroDSP/synth/HydroDSP.v:54]
WARNING: [Synth 8-7023] instance 'CC_0' of module 'HydroDSP_CC_0_0' has 20 connections declared, but only 19 given [c:/Users/JamesWilliamson/Xcorr/xCorr.gen/sources_1/bd/HydroDSP/synth/HydroDSP.v:54]
INFO: [Synth 8-6157] synthesizing module 'HydroDSP_blk_mem_gen_0_0' [C:/Users/JamesWilliamson/Xcorr/xCorr.runs/synth_1/.Xil/Vivado-25532-DESKTOP-C8C4U9T/realtime/HydroDSP_blk_mem_gen_0_0_stub.v:6]
INFO: [Synth 8-6155] done synthesizing module 'HydroDSP_blk_mem_gen_0_0' (0#1) [C:/Users/JamesWilliamson/Xcorr/xCorr.runs/synth_1/.Xil/Vivado-25532-DESKTOP-C8C4U9T/realtime/HydroDSP_blk_mem_gen_0_0_stub.v:6]
WARNING: [Synth 8-7071] port 'douta' of module 'HydroDSP_blk_mem_gen_0_0' is unconnected for instance 'blk_mem_gen_0' [c:/Users/JamesWilliamson/Xcorr/xCorr.gen/sources_1/bd/HydroDSP/synth/HydroDSP.v:74]
WARNING: [Synth 8-7023] instance 'blk_mem_gen_0' of module 'HydroDSP_blk_mem_gen_0_0' has 12 connections declared, but only 11 given [c:/Users/JamesWilliamson/Xcorr/xCorr.gen/sources_1/bd/HydroDSP/synth/HydroDSP.v:74]
INFO: [Synth 8-6157] synthesizing module 'HydroDSP_blk_mem_gen_0_1' [C:/Users/JamesWilliamson/Xcorr/xCorr.runs/synth_1/.Xil/Vivado-25532-DESKTOP-C8C4U9T/realtime/HydroDSP_blk_mem_gen_0_1_stub.v:6]
INFO: [Synth 8-6155] done synthesizing module 'HydroDSP_blk_mem_gen_0_1' (0#1) [C:/Users/JamesWilliamson/Xcorr/xCorr.runs/synth_1/.Xil/Vivado-25532-DESKTOP-C8C4U9T/realtime/HydroDSP_blk_mem_gen_0_1_stub.v:6]
WARNING: [Synth 8-7071] port 'douta' of module 'HydroDSP_blk_mem_gen_0_1' is unconnected for instance 'blk_mem_gen_1' [c:/Users/JamesWilliamson/Xcorr/xCorr.gen/sources_1/bd/HydroDSP/synth/HydroDSP.v:86]
WARNING: [Synth 8-7023] instance 'blk_mem_gen_1' of module 'HydroDSP_blk_mem_gen_0_1' has 12 connections declared, but only 11 given [c:/Users/JamesWilliamson/Xcorr/xCorr.gen/sources_1/bd/HydroDSP/synth/HydroDSP.v:86]
INFO: [Synth 8-6157] synthesizing module 'HydroDSP_blk_mem_gen_0_2' [C:/Users/JamesWilliamson/Xcorr/xCorr.runs/synth_1/.Xil/Vivado-25532-DESKTOP-C8C4U9T/realtime/HydroDSP_blk_mem_gen_0_2_stub.v:6]
INFO: [Synth 8-6155] done synthesizing module 'HydroDSP_blk_mem_gen_0_2' (0#1) [C:/Users/JamesWilliamson/Xcorr/xCorr.runs/synth_1/.Xil/Vivado-25532-DESKTOP-C8C4U9T/realtime/HydroDSP_blk_mem_gen_0_2_stub.v:6]
WARNING: [Synth 8-7071] port 'douta' of module 'HydroDSP_blk_mem_gen_0_2' is unconnected for instance 'blk_mem_gen_2' [c:/Users/JamesWilliamson/Xcorr/xCorr.gen/sources_1/bd/HydroDSP/synth/HydroDSP.v:98]
WARNING: [Synth 8-7023] instance 'blk_mem_gen_2' of module 'HydroDSP_blk_mem_gen_0_2' has 12 connections declared, but only 11 given [c:/Users/JamesWilliamson/Xcorr/xCorr.gen/sources_1/bd/HydroDSP/synth/HydroDSP.v:98]
INFO: [Synth 8-6157] synthesizing module 'HydroDSP_blk_mem_gen_0_3' [C:/Users/JamesWilliamson/Xcorr/xCorr.runs/synth_1/.Xil/Vivado-25532-DESKTOP-C8C4U9T/realtime/HydroDSP_blk_mem_gen_0_3_stub.v:6]
INFO: [Synth 8-6155] done synthesizing module 'HydroDSP_blk_mem_gen_0_3' (0#1) [C:/Users/JamesWilliamson/Xcorr/xCorr.runs/synth_1/.Xil/Vivado-25532-DESKTOP-C8C4U9T/realtime/HydroDSP_blk_mem_gen_0_3_stub.v:6]
WARNING: [Synth 8-7071] port 'douta' of module 'HydroDSP_blk_mem_gen_0_3' is unconnected for instance 'blk_mem_gen_3' [c:/Users/JamesWilliamson/Xcorr/xCorr.gen/sources_1/bd/HydroDSP/synth/HydroDSP.v:110]
WARNING: [Synth 8-7023] instance 'blk_mem_gen_3' of module 'HydroDSP_blk_mem_gen_0_3' has 12 connections declared, but only 11 given [c:/Users/JamesWilliamson/Xcorr/xCorr.gen/sources_1/bd/HydroDSP/synth/HydroDSP.v:110]
INFO: [Synth 8-6157] synthesizing module 'HydroDSP_blk_mem_gen_0_4' [C:/Users/JamesWilliamson/Xcorr/xCorr.runs/synth_1/.Xil/Vivado-25532-DESKTOP-C8C4U9T/realtime/HydroDSP_blk_mem_gen_0_4_stub.v:6]
INFO: [Synth 8-6155] done synthesizing module 'HydroDSP_blk_mem_gen_0_4' (0#1) [C:/Users/JamesWilliamson/Xcorr/xCorr.runs/synth_1/.Xil/Vivado-25532-DESKTOP-C8C4U9T/realtime/HydroDSP_blk_mem_gen_0_4_stub.v:6]
WARNING: [Synth 8-7071] port 'douta' of module 'HydroDSP_blk_mem_gen_0_4' is unconnected for instance 'blk_mem_gen_4' [c:/Users/JamesWilliamson/Xcorr/xCorr.gen/sources_1/bd/HydroDSP/synth/HydroDSP.v:122]
WARNING: [Synth 8-7023] instance 'blk_mem_gen_4' of module 'HydroDSP_blk_mem_gen_0_4' has 12 connections declared, but only 11 given [c:/Users/JamesWilliamson/Xcorr/xCorr.gen/sources_1/bd/HydroDSP/synth/HydroDSP.v:122]
INFO: [Synth 8-6157] synthesizing module 'HydroDSP_blk_mem_gen_1_0' [C:/Users/JamesWilliamson/Xcorr/xCorr.runs/synth_1/.Xil/Vivado-25532-DESKTOP-C8C4U9T/realtime/HydroDSP_blk_mem_gen_1_0_stub.v:6]
INFO: [Synth 8-6155] done synthesizing module 'HydroDSP_blk_mem_gen_1_0' (0#1) [C:/Users/JamesWilliamson/Xcorr/xCorr.runs/synth_1/.Xil/Vivado-25532-DESKTOP-C8C4U9T/realtime/HydroDSP_blk_mem_gen_1_0_stub.v:6]
WARNING: [Synth 8-7071] port 'douta' of module 'HydroDSP_blk_mem_gen_1_0' is unconnected for instance 'blk_mem_gen_5' [c:/Users/JamesWilliamson/Xcorr/xCorr.gen/sources_1/bd/HydroDSP/synth/HydroDSP.v:134]
WARNING: [Synth 8-7023] instance 'blk_mem_gen_5' of module 'HydroDSP_blk_mem_gen_1_0' has 12 connections declared, but only 11 given [c:/Users/JamesWilliamson/Xcorr/xCorr.gen/sources_1/bd/HydroDSP/synth/HydroDSP.v:134]
INFO: [Synth 8-6157] synthesizing module 'HydroDSP_blk_mem_gen_2_0' [C:/Users/JamesWilliamson/Xcorr/xCorr.runs/synth_1/.Xil/Vivado-25532-DESKTOP-C8C4U9T/realtime/HydroDSP_blk_mem_gen_2_0_stub.v:6]
INFO: [Synth 8-6155] done synthesizing module 'HydroDSP_blk_mem_gen_2_0' (0#1) [C:/Users/JamesWilliamson/Xcorr/xCorr.runs/synth_1/.Xil/Vivado-25532-DESKTOP-C8C4U9T/realtime/HydroDSP_blk_mem_gen_2_0_stub.v:6]
WARNING: [Synth 8-7071] port 'douta' of module 'HydroDSP_blk_mem_gen_2_0' is unconnected for instance 'blk_mem_gen_6' [c:/Users/JamesWilliamson/Xcorr/xCorr.gen/sources_1/bd/HydroDSP/synth/HydroDSP.v:146]
WARNING: [Synth 8-7023] instance 'blk_mem_gen_6' of module 'HydroDSP_blk_mem_gen_2_0' has 12 connections declared, but only 11 given [c:/Users/JamesWilliamson/Xcorr/xCorr.gen/sources_1/bd/HydroDSP/synth/HydroDSP.v:146]
INFO: [Synth 8-6157] synthesizing module 'HydroDSP_blk_mem_gen_3_0' [C:/Users/JamesWilliamson/Xcorr/xCorr.runs/synth_1/.Xil/Vivado-25532-DESKTOP-C8C4U9T/realtime/HydroDSP_blk_mem_gen_3_0_stub.v:6]
INFO: [Synth 8-6155] done synthesizing module 'HydroDSP_blk_mem_gen_3_0' (0#1) [C:/Users/JamesWilliamson/Xcorr/xCorr.runs/synth_1/.Xil/Vivado-25532-DESKTOP-C8C4U9T/realtime/HydroDSP_blk_mem_gen_3_0_stub.v:6]
WARNING: [Synth 8-7071] port 'douta' of module 'HydroDSP_blk_mem_gen_3_0' is unconnected for instance 'blk_mem_gen_7' [c:/Users/JamesWilliamson/Xcorr/xCorr.gen/sources_1/bd/HydroDSP/synth/HydroDSP.v:158]
WARNING: [Synth 8-7023] instance 'blk_mem_gen_7' of module 'HydroDSP_blk_mem_gen_3_0' has 12 connections declared, but only 11 given [c:/Users/JamesWilliamson/Xcorr/xCorr.gen/sources_1/bd/HydroDSP/synth/HydroDSP.v:158]
INFO: [Synth 8-6157] synthesizing module 'HydroDSP_clk100khz_0_0' [C:/Users/JamesWilliamson/Xcorr/xCorr.runs/synth_1/.Xil/Vivado-25532-DESKTOP-C8C4U9T/realtime/HydroDSP_clk100khz_0_0_stub.v:6]
INFO: [Synth 8-6155] done synthesizing module 'HydroDSP_clk100khz_0_0' (0#1) [C:/Users/JamesWilliamson/Xcorr/xCorr.runs/synth_1/.Xil/Vivado-25532-DESKTOP-C8C4U9T/realtime/HydroDSP_clk100khz_0_0_stub.v:6]
INFO: [Synth 8-6157] synthesizing module 'HydroDSP_clk_wiz_0_0' [C:/Users/JamesWilliamson/Xcorr/xCorr.runs/synth_1/.Xil/Vivado-25532-DESKTOP-C8C4U9T/realtime/HydroDSP_clk_wiz_0_0_stub.v:6]
INFO: [Synth 8-6155] done synthesizing module 'HydroDSP_clk_wiz_0_0' (0#1) [C:/Users/JamesWilliamson/Xcorr/xCorr.runs/synth_1/.Xil/Vivado-25532-DESKTOP-C8C4U9T/realtime/HydroDSP_clk_wiz_0_0_stub.v:6]
WARNING: [Synth 8-7071] port 'locked' of module 'HydroDSP_clk_wiz_0_0' is unconnected for instance 'clk_wiz_0' [c:/Users/JamesWilliamson/Xcorr/xCorr.gen/sources_1/bd/HydroDSP/synth/HydroDSP.v:173]
WARNING: [Synth 8-7023] instance 'clk_wiz_0' of module 'HydroDSP_clk_wiz_0_0' has 4 connections declared, but only 3 given [c:/Users/JamesWilliamson/Xcorr/xCorr.gen/sources_1/bd/HydroDSP/synth/HydroDSP.v:173]
INFO: [Synth 8-6157] synthesizing module 'HydroDSP_dds_compiler_0_0' [C:/Users/JamesWilliamson/Xcorr/xCorr.runs/synth_1/.Xil/Vivado-25532-DESKTOP-C8C4U9T/realtime/HydroDSP_dds_compiler_0_0_stub.v:6]
INFO: [Synth 8-6155] done synthesizing module 'HydroDSP_dds_compiler_0_0' (0#1) [C:/Users/JamesWilliamson/Xcorr/xCorr.runs/synth_1/.Xil/Vivado-25532-DESKTOP-C8C4U9T/realtime/HydroDSP_dds_compiler_0_0_stub.v:6]
WARNING: [Synth 8-7071] port 's_axis_phase_tready' of module 'HydroDSP_dds_compiler_0_0' is unconnected for instance 'dds_compiler_0' [c:/Users/JamesWilliamson/Xcorr/xCorr.gen/sources_1/bd/HydroDSP/synth/HydroDSP.v:177]
WARNING: [Synth 8-7071] port 'm_axis_data_tvalid' of module 'HydroDSP_dds_compiler_0_0' is unconnected for instance 'dds_compiler_0' [c:/Users/JamesWilliamson/Xcorr/xCorr.gen/sources_1/bd/HydroDSP/synth/HydroDSP.v:177]
WARNING: [Synth 8-7023] instance 'dds_compiler_0' of module 'HydroDSP_dds_compiler_0_0' has 7 connections declared, but only 5 given [c:/Users/JamesWilliamson/Xcorr/xCorr.gen/sources_1/bd/HydroDSP/synth/HydroDSP.v:177]
INFO: [Synth 8-6157] synthesizing module 'HydroDSP_dds_compiler_1_0' [C:/Users/JamesWilliamson/Xcorr/xCorr.runs/synth_1/.Xil/Vivado-25532-DESKTOP-C8C4U9T/realtime/HydroDSP_dds_compiler_1_0_stub.v:6]
INFO: [Synth 8-6155] done synthesizing module 'HydroDSP_dds_compiler_1_0' (0#1) [C:/Users/JamesWilliamson/Xcorr/xCorr.runs/synth_1/.Xil/Vivado-25532-DESKTOP-C8C4U9T/realtime/HydroDSP_dds_compiler_1_0_stub.v:6]
INFO: [Synth 8-6157] synthesizing module 'HydroDSP_waveParser_0_0' [C:/Users/JamesWilliamson/Xcorr/xCorr.runs/synth_1/.Xil/Vivado-25532-DESKTOP-C8C4U9T/realtime/HydroDSP_waveParser_0_0_stub.v:6]
INFO: [Synth 8-6155] done synthesizing module 'HydroDSP_waveParser_0_0' (0#1) [C:/Users/JamesWilliamson/Xcorr/xCorr.runs/synth_1/.Xil/Vivado-25532-DESKTOP-C8C4U9T/realtime/HydroDSP_waveParser_0_0_stub.v:6]
INFO: [Synth 8-6157] synthesizing module 'HydroDSP_xlconstant_0_0' [c:/Users/JamesWilliamson/Xcorr/xCorr.gen/sources_1/bd/HydroDSP/ip/HydroDSP_xlconstant_0_0/synth/HydroDSP_xlconstant_0_0.v:53]
INFO: [Synth 8-6157] synthesizing module 'xlconstant_v1_1_7_xlconstant' [c:/Users/JamesWilliamson/Xcorr/xCorr.gen/sources_1/bd/HydroDSP/ipshared/b0f2/hdl/xlconstant_v1_1_vl_rfs.v:23]
INFO: [Synth 8-6155] done synthesizing module 'xlconstant_v1_1_7_xlconstant' (0#1) [c:/Users/JamesWilliamson/Xcorr/xCorr.gen/sources_1/bd/HydroDSP/ipshared/b0f2/hdl/xlconstant_v1_1_vl_rfs.v:23]
INFO: [Synth 8-6155] done synthesizing module 'HydroDSP_xlconstant_0_0' (0#1) [c:/Users/JamesWilliamson/Xcorr/xCorr.gen/sources_1/bd/HydroDSP/ip/HydroDSP_xlconstant_0_0/synth/HydroDSP_xlconstant_0_0.v:53]
INFO: [Synth 8-6155] done synthesizing module 'HydroDSP' (0#1) [c:/Users/JamesWilliamson/Xcorr/xCorr.gen/sources_1/bd/HydroDSP/synth/HydroDSP.v:13]
INFO: [Synth 8-6155] done synthesizing module 'HydroDSP_wrapper' (0#1) [C:/Users/JamesWilliamson/Xcorr/xCorr.gen/sources_1/bd/HydroDSP/hdl/HydroDSP_wrapper.v:13]
WARNING: [Synth 8-7071] port 'reset' of module 'HydroDSP_wrapper' is unconnected for instance 'DUT' [C:/Users/JamesWilliamson/Xcorr/xCorr.srcs/sources_1/new/Testbench.v:12]
WARNING: [Synth 8-7071] port 'xcorr_0' of module 'HydroDSP_wrapper' is unconnected for instance 'DUT' [C:/Users/JamesWilliamson/Xcorr/xCorr.srcs/sources_1/new/Testbench.v:12]
WARNING: [Synth 8-7023] instance 'DUT' of module 'HydroDSP_wrapper' has 3 connections declared, but only 1 given [C:/Users/JamesWilliamson/Xcorr/xCorr.srcs/sources_1/new/Testbench.v:12]
INFO: [Synth 8-6155] done synthesizing module 'TB' (0#1) [C:/Users/JamesWilliamson/Xcorr/xCorr.srcs/sources_1/new/Testbench.v:3]
WARNING: [Synth 8-3848] Net clk in module/entity TB does not have driver. [C:/Users/JamesWilliamson/Xcorr/xCorr.srcs/sources_1/new/Testbench.v:9]
---------------------------------------------------------------------------------
Finished RTL Elaboration : Time (s): cpu = 00:00:09 ; elapsed = 00:00:09 . Memory (MB): peak = 1400.074 ; gain = 540.617
---------------------------------------------------------------------------------
---------------------------------------------------------------------------------
Start Handling Custom Attributes
---------------------------------------------------------------------------------
---------------------------------------------------------------------------------
Finished Handling Custom Attributes : Time (s): cpu = 00:00:09 ; elapsed = 00:00:09 . Memory (MB): peak = 1400.074 ; gain = 540.617
---------------------------------------------------------------------------------
---------------------------------------------------------------------------------
Finished RTL Optimization Phase 1 : Time (s): cpu = 00:00:09 ; elapsed = 00:00:09 . Memory (MB): peak = 1400.074 ; gain = 540.617
---------------------------------------------------------------------------------
Netlist sorting complete. Time (s): cpu = 00:00:00 ; elapsed = 00:00:00.005 . Memory (MB): peak = 1400.074 ; gain = 0.000
INFO: [Project 1-570] Preparing netlist for logic optimization

Processing XDC Constraints
Initializing timing engine
Parsing XDC File [c:/Users/JamesWilliamson/Xcorr/xCorr.gen/sources_1/bd/HydroDSP/ip/HydroDSP_dds_compiler_0_0/HydroDSP_dds_compiler_0_0/HydroDSP_dds_compiler_0_0_in_context.xdc] for cell 'DUT/HydroDSP_i/dds_compiler_0'
Finished Parsing XDC File [c:/Users/JamesWilliamson/Xcorr/xCorr.gen/sources_1/bd/HydroDSP/ip/HydroDSP_dds_compiler_0_0/HydroDSP_dds_compiler_0_0/HydroDSP_dds_compiler_0_0_in_context.xdc] for cell 'DUT/HydroDSP_i/dds_compiler_0'
Parsing XDC File [c:/Users/JamesWilliamson/Xcorr/xCorr.gen/sources_1/bd/HydroDSP/ip/HydroDSP_dds_compiler_1_0/HydroDSP_dds_compiler_1_0/HydroDSP_dds_compiler_1_0_in_context.xdc] for cell 'DUT/HydroDSP_i/dds_compiler_1'
Finished Parsing XDC File [c:/Users/JamesWilliamson/Xcorr/xCorr.gen/sources_1/bd/HydroDSP/ip/HydroDSP_dds_compiler_1_0/HydroDSP_dds_compiler_1_0/HydroDSP_dds_compiler_1_0_in_context.xdc] for cell 'DUT/HydroDSP_i/dds_compiler_1'
Parsing XDC File [c:/Users/JamesWilliamson/Xcorr/xCorr.gen/sources_1/bd/HydroDSP/ip/HydroDSP_clk_wiz_0_0/HydroDSP_clk_wiz_0_0/HydroDSP_clk_wiz_0_0_in_context.xdc] for cell 'DUT/HydroDSP_i/clk_wiz_0'
Finished Parsing XDC File [c:/Users/JamesWilliamson/Xcorr/xCorr.gen/sources_1/bd/HydroDSP/ip/HydroDSP_clk_wiz_0_0/HydroDSP_clk_wiz_0_0/HydroDSP_clk_wiz_0_0_in_context.xdc] for cell 'DUT/HydroDSP_i/clk_wiz_0'
Parsing XDC File [c:/Users/JamesWilliamson/Xcorr/xCorr.gen/sources_1/bd/HydroDSP/ip/HydroDSP_clk100khz_0_0/HydroDSP_clk100khz_0_0/HydroDSP_clk100khz_0_0_in_context.xdc] for cell 'DUT/HydroDSP_i/clk100khz_0'
Finished Parsing XDC File [c:/Users/JamesWilliamson/Xcorr/xCorr.gen/sources_1/bd/HydroDSP/ip/HydroDSP_clk100khz_0_0/HydroDSP_clk100khz_0_0/HydroDSP_clk100khz_0_0_in_context.xdc] for cell 'DUT/HydroDSP_i/clk100khz_0'
Parsing XDC File [c:/Users/JamesWilliamson/Xcorr/xCorr.gen/sources_1/bd/HydroDSP/ip/HydroDSP_blk_mem_gen_0_0/HydroDSP_blk_mem_gen_0_0/HydroDSP_blk_mem_gen_0_0_in_context.xdc] for cell 'DUT/HydroDSP_i/blk_mem_gen_0'
Finished Parsing XDC File [c:/Users/JamesWilliamson/Xcorr/xCorr.gen/sources_1/bd/HydroDSP/ip/HydroDSP_blk_mem_gen_0_0/HydroDSP_blk_mem_gen_0_0/HydroDSP_blk_mem_gen_0_0_in_context.xdc] for cell 'DUT/HydroDSP_i/blk_mem_gen_0'
Parsing XDC File [c:/Users/JamesWilliamson/Xcorr/xCorr.gen/sources_1/bd/HydroDSP/ip/HydroDSP_blk_mem_gen_0_1/HydroDSP_blk_mem_gen_0_1/HydroDSP_blk_mem_gen_0_0_in_context.xdc] for cell 'DUT/HydroDSP_i/blk_mem_gen_1'
Finished Parsing XDC File [c:/Users/JamesWilliamson/Xcorr/xCorr.gen/sources_1/bd/HydroDSP/ip/HydroDSP_blk_mem_gen_0_1/HydroDSP_blk_mem_gen_0_1/HydroDSP_blk_mem_gen_0_0_in_context.xdc] for cell 'DUT/HydroDSP_i/blk_mem_gen_1'
Parsing XDC File [c:/Users/JamesWilliamson/Xcorr/xCorr.gen/sources_1/bd/HydroDSP/ip/HydroDSP_blk_mem_gen_0_2/HydroDSP_blk_mem_gen_0_2/HydroDSP_blk_mem_gen_0_0_in_context.xdc] for cell 'DUT/HydroDSP_i/blk_mem_gen_2'
Finished Parsing XDC File [c:/Users/JamesWilliamson/Xcorr/xCorr.gen/sources_1/bd/HydroDSP/ip/HydroDSP_blk_mem_gen_0_2/HydroDSP_blk_mem_gen_0_2/HydroDSP_blk_mem_gen_0_0_in_context.xdc] for cell 'DUT/HydroDSP_i/blk_mem_gen_2'
Parsing XDC File [c:/Users/JamesWilliamson/Xcorr/xCorr.gen/sources_1/bd/HydroDSP/ip/HydroDSP_blk_mem_gen_0_3/HydroDSP_blk_mem_gen_0_3/HydroDSP_blk_mem_gen_0_0_in_context.xdc] for cell 'DUT/HydroDSP_i/blk_mem_gen_3'
Finished Parsing XDC File [c:/Users/JamesWilliamson/Xcorr/xCorr.gen/sources_1/bd/HydroDSP/ip/HydroDSP_blk_mem_gen_0_3/HydroDSP_blk_mem_gen_0_3/HydroDSP_blk_mem_gen_0_0_in_context.xdc] for cell 'DUT/HydroDSP_i/blk_mem_gen_3'
Parsing XDC File [c:/Users/JamesWilliamson/Xcorr/xCorr.gen/sources_1/bd/HydroDSP/ip/HydroDSP_blk_mem_gen_0_4/HydroDSP_blk_mem_gen_0_4/HydroDSP_blk_mem_gen_0_0_in_context.xdc] for cell 'DUT/HydroDSP_i/blk_mem_gen_4'
Finished Parsing XDC File [c:/Users/JamesWilliamson/Xcorr/xCorr.gen/sources_1/bd/HydroDSP/ip/HydroDSP_blk_mem_gen_0_4/HydroDSP_blk_mem_gen_0_4/HydroDSP_blk_mem_gen_0_0_in_context.xdc] for cell 'DUT/HydroDSP_i/blk_mem_gen_4'
Parsing XDC File [c:/Users/JamesWilliamson/Xcorr/xCorr.gen/sources_1/bd/HydroDSP/ip/HydroDSP_blk_mem_gen_1_0/HydroDSP_blk_mem_gen_1_0/HydroDSP_blk_mem_gen_0_0_in_context.xdc] for cell 'DUT/HydroDSP_i/blk_mem_gen_5'
Finished Parsing XDC File [c:/Users/JamesWilliamson/Xcorr/xCorr.gen/sources_1/bd/HydroDSP/ip/HydroDSP_blk_mem_gen_1_0/HydroDSP_blk_mem_gen_1_0/HydroDSP_blk_mem_gen_0_0_in_context.xdc] for cell 'DUT/HydroDSP_i/blk_mem_gen_5'
Parsing XDC File [c:/Users/JamesWilliamson/Xcorr/xCorr.gen/sources_1/bd/HydroDSP/ip/HydroDSP_blk_mem_gen_2_0/HydroDSP_blk_mem_gen_2_0/HydroDSP_blk_mem_gen_0_0_in_context.xdc] for cell 'DUT/HydroDSP_i/blk_mem_gen_6'
Finished Parsing XDC File [c:/Users/JamesWilliamson/Xcorr/xCorr.gen/sources_1/bd/HydroDSP/ip/HydroDSP_blk_mem_gen_2_0/HydroDSP_blk_mem_gen_2_0/HydroDSP_blk_mem_gen_0_0_in_context.xdc] for cell 'DUT/HydroDSP_i/blk_mem_gen_6'
Parsing XDC File [c:/Users/JamesWilliamson/Xcorr/xCorr.gen/sources_1/bd/HydroDSP/ip/HydroDSP_blk_mem_gen_3_0/HydroDSP_blk_mem_gen_3_0/HydroDSP_blk_mem_gen_0_0_in_context.xdc] for cell 'DUT/HydroDSP_i/blk_mem_gen_7'
Finished Parsing XDC File [c:/Users/JamesWilliamson/Xcorr/xCorr.gen/sources_1/bd/HydroDSP/ip/HydroDSP_blk_mem_gen_3_0/HydroDSP_blk_mem_gen_3_0/HydroDSP_blk_mem_gen_0_0_in_context.xdc] for cell 'DUT/HydroDSP_i/blk_mem_gen_7'
Parsing XDC File [c:/Users/JamesWilliamson/Xcorr/xCorr.gen/sources_1/bd/HydroDSP/ip/HydroDSP_waveParser_0_0/HydroDSP_waveParser_0_0/HydroDSP_waveParser_0_0_in_context.xdc] for cell 'DUT/HydroDSP_i/waveParser_0'
Finished Parsing XDC File [c:/Users/JamesWilliamson/Xcorr/xCorr.gen/sources_1/bd/HydroDSP/ip/HydroDSP_waveParser_0_0/HydroDSP_waveParser_0_0/HydroDSP_waveParser_0_0_in_context.xdc] for cell 'DUT/HydroDSP_i/waveParser_0'
Parsing XDC File [c:/Users/JamesWilliamson/Xcorr/xCorr.gen/sources_1/bd/HydroDSP/ip/HydroDSP_CC_0_0/HydroDSP_CC_0_0/HydroDSP_CC_0_0_in_context.xdc] for cell 'DUT/HydroDSP_i/CC_0'
Finished Parsing XDC File [c:/Users/JamesWilliamson/Xcorr/xCorr.gen/sources_1/bd/HydroDSP/ip/HydroDSP_CC_0_0/HydroDSP_CC_0_0/HydroDSP_CC_0_0_in_context.xdc] for cell 'DUT/HydroDSP_i/CC_0'
Parsing XDC File [C:/Users/JamesWilliamson/Xcorr/xCorr.runs/synth_1/dont_touch.xdc]
Finished Parsing XDC File [C:/Users/JamesWilliamson/Xcorr/xCorr.runs/synth_1/dont_touch.xdc]
Completed Processing XDC Constraints

Netlist sorting complete. Time (s): cpu = 00:00:00 ; elapsed = 00:00:00 . Memory (MB): peak = 1400.074 ; gain = 0.000
INFO: [Project 1-111] Unisim Transformation Summary:
No Unisim elements were transformed.

Constraint Validation Runtime : Time (s): cpu = 00:00:00 ; elapsed = 00:00:00.005 . Memory (MB): peak = 1400.074 ; gain = 0.000
WARNING: [Timing 38-316] Clock period '20.000' specified during out-of-context synthesis of instance 'DUT/HydroDSP_i/blk_mem_gen_0' at clock pin 'clka' is different from the actual clock period '5.000', this can lead to different synthesis results.
WARNING: [Timing 38-316] Clock period '20.000' specified during out-of-context synthesis of instance 'DUT/HydroDSP_i/blk_mem_gen_1' at clock pin 'clka' is different from the actual clock period '5.000', this can lead to different synthesis results.
WARNING: [Timing 38-316] Clock period '20.000' specified during out-of-context synthesis of instance 'DUT/HydroDSP_i/blk_mem_gen_2' at clock pin 'clka' is different from the actual clock period '5.000', this can lead to different synthesis results.
WARNING: [Timing 38-316] Clock period '20.000' specified during out-of-context synthesis of instance 'DUT/HydroDSP_i/blk_mem_gen_3' at clock pin 'clka' is different from the actual clock period '5.000', this can lead to different synthesis results.
WARNING: [Timing 38-316] Clock period '20.000' specified during out-of-context synthesis of instance 'DUT/HydroDSP_i/blk_mem_gen_4' at clock pin 'clka' is different from the actual clock period '5.000', this can lead to different synthesis results.
WARNING: [Timing 38-316] Clock period '20.000' specified during out-of-context synthesis of instance 'DUT/HydroDSP_i/blk_mem_gen_5' at clock pin 'clka' is different from the actual clock period '5.000', this can lead to different synthesis results.
WARNING: [Timing 38-316] Clock period '20.000' specified during out-of-context synthesis of instance 'DUT/HydroDSP_i/blk_mem_gen_6' at clock pin 'clka' is different from the actual clock period '5.000', this can lead to different synthesis results.
WARNING: [Timing 38-316] Clock period '20.000' specified during out-of-context synthesis of instance 'DUT/HydroDSP_i/blk_mem_gen_7' at clock pin 'clka' is different from the actual clock period '5.000', this can lead to different synthesis results.
INFO: [Designutils 20-5440] No compile time benefit to using incremental synthesis; A full resynthesis will be run
INFO: [Designutils 20-4379] Flow is switching to default flow due to incremental criteria not met. If you would like to alter this behaviour and have the flow terminate instead, please set the following parameter config_implementation {autoIncr.Synth.RejectBehavior Terminate}
---------------------------------------------------------------------------------
Finished Constraint Validation : Time (s): cpu = 00:00:16 ; elapsed = 00:00:16 . Memory (MB): peak = 1400.074 ; gain = 540.617
---------------------------------------------------------------------------------
---------------------------------------------------------------------------------
Start Loading Part and Timing Information
---------------------------------------------------------------------------------
Loading part: xc7s25csga225-1
---------------------------------------------------------------------------------
Finished Loading Part and Timing Information : Time (s): cpu = 00:00:16 ; elapsed = 00:00:16 . Memory (MB): peak = 1400.074 ; gain = 540.617
---------------------------------------------------------------------------------
---------------------------------------------------------------------------------
Start Applying 'set_property' XDC Constraints
---------------------------------------------------------------------------------
Applied set_property KEEP_HIERARCHY = SOFT for DUT/HydroDSP_i. (constraint file  auto generated constraint).
Applied set_property KEEP_HIERARCHY = SOFT for DUT/HydroDSP_i/dds_compiler_0. (constraint file  auto generated constraint).
Applied set_property KEEP_HIERARCHY = SOFT for DUT/HydroDSP_i/dds_compiler_1. (constraint file  auto generated constraint).
Applied set_property KEEP_HIERARCHY = SOFT for DUT/HydroDSP_i/clk_wiz_0. (constraint file  auto generated constraint).
Applied set_property KEEP_HIERARCHY = SOFT for DUT/HydroDSP_i/clk100khz_0. (constraint file  auto generated constraint).
Applied set_property KEEP_HIERARCHY = SOFT for DUT/HydroDSP_i/blk_mem_gen_0. (constraint file  auto generated constraint).
Applied set_property KEEP_HIERARCHY = SOFT for DUT/HydroDSP_i/blk_mem_gen_1. (constraint file  auto generated constraint).
Applied set_property KEEP_HIERARCHY = SOFT for DUT/HydroDSP_i/blk_mem_gen_2. (constraint file  auto generated constraint).
Applied set_property KEEP_HIERARCHY = SOFT for DUT/HydroDSP_i/blk_mem_gen_3. (constraint file  auto generated constraint).
Applied set_property KEEP_HIERARCHY = SOFT for DUT/HydroDSP_i/blk_mem_gen_4. (constraint file  auto generated constraint).
Applied set_property KEEP_HIERARCHY = SOFT for DUT/HydroDSP_i/blk_mem_gen_5. (constraint file  auto generated constraint).
Applied set_property KEEP_HIERARCHY = SOFT for DUT/HydroDSP_i/blk_mem_gen_6. (constraint file  auto generated constraint).
Applied set_property KEEP_HIERARCHY = SOFT for DUT/HydroDSP_i/blk_mem_gen_7. (constraint file  auto generated constraint).
Applied set_property KEEP_HIERARCHY = SOFT for DUT/HydroDSP_i/xlconstant_0. (constraint file  auto generated constraint).
Applied set_property KEEP_HIERARCHY = SOFT for DUT/HydroDSP_i/waveParser_0. (constraint file  auto generated constraint).
Applied set_property KEEP_HIERARCHY = SOFT for DUT/HydroDSP_i/CC_0. (constraint file  auto generated constraint).
---------------------------------------------------------------------------------
Finished applying 'set_property' XDC Constraints : Time (s): cpu = 00:00:16 ; elapsed = 00:00:16 . Memory (MB): peak = 1400.074 ; gain = 540.617
---------------------------------------------------------------------------------
---------------------------------------------------------------------------------
Finished RTL Optimization Phase 2 : Time (s): cpu = 00:00:16 ; elapsed = 00:00:16 . Memory (MB): peak = 1400.074 ; gain = 540.617
---------------------------------------------------------------------------------
---------------------------------------------------------------------------------
Start RTL Component Statistics 
---------------------------------------------------------------------------------
Detailed RTL Component Info : 
---------------------------------------------------------------------------------
Finished RTL Component Statistics 
---------------------------------------------------------------------------------
---------------------------------------------------------------------------------
Start Part Resource Summary
---------------------------------------------------------------------------------
Part Resources:
DSPs: 80 (col length:40)
BRAMs: 90 (col length: RAMB18 40 RAMB36 20)
---------------------------------------------------------------------------------
Finished Part Resource Summary
---------------------------------------------------------------------------------
---------------------------------------------------------------------------------
Start Cross Boundary and Area Optimization
---------------------------------------------------------------------------------
WARNING: [Synth 8-7080] Parallel synthesis criteria is not met
---------------------------------------------------------------------------------
Finished Cross Boundary and Area Optimization : Time (s): cpu = 00:00:18 ; elapsed = 00:00:18 . Memory (MB): peak = 1400.074 ; gain = 540.617
---------------------------------------------------------------------------------
---------------------------------------------------------------------------------
Start Applying XDC Timing Constraints
---------------------------------------------------------------------------------
---------------------------------------------------------------------------------
Finished Applying XDC Timing Constraints : Time (s): cpu = 00:00:23 ; elapsed = 00:00:23 . Memory (MB): peak = 1400.074 ; gain = 540.617
---------------------------------------------------------------------------------
---------------------------------------------------------------------------------
Start Timing Optimization
---------------------------------------------------------------------------------
---------------------------------------------------------------------------------
Finished Timing Optimization : Time (s): cpu = 00:00:23 ; elapsed = 00:00:23 . Memory (MB): peak = 1400.074 ; gain = 540.617
---------------------------------------------------------------------------------
---------------------------------------------------------------------------------
Start Technology Mapping
---------------------------------------------------------------------------------
---------------------------------------------------------------------------------
Finished Technology Mapping : Time (s): cpu = 00:00:23 ; elapsed = 00:00:23 . Memory (MB): peak = 1400.074 ; gain = 540.617
---------------------------------------------------------------------------------
---------------------------------------------------------------------------------
Start IO Insertion
---------------------------------------------------------------------------------
---------------------------------------------------------------------------------
Start Flattening Before IO Insertion
---------------------------------------------------------------------------------
---------------------------------------------------------------------------------
Finished Flattening Before IO Insertion
---------------------------------------------------------------------------------
---------------------------------------------------------------------------------
Start Final Netlist Cleanup
---------------------------------------------------------------------------------
---------------------------------------------------------------------------------
Finished Final Netlist Cleanup
---------------------------------------------------------------------------------
WARNING: [Synth 8-3295] tying undriven pin DUT/HydroDSP_i:aclk to constant 0
WARNING: [Synth 8-3295] tying undriven pin DUT/HydroDSP_i:reset to constant 0
---------------------------------------------------------------------------------
Finished IO Insertion : Time (s): cpu = 00:00:27 ; elapsed = 00:00:27 . Memory (MB): peak = 1400.074 ; gain = 540.617
---------------------------------------------------------------------------------
---------------------------------------------------------------------------------
Start Renaming Generated Instances
---------------------------------------------------------------------------------
---------------------------------------------------------------------------------
Finished Renaming Generated Instances : Time (s): cpu = 00:00:27 ; elapsed = 00:00:27 . Memory (MB): peak = 1400.074 ; gain = 540.617
---------------------------------------------------------------------------------
---------------------------------------------------------------------------------
Start Rebuilding User Hierarchy
---------------------------------------------------------------------------------
---------------------------------------------------------------------------------
Finished Rebuilding User Hierarchy : Time (s): cpu = 00:00:27 ; elapsed = 00:00:27 . Memory (MB): peak = 1400.074 ; gain = 540.617
---------------------------------------------------------------------------------
---------------------------------------------------------------------------------
Start Renaming Generated Ports
---------------------------------------------------------------------------------
---------------------------------------------------------------------------------
Finished Renaming Generated Ports : Time (s): cpu = 00:00:27 ; elapsed = 00:00:27 . Memory (MB): peak = 1400.074 ; gain = 540.617
---------------------------------------------------------------------------------
---------------------------------------------------------------------------------
Start Handling Custom Attributes
---------------------------------------------------------------------------------
---------------------------------------------------------------------------------
Finished Handling Custom Attributes : Time (s): cpu = 00:00:27 ; elapsed = 00:00:27 . Memory (MB): peak = 1400.074 ; gain = 540.617
---------------------------------------------------------------------------------
---------------------------------------------------------------------------------
Start Renaming Generated Nets
---------------------------------------------------------------------------------
---------------------------------------------------------------------------------
Finished Renaming Generated Nets : Time (s): cpu = 00:00:27 ; elapsed = 00:00:27 . Memory (MB): peak = 1400.074 ; gain = 540.617
---------------------------------------------------------------------------------
---------------------------------------------------------------------------------
Start Writing Synthesis Report
---------------------------------------------------------------------------------

Report BlackBoxes: 
+------+--------------------------+----------+
|      |BlackBox name             |Instances |
+------+--------------------------+----------+
|1     |HydroDSP_CC_0_0           |         1|
|2     |HydroDSP_blk_mem_gen_0_0  |         1|
|3     |HydroDSP_blk_mem_gen_0_1  |         1|
|4     |HydroDSP_blk_mem_gen_0_2  |         1|
|5     |HydroDSP_blk_mem_gen_0_3  |         1|
|6     |HydroDSP_blk_mem_gen_0_4  |         1|
|7     |HydroDSP_blk_mem_gen_1_0  |         1|
|8     |HydroDSP_blk_mem_gen_2_0  |         1|
|9     |HydroDSP_blk_mem_gen_3_0  |         1|
|10    |HydroDSP_clk100khz_0_0    |         1|
|11    |HydroDSP_clk_wiz_0_0      |         1|
|12    |HydroDSP_dds_compiler_0_0 |         1|
|13    |HydroDSP_dds_compiler_1_0 |         1|
|14    |HydroDSP_waveParser_0_0   |         1|
+------+--------------------------+----------+

Report Cell Usage: 
+------+------------------------+------+
|      |Cell                    |Count |
+------+------------------------+------+
|1     |HydroDSP_CC_0           |     1|
|2     |HydroDSP_blk_mem_gen_0  |     5|
|7     |HydroDSP_blk_mem_gen_1  |     1|
|8     |HydroDSP_blk_mem_gen_2  |     1|
|9     |HydroDSP_blk_mem_gen_3  |     1|
|10    |HydroDSP_clk100khz_0    |     1|
|11    |HydroDSP_clk_wiz_0      |     1|
|12    |HydroDSP_dds_compiler_0 |     1|
|13    |HydroDSP_dds_compiler_1 |     1|
|14    |HydroDSP_waveParser_0   |     1|
+------+------------------------+------+
---------------------------------------------------------------------------------
Finished Writing Synthesis Report : Time (s): cpu = 00:00:27 ; elapsed = 00:00:27 . Memory (MB): peak = 1400.074 ; gain = 540.617
---------------------------------------------------------------------------------
Synthesis finished with 0 errors, 0 critical warnings and 3 warnings.
Synthesis Optimization Runtime : Time (s): cpu = 00:00:17 ; elapsed = 00:00:26 . Memory (MB): peak = 1400.074 ; gain = 540.617
Synthesis Optimization Complete : Time (s): cpu = 00:00:27 ; elapsed = 00:00:27 . Memory (MB): peak = 1400.074 ; gain = 540.617
INFO: [Project 1-571] Translating synthesized netlist
Netlist sorting complete. Time (s): cpu = 00:00:00 ; elapsed = 00:00:00.004 . Memory (MB): peak = 1400.074 ; gain = 0.000
INFO: [Project 1-570] Preparing netlist for logic optimization
INFO: [Opt 31-138] Pushed 0 inverter(s) to 0 load pin(s).
Netlist sorting complete. Time (s): cpu = 00:00:00 ; elapsed = 00:00:00 . Memory (MB): peak = 1415.656 ; gain = 0.000
INFO: [Project 1-111] Unisim Transformation Summary:
No Unisim elements were transformed.

Synth Design complete | Checksum: 78f042be
INFO: [Common 17-83] Releasing license: Synthesis
59 Infos, 40 Warnings, 0 Critical Warnings and 0 Errors encountered.
synth_design completed successfully
synth_design: Time (s): cpu = 00:00:31 ; elapsed = 00:00:32 . Memory (MB): peak = 1419.641 ; gain = 927.754
INFO: [Common 17-1381] The checkpoint 'C:/Users/JamesWilliamson/Xcorr/xCorr.runs/synth_1/TB.dcp' has been generated.
INFO: [runtcl-4] Executing : report_utilization -file TB_utilization_synth.rpt -pb TB_utilization_synth.pb
INFO: [Common 17-206] Exiting Vivado at Sat Aug 24 00:04:20 2024...
