
*** Running vivado
    with args -log HydroDSP_dds_compiler_1_0.vds -m64 -product Vivado -mode batch -messageDb vivado.pb -notrace -source HydroDSP_dds_compiler_1_0.tcl


ECHO is off.
ECHO is off.

****** Vivado v2023.1 (64-bit)
  **** SW Build 3865809 on Sun May  7 15:05:29 MDT 2023
  **** IP Build 3864474 on Sun May  7 20:36:21 MDT 2023
  **** SharedData Build 3865790 on Sun May 07 13:33:03 MDT 2023
    ** Copyright 1986-2022 Xilinx, Inc. All Rights Reserved.
    ** Copyright 2022-2023 Advanced Micro Devices, Inc. All Rights Reserved.

source HydroDSP_dds_compiler_1_0.tcl -notrace
create_project: Time (s): cpu = 00:00:14 ; elapsed = 00:00:17 . Memory (MB): peak = 455.203 ; gain = 161.051
INFO: [IP_Flow 19-6924] IPCACHE: Running cache check for IP inst: HydroDSP_dds_compiler_1_0
Command: synth_design -top HydroDSP_dds_compiler_1_0 -part xc7s25csga225-1 -incremental_mode off -mode out_of_context
Starting synth_design
Attempting to get a license for feature 'Synthesis' and/or device 'xc7s25'
INFO: [Common 17-349] Got license for feature 'Synthesis' and/or device 'xc7s25'
INFO: [Device 21-403] Loading part xc7s25csga225-1
INFO: [Synth 8-7079] Multithreading enabled for synth_design using a maximum of 2 processes.
INFO: [Synth 8-7078] Launching helper process for spawning children vivado processes
INFO: [Synth 8-7075] Helper process launched with PID 19992
---------------------------------------------------------------------------------
Starting RTL Elaboration : Time (s): cpu = 00:00:18 ; elapsed = 00:00:20 . Memory (MB): peak = 1263.918 ; gain = 411.871
---------------------------------------------------------------------------------
INFO: [Synth 8-638] synthesizing module 'HydroDSP_dds_compiler_1_0' [c:/Users/JamesWilliamson/Cascade_hydrophones/Hardware/XCORR/XCORR.gen/sources_1/bd/HydroDSP/ip/HydroDSP_dds_compiler_1_0/synth/HydroDSP_dds_compiler_1_0.vhd:67]
WARNING: [Synth 8-5640] Port 'debug_axi_pinc_in' is missing in component declaration [c:/Users/JamesWilliamson/Cascade_hydrophones/Hardware/XCORR/XCORR.gen/sources_1/bd/HydroDSP/ip/HydroDSP_dds_compiler_1_0/synth/HydroDSP_dds_compiler_1_0.vhd:70]
WARNING: [Synth 8-5640] Port 'debug_axi_poff_in' is missing in component declaration [c:/Users/JamesWilliamson/Cascade_hydrophones/Hardware/XCORR/XCORR.gen/sources_1/bd/HydroDSP/ip/HydroDSP_dds_compiler_1_0/synth/HydroDSP_dds_compiler_1_0.vhd:70]
WARNING: [Synth 8-5640] Port 'debug_axi_resync_in' is missing in component declaration [c:/Users/JamesWilliamson/Cascade_hydrophones/Hardware/XCORR/XCORR.gen/sources_1/bd/HydroDSP/ip/HydroDSP_dds_compiler_1_0/synth/HydroDSP_dds_compiler_1_0.vhd:70]
WARNING: [Synth 8-5640] Port 'debug_axi_chan_in' is missing in component declaration [c:/Users/JamesWilliamson/Cascade_hydrophones/Hardware/XCORR/XCORR.gen/sources_1/bd/HydroDSP/ip/HydroDSP_dds_compiler_1_0/synth/HydroDSP_dds_compiler_1_0.vhd:70]
WARNING: [Synth 8-5640] Port 'debug_core_nd' is missing in component declaration [c:/Users/JamesWilliamson/Cascade_hydrophones/Hardware/XCORR/XCORR.gen/sources_1/bd/HydroDSP/ip/HydroDSP_dds_compiler_1_0/synth/HydroDSP_dds_compiler_1_0.vhd:70]
WARNING: [Synth 8-5640] Port 'debug_phase' is missing in component declaration [c:/Users/JamesWilliamson/Cascade_hydrophones/Hardware/XCORR/XCORR.gen/sources_1/bd/HydroDSP/ip/HydroDSP_dds_compiler_1_0/synth/HydroDSP_dds_compiler_1_0.vhd:70]
WARNING: [Synth 8-5640] Port 'debug_phase_nd' is missing in component declaration [c:/Users/JamesWilliamson/Cascade_hydrophones/Hardware/XCORR/XCORR.gen/sources_1/bd/HydroDSP/ip/HydroDSP_dds_compiler_1_0/synth/HydroDSP_dds_compiler_1_0.vhd:70]
	Parameter C_XDEVICEFAMILY bound to: spartan7 - type: string 
	Parameter C_MODE_OF_OPERATION bound to: 0 - type: integer 
	Parameter C_MODULUS bound to: 9 - type: integer 
	Parameter C_ACCUMULATOR_WIDTH bound to: 16 - type: integer 
	Parameter C_CHANNELS bound to: 1 - type: integer 
	Parameter C_HAS_PHASE_OUT bound to: 1 - type: integer 
	Parameter C_HAS_PHASEGEN bound to: 1 - type: integer 
	Parameter C_HAS_SINCOS bound to: 0 - type: integer 
	Parameter C_LATENCY bound to: 1 - type: integer 
	Parameter C_MEM_TYPE bound to: 2 - type: integer 
	Parameter C_NEGATIVE_COSINE bound to: 0 - type: integer 
	Parameter C_NEGATIVE_SINE bound to: 0 - type: integer 
	Parameter C_NOISE_SHAPING bound to: 0 - type: integer 
	Parameter C_OUTPUTS_REQUIRED bound to: 2 - type: integer 
	Parameter C_OUTPUT_FORM bound to: 0 - type: integer 
	Parameter C_OUTPUT_WIDTH bound to: 3 - type: integer 
	Parameter C_PHASE_ANGLE_WIDTH bound to: 3 - type: integer 
	Parameter C_PHASE_INCREMENT bound to: 2 - type: integer 
	Parameter C_PHASE_INCREMENT_VALUE bound to: 11010,0,0,0,0,0,0,0,0,0,0,0,0,0,0,0 - type: string 
	Parameter C_RESYNC bound to: 0 - type: integer 
	Parameter C_PHASE_OFFSET bound to: 0 - type: integer 
	Parameter C_PHASE_OFFSET_VALUE bound to: 0,0,0,0,0,0,0,0,0,0,0,0,0,0,0,0 - type: string 
	Parameter C_OPTIMISE_GOAL bound to: 0 - type: integer 
	Parameter C_USE_DSP48 bound to: 0 - type: integer 
	Parameter C_POR_MODE bound to: 0 - type: integer 
	Parameter C_AMPLITUDE bound to: 0 - type: integer 
	Parameter C_HAS_ACLKEN bound to: 0 - type: integer 
	Parameter C_HAS_ARESETN bound to: 0 - type: integer 
	Parameter C_HAS_TLAST bound to: 0 - type: integer 
	Parameter C_HAS_TREADY bound to: 0 - type: integer 
	Parameter C_HAS_S_PHASE bound to: 0 - type: integer 
	Parameter C_S_PHASE_TDATA_WIDTH bound to: 1 - type: integer 
	Parameter C_S_PHASE_HAS_TUSER bound to: 0 - type: integer 
	Parameter C_S_PHASE_TUSER_WIDTH bound to: 1 - type: integer 
	Parameter C_HAS_S_CONFIG bound to: 0 - type: integer 
	Parameter C_S_CONFIG_SYNC_MODE bound to: 0 - type: integer 
	Parameter C_S_CONFIG_TDATA_WIDTH bound to: 1 - type: integer 
	Parameter C_HAS_M_DATA bound to: 0 - type: integer 
	Parameter C_M_DATA_TDATA_WIDTH bound to: 1 - type: integer 
	Parameter C_M_DATA_HAS_TUSER bound to: 0 - type: integer 
	Parameter C_M_DATA_TUSER_WIDTH bound to: 1 - type: integer 
	Parameter C_HAS_M_PHASE bound to: 1 - type: integer 
	Parameter C_M_PHASE_TDATA_WIDTH bound to: 16 - type: integer 
	Parameter C_M_PHASE_HAS_TUSER bound to: 0 - type: integer 
	Parameter C_M_PHASE_TUSER_WIDTH bound to: 1 - type: integer 
	Parameter C_DEBUG_INTERFACE bound to: 0 - type: integer 
	Parameter C_CHAN_WIDTH bound to: 1 - type: integer 
INFO: [Synth 8-3491] module 'dds_compiler_v6_0_22' declared at 'c:/Users/JamesWilliamson/Cascade_hydrophones/Hardware/XCORR/XCORR.gen/sources_1/bd/HydroDSP/ipshared/a99f/hdl/dds_compiler_v6_0_vh_rfs.vhd:47308' bound to instance 'U0' of component 'dds_compiler_v6_0_22' [c:/Users/JamesWilliamson/Cascade_hydrophones/Hardware/XCORR/XCORR.gen/sources_1/bd/HydroDSP/ip/HydroDSP_dds_compiler_1_0/synth/HydroDSP_dds_compiler_1_0.vhd:176]
INFO: [Synth 8-256] done synthesizing module 'HydroDSP_dds_compiler_1_0' (0#1) [c:/Users/JamesWilliamson/Cascade_hydrophones/Hardware/XCORR/XCORR.gen/sources_1/bd/HydroDSP/ip/HydroDSP_dds_compiler_1_0/synth/HydroDSP_dds_compiler_1_0.vhd:67]
WARNING: [Synth 8-7129] Port CLK in module xbip_pipe_v3_0_6_viv__parameterized3 is either unconnected or has no load
WARNING: [Synth 8-7129] Port CE in module xbip_pipe_v3_0_6_viv__parameterized3 is either unconnected or has no load
WARNING: [Synth 8-7129] Port SCLR in module xbip_pipe_v3_0_6_viv__parameterized3 is either unconnected or has no load
WARNING: [Synth 8-7129] Port SSET in module xbip_pipe_v3_0_6_viv__parameterized3 is either unconnected or has no load
WARNING: [Synth 8-7129] Port SINIT in module xbip_pipe_v3_0_6_viv__parameterized3 is either unconnected or has no load
WARNING: [Synth 8-7129] Port CLK in module xbip_pipe_v3_0_6_viv__parameterized9 is either unconnected or has no load
WARNING: [Synth 8-7129] Port CE in module xbip_pipe_v3_0_6_viv__parameterized9 is either unconnected or has no load
WARNING: [Synth 8-7129] Port SCLR in module xbip_pipe_v3_0_6_viv__parameterized9 is either unconnected or has no load
WARNING: [Synth 8-7129] Port SSET in module xbip_pipe_v3_0_6_viv__parameterized9 is either unconnected or has no load
WARNING: [Synth 8-7129] Port SINIT in module xbip_pipe_v3_0_6_viv__parameterized9 is either unconnected or has no load
WARNING: [Synth 8-7129] Port SCLR in module xbip_pipe_v3_0_6_viv__parameterized7 is either unconnected or has no load
WARNING: [Synth 8-7129] Port SSET in module xbip_pipe_v3_0_6_viv__parameterized7 is either unconnected or has no load
WARNING: [Synth 8-7129] Port SINIT in module xbip_pipe_v3_0_6_viv__parameterized7 is either unconnected or has no load
WARNING: [Synth 8-7129] Port CLK in module xbip_pipe_v3_0_6_viv__parameterized5 is either unconnected or has no load
WARNING: [Synth 8-7129] Port CE in module xbip_pipe_v3_0_6_viv__parameterized5 is either unconnected or has no load
WARNING: [Synth 8-7129] Port SCLR in module xbip_pipe_v3_0_6_viv__parameterized5 is either unconnected or has no load
WARNING: [Synth 8-7129] Port SSET in module xbip_pipe_v3_0_6_viv__parameterized5 is either unconnected or has no load
WARNING: [Synth 8-7129] Port SINIT in module xbip_pipe_v3_0_6_viv__parameterized5 is either unconnected or has no load
WARNING: [Synth 8-7129] Port chan_addr[0] in module accum is either unconnected or has no load
WARNING: [Synth 8-7129] Port chan_addr_del2[0] in module accum is either unconnected or has no load
WARNING: [Synth 8-7129] Port chan_addr_del3[0] in module accum is either unconnected or has no load
WARNING: [Synth 8-7129] Port addr_i[3] in module accum is either unconnected or has no load
WARNING: [Synth 8-7129] Port addr_i[2] in module accum is either unconnected or has no load
WARNING: [Synth 8-7129] Port addr_i[1] in module accum is either unconnected or has no load
WARNING: [Synth 8-7129] Port addr_i[0] in module accum is either unconnected or has no load
WARNING: [Synth 8-7129] Port phase_inc_we in module accum is either unconnected or has no load
WARNING: [Synth 8-7129] Port phase_adj_we in module accum is either unconnected or has no load
WARNING: [Synth 8-7129] Port poff_in[15] in module accum is either unconnected or has no load
WARNING: [Synth 8-7129] Port poff_in[14] in module accum is either unconnected or has no load
WARNING: [Synth 8-7129] Port poff_in[13] in module accum is either unconnected or has no load
WARNING: [Synth 8-7129] Port poff_in[12] in module accum is either unconnected or has no load
WARNING: [Synth 8-7129] Port poff_in[11] in module accum is either unconnected or has no load
WARNING: [Synth 8-7129] Port poff_in[10] in module accum is either unconnected or has no load
WARNING: [Synth 8-7129] Port poff_in[9] in module accum is either unconnected or has no load
WARNING: [Synth 8-7129] Port poff_in[8] in module accum is either unconnected or has no load
WARNING: [Synth 8-7129] Port poff_in[7] in module accum is either unconnected or has no load
WARNING: [Synth 8-7129] Port poff_in[6] in module accum is either unconnected or has no load
WARNING: [Synth 8-7129] Port poff_in[5] in module accum is either unconnected or has no load
WARNING: [Synth 8-7129] Port poff_in[4] in module accum is either unconnected or has no load
WARNING: [Synth 8-7129] Port poff_in[3] in module accum is either unconnected or has no load
WARNING: [Synth 8-7129] Port poff_in[2] in module accum is either unconnected or has no load
WARNING: [Synth 8-7129] Port poff_in[1] in module accum is either unconnected or has no load
WARNING: [Synth 8-7129] Port poff_in[0] in module accum is either unconnected or has no load
WARNING: [Synth 8-7129] Port data_i[15] in module accum is either unconnected or has no load
WARNING: [Synth 8-7129] Port data_i[14] in module accum is either unconnected or has no load
WARNING: [Synth 8-7129] Port data_i[13] in module accum is either unconnected or has no load
WARNING: [Synth 8-7129] Port data_i[12] in module accum is either unconnected or has no load
WARNING: [Synth 8-7129] Port data_i[11] in module accum is either unconnected or has no load
WARNING: [Synth 8-7129] Port data_i[10] in module accum is either unconnected or has no load
WARNING: [Synth 8-7129] Port data_i[9] in module accum is either unconnected or has no load
WARNING: [Synth 8-7129] Port data_i[8] in module accum is either unconnected or has no load
WARNING: [Synth 8-7129] Port data_i[7] in module accum is either unconnected or has no load
WARNING: [Synth 8-7129] Port data_i[6] in module accum is either unconnected or has no load
WARNING: [Synth 8-7129] Port data_i[5] in module accum is either unconnected or has no load
WARNING: [Synth 8-7129] Port data_i[4] in module accum is either unconnected or has no load
WARNING: [Synth 8-7129] Port data_i[3] in module accum is either unconnected or has no load
WARNING: [Synth 8-7129] Port data_i[2] in module accum is either unconnected or has no load
WARNING: [Synth 8-7129] Port data_i[1] in module accum is either unconnected or has no load
WARNING: [Synth 8-7129] Port data_i[0] in module accum is either unconnected or has no load
WARNING: [Synth 8-7129] Port SCLR in module xbip_pipe_v3_0_6_viv__parameterized1 is either unconnected or has no load
WARNING: [Synth 8-7129] Port SSET in module xbip_pipe_v3_0_6_viv__parameterized1 is either unconnected or has no load
WARNING: [Synth 8-7129] Port SINIT in module xbip_pipe_v3_0_6_viv__parameterized1 is either unconnected or has no load
WARNING: [Synth 8-7129] Port RFD in module dds_compiler_v6_0_22_core is either unconnected or has no load
WARNING: [Synth 8-7129] Port CHANNEL[0] in module dds_compiler_v6_0_22_core is either unconnected or has no load
WARNING: [Synth 8-7129] Port COSINE[2] in module dds_compiler_v6_0_22_core is either unconnected or has no load
WARNING: [Synth 8-7129] Port COSINE[1] in module dds_compiler_v6_0_22_core is either unconnected or has no load
WARNING: [Synth 8-7129] Port COSINE[0] in module dds_compiler_v6_0_22_core is either unconnected or has no load
WARNING: [Synth 8-7129] Port SINE[2] in module dds_compiler_v6_0_22_core is either unconnected or has no load
WARNING: [Synth 8-7129] Port SINE[1] in module dds_compiler_v6_0_22_core is either unconnected or has no load
WARNING: [Synth 8-7129] Port SINE[0] in module dds_compiler_v6_0_22_core is either unconnected or has no load
WARNING: [Synth 8-7129] Port EVENT_PHASE_IN_INVALID in module dds_compiler_v6_0_22_core is either unconnected or has no load
WARNING: [Synth 8-7129] Port ADDR[0] in module dds_compiler_v6_0_22_core is either unconnected or has no load
WARNING: [Synth 8-7129] Port REG_SELECT in module dds_compiler_v6_0_22_core is either unconnected or has no load
WARNING: [Synth 8-7129] Port SCLR in module dds_compiler_v6_0_22_core is either unconnected or has no load
WARNING: [Synth 8-7129] Port PHASE_IN[15] in module dds_compiler_v6_0_22_core is either unconnected or has no load
WARNING: [Synth 8-7129] Port PHASE_IN[14] in module dds_compiler_v6_0_22_core is either unconnected or has no load
WARNING: [Synth 8-7129] Port PHASE_IN[13] in module dds_compiler_v6_0_22_core is either unconnected or has no load
WARNING: [Synth 8-7129] Port PHASE_IN[12] in module dds_compiler_v6_0_22_core is either unconnected or has no load
WARNING: [Synth 8-7129] Port PHASE_IN[11] in module dds_compiler_v6_0_22_core is either unconnected or has no load
WARNING: [Synth 8-7129] Port PHASE_IN[10] in module dds_compiler_v6_0_22_core is either unconnected or has no load
WARNING: [Synth 8-7129] Port PHASE_IN[9] in module dds_compiler_v6_0_22_core is either unconnected or has no load
WARNING: [Synth 8-7129] Port PHASE_IN[8] in module dds_compiler_v6_0_22_core is either unconnected or has no load
WARNING: [Synth 8-7129] Port PHASE_IN[7] in module dds_compiler_v6_0_22_core is either unconnected or has no load
WARNING: [Synth 8-7129] Port PHASE_IN[6] in module dds_compiler_v6_0_22_core is either unconnected or has no load
WARNING: [Synth 8-7129] Port PHASE_IN[5] in module dds_compiler_v6_0_22_core is either unconnected or has no load
WARNING: [Synth 8-7129] Port PHASE_IN[4] in module dds_compiler_v6_0_22_core is either unconnected or has no load
WARNING: [Synth 8-7129] Port PHASE_IN[3] in module dds_compiler_v6_0_22_core is either unconnected or has no load
WARNING: [Synth 8-7129] Port PHASE_IN[2] in module dds_compiler_v6_0_22_core is either unconnected or has no load
WARNING: [Synth 8-7129] Port PHASE_IN[1] in module dds_compiler_v6_0_22_core is either unconnected or has no load
WARNING: [Synth 8-7129] Port PHASE_IN[0] in module dds_compiler_v6_0_22_core is either unconnected or has no load
WARNING: [Synth 8-7129] Port SSET in module xbip_pipe_v3_0_6_viv is either unconnected or has no load
WARNING: [Synth 8-7129] Port SINIT in module xbip_pipe_v3_0_6_viv is either unconnected or has no load
WARNING: [Synth 8-7129] Port m_axis_data_tdata[0] in module dds_compiler_v6_0_22_viv is either unconnected or has no load
WARNING: [Synth 8-7129] Port m_axis_data_tlast in module dds_compiler_v6_0_22_viv is either unconnected or has no load
WARNING: [Synth 8-7129] Port m_axis_data_tuser[0] in module dds_compiler_v6_0_22_viv is either unconnected or has no load
WARNING: [Synth 8-7129] Port m_axis_phase_tlast in module dds_compiler_v6_0_22_viv is either unconnected or has no load
WARNING: [Synth 8-7129] Port m_axis_phase_tuser[0] in module dds_compiler_v6_0_22_viv is either unconnected or has no load
WARNING: [Synth 8-7129] Port aclken in module dds_compiler_v6_0_22_viv is either unconnected or has no load
WARNING: [Synth 8-7129] Port aresetn in module dds_compiler_v6_0_22_viv is either unconnected or has no load
WARNING: [Synth 8-7129] Port s_axis_phase_tvalid in module dds_compiler_v6_0_22_viv is either unconnected or has no load
INFO: [Common 17-14] Message 'Synth 8-7129' appears 100 times and further instances of the messages will be disabled. Use the Tcl command set_msg_config to change the current settings.
---------------------------------------------------------------------------------
Finished RTL Elaboration : Time (s): cpu = 00:00:28 ; elapsed = 00:00:31 . Memory (MB): peak = 1416.395 ; gain = 564.348
---------------------------------------------------------------------------------
---------------------------------------------------------------------------------
Start Handling Custom Attributes
---------------------------------------------------------------------------------
---------------------------------------------------------------------------------
Finished Handling Custom Attributes : Time (s): cpu = 00:00:28 ; elapsed = 00:00:31 . Memory (MB): peak = 1416.395 ; gain = 564.348
---------------------------------------------------------------------------------
---------------------------------------------------------------------------------
Finished RTL Optimization Phase 1 : Time (s): cpu = 00:00:28 ; elapsed = 00:00:31 . Memory (MB): peak = 1416.395 ; gain = 564.348
---------------------------------------------------------------------------------
Netlist sorting complete. Time (s): cpu = 00:00:00 ; elapsed = 00:00:00.008 . Memory (MB): peak = 1416.395 ; gain = 0.000
INFO: [Project 1-570] Preparing netlist for logic optimization

Processing XDC Constraints
Initializing timing engine
Parsing XDC File [c:/Users/JamesWilliamson/Cascade_hydrophones/Hardware/XCORR/XCORR.gen/sources_1/bd/HydroDSP/ip/HydroDSP_dds_compiler_1_0/HydroDSP_dds_compiler_1_0_ooc.xdc] for cell 'U0'
Finished Parsing XDC File [c:/Users/JamesWilliamson/Cascade_hydrophones/Hardware/XCORR/XCORR.gen/sources_1/bd/HydroDSP/ip/HydroDSP_dds_compiler_1_0/HydroDSP_dds_compiler_1_0_ooc.xdc] for cell 'U0'
Parsing XDC File [C:/Users/JamesWilliamson/Cascade_hydrophones/Hardware/XCORR/XCORR.runs/HydroDSP_dds_compiler_1_0_synth_1/dont_touch.xdc]
Finished Parsing XDC File [C:/Users/JamesWilliamson/Cascade_hydrophones/Hardware/XCORR/XCORR.runs/HydroDSP_dds_compiler_1_0_synth_1/dont_touch.xdc]
Completed Processing XDC Constraints

Netlist sorting complete. Time (s): cpu = 00:00:00 ; elapsed = 00:00:00.001 . Memory (MB): peak = 1436.453 ; gain = 0.000
INFO: [Project 1-111] Unisim Transformation Summary:
No Unisim elements were transformed.

Constraint Validation Runtime : Time (s): cpu = 00:00:00 ; elapsed = 00:00:00.034 . Memory (MB): peak = 1438.895 ; gain = 2.441
INFO: [Designutils 20-5008] Incremental synthesis strategy off
---------------------------------------------------------------------------------
Finished Constraint Validation : Time (s): cpu = 00:00:42 ; elapsed = 00:00:46 . Memory (MB): peak = 1438.895 ; gain = 586.848
---------------------------------------------------------------------------------
---------------------------------------------------------------------------------
Start Loading Part and Timing Information
---------------------------------------------------------------------------------
Loading part: xc7s25csga225-1
---------------------------------------------------------------------------------
Finished Loading Part and Timing Information : Time (s): cpu = 00:00:42 ; elapsed = 00:00:46 . Memory (MB): peak = 1438.895 ; gain = 586.848
---------------------------------------------------------------------------------
---------------------------------------------------------------------------------
Start Applying 'set_property' XDC Constraints
---------------------------------------------------------------------------------
Applied set_property KEEP_HIERARCHY = SOFT for U0. (constraint file  C:/Users/JamesWilliamson/Cascade_hydrophones/Hardware/XCORR/XCORR.runs/HydroDSP_dds_compiler_1_0_synth_1/dont_touch.xdc, line 9).
---------------------------------------------------------------------------------
Finished applying 'set_property' XDC Constraints : Time (s): cpu = 00:00:42 ; elapsed = 00:00:46 . Memory (MB): peak = 1438.895 ; gain = 586.848
---------------------------------------------------------------------------------
---------------------------------------------------------------------------------
Finished RTL Optimization Phase 2 : Time (s): cpu = 00:00:42 ; elapsed = 00:00:46 . Memory (MB): peak = 1438.895 ; gain = 586.848
---------------------------------------------------------------------------------
---------------------------------------------------------------------------------
Start RTL Component Statistics 
---------------------------------------------------------------------------------
---------------------------------------------------------------------------------
Finished RTL Component Statistics 
---------------------------------------------------------------------------------
---------------------------------------------------------------------------------
Start Part Resource Summary
---------------------------------------------------------------------------------
Part Resources:
DSPs: 80 (col length:40)
BRAMs: 90 (col length: RAMB18 40 RAMB36 20)
---------------------------------------------------------------------------------
Finished Part Resource Summary
---------------------------------------------------------------------------------
---------------------------------------------------------------------------------
Start Cross Boundary and Area Optimization
---------------------------------------------------------------------------------
WARNING: [Synth 8-7080] Parallel synthesis criteria is not met
---------------------------------------------------------------------------------
Finished Cross Boundary and Area Optimization : Time (s): cpu = 00:00:46 ; elapsed = 00:00:49 . Memory (MB): peak = 1438.895 ; gain = 586.848
---------------------------------------------------------------------------------
---------------------------------------------------------------------------------
Start Applying XDC Timing Constraints
---------------------------------------------------------------------------------
---------------------------------------------------------------------------------
Finished Applying XDC Timing Constraints : Time (s): cpu = 00:00:54 ; elapsed = 00:00:58 . Memory (MB): peak = 1438.895 ; gain = 586.848
---------------------------------------------------------------------------------
---------------------------------------------------------------------------------
Start Timing Optimization
---------------------------------------------------------------------------------
---------------------------------------------------------------------------------
Finished Timing Optimization : Time (s): cpu = 00:00:54 ; elapsed = 00:00:58 . Memory (MB): peak = 1438.895 ; gain = 586.848
---------------------------------------------------------------------------------
---------------------------------------------------------------------------------
Start Technology Mapping
---------------------------------------------------------------------------------
---------------------------------------------------------------------------------
Finished Technology Mapping : Time (s): cpu = 00:00:54 ; elapsed = 00:00:58 . Memory (MB): peak = 1438.895 ; gain = 586.848
---------------------------------------------------------------------------------
---------------------------------------------------------------------------------
Start IO Insertion
---------------------------------------------------------------------------------
---------------------------------------------------------------------------------
Start Flattening Before IO Insertion
---------------------------------------------------------------------------------
---------------------------------------------------------------------------------
Finished Flattening Before IO Insertion
---------------------------------------------------------------------------------
---------------------------------------------------------------------------------
Start Final Netlist Cleanup
---------------------------------------------------------------------------------
---------------------------------------------------------------------------------
Finished Final Netlist Cleanup
---------------------------------------------------------------------------------
---------------------------------------------------------------------------------
Finished IO Insertion : Time (s): cpu = 00:01:01 ; elapsed = 00:01:05 . Memory (MB): peak = 1438.895 ; gain = 586.848
---------------------------------------------------------------------------------
---------------------------------------------------------------------------------
Start Renaming Generated Instances
---------------------------------------------------------------------------------
---------------------------------------------------------------------------------
Finished Renaming Generated Instances : Time (s): cpu = 00:01:01 ; elapsed = 00:01:05 . Memory (MB): peak = 1438.895 ; gain = 586.848
---------------------------------------------------------------------------------
---------------------------------------------------------------------------------
Start Rebuilding User Hierarchy
---------------------------------------------------------------------------------
---------------------------------------------------------------------------------
Finished Rebuilding User Hierarchy : Time (s): cpu = 00:01:01 ; elapsed = 00:01:05 . Memory (MB): peak = 1438.895 ; gain = 586.848
---------------------------------------------------------------------------------
---------------------------------------------------------------------------------
Start Renaming Generated Ports
---------------------------------------------------------------------------------
---------------------------------------------------------------------------------
Finished Renaming Generated Ports : Time (s): cpu = 00:01:01 ; elapsed = 00:01:05 . Memory (MB): peak = 1438.895 ; gain = 586.848
---------------------------------------------------------------------------------
---------------------------------------------------------------------------------
Start Handling Custom Attributes
---------------------------------------------------------------------------------
---------------------------------------------------------------------------------
Finished Handling Custom Attributes : Time (s): cpu = 00:01:01 ; elapsed = 00:01:05 . Memory (MB): peak = 1438.895 ; gain = 586.848
---------------------------------------------------------------------------------
---------------------------------------------------------------------------------
Start Renaming Generated Nets
---------------------------------------------------------------------------------
---------------------------------------------------------------------------------
Finished Renaming Generated Nets : Time (s): cpu = 00:01:01 ; elapsed = 00:01:05 . Memory (MB): peak = 1438.895 ; gain = 586.848
---------------------------------------------------------------------------------
---------------------------------------------------------------------------------
Start Writing Synthesis Report
---------------------------------------------------------------------------------

Report BlackBoxes: 
+-+--------------+----------+
| |BlackBox name |Instances |
+-+--------------+----------+
+-+--------------+----------+

Report Cell Usage: 
+------+-------+------+
|      |Cell   |Count |
+------+-------+------+
|1     |CARRY4 |     5|
|2     |LUT1   |     3|
|3     |FDRE   |    20|
+------+-------+------+
---------------------------------------------------------------------------------
Finished Writing Synthesis Report : Time (s): cpu = 00:01:01 ; elapsed = 00:01:05 . Memory (MB): peak = 1438.895 ; gain = 586.848
---------------------------------------------------------------------------------
Synthesis finished with 0 errors, 0 critical warnings and 18 warnings.
Synthesis Optimization Runtime : Time (s): cpu = 00:00:30 ; elapsed = 00:01:01 . Memory (MB): peak = 1438.895 ; gain = 564.348
Synthesis Optimization Complete : Time (s): cpu = 00:01:01 ; elapsed = 00:01:05 . Memory (MB): peak = 1438.895 ; gain = 586.848
INFO: [Project 1-571] Translating synthesized netlist
Netlist sorting complete. Time (s): cpu = 00:00:00 ; elapsed = 00:00:00.002 . Memory (MB): peak = 1438.895 ; gain = 0.000
INFO: [Netlist 29-17] Analyzing 5 Unisim elements for replacement
INFO: [Netlist 29-28] Unisim Transformation completed in 0 CPU seconds
INFO: [Project 1-570] Preparing netlist for logic optimization
INFO: [Opt 31-138] Pushed 0 inverter(s) to 0 load pin(s).
Netlist sorting complete. Time (s): cpu = 00:00:00 ; elapsed = 00:00:00 . Memory (MB): peak = 1440.113 ; gain = 0.000
INFO: [Project 1-111] Unisim Transformation Summary:
No Unisim elements were transformed.

Synth Design complete | Checksum: 559629de
INFO: [Common 17-83] Releasing license: Synthesis
20 Infos, 108 Warnings, 0 Critical Warnings and 0 Errors encountered.
synth_design completed successfully
synth_design: Time (s): cpu = 00:01:08 ; elapsed = 00:01:15 . Memory (MB): peak = 1440.113 ; gain = 953.746
INFO: [Common 17-1381] The checkpoint 'C:/Users/JamesWilliamson/Cascade_hydrophones/Hardware/XCORR/XCORR.runs/HydroDSP_dds_compiler_1_0_synth_1/HydroDSP_dds_compiler_1_0.dcp' has been generated.
INFO: [Coretcl 2-1648] Added synthesis output to IP cache for IP HydroDSP_dds_compiler_1_0, cache-ID = 786492bcc12cd55f
INFO: [Coretcl 2-1174] Renamed 10 cell refs.
INFO: [Common 17-1381] The checkpoint 'C:/Users/JamesWilliamson/Cascade_hydrophones/Hardware/XCORR/XCORR.runs/HydroDSP_dds_compiler_1_0_synth_1/HydroDSP_dds_compiler_1_0.dcp' has been generated.
INFO: [runtcl-4] Executing : report_utilization -file HydroDSP_dds_compiler_1_0_utilization_synth.rpt -pb HydroDSP_dds_compiler_1_0_utilization_synth.pb
INFO: [Common 17-206] Exiting Vivado at Sun Sep  1 03:45:04 2024...
