
*** Running vivado
    with args -log MicroBlaze_dds_compiler_0_1.vds -m64 -product Vivado -mode batch -messageDb vivado.pb -notrace -source MicroBlaze_dds_compiler_0_1.tcl



****** Vivado v2024.2 (64-bit)
  **** SW Build 5239630 on Fri Nov 08 22:35:27 MST 2024
  **** IP Build 5239520 on Sun Nov 10 16:12:51 MST 2024
  **** SharedData Build 5239561 on Fri Nov 08 14:39:27 MST 2024
  **** Start of session at: Mon Jan 20 02:21:40 2025
    ** Copyright 1986-2022 Xilinx, Inc. All Rights Reserved.
    ** Copyright 2022-2024 Advanced Micro Devices, Inc. All Rights Reserved.

source MicroBlaze_dds_compiler_0_1.tcl -notrace
INFO: [IP_Flow 19-6924] IPCACHE: Running cache check for IP inst: MicroBlaze_dds_compiler_0_1
Command: synth_design -top MicroBlaze_dds_compiler_0_1 -part xc7z010clg400-1 -incremental_mode off -mode out_of_context
Starting synth_design
Attempting to get a license for feature 'Synthesis' and/or device 'xc7z010'
INFO: [Common 17-349] Got license for feature 'Synthesis' and/or device 'xc7z010'
INFO: [Device 21-403] Loading part xc7z010clg400-1
INFO: [Synth 8-7079] Multithreading enabled for synth_design using a maximum of 2 processes.
INFO: [Synth 8-7078] Launching helper process for spawning children vivado processes
INFO: [Synth 8-7075] Helper process launched with PID 25960
---------------------------------------------------------------------------------
Starting RTL Elaboration : Time (s): cpu = 00:00:08 ; elapsed = 00:00:15 . Memory (MB): peak = 1059.543 ; gain = 467.047
---------------------------------------------------------------------------------
INFO: [Synth 8-638] synthesizing module 'MicroBlaze_dds_compiler_0_1' [c:/Cascade_hydrophones/WorkspaceOMDHydrophones/Hardware/HydroProccess/HydroProccess.gen/sources_1/bd/MicroBlaze/ip/MicroBlaze_dds_compiler_0_1/synth/MicroBlaze_dds_compiler_0_1.vhd:69]
WARNING: [Synth 8-5640] Port 'debug_axi_pinc_in' is missing in component declaration [c:/Cascade_hydrophones/WorkspaceOMDHydrophones/Hardware/HydroProccess/HydroProccess.gen/sources_1/bd/MicroBlaze/ip/MicroBlaze_dds_compiler_0_1/synth/MicroBlaze_dds_compiler_0_1.vhd:72]
WARNING: [Synth 8-5640] Port 'debug_axi_poff_in' is missing in component declaration [c:/Cascade_hydrophones/WorkspaceOMDHydrophones/Hardware/HydroProccess/HydroProccess.gen/sources_1/bd/MicroBlaze/ip/MicroBlaze_dds_compiler_0_1/synth/MicroBlaze_dds_compiler_0_1.vhd:72]
WARNING: [Synth 8-5640] Port 'debug_axi_resync_in' is missing in component declaration [c:/Cascade_hydrophones/WorkspaceOMDHydrophones/Hardware/HydroProccess/HydroProccess.gen/sources_1/bd/MicroBlaze/ip/MicroBlaze_dds_compiler_0_1/synth/MicroBlaze_dds_compiler_0_1.vhd:72]
WARNING: [Synth 8-5640] Port 'debug_axi_chan_in' is missing in component declaration [c:/Cascade_hydrophones/WorkspaceOMDHydrophones/Hardware/HydroProccess/HydroProccess.gen/sources_1/bd/MicroBlaze/ip/MicroBlaze_dds_compiler_0_1/synth/MicroBlaze_dds_compiler_0_1.vhd:72]
WARNING: [Synth 8-5640] Port 'debug_core_nd' is missing in component declaration [c:/Cascade_hydrophones/WorkspaceOMDHydrophones/Hardware/HydroProccess/HydroProccess.gen/sources_1/bd/MicroBlaze/ip/MicroBlaze_dds_compiler_0_1/synth/MicroBlaze_dds_compiler_0_1.vhd:72]
WARNING: [Synth 8-5640] Port 'debug_phase' is missing in component declaration [c:/Cascade_hydrophones/WorkspaceOMDHydrophones/Hardware/HydroProccess/HydroProccess.gen/sources_1/bd/MicroBlaze/ip/MicroBlaze_dds_compiler_0_1/synth/MicroBlaze_dds_compiler_0_1.vhd:72]
WARNING: [Synth 8-5640] Port 'debug_phase_nd' is missing in component declaration [c:/Cascade_hydrophones/WorkspaceOMDHydrophones/Hardware/HydroProccess/HydroProccess.gen/sources_1/bd/MicroBlaze/ip/MicroBlaze_dds_compiler_0_1/synth/MicroBlaze_dds_compiler_0_1.vhd:72]
	Parameter C_XDEVICEFAMILY bound to: zynq - type: string 
	Parameter C_MODE_OF_OPERATION bound to: 0 - type: integer 
	Parameter C_MODULUS bound to: 9 - type: integer 
	Parameter C_ACCUMULATOR_WIDTH bound to: 12 - type: integer 
	Parameter C_CHANNELS bound to: 1 - type: integer 
	Parameter C_HAS_PHASE_OUT bound to: 1 - type: integer 
	Parameter C_HAS_PHASEGEN bound to: 1 - type: integer 
	Parameter C_HAS_SINCOS bound to: 1 - type: integer 
	Parameter C_LATENCY bound to: 7 - type: integer 
	Parameter C_MEM_TYPE bound to: 1 - type: integer 
	Parameter C_NEGATIVE_COSINE bound to: 0 - type: integer 
	Parameter C_NEGATIVE_SINE bound to: 0 - type: integer 
	Parameter C_NOISE_SHAPING bound to: 0 - type: integer 
	Parameter C_OUTPUTS_REQUIRED bound to: 0 - type: integer 
	Parameter C_OUTPUT_FORM bound to: 0 - type: integer 
	Parameter C_OUTPUT_TYPE bound to: 0 - type: integer 
	Parameter C_OUTPUT_WIDTH bound to: 12 - type: integer 
	Parameter C_PHASE_ANGLE_WIDTH bound to: 12 - type: integer 
	Parameter C_PHASE_INCREMENT bound to: 2 - type: integer 
	Parameter C_PHASE_INCREMENT_VALUE bound to: 1,0,0,0,0,0,0,0,0,0,0,0,0,0,0,0 - type: string 
	Parameter C_RESYNC bound to: 0 - type: integer 
	Parameter C_PHASE_OFFSET bound to: 0 - type: integer 
	Parameter C_PHASE_OFFSET_VALUE bound to: 0,0,0,0,0,0,0,0,0,0,0,0,0,0,0,0 - type: string 
	Parameter C_OPTIMISE_GOAL bound to: 0 - type: integer 
	Parameter C_USE_DSP48 bound to: 0 - type: integer 
	Parameter C_POR_MODE bound to: 0 - type: integer 
	Parameter C_AMPLITUDE bound to: 0 - type: integer 
	Parameter C_HAS_ACLKEN bound to: 0 - type: integer 
	Parameter C_HAS_ARESETN bound to: 0 - type: integer 
	Parameter C_HAS_TLAST bound to: 0 - type: integer 
	Parameter C_HAS_TREADY bound to: 0 - type: integer 
	Parameter C_HAS_S_PHASE bound to: 0 - type: integer 
	Parameter C_S_PHASE_TDATA_WIDTH bound to: 1 - type: integer 
	Parameter C_S_PHASE_HAS_TUSER bound to: 0 - type: integer 
	Parameter C_S_PHASE_TUSER_WIDTH bound to: 1 - type: integer 
	Parameter C_HAS_S_CONFIG bound to: 0 - type: integer 
	Parameter C_S_CONFIG_SYNC_MODE bound to: 0 - type: integer 
	Parameter C_S_CONFIG_TDATA_WIDTH bound to: 1 - type: integer 
	Parameter C_HAS_M_DATA bound to: 1 - type: integer 
	Parameter C_M_DATA_TDATA_WIDTH bound to: 16 - type: integer 
	Parameter C_M_DATA_HAS_TUSER bound to: 0 - type: integer 
	Parameter C_M_DATA_TUSER_WIDTH bound to: 1 - type: integer 
	Parameter C_HAS_M_PHASE bound to: 1 - type: integer 
	Parameter C_M_PHASE_TDATA_WIDTH bound to: 16 - type: integer 
	Parameter C_M_PHASE_HAS_TUSER bound to: 0 - type: integer 
	Parameter C_M_PHASE_TUSER_WIDTH bound to: 1 - type: integer 
	Parameter C_DEBUG_INTERFACE bound to: 0 - type: integer 
	Parameter C_CHAN_WIDTH bound to: 1 - type: integer 
INFO: [Synth 8-3491] module 'dds_compiler_v6_0_26' declared at 'c:/Cascade_hydrophones/WorkspaceOMDHydrophones/Hardware/HydroProccess/HydroProccess.gen/sources_1/bd/MicroBlaze/ipshared/d32a/hdl/dds_compiler_v6_0.vhd:59' bound to instance 'U0' of component 'dds_compiler_v6_0_26' [c:/Cascade_hydrophones/WorkspaceOMDHydrophones/Hardware/HydroProccess/HydroProccess.gen/sources_1/bd/MicroBlaze/ip/MicroBlaze_dds_compiler_0_1/synth/MicroBlaze_dds_compiler_0_1.vhd:194]
INFO: [Synth 8-256] done synthesizing module 'MicroBlaze_dds_compiler_0_1' (0#1) [c:/Cascade_hydrophones/WorkspaceOMDHydrophones/Hardware/HydroProccess/HydroProccess.gen/sources_1/bd/MicroBlaze/ip/MicroBlaze_dds_compiler_0_1/synth/MicroBlaze_dds_compiler_0_1.vhd:69]
WARNING: [Synth 8-7129] Port CLK in module xbip_pipe_v3_0_10_viv__parameterized20 is either unconnected or has no load
WARNING: [Synth 8-7129] Port CE in module xbip_pipe_v3_0_10_viv__parameterized20 is either unconnected or has no load
WARNING: [Synth 8-7129] Port SCLR in module xbip_pipe_v3_0_10_viv__parameterized20 is either unconnected or has no load
WARNING: [Synth 8-7129] Port SSET in module xbip_pipe_v3_0_10_viv__parameterized20 is either unconnected or has no load
WARNING: [Synth 8-7129] Port SINIT in module xbip_pipe_v3_0_10_viv__parameterized20 is either unconnected or has no load
WARNING: [Synth 8-7129] Port CLK in module xbip_pipe_v3_0_10_viv__parameterized3 is either unconnected or has no load
WARNING: [Synth 8-7129] Port CE in module xbip_pipe_v3_0_10_viv__parameterized3 is either unconnected or has no load
WARNING: [Synth 8-7129] Port SCLR in module xbip_pipe_v3_0_10_viv__parameterized3 is either unconnected or has no load
WARNING: [Synth 8-7129] Port SSET in module xbip_pipe_v3_0_10_viv__parameterized3 is either unconnected or has no load
WARNING: [Synth 8-7129] Port SINIT in module xbip_pipe_v3_0_10_viv__parameterized3 is either unconnected or has no load
WARNING: [Synth 8-7129] Port SCLR in module xbip_pipe_v3_0_10_viv__parameterized17 is either unconnected or has no load
WARNING: [Synth 8-7129] Port SSET in module xbip_pipe_v3_0_10_viv__parameterized17 is either unconnected or has no load
WARNING: [Synth 8-7129] Port SINIT in module xbip_pipe_v3_0_10_viv__parameterized17 is either unconnected or has no load
WARNING: [Synth 8-7129] Port SCLR in module xbip_pipe_v3_0_10_viv__parameterized15 is either unconnected or has no load
WARNING: [Synth 8-7129] Port SSET in module xbip_pipe_v3_0_10_viv__parameterized15 is either unconnected or has no load
WARNING: [Synth 8-7129] Port SINIT in module xbip_pipe_v3_0_10_viv__parameterized15 is either unconnected or has no load
WARNING: [Synth 8-7129] Port SCLR in module xbip_pipe_v3_0_10_viv__parameterized13 is either unconnected or has no load
WARNING: [Synth 8-7129] Port SSET in module xbip_pipe_v3_0_10_viv__parameterized13 is either unconnected or has no load
WARNING: [Synth 8-7129] Port SINIT in module xbip_pipe_v3_0_10_viv__parameterized13 is either unconnected or has no load
WARNING: [Synth 8-7129] Port SCLR in module sin_cos is either unconnected or has no load
WARNING: [Synth 8-7129] Port SCLR in module xbip_pipe_v3_0_10_viv__parameterized11 is either unconnected or has no load
WARNING: [Synth 8-7129] Port SSET in module xbip_pipe_v3_0_10_viv__parameterized11 is either unconnected or has no load
WARNING: [Synth 8-7129] Port SINIT in module xbip_pipe_v3_0_10_viv__parameterized11 is either unconnected or has no load
WARNING: [Synth 8-7129] Port CLK in module xbip_pipe_v3_0_10_viv__parameterized9 is either unconnected or has no load
WARNING: [Synth 8-7129] Port CE in module xbip_pipe_v3_0_10_viv__parameterized9 is either unconnected or has no load
WARNING: [Synth 8-7129] Port SCLR in module xbip_pipe_v3_0_10_viv__parameterized9 is either unconnected or has no load
WARNING: [Synth 8-7129] Port SSET in module xbip_pipe_v3_0_10_viv__parameterized9 is either unconnected or has no load
WARNING: [Synth 8-7129] Port SINIT in module xbip_pipe_v3_0_10_viv__parameterized9 is either unconnected or has no load
WARNING: [Synth 8-7129] Port SCLR in module xbip_pipe_v3_0_10_viv__parameterized7 is either unconnected or has no load
WARNING: [Synth 8-7129] Port SSET in module xbip_pipe_v3_0_10_viv__parameterized7 is either unconnected or has no load
WARNING: [Synth 8-7129] Port SINIT in module xbip_pipe_v3_0_10_viv__parameterized7 is either unconnected or has no load
WARNING: [Synth 8-7129] Port CLK in module xbip_pipe_v3_0_10_viv__parameterized5 is either unconnected or has no load
WARNING: [Synth 8-7129] Port CE in module xbip_pipe_v3_0_10_viv__parameterized5 is either unconnected or has no load
WARNING: [Synth 8-7129] Port SCLR in module xbip_pipe_v3_0_10_viv__parameterized5 is either unconnected or has no load
WARNING: [Synth 8-7129] Port SSET in module xbip_pipe_v3_0_10_viv__parameterized5 is either unconnected or has no load
WARNING: [Synth 8-7129] Port SINIT in module xbip_pipe_v3_0_10_viv__parameterized5 is either unconnected or has no load
WARNING: [Synth 8-7129] Port chan_addr[0] in module accum is either unconnected or has no load
WARNING: [Synth 8-7129] Port chan_addr_del2[0] in module accum is either unconnected or has no load
WARNING: [Synth 8-7129] Port chan_addr_del3[0] in module accum is either unconnected or has no load
WARNING: [Synth 8-7129] Port addr_i[3] in module accum is either unconnected or has no load
WARNING: [Synth 8-7129] Port addr_i[2] in module accum is either unconnected or has no load
WARNING: [Synth 8-7129] Port addr_i[1] in module accum is either unconnected or has no load
WARNING: [Synth 8-7129] Port addr_i[0] in module accum is either unconnected or has no load
WARNING: [Synth 8-7129] Port phase_inc_we in module accum is either unconnected or has no load
WARNING: [Synth 8-7129] Port phase_adj_we in module accum is either unconnected or has no load
WARNING: [Synth 8-7129] Port poff_in[11] in module accum is either unconnected or has no load
WARNING: [Synth 8-7129] Port poff_in[10] in module accum is either unconnected or has no load
WARNING: [Synth 8-7129] Port poff_in[9] in module accum is either unconnected or has no load
WARNING: [Synth 8-7129] Port poff_in[8] in module accum is either unconnected or has no load
WARNING: [Synth 8-7129] Port poff_in[7] in module accum is either unconnected or has no load
WARNING: [Synth 8-7129] Port poff_in[6] in module accum is either unconnected or has no load
WARNING: [Synth 8-7129] Port poff_in[5] in module accum is either unconnected or has no load
WARNING: [Synth 8-7129] Port poff_in[4] in module accum is either unconnected or has no load
WARNING: [Synth 8-7129] Port poff_in[3] in module accum is either unconnected or has no load
WARNING: [Synth 8-7129] Port poff_in[2] in module accum is either unconnected or has no load
WARNING: [Synth 8-7129] Port poff_in[1] in module accum is either unconnected or has no load
WARNING: [Synth 8-7129] Port poff_in[0] in module accum is either unconnected or has no load
WARNING: [Synth 8-7129] Port data_i[11] in module accum is either unconnected or has no load
WARNING: [Synth 8-7129] Port data_i[10] in module accum is either unconnected or has no load
WARNING: [Synth 8-7129] Port data_i[9] in module accum is either unconnected or has no load
WARNING: [Synth 8-7129] Port data_i[8] in module accum is either unconnected or has no load
WARNING: [Synth 8-7129] Port data_i[7] in module accum is either unconnected or has no load
WARNING: [Synth 8-7129] Port data_i[6] in module accum is either unconnected or has no load
WARNING: [Synth 8-7129] Port data_i[5] in module accum is either unconnected or has no load
WARNING: [Synth 8-7129] Port data_i[4] in module accum is either unconnected or has no load
WARNING: [Synth 8-7129] Port data_i[3] in module accum is either unconnected or has no load
WARNING: [Synth 8-7129] Port data_i[2] in module accum is either unconnected or has no load
WARNING: [Synth 8-7129] Port data_i[1] in module accum is either unconnected or has no load
WARNING: [Synth 8-7129] Port data_i[0] in module accum is either unconnected or has no load
WARNING: [Synth 8-7129] Port SCLR in module xbip_pipe_v3_0_10_viv__parameterized1 is either unconnected or has no load
WARNING: [Synth 8-7129] Port SSET in module xbip_pipe_v3_0_10_viv__parameterized1 is either unconnected or has no load
WARNING: [Synth 8-7129] Port SINIT in module xbip_pipe_v3_0_10_viv__parameterized1 is either unconnected or has no load
WARNING: [Synth 8-7129] Port RFD in module dds_compiler_v6_0_26_core is either unconnected or has no load
WARNING: [Synth 8-7129] Port CHANNEL[0] in module dds_compiler_v6_0_26_core is either unconnected or has no load
WARNING: [Synth 8-7129] Port COSINE[11] in module dds_compiler_v6_0_26_core is either unconnected or has no load
WARNING: [Synth 8-7129] Port COSINE[10] in module dds_compiler_v6_0_26_core is either unconnected or has no load
WARNING: [Synth 8-7129] Port COSINE[9] in module dds_compiler_v6_0_26_core is either unconnected or has no load
WARNING: [Synth 8-7129] Port COSINE[8] in module dds_compiler_v6_0_26_core is either unconnected or has no load
WARNING: [Synth 8-7129] Port COSINE[7] in module dds_compiler_v6_0_26_core is either unconnected or has no load
WARNING: [Synth 8-7129] Port COSINE[6] in module dds_compiler_v6_0_26_core is either unconnected or has no load
WARNING: [Synth 8-7129] Port COSINE[5] in module dds_compiler_v6_0_26_core is either unconnected or has no load
WARNING: [Synth 8-7129] Port COSINE[4] in module dds_compiler_v6_0_26_core is either unconnected or has no load
WARNING: [Synth 8-7129] Port COSINE[3] in module dds_compiler_v6_0_26_core is either unconnected or has no load
WARNING: [Synth 8-7129] Port COSINE[2] in module dds_compiler_v6_0_26_core is either unconnected or has no load
WARNING: [Synth 8-7129] Port COSINE[1] in module dds_compiler_v6_0_26_core is either unconnected or has no load
WARNING: [Synth 8-7129] Port COSINE[0] in module dds_compiler_v6_0_26_core is either unconnected or has no load
WARNING: [Synth 8-7129] Port ADDR[0] in module dds_compiler_v6_0_26_core is either unconnected or has no load
WARNING: [Synth 8-7129] Port REG_SELECT in module dds_compiler_v6_0_26_core is either unconnected or has no load
WARNING: [Synth 8-7129] Port SCLR in module dds_compiler_v6_0_26_core is either unconnected or has no load
WARNING: [Synth 8-7129] Port PHASE_IN[11] in module dds_compiler_v6_0_26_core is either unconnected or has no load
WARNING: [Synth 8-7129] Port PHASE_IN[10] in module dds_compiler_v6_0_26_core is either unconnected or has no load
WARNING: [Synth 8-7129] Port PHASE_IN[9] in module dds_compiler_v6_0_26_core is either unconnected or has no load
WARNING: [Synth 8-7129] Port PHASE_IN[8] in module dds_compiler_v6_0_26_core is either unconnected or has no load
WARNING: [Synth 8-7129] Port PHASE_IN[7] in module dds_compiler_v6_0_26_core is either unconnected or has no load
WARNING: [Synth 8-7129] Port PHASE_IN[6] in module dds_compiler_v6_0_26_core is either unconnected or has no load
WARNING: [Synth 8-7129] Port PHASE_IN[5] in module dds_compiler_v6_0_26_core is either unconnected or has no load
WARNING: [Synth 8-7129] Port PHASE_IN[4] in module dds_compiler_v6_0_26_core is either unconnected or has no load
WARNING: [Synth 8-7129] Port PHASE_IN[3] in module dds_compiler_v6_0_26_core is either unconnected or has no load
WARNING: [Synth 8-7129] Port PHASE_IN[2] in module dds_compiler_v6_0_26_core is either unconnected or has no load
WARNING: [Synth 8-7129] Port PHASE_IN[1] in module dds_compiler_v6_0_26_core is either unconnected or has no load
INFO: [Common 17-14] Message 'Synth 8-7129' appears 100 times and further instances of the messages will be disabled. Use the Tcl command set_msg_config to change the current settings.
---------------------------------------------------------------------------------
Finished RTL Elaboration : Time (s): cpu = 00:00:13 ; elapsed = 00:00:23 . Memory (MB): peak = 1310.879 ; gain = 718.383
---------------------------------------------------------------------------------
---------------------------------------------------------------------------------
Start Handling Custom Attributes
---------------------------------------------------------------------------------
---------------------------------------------------------------------------------
Finished Handling Custom Attributes : Time (s): cpu = 00:00:13 ; elapsed = 00:00:23 . Memory (MB): peak = 1310.879 ; gain = 718.383
---------------------------------------------------------------------------------
---------------------------------------------------------------------------------
Finished RTL Optimization Phase 1 : Time (s): cpu = 00:00:13 ; elapsed = 00:00:23 . Memory (MB): peak = 1310.879 ; gain = 718.383
---------------------------------------------------------------------------------
Netlist sorting complete. Time (s): cpu = 00:00:00 ; elapsed = 00:00:00.005 . Memory (MB): peak = 1310.879 ; gain = 0.000
INFO: [Project 1-570] Preparing netlist for logic optimization

Processing XDC Constraints
Initializing timing engine
Parsing XDC File [c:/Cascade_hydrophones/WorkspaceOMDHydrophones/Hardware/HydroProccess/HydroProccess.gen/sources_1/bd/MicroBlaze/ip/MicroBlaze_dds_compiler_0_1/MicroBlaze_dds_compiler_0_1_ooc.xdc] for cell 'U0'
Finished Parsing XDC File [c:/Cascade_hydrophones/WorkspaceOMDHydrophones/Hardware/HydroProccess/HydroProccess.gen/sources_1/bd/MicroBlaze/ip/MicroBlaze_dds_compiler_0_1/MicroBlaze_dds_compiler_0_1_ooc.xdc] for cell 'U0'
Parsing XDC File [C:/Cascade_hydrophones/WorkspaceOMDHydrophones/Hardware/HydroProccess/HydroProccess.runs/MicroBlaze_dds_compiler_0_1_synth_1/dont_touch.xdc]
Finished Parsing XDC File [C:/Cascade_hydrophones/WorkspaceOMDHydrophones/Hardware/HydroProccess/HydroProccess.runs/MicroBlaze_dds_compiler_0_1_synth_1/dont_touch.xdc]
Completed Processing XDC Constraints

Netlist sorting complete. Time (s): cpu = 00:00:00 ; elapsed = 00:00:00 . Memory (MB): peak = 1310.879 ; gain = 0.000
INFO: [Project 1-111] Unisim Transformation Summary:
No Unisim elements were transformed.

Constraint Validation Runtime : Time (s): cpu = 00:00:00 ; elapsed = 00:00:00.029 . Memory (MB): peak = 1310.879 ; gain = 0.000
INFO: [Designutils 20-5008] Incremental synthesis strategy off
---------------------------------------------------------------------------------
Finished Constraint Validation : Time (s): cpu = 00:00:17 ; elapsed = 00:00:33 . Memory (MB): peak = 1310.879 ; gain = 718.383
---------------------------------------------------------------------------------
---------------------------------------------------------------------------------
Start Loading Part and Timing Information
---------------------------------------------------------------------------------
Loading part: xc7z010clg400-1
---------------------------------------------------------------------------------
Finished Loading Part and Timing Information : Time (s): cpu = 00:00:17 ; elapsed = 00:00:33 . Memory (MB): peak = 1310.879 ; gain = 718.383
---------------------------------------------------------------------------------
---------------------------------------------------------------------------------
Start Applying 'set_property' XDC Constraints
---------------------------------------------------------------------------------
Applied set_property KEEP_HIERARCHY = SOFT for U0. (constraint file  C:/Cascade_hydrophones/WorkspaceOMDHydrophones/Hardware/HydroProccess/HydroProccess.runs/MicroBlaze_dds_compiler_0_1_synth_1/dont_touch.xdc, line 9).
---------------------------------------------------------------------------------
Finished applying 'set_property' XDC Constraints : Time (s): cpu = 00:00:17 ; elapsed = 00:00:33 . Memory (MB): peak = 1310.879 ; gain = 718.383
---------------------------------------------------------------------------------
WARNING: [Synth 8-6040] Register i_rtl.i_quarter_table.i_has_sin.i_addr_mod_stage1.mod_sin_addr_reg driving address of a ROM cannot be packed in BRAM/URAM because of presence of initial value.
---------------------------------------------------------------------------------
Finished RTL Optimization Phase 2 : Time (s): cpu = 00:00:17 ; elapsed = 00:00:34 . Memory (MB): peak = 1310.879 ; gain = 718.383
---------------------------------------------------------------------------------
---------------------------------------------------------------------------------
Start RTL Component Statistics 
---------------------------------------------------------------------------------
---------------------------------------------------------------------------------
Finished RTL Component Statistics 
---------------------------------------------------------------------------------
---------------------------------------------------------------------------------
Start Part Resource Summary
---------------------------------------------------------------------------------
Part Resources:
DSPs: 80 (col length:40)
BRAMs: 120 (col length: RAMB18 40 RAMB36 20)
---------------------------------------------------------------------------------
Finished Part Resource Summary
---------------------------------------------------------------------------------
---------------------------------------------------------------------------------
Start Cross Boundary and Area Optimization
---------------------------------------------------------------------------------
WARNING: [Synth 8-7080] Parallel synthesis criteria is not met
---------------------------------------------------------------------------------
Finished Cross Boundary and Area Optimization : Time (s): cpu = 00:00:18 ; elapsed = 00:00:37 . Memory (MB): peak = 1310.879 ; gain = 718.383
---------------------------------------------------------------------------------
---------------------------------------------------------------------------------
Start Applying XDC Timing Constraints
---------------------------------------------------------------------------------
---------------------------------------------------------------------------------
Finished Applying XDC Timing Constraints : Time (s): cpu = 00:00:21 ; elapsed = 00:00:44 . Memory (MB): peak = 1365.961 ; gain = 773.465
---------------------------------------------------------------------------------
---------------------------------------------------------------------------------
Start Timing Optimization
---------------------------------------------------------------------------------
---------------------------------------------------------------------------------
Finished Timing Optimization : Time (s): cpu = 00:00:21 ; elapsed = 00:00:45 . Memory (MB): peak = 1367.375 ; gain = 774.879
---------------------------------------------------------------------------------
---------------------------------------------------------------------------------
Start Technology Mapping
---------------------------------------------------------------------------------
---------------------------------------------------------------------------------
Finished Technology Mapping : Time (s): cpu = 00:00:21 ; elapsed = 00:00:45 . Memory (MB): peak = 1377.000 ; gain = 784.504
---------------------------------------------------------------------------------
---------------------------------------------------------------------------------
Start IO Insertion
---------------------------------------------------------------------------------
---------------------------------------------------------------------------------
Start Flattening Before IO Insertion
---------------------------------------------------------------------------------
---------------------------------------------------------------------------------
Finished Flattening Before IO Insertion
---------------------------------------------------------------------------------
---------------------------------------------------------------------------------
Start Final Netlist Cleanup
---------------------------------------------------------------------------------
---------------------------------------------------------------------------------
Finished Final Netlist Cleanup
---------------------------------------------------------------------------------
---------------------------------------------------------------------------------
Finished IO Insertion : Time (s): cpu = 00:00:22 ; elapsed = 00:00:50 . Memory (MB): peak = 1593.426 ; gain = 1000.930
---------------------------------------------------------------------------------
---------------------------------------------------------------------------------
Start Renaming Generated Instances
---------------------------------------------------------------------------------
---------------------------------------------------------------------------------
Finished Renaming Generated Instances : Time (s): cpu = 00:00:22 ; elapsed = 00:00:50 . Memory (MB): peak = 1593.426 ; gain = 1000.930
---------------------------------------------------------------------------------
---------------------------------------------------------------------------------
Start Rebuilding User Hierarchy
---------------------------------------------------------------------------------
---------------------------------------------------------------------------------
Finished Rebuilding User Hierarchy : Time (s): cpu = 00:00:22 ; elapsed = 00:00:50 . Memory (MB): peak = 1593.426 ; gain = 1000.930
---------------------------------------------------------------------------------
---------------------------------------------------------------------------------
Start Renaming Generated Ports
---------------------------------------------------------------------------------
---------------------------------------------------------------------------------
Finished Renaming Generated Ports : Time (s): cpu = 00:00:22 ; elapsed = 00:00:50 . Memory (MB): peak = 1593.426 ; gain = 1000.930
---------------------------------------------------------------------------------
---------------------------------------------------------------------------------
Start Handling Custom Attributes
---------------------------------------------------------------------------------
---------------------------------------------------------------------------------
Finished Handling Custom Attributes : Time (s): cpu = 00:00:22 ; elapsed = 00:00:50 . Memory (MB): peak = 1593.480 ; gain = 1000.984
---------------------------------------------------------------------------------
---------------------------------------------------------------------------------
Start Renaming Generated Nets
---------------------------------------------------------------------------------
---------------------------------------------------------------------------------
Finished Renaming Generated Nets : Time (s): cpu = 00:00:22 ; elapsed = 00:00:50 . Memory (MB): peak = 1593.480 ; gain = 1000.984
---------------------------------------------------------------------------------
---------------------------------------------------------------------------------
Start Writing Synthesis Report
---------------------------------------------------------------------------------

Report BlackBoxes: 
+-+--------------+----------+
| |BlackBox name |Instances |
+-+--------------+----------+
+-+--------------+----------+

Report Cell Usage: 
+------+---------+------+
|      |Cell     |Count |
+------+---------+------+
|1     |CARRY4   |     9|
|2     |LUT1     |     2|
|3     |LUT2     |    21|
|4     |LUT3     |    16|
|5     |RAMB18E1 |     1|
|6     |SRL16E   |    15|
|7     |FDRE     |   118|
+------+---------+------+
---------------------------------------------------------------------------------
Finished Writing Synthesis Report : Time (s): cpu = 00:00:22 ; elapsed = 00:00:50 . Memory (MB): peak = 1593.480 ; gain = 1000.984
---------------------------------------------------------------------------------
Synthesis finished with 0 errors, 0 critical warnings and 17 warnings.
Synthesis Optimization Runtime : Time (s): cpu = 00:00:08 ; elapsed = 00:00:48 . Memory (MB): peak = 1593.480 ; gain = 1000.984
Synthesis Optimization Complete : Time (s): cpu = 00:00:22 ; elapsed = 00:00:51 . Memory (MB): peak = 1593.480 ; gain = 1000.984
INFO: [Project 1-571] Translating synthesized netlist
Netlist sorting complete. Time (s): cpu = 00:00:00 ; elapsed = 00:00:00.003 . Memory (MB): peak = 1593.480 ; gain = 0.000
INFO: [Netlist 29-17] Analyzing 10 Unisim elements for replacement
INFO: [Netlist 29-28] Unisim Transformation completed in 0 CPU seconds
INFO: [Project 1-570] Preparing netlist for logic optimization
INFO: [Opt 31-138] Pushed 0 inverter(s) to 0 load pin(s).
Netlist sorting complete. Time (s): cpu = 00:00:00 ; elapsed = 00:00:00 . Memory (MB): peak = 1593.480 ; gain = 0.000
INFO: [Project 1-111] Unisim Transformation Summary:
No Unisim elements were transformed.

Synth Design complete | Checksum: fab89dce
INFO: [Common 17-83] Releasing license: Synthesis
20 Infos, 109 Warnings, 0 Critical Warnings and 0 Errors encountered.
synth_design completed successfully
synth_design: Time (s): cpu = 00:00:24 ; elapsed = 00:00:55 . Memory (MB): peak = 1593.480 ; gain = 1214.664
Write ShapeDB Complete: Time (s): cpu = 00:00:00 ; elapsed = 00:00:00.003 . Memory (MB): peak = 1593.480 ; gain = 0.000
INFO: [Common 17-1381] The checkpoint 'C:/Cascade_hydrophones/WorkspaceOMDHydrophones/Hardware/HydroProccess/HydroProccess.runs/MicroBlaze_dds_compiler_0_1_synth_1/MicroBlaze_dds_compiler_0_1.dcp' has been generated.
INFO: [Coretcl 2-1648] Added synthesis output to IP cache for IP MicroBlaze_dds_compiler_0_1, cache-ID = 8a242d431e1a7be9
INFO: [Coretcl 2-1174] Renamed 16 cell refs.
Write ShapeDB Complete: Time (s): cpu = 00:00:00 ; elapsed = 00:00:00.001 . Memory (MB): peak = 1593.480 ; gain = 0.000
INFO: [Common 17-1381] The checkpoint 'C:/Cascade_hydrophones/WorkspaceOMDHydrophones/Hardware/HydroProccess/HydroProccess.runs/MicroBlaze_dds_compiler_0_1_synth_1/MicroBlaze_dds_compiler_0_1.dcp' has been generated.
INFO: [Vivado 12-24828] Executing command : report_utilization -file MicroBlaze_dds_compiler_0_1_utilization_synth.rpt -pb MicroBlaze_dds_compiler_0_1_utilization_synth.pb
INFO: [Common 17-206] Exiting Vivado at Mon Jan 20 02:22:43 2025...
