
*** Running vivado
    with args -log HardwareXCorr_blk_mem_gen_4_3.vds -m64 -product Vivado -mode batch -messageDb vivado.pb -notrace -source HardwareXCorr_blk_mem_gen_4_3.tcl


ECHO is off.
ECHO is off.

****** Vivado v2023.1 (64-bit)
  **** SW Build 3865809 on Sun May  7 15:05:29 MDT 2023
  **** IP Build 3864474 on Sun May  7 20:36:21 MDT 2023
  **** SharedData Build 3865790 on Sun May 07 13:33:03 MDT 2023
    ** Copyright 1986-2022 Xilinx, Inc. All Rights Reserved.
    ** Copyright 2022-2023 Advanced Micro Devices, Inc. All Rights Reserved.

source HardwareXCorr_blk_mem_gen_4_3.tcl -notrace
create_project: Time (s): cpu = 00:00:09 ; elapsed = 00:00:10 . Memory (MB): peak = 454.406 ; gain = 159.145
INFO: [IP_Flow 19-6924] IPCACHE: Running cache check for IP inst: HardwareXCorr_blk_mem_gen_4_3
INFO: [IP_Flow 19-6922] IPCACHE: Exporting cached entry d87a6bb51788fa44 to dir: C:/Users/JamesWilliamson/WorkspaceOMDHydrophones/Hardware/HydroProccess/HydroProccess.runs/HardwareXCorr_blk_mem_gen_4_3_synth_1
INFO: [IP_Flow 19-6928] IPCACHE: copied cached file c:/Users/JamesWilliamson/WorkspaceOMDHydrophones/Hardware/HydroProccess/HydroProccess.cache/ip/2023.1/d/8/d87a6bb51788fa44/HardwareXCorr_blk_mem_gen_4_0.dcp to C:/Users/JamesWilliamson/WorkspaceOMDHydrophones/Hardware/HydroProccess/HydroProccess.runs/HardwareXCorr_blk_mem_gen_4_3_synth_1/HardwareXCorr_blk_mem_gen_4_3.dcp.
INFO: [IP_Flow 19-6928] IPCACHE: copied cached file c:/Users/JamesWilliamson/WorkspaceOMDHydrophones/Hardware/HydroProccess/HydroProccess.cache/ip/2023.1/d/8/d87a6bb51788fa44/HardwareXCorr_blk_mem_gen_4_0_sim_netlist.v to C:/Users/JamesWilliamson/WorkspaceOMDHydrophones/Hardware/HydroProccess/HydroProccess.runs/HardwareXCorr_blk_mem_gen_4_3_synth_1/HardwareXCorr_blk_mem_gen_4_3_sim_netlist.v.
INFO: [IP_Flow 19-6928] IPCACHE: copied cached file c:/Users/JamesWilliamson/WorkspaceOMDHydrophones/Hardware/HydroProccess/HydroProccess.cache/ip/2023.1/d/8/d87a6bb51788fa44/HardwareXCorr_blk_mem_gen_4_0_sim_netlist.vhdl to C:/Users/JamesWilliamson/WorkspaceOMDHydrophones/Hardware/HydroProccess/HydroProccess.runs/HardwareXCorr_blk_mem_gen_4_3_synth_1/HardwareXCorr_blk_mem_gen_4_3_sim_netlist.vhdl.
INFO: [IP_Flow 19-6928] IPCACHE: copied cached file c:/Users/JamesWilliamson/WorkspaceOMDHydrophones/Hardware/HydroProccess/HydroProccess.cache/ip/2023.1/d/8/d87a6bb51788fa44/HardwareXCorr_blk_mem_gen_4_0_stub.v to C:/Users/JamesWilliamson/WorkspaceOMDHydrophones/Hardware/HydroProccess/HydroProccess.runs/HardwareXCorr_blk_mem_gen_4_3_synth_1/HardwareXCorr_blk_mem_gen_4_3_stub.v.
INFO: [IP_Flow 19-6928] IPCACHE: copied cached file c:/Users/JamesWilliamson/WorkspaceOMDHydrophones/Hardware/HydroProccess/HydroProccess.cache/ip/2023.1/d/8/d87a6bb51788fa44/HardwareXCorr_blk_mem_gen_4_0_stub.vhdl to C:/Users/JamesWilliamson/WorkspaceOMDHydrophones/Hardware/HydroProccess/HydroProccess.runs/HardwareXCorr_blk_mem_gen_4_3_synth_1/HardwareXCorr_blk_mem_gen_4_3_stub.vhdl.
INFO: [IP_Flow 19-4838] Using cached IP synthesis design for IP HardwareXCorr_blk_mem_gen_4_3, cache-ID = d87a6bb51788fa44.
INFO: [Common 17-206] Exiting Vivado at Tue Sep 10 01:40:28 2024...
