TRACE::2024-11-01.16:05:40::SCWPlatform::Trying to open the hw design at C:/Cascade_hydrophones/WorkspaceOMDHydrophones/Software/MicroBlaze_wrapper/hw/MicroBlaze_wrapper.xsa
TRACE::2024-11-01.16:05:40::SCWPlatform::DSA given C:/Cascade_hydrophones/WorkspaceOMDHydrophones/Software/MicroBlaze_wrapper/hw/MicroBlaze_wrapper.xsa
TRACE::2024-11-01.16:05:40::SCWPlatform::DSA absoulate path C:/Cascade_hydrophones/WorkspaceOMDHydrophones/Software/MicroBlaze_wrapper/hw/MicroBlaze_wrapper.xsa
TRACE::2024-11-01.16:05:40::SCWPlatform::DSA directory C:/Cascade_hydrophones/WorkspaceOMDHydrophones/Software/MicroBlaze_wrapper/hw
TRACE::2024-11-01.16:05:40::SCWPlatform:: Platform Path C:/Cascade_hydrophones/WorkspaceOMDHydrophones/Software/MicroBlaze_wrapper/hw/MicroBlaze_wrapper.xsa
TRACE::2024-11-01.16:05:40::SCWPlatform:: Unique name xilinx:cmod-s7-25::0.0
TRACE::2024-11-01.16:05:40::SCWPlatform::Do not have an existing db opened. 
TRACE::2024-11-01.16:05:40::SCWPlatform::Opened new HwDB with name MicroBlaze_wrapper_0
TRACE::2024-11-01.16:05:40::SCWWriter::formatted JSON is {
	"platformName":	"MicroBlaze_wrapper",
	"sprVersion":	"2.0",
	"mode":	"gui",
	"dsaType":	"Fixed",
	"platformDesc":	"MicroBlaze_wrapper",
	"platHandOff":	"C:/Cascade_hydrophones/WorkspaceOMDHydrophones/Hardware/HydroProccess/MicroBlaze_wrapper.xsa",
	"platIntHandOff":	"<platformDir>/hw/MicroBlaze_wrapper.xsa",
	"deviceType":	"FPGA",
	"platIsPrebuiltAutogen":	"false",
	"platIsNoBootBsp":	"false",
	"hasFsblMakeHasChanges":	"false",
	"hasPmufwMakeHasChanges":	"false",
	"platPreBuiltFlag":	false,
	"platformSamplesDir":	""
}
TRACE::2024-11-01.16:05:40::SCWWriter::formatted JSON is {
	"platformName":	"MicroBlaze_wrapper",
	"sprVersion":	"2.0",
	"mode":	"gui",
	"dsaType":	"Fixed",
	"platformDesc":	"MicroBlaze_wrapper",
	"platHandOff":	"C:/Cascade_hydrophones/WorkspaceOMDHydrophones/Hardware/HydroProccess/MicroBlaze_wrapper.xsa",
	"platIntHandOff":	"<platformDir>/hw/MicroBlaze_wrapper.xsa",
	"deviceType":	"FPGA",
	"platIsPrebuiltAutogen":	"false",
	"platIsNoBootBsp":	"false",
	"hasFsblMakeHasChanges":	"false",
	"hasPmufwMakeHasChanges":	"false",
	"platPreBuiltFlag":	false,
	"platformSamplesDir":	"",
	"platActiveSys":	"MicroBlaze_wrapper",
	"systems":	[{
			"systemName":	"MicroBlaze_wrapper",
			"systemDesc":	"MicroBlaze_wrapper",
			"sysIsBootAutoGen":	"true",
			"systemDispName":	"MicroBlaze_wrapper"
		}]
}
TRACE::2024-11-01.16:05:40::SCWPlatform::Boot application domains not present, creating them
TRACE::2024-11-01.16:05:40::SCWPlatform::Pure FPGA device, no boot application will be created.
TRACE::2024-11-01.16:05:40::SCWWriter::formatted JSON is {
	"platformName":	"MicroBlaze_wrapper",
	"sprVersion":	"2.0",
	"mode":	"gui",
	"dsaType":	"Fixed",
	"platformDesc":	"MicroBlaze_wrapper",
	"platHandOff":	"C:/Cascade_hydrophones/WorkspaceOMDHydrophones/Hardware/HydroProccess/MicroBlaze_wrapper.xsa",
	"platIntHandOff":	"<platformDir>/hw/MicroBlaze_wrapper.xsa",
	"deviceType":	"FPGA",
	"platIsPrebuiltAutogen":	"false",
	"platIsNoBootBsp":	"false",
	"hasFsblMakeHasChanges":	"false",
	"hasPmufwMakeHasChanges":	"false",
	"platPreBuiltFlag":	false,
	"platformSamplesDir":	"",
	"platActiveSys":	"MicroBlaze_wrapper",
	"systems":	[{
			"systemName":	"MicroBlaze_wrapper",
			"systemDesc":	"MicroBlaze_wrapper",
			"sysIsBootAutoGen":	"true",
			"systemDispName":	"MicroBlaze_wrapper"
		}]
}
TRACE::2024-11-01.16:05:40::SCWWriter::formatted JSON is {
	"platformName":	"MicroBlaze_wrapper",
	"sprVersion":	"2.0",
	"mode":	"gui",
	"dsaType":	"Fixed",
	"platformDesc":	"MicroBlaze_wrapper",
	"platHandOff":	"C:/Cascade_hydrophones/WorkspaceOMDHydrophones/Hardware/HydroProccess/MicroBlaze_wrapper.xsa",
	"platIntHandOff":	"<platformDir>/hw/MicroBlaze_wrapper.xsa",
	"deviceType":	"FPGA",
	"platIsPrebuiltAutogen":	"false",
	"platIsNoBootBsp":	"false",
	"hasFsblMakeHasChanges":	"false",
	"hasPmufwMakeHasChanges":	"false",
	"platPreBuiltFlag":	false,
	"platformSamplesDir":	"",
	"platActiveSys":	"MicroBlaze_wrapper",
	"systems":	[{
			"systemName":	"MicroBlaze_wrapper",
			"systemDesc":	"MicroBlaze_wrapper",
			"sysIsBootAutoGen":	"true",
			"systemDispName":	"MicroBlaze_wrapper"
		}]
}
TRACE::2024-11-01.16:05:40::SCWPlatform::Trying to open the hw design at C:/Cascade_hydrophones/WorkspaceOMDHydrophones/Software/MicroBlaze_wrapper/hw/MicroBlaze_wrapper.xsa
TRACE::2024-11-01.16:05:40::SCWPlatform::DSA given C:/Cascade_hydrophones/WorkspaceOMDHydrophones/Software/MicroBlaze_wrapper/hw/MicroBlaze_wrapper.xsa
TRACE::2024-11-01.16:05:40::SCWPlatform::DSA absoulate path C:/Cascade_hydrophones/WorkspaceOMDHydrophones/Software/MicroBlaze_wrapper/hw/MicroBlaze_wrapper.xsa
TRACE::2024-11-01.16:05:40::SCWPlatform::DSA directory C:/Cascade_hydrophones/WorkspaceOMDHydrophones/Software/MicroBlaze_wrapper/hw
TRACE::2024-11-01.16:05:40::SCWPlatform:: Platform Path C:/Cascade_hydrophones/WorkspaceOMDHydrophones/Software/MicroBlaze_wrapper/hw/MicroBlaze_wrapper.xsa
TRACE::2024-11-01.16:05:40::SCWPlatform:: Unique name xilinx:cmod-s7-25::0.0
TRACE::2024-11-01.16:05:40::SCWPlatform::Trying to set the existing hwdb with name MicroBlaze_wrapper_0
TRACE::2024-11-01.16:05:40::SCWPlatform::Opened existing hwdb MicroBlaze_wrapper_0
TRACE::2024-11-01.16:05:40::SCWPlatform::Found the Hw Db part of the input DSA
TRACE::2024-11-01.16:05:40::SCWPlatform::Trying to open the hw design at C:/Cascade_hydrophones/WorkspaceOMDHydrophones/Software/MicroBlaze_wrapper/hw/MicroBlaze_wrapper.xsa
TRACE::2024-11-01.16:05:40::SCWPlatform::DSA given C:/Cascade_hydrophones/WorkspaceOMDHydrophones/Software/MicroBlaze_wrapper/hw/MicroBlaze_wrapper.xsa
TRACE::2024-11-01.16:05:40::SCWPlatform::DSA absoulate path C:/Cascade_hydrophones/WorkspaceOMDHydrophones/Software/MicroBlaze_wrapper/hw/MicroBlaze_wrapper.xsa
TRACE::2024-11-01.16:05:40::SCWPlatform::DSA directory C:/Cascade_hydrophones/WorkspaceOMDHydrophones/Software/MicroBlaze_wrapper/hw
TRACE::2024-11-01.16:05:40::SCWPlatform:: Platform Path C:/Cascade_hydrophones/WorkspaceOMDHydrophones/Software/MicroBlaze_wrapper/hw/MicroBlaze_wrapper.xsa
TRACE::2024-11-01.16:05:40::SCWPlatform:: Unique name xilinx:cmod-s7-25::0.0
TRACE::2024-11-01.16:05:40::SCWPlatform::Trying to set the existing hwdb with name MicroBlaze_wrapper_0
TRACE::2024-11-01.16:05:40::SCWPlatform::Opened existing hwdb MicroBlaze_wrapper_0
TRACE::2024-11-01.16:05:40::SCWPlatform::Found the Hw Db part of the input DSA
TRACE::2024-11-01.16:05:40::SCWDomain::checking for install qemu data   : 
TRACE::2024-11-01.16:05:40::SCWPlatform::Trying to open the hw design at C:/Cascade_hydrophones/WorkspaceOMDHydrophones/Software/MicroBlaze_wrapper/hw/MicroBlaze_wrapper.xsa
TRACE::2024-11-01.16:05:40::SCWPlatform::DSA given C:/Cascade_hydrophones/WorkspaceOMDHydrophones/Software/MicroBlaze_wrapper/hw/MicroBlaze_wrapper.xsa
TRACE::2024-11-01.16:05:40::SCWPlatform::DSA absoulate path C:/Cascade_hydrophones/WorkspaceOMDHydrophones/Software/MicroBlaze_wrapper/hw/MicroBlaze_wrapper.xsa
TRACE::2024-11-01.16:05:40::SCWPlatform::DSA directory C:/Cascade_hydrophones/WorkspaceOMDHydrophones/Software/MicroBlaze_wrapper/hw
TRACE::2024-11-01.16:05:40::SCWPlatform:: Platform Path C:/Cascade_hydrophones/WorkspaceOMDHydrophones/Software/MicroBlaze_wrapper/hw/MicroBlaze_wrapper.xsa
TRACE::2024-11-01.16:05:40::SCWPlatform:: Unique name xilinx:cmod-s7-25::0.0
TRACE::2024-11-01.16:05:40::SCWPlatform::Trying to set the existing hwdb with name MicroBlaze_wrapper_0
TRACE::2024-11-01.16:05:40::SCWPlatform::Opened existing hwdb MicroBlaze_wrapper_0
TRACE::2024-11-01.16:05:40::SCWPlatform::Found the Hw Db part of the input DSA
TRACE::2024-11-01.16:05:40::SCWPlatform::Trying to open the hw design at C:/Cascade_hydrophones/WorkspaceOMDHydrophones/Software/MicroBlaze_wrapper/hw/MicroBlaze_wrapper.xsa
TRACE::2024-11-01.16:05:40::SCWPlatform::DSA given C:/Cascade_hydrophones/WorkspaceOMDHydrophones/Software/MicroBlaze_wrapper/hw/MicroBlaze_wrapper.xsa
TRACE::2024-11-01.16:05:40::SCWPlatform::DSA absoulate path C:/Cascade_hydrophones/WorkspaceOMDHydrophones/Software/MicroBlaze_wrapper/hw/MicroBlaze_wrapper.xsa
TRACE::2024-11-01.16:05:40::SCWPlatform::DSA directory C:/Cascade_hydrophones/WorkspaceOMDHydrophones/Software/MicroBlaze_wrapper/hw
TRACE::2024-11-01.16:05:40::SCWPlatform:: Platform Path C:/Cascade_hydrophones/WorkspaceOMDHydrophones/Software/MicroBlaze_wrapper/hw/MicroBlaze_wrapper.xsa
TRACE::2024-11-01.16:05:40::SCWPlatform:: Unique name xilinx:cmod-s7-25::0.0
TRACE::2024-11-01.16:05:40::SCWPlatform::Trying to set the existing hwdb with name MicroBlaze_wrapper_0
TRACE::2024-11-01.16:05:40::SCWPlatform::Opened existing hwdb MicroBlaze_wrapper_0
TRACE::2024-11-01.16:05:40::SCWPlatform::Found the Hw Db part of the input DSA
TRACE::2024-11-01.16:05:40::SCWPlatform::Trying to open the hw design at C:/Cascade_hydrophones/WorkspaceOMDHydrophones/Software/MicroBlaze_wrapper/hw/MicroBlaze_wrapper.xsa
TRACE::2024-11-01.16:05:40::SCWPlatform::DSA given C:/Cascade_hydrophones/WorkspaceOMDHydrophones/Software/MicroBlaze_wrapper/hw/MicroBlaze_wrapper.xsa
TRACE::2024-11-01.16:05:40::SCWPlatform::DSA absoulate path C:/Cascade_hydrophones/WorkspaceOMDHydrophones/Software/MicroBlaze_wrapper/hw/MicroBlaze_wrapper.xsa
TRACE::2024-11-01.16:05:40::SCWPlatform::DSA directory C:/Cascade_hydrophones/WorkspaceOMDHydrophones/Software/MicroBlaze_wrapper/hw
TRACE::2024-11-01.16:05:40::SCWPlatform:: Platform Path C:/Cascade_hydrophones/WorkspaceOMDHydrophones/Software/MicroBlaze_wrapper/hw/MicroBlaze_wrapper.xsa
TRACE::2024-11-01.16:05:40::SCWPlatform:: Unique name xilinx:cmod-s7-25::0.0
TRACE::2024-11-01.16:05:40::SCWPlatform::Trying to set the existing hwdb with name MicroBlaze_wrapper_0
TRACE::2024-11-01.16:05:40::SCWPlatform::Opened existing hwdb MicroBlaze_wrapper_0
TRACE::2024-11-01.16:05:40::SCWPlatform::Found the Hw Db part of the input DSA
TRACE::2024-11-01.16:05:40::SCWMssOS::Checking the sw design at  C:/Cascade_hydrophones/WorkspaceOMDHydrophones/Software/MicroBlaze_wrapper/microblaze_0/standalone_microblaze_0/bsp/system.mss
TRACE::2024-11-01.16:05:40::SCWMssOS::DEBUG:  swdes dump  
TRACE::2024-11-01.16:05:40::SCWMssOS::No sw design opened at  C:/Cascade_hydrophones/WorkspaceOMDHydrophones/Software/MicroBlaze_wrapper/microblaze_0/standalone_microblaze_0/bsp/system.mss
TRACE::2024-11-01.16:05:40::SCWMssOS::mss does not exists at C:/Cascade_hydrophones/WorkspaceOMDHydrophones/Software/MicroBlaze_wrapper/microblaze_0/standalone_microblaze_0/bsp/system.mss
TRACE::2024-11-01.16:05:40::SCWMssOS::Creating sw design at  C:/Cascade_hydrophones/WorkspaceOMDHydrophones/Software/MicroBlaze_wrapper/microblaze_0/standalone_microblaze_0/bsp/system.mss
TRACE::2024-11-01.16:05:40::SCWMssOS::Adding the swdes entry, created swdb C:/Cascade_hydrophones/WorkspaceOMDHydrophones/Software/MicroBlaze_wrapper/microblaze_0/standalone_microblaze_0/bsp/system.mss with des name C:/Cascade_hydrophones/WorkspaceOMDHydrophones/Software/MicroBlaze_wrapper/microblaze_0/standalone_microblaze_0/bsp/system.mss
TRACE::2024-11-01.16:05:40::SCWMssOS::updating the scw layer changes to swdes at   C:/Cascade_hydrophones/WorkspaceOMDHydrophones/Software/MicroBlaze_wrapper/microblaze_0/standalone_microblaze_0/bsp/system.mss
TRACE::2024-11-01.16:05:40::SCWMssOS::Writing mss at C:/Cascade_hydrophones/WorkspaceOMDHydrophones/Software/MicroBlaze_wrapper/microblaze_0/standalone_microblaze_0/bsp/system.mss
TRACE::2024-11-01.16:05:40::SCWMssOS::Completed writing the mss file at C:/Cascade_hydrophones/WorkspaceOMDHydrophones/Software/MicroBlaze_wrapper/microblaze_0/standalone_microblaze_0/bsp
TRACE::2024-11-01.16:05:40::SCWMssOS::Picking up changes from newly written mss file into SCW Layer. 
TRACE::2024-11-01.16:05:40::SCWMssOS::Updated the changes from newly written mss file into SCW Layer. 
TRACE::2024-11-01.16:05:40::SCWMssOS::Completed writing the mss file at C:/Cascade_hydrophones/WorkspaceOMDHydrophones/Software/MicroBlaze_wrapper/microblaze_0/standalone_microblaze_0/bsp
TRACE::2024-11-01.16:05:40::SCWMssOS::Forcing BSP Sources regeneration.
TRACE::2024-11-01.16:05:42::SCWMssOS::Saving the mss changes C:/Cascade_hydrophones/WorkspaceOMDHydrophones/Software/MicroBlaze_wrapper/microblaze_0/standalone_microblaze_0/bsp/system.mss
TRACE::2024-11-01.16:05:42::SCWMssOS::Adding the swdes entry, mss present, able to open swdb C:/Cascade_hydrophones/WorkspaceOMDHydrophones/Software/MicroBlaze_wrapper/microblaze_0/standalone_microblaze_0/bsp/system.mss with des name system
TRACE::2024-11-01.16:05:42::SCWMssOS::Writing the mss file completed C:/Cascade_hydrophones/WorkspaceOMDHydrophones/Software/MicroBlaze_wrapper/microblaze_0/standalone_microblaze_0/bsp/system.mss
TRACE::2024-11-01.16:05:42::SCWMssOS::Commit changes completed.
TRACE::2024-11-01.16:05:42::SCWPlatform::Trying to open the hw design at C:/Cascade_hydrophones/WorkspaceOMDHydrophones/Software/MicroBlaze_wrapper/hw/MicroBlaze_wrapper.xsa
TRACE::2024-11-01.16:05:42::SCWPlatform::DSA given C:/Cascade_hydrophones/WorkspaceOMDHydrophones/Software/MicroBlaze_wrapper/hw/MicroBlaze_wrapper.xsa
TRACE::2024-11-01.16:05:42::SCWPlatform::DSA absoulate path C:/Cascade_hydrophones/WorkspaceOMDHydrophones/Software/MicroBlaze_wrapper/hw/MicroBlaze_wrapper.xsa
TRACE::2024-11-01.16:05:42::SCWPlatform::DSA directory C:/Cascade_hydrophones/WorkspaceOMDHydrophones/Software/MicroBlaze_wrapper/hw
TRACE::2024-11-01.16:05:42::SCWPlatform:: Platform Path C:/Cascade_hydrophones/WorkspaceOMDHydrophones/Software/MicroBlaze_wrapper/hw/MicroBlaze_wrapper.xsa
TRACE::2024-11-01.16:05:42::SCWPlatform:: Unique name xilinx:cmod-s7-25::0.0
TRACE::2024-11-01.16:05:42::SCWPlatform::Trying to set the existing hwdb with name MicroBlaze_wrapper_0
TRACE::2024-11-01.16:05:42::SCWPlatform::Opened existing hwdb MicroBlaze_wrapper_0
TRACE::2024-11-01.16:05:42::SCWPlatform::Found the Hw Db part of the input DSA
TRACE::2024-11-01.16:05:42::SCWMssOS::Checking the sw design at  C:/Cascade_hydrophones/WorkspaceOMDHydrophones/Software/MicroBlaze_wrapper/microblaze_0/standalone_microblaze_0/bsp/system.mss
TRACE::2024-11-01.16:05:42::SCWMssOS::DEBUG:  swdes dump  C:/Cascade_hydrophones/WorkspaceOMDHydrophones/Software/MicroBlaze_wrapper/microblaze_0/standalone_microblaze_0/bsp/system.mss|system||

TRACE::2024-11-01.16:05:42::SCWMssOS::Sw design exists and opened at  C:/Cascade_hydrophones/WorkspaceOMDHydrophones/Software/MicroBlaze_wrapper/microblaze_0/standalone_microblaze_0/bsp/system.mss
TRACE::2024-11-01.16:05:42::SCWPlatform::Trying to open the hw design at C:/Cascade_hydrophones/WorkspaceOMDHydrophones/Software/MicroBlaze_wrapper/hw/MicroBlaze_wrapper.xsa
TRACE::2024-11-01.16:05:42::SCWPlatform::DSA given C:/Cascade_hydrophones/WorkspaceOMDHydrophones/Software/MicroBlaze_wrapper/hw/MicroBlaze_wrapper.xsa
TRACE::2024-11-01.16:05:42::SCWPlatform::DSA absoulate path C:/Cascade_hydrophones/WorkspaceOMDHydrophones/Software/MicroBlaze_wrapper/hw/MicroBlaze_wrapper.xsa
TRACE::2024-11-01.16:05:42::SCWPlatform::DSA directory C:/Cascade_hydrophones/WorkspaceOMDHydrophones/Software/MicroBlaze_wrapper/hw
TRACE::2024-11-01.16:05:42::SCWPlatform:: Platform Path C:/Cascade_hydrophones/WorkspaceOMDHydrophones/Software/MicroBlaze_wrapper/hw/MicroBlaze_wrapper.xsa
TRACE::2024-11-01.16:05:42::SCWPlatform:: Unique name xilinx:cmod-s7-25::0.0
TRACE::2024-11-01.16:05:42::SCWPlatform::Trying to set the existing hwdb with name MicroBlaze_wrapper_0
TRACE::2024-11-01.16:05:42::SCWPlatform::Opened existing hwdb MicroBlaze_wrapper_0
TRACE::2024-11-01.16:05:42::SCWPlatform::Found the Hw Db part of the input DSA
TRACE::2024-11-01.16:05:42::SCWMssOS::Checking the sw design at  C:/Cascade_hydrophones/WorkspaceOMDHydrophones/Software/MicroBlaze_wrapper/microblaze_0/standalone_microblaze_0/bsp/system.mss
TRACE::2024-11-01.16:05:42::SCWMssOS::DEBUG:  swdes dump  C:/Cascade_hydrophones/WorkspaceOMDHydrophones/Software/MicroBlaze_wrapper/microblaze_0/standalone_microblaze_0/bsp/system.mss|system||

TRACE::2024-11-01.16:05:42::SCWMssOS::Sw design exists and opened at  C:/Cascade_hydrophones/WorkspaceOMDHydrophones/Software/MicroBlaze_wrapper/microblaze_0/standalone_microblaze_0/bsp/system.mss
TRACE::2024-11-01.16:05:42::SCWPlatform::Trying to open the hw design at C:/Cascade_hydrophones/WorkspaceOMDHydrophones/Software/MicroBlaze_wrapper/hw/MicroBlaze_wrapper.xsa
TRACE::2024-11-01.16:05:42::SCWPlatform::DSA given C:/Cascade_hydrophones/WorkspaceOMDHydrophones/Software/MicroBlaze_wrapper/hw/MicroBlaze_wrapper.xsa
TRACE::2024-11-01.16:05:42::SCWPlatform::DSA absoulate path C:/Cascade_hydrophones/WorkspaceOMDHydrophones/Software/MicroBlaze_wrapper/hw/MicroBlaze_wrapper.xsa
TRACE::2024-11-01.16:05:42::SCWPlatform::DSA directory C:/Cascade_hydrophones/WorkspaceOMDHydrophones/Software/MicroBlaze_wrapper/hw
TRACE::2024-11-01.16:05:42::SCWPlatform:: Platform Path C:/Cascade_hydrophones/WorkspaceOMDHydrophones/Software/MicroBlaze_wrapper/hw/MicroBlaze_wrapper.xsa
TRACE::2024-11-01.16:05:42::SCWPlatform:: Unique name xilinx:cmod-s7-25::0.0
TRACE::2024-11-01.16:05:42::SCWPlatform::Trying to set the existing hwdb with name MicroBlaze_wrapper_0
TRACE::2024-11-01.16:05:42::SCWPlatform::Opened existing hwdb MicroBlaze_wrapper_0
TRACE::2024-11-01.16:05:42::SCWPlatform::Found the Hw Db part of the input DSA
TRACE::2024-11-01.16:05:42::SCWMssOS::Checking the sw design at  C:/Cascade_hydrophones/WorkspaceOMDHydrophones/Software/MicroBlaze_wrapper/microblaze_0/standalone_microblaze_0/bsp/system.mss
TRACE::2024-11-01.16:05:42::SCWMssOS::DEBUG:  swdes dump  C:/Cascade_hydrophones/WorkspaceOMDHydrophones/Software/MicroBlaze_wrapper/microblaze_0/standalone_microblaze_0/bsp/system.mss|system||

TRACE::2024-11-01.16:05:42::SCWMssOS::Sw design exists and opened at  C:/Cascade_hydrophones/WorkspaceOMDHydrophones/Software/MicroBlaze_wrapper/microblaze_0/standalone_microblaze_0/bsp/system.mss
TRACE::2024-11-01.16:05:42::SCWWriter::formatted JSON is {
	"platformName":	"MicroBlaze_wrapper",
	"sprVersion":	"2.0",
	"mode":	"gui",
	"dsaType":	"Fixed",
	"platformDesc":	"MicroBlaze_wrapper",
	"platHandOff":	"C:/Cascade_hydrophones/WorkspaceOMDHydrophones/Hardware/HydroProccess/MicroBlaze_wrapper.xsa",
	"platIntHandOff":	"<platformDir>/hw/MicroBlaze_wrapper.xsa",
	"deviceType":	"FPGA",
	"platIsPrebuiltAutogen":	"false",
	"platIsNoBootBsp":	"false",
	"hasFsblMakeHasChanges":	"false",
	"hasPmufwMakeHasChanges":	"false",
	"platPreBuiltFlag":	false,
	"platformSamplesDir":	"",
	"platActiveSys":	"MicroBlaze_wrapper",
	"systems":	[{
			"systemName":	"MicroBlaze_wrapper",
			"systemDesc":	"MicroBlaze_wrapper",
			"sysIsBootAutoGen":	"true",
			"systemDispName":	"MicroBlaze_wrapper",
			"sysActiveDom":	"standalone_microblaze_0",
			"sysDefaultDom":	"standalone_microblaze_0",
			"domains":	[{
					"domainName":	"standalone_microblaze_0",
					"domainDispName":	"standalone_microblaze_0",
					"domainDesc":	"standalone_microblaze_0",
					"processors":	"microblaze_0",
					"os":	"standalone",
					"sdxOs":	"standalone",
					"debugEnable":	"False",
					"domRuntimes":	["cpp"],
					"swRepo":	"",
					"mssOsVer":	"8.0",
					"mssFile":	"",
					"md5Digest":	"6e91e78d049f568725ef943f0158302e",
					"compatibleApp":	"hello_world",
					"domType":	"mssDomain",
					"arch":	"32-bit",
					"appSettings":	{
						"appCompilerFlags":	"",
						"appLinkerFlags":	""
					},
					"addedLibs":	[],
					"libOptions":	{
						"libsContainingOptions":	[]
					},
					"prebuiltLibs":	{
						"prebuiltIncPath":	[],
						"prebuiltLibPath":	[]
					},
					"isolation":	{
					}
				}]
		}]
}
LOG::2024-11-01.16:05:42::SCWPlatform::Started generating the artifacts platform MicroBlaze_wrapper
TRACE::2024-11-01.16:05:42::SCWPlatform::Sanity checking of platform is completed
LOG::2024-11-01.16:05:42::SCWPlatform::Started generating the artifacts for system configuration MicroBlaze_wrapper
LOG::2024-11-01.16:05:42::SCWSystem::Checking the domain standalone_microblaze_0
LOG::2024-11-01.16:05:42::SCWSystem::Not a boot domain 
LOG::2024-11-01.16:05:42::SCWSystem::Started Processing the domain standalone_microblaze_0
TRACE::2024-11-01.16:05:42::SCWDomain::Generating domain artifcats
TRACE::2024-11-01.16:05:42::SCWMssOS::Generating standalone artifcats
TRACE::2024-11-01.16:05:42::SCWMssOS:: Copying the user libraries. 
TRACE::2024-11-01.16:05:42::SCWPlatform::Trying to open the hw design at C:/Cascade_hydrophones/WorkspaceOMDHydrophones/Software/MicroBlaze_wrapper/hw/MicroBlaze_wrapper.xsa
TRACE::2024-11-01.16:05:42::SCWPlatform::DSA given C:/Cascade_hydrophones/WorkspaceOMDHydrophones/Software/MicroBlaze_wrapper/hw/MicroBlaze_wrapper.xsa
TRACE::2024-11-01.16:05:42::SCWPlatform::DSA absoulate path C:/Cascade_hydrophones/WorkspaceOMDHydrophones/Software/MicroBlaze_wrapper/hw/MicroBlaze_wrapper.xsa
TRACE::2024-11-01.16:05:42::SCWPlatform::DSA directory C:/Cascade_hydrophones/WorkspaceOMDHydrophones/Software/MicroBlaze_wrapper/hw
TRACE::2024-11-01.16:05:42::SCWPlatform:: Platform Path C:/Cascade_hydrophones/WorkspaceOMDHydrophones/Software/MicroBlaze_wrapper/hw/MicroBlaze_wrapper.xsa
TRACE::2024-11-01.16:05:42::SCWPlatform:: Unique name xilinx:cmod-s7-25::0.0
TRACE::2024-11-01.16:05:42::SCWPlatform::Trying to set the existing hwdb with name MicroBlaze_wrapper_0
TRACE::2024-11-01.16:05:42::SCWPlatform::Opened existing hwdb MicroBlaze_wrapper_0
TRACE::2024-11-01.16:05:42::SCWPlatform::Found the Hw Db part of the input DSA
TRACE::2024-11-01.16:05:42::SCWMssOS::Checking the sw design at  C:/Cascade_hydrophones/WorkspaceOMDHydrophones/Software/MicroBlaze_wrapper/microblaze_0/standalone_microblaze_0/bsp/system.mss
TRACE::2024-11-01.16:05:42::SCWMssOS::DEBUG:  swdes dump  C:/Cascade_hydrophones/WorkspaceOMDHydrophones/Software/MicroBlaze_wrapper/microblaze_0/standalone_microblaze_0/bsp/system.mss|system||

TRACE::2024-11-01.16:05:42::SCWMssOS::Sw design exists and opened at  C:/Cascade_hydrophones/WorkspaceOMDHydrophones/Software/MicroBlaze_wrapper/microblaze_0/standalone_microblaze_0/bsp/system.mss
TRACE::2024-11-01.16:05:42::SCWMssOS::Completed writing the mss file at C:/Cascade_hydrophones/WorkspaceOMDHydrophones/Software/MicroBlaze_wrapper/microblaze_0/standalone_microblaze_0/bsp
TRACE::2024-11-01.16:05:42::SCWMssOS::Mss edits present, copying mssfile into export location C:/Cascade_hydrophones/WorkspaceOMDHydrophones/Software/MicroBlaze_wrapper/microblaze_0/standalone_microblaze_0/bsp/system.mss
TRACE::2024-11-01.16:05:42::SCWMssOS::bsp generated is upto date with the mss file. Skipping bsp generation.
TRACE::2024-11-01.16:05:42::SCWMssOS::BSP is already built. skipping the bsp build ... 
TRACE::2024-11-01.16:05:42::SCWDomain::Skipping the build for domain :  standalone_microblaze_0
TRACE::2024-11-01.16:05:42::SCWMssOS::skipping the bsp build ... 
TRACE::2024-11-01.16:05:42::SCWMssOS::Copying to export directory.
TRACE::2024-11-01.16:05:42::SCWMssOS:: Checking if to create the Supporting Applications
TRACE::2024-11-01.16:05:42::SCWMssOS:: No Linux domain exists, trying to generate FSBL 
LOG::2024-11-01.16:05:42::SCWSystem::Completed Processing the domain standalone_microblaze_0
LOG::2024-11-01.16:05:42::SCWSystem::Completed Processing the sysconfig MicroBlaze_wrapper
LOG::2024-11-01.16:05:42::SCWPlatform::Completed generating the artifacts for system configuration MicroBlaze_wrapper
TRACE::2024-11-01.16:05:42::SCWPlatform::Started preparing the platform 
TRACE::2024-11-01.16:05:42::SCWSystem::Writing the bif file for system config MicroBlaze_wrapper
TRACE::2024-11-01.16:05:42::SCWSystem::dir created 
TRACE::2024-11-01.16:05:42::SCWSystem::Writing the bif 
TRACE::2024-11-01.16:05:42::SCWPlatform::Started writing the spfm file 
TRACE::2024-11-01.16:05:42::SCWPlatform::Started writing the xpfm file 
TRACE::2024-11-01.16:05:42::SCWPlatform::Completed generating the platform
TRACE::2024-11-01.16:05:42::SCWMssOS::Saving the mss changes C:/Cascade_hydrophones/WorkspaceOMDHydrophones/Software/MicroBlaze_wrapper/microblaze_0/standalone_microblaze_0/bsp/system.mss
TRACE::2024-11-01.16:05:42::SCWMssOS::Found a swdesign opened with the mssfile.
TRACE::2024-11-01.16:05:42::SCWMssOS::Completed writemss as part of save.
TRACE::2024-11-01.16:05:42::SCWMssOS::Commit changes completed.
TRACE::2024-11-01.16:05:42::SCWPlatform::Trying to open the hw design at C:/Cascade_hydrophones/WorkspaceOMDHydrophones/Software/MicroBlaze_wrapper/hw/MicroBlaze_wrapper.xsa
TRACE::2024-11-01.16:05:42::SCWPlatform::DSA given C:/Cascade_hydrophones/WorkspaceOMDHydrophones/Software/MicroBlaze_wrapper/hw/MicroBlaze_wrapper.xsa
TRACE::2024-11-01.16:05:42::SCWPlatform::DSA absoulate path C:/Cascade_hydrophones/WorkspaceOMDHydrophones/Software/MicroBlaze_wrapper/hw/MicroBlaze_wrapper.xsa
TRACE::2024-11-01.16:05:42::SCWPlatform::DSA directory C:/Cascade_hydrophones/WorkspaceOMDHydrophones/Software/MicroBlaze_wrapper/hw
TRACE::2024-11-01.16:05:42::SCWPlatform:: Platform Path C:/Cascade_hydrophones/WorkspaceOMDHydrophones/Software/MicroBlaze_wrapper/hw/MicroBlaze_wrapper.xsa
TRACE::2024-11-01.16:05:42::SCWPlatform:: Unique name xilinx:cmod-s7-25::0.0
TRACE::2024-11-01.16:05:42::SCWPlatform::Trying to set the existing hwdb with name MicroBlaze_wrapper_0
TRACE::2024-11-01.16:05:42::SCWPlatform::Opened existing hwdb MicroBlaze_wrapper_0
TRACE::2024-11-01.16:05:42::SCWPlatform::Found the Hw Db part of the input DSA
TRACE::2024-11-01.16:05:42::SCWMssOS::Checking the sw design at  C:/Cascade_hydrophones/WorkspaceOMDHydrophones/Software/MicroBlaze_wrapper/microblaze_0/standalone_microblaze_0/bsp/system.mss
TRACE::2024-11-01.16:05:42::SCWMssOS::DEBUG:  swdes dump  C:/Cascade_hydrophones/WorkspaceOMDHydrophones/Software/MicroBlaze_wrapper/microblaze_0/standalone_microblaze_0/bsp/system.mss|system||

TRACE::2024-11-01.16:05:42::SCWMssOS::Sw design exists and opened at  C:/Cascade_hydrophones/WorkspaceOMDHydrophones/Software/MicroBlaze_wrapper/microblaze_0/standalone_microblaze_0/bsp/system.mss
TRACE::2024-11-01.16:05:42::SCWPlatform::Trying to open the hw design at C:/Cascade_hydrophones/WorkspaceOMDHydrophones/Software/MicroBlaze_wrapper/hw/MicroBlaze_wrapper.xsa
TRACE::2024-11-01.16:05:42::SCWPlatform::DSA given C:/Cascade_hydrophones/WorkspaceOMDHydrophones/Software/MicroBlaze_wrapper/hw/MicroBlaze_wrapper.xsa
TRACE::2024-11-01.16:05:42::SCWPlatform::DSA absoulate path C:/Cascade_hydrophones/WorkspaceOMDHydrophones/Software/MicroBlaze_wrapper/hw/MicroBlaze_wrapper.xsa
TRACE::2024-11-01.16:05:42::SCWPlatform::DSA directory C:/Cascade_hydrophones/WorkspaceOMDHydrophones/Software/MicroBlaze_wrapper/hw
TRACE::2024-11-01.16:05:42::SCWPlatform:: Platform Path C:/Cascade_hydrophones/WorkspaceOMDHydrophones/Software/MicroBlaze_wrapper/hw/MicroBlaze_wrapper.xsa
TRACE::2024-11-01.16:05:42::SCWPlatform:: Unique name xilinx:cmod-s7-25::0.0
TRACE::2024-11-01.16:05:42::SCWPlatform::Trying to set the existing hwdb with name MicroBlaze_wrapper_0
TRACE::2024-11-01.16:05:42::SCWPlatform::Opened existing hwdb MicroBlaze_wrapper_0
TRACE::2024-11-01.16:05:42::SCWPlatform::Found the Hw Db part of the input DSA
TRACE::2024-11-01.16:05:42::SCWMssOS::Checking the sw design at  C:/Cascade_hydrophones/WorkspaceOMDHydrophones/Software/MicroBlaze_wrapper/microblaze_0/standalone_microblaze_0/bsp/system.mss
TRACE::2024-11-01.16:05:42::SCWMssOS::DEBUG:  swdes dump  C:/Cascade_hydrophones/WorkspaceOMDHydrophones/Software/MicroBlaze_wrapper/microblaze_0/standalone_microblaze_0/bsp/system.mss|system||

TRACE::2024-11-01.16:05:42::SCWMssOS::Sw design exists and opened at  C:/Cascade_hydrophones/WorkspaceOMDHydrophones/Software/MicroBlaze_wrapper/microblaze_0/standalone_microblaze_0/bsp/system.mss
TRACE::2024-11-01.16:05:42::SCWPlatform::Trying to open the hw design at C:/Cascade_hydrophones/WorkspaceOMDHydrophones/Software/MicroBlaze_wrapper/hw/MicroBlaze_wrapper.xsa
TRACE::2024-11-01.16:05:42::SCWPlatform::DSA given C:/Cascade_hydrophones/WorkspaceOMDHydrophones/Software/MicroBlaze_wrapper/hw/MicroBlaze_wrapper.xsa
TRACE::2024-11-01.16:05:42::SCWPlatform::DSA absoulate path C:/Cascade_hydrophones/WorkspaceOMDHydrophones/Software/MicroBlaze_wrapper/hw/MicroBlaze_wrapper.xsa
TRACE::2024-11-01.16:05:42::SCWPlatform::DSA directory C:/Cascade_hydrophones/WorkspaceOMDHydrophones/Software/MicroBlaze_wrapper/hw
TRACE::2024-11-01.16:05:42::SCWPlatform:: Platform Path C:/Cascade_hydrophones/WorkspaceOMDHydrophones/Software/MicroBlaze_wrapper/hw/MicroBlaze_wrapper.xsa
TRACE::2024-11-01.16:05:42::SCWPlatform:: Unique name xilinx:cmod-s7-25::0.0
TRACE::2024-11-01.16:05:42::SCWPlatform::Trying to set the existing hwdb with name MicroBlaze_wrapper_0
TRACE::2024-11-01.16:05:42::SCWPlatform::Opened existing hwdb MicroBlaze_wrapper_0
TRACE::2024-11-01.16:05:42::SCWPlatform::Found the Hw Db part of the input DSA
TRACE::2024-11-01.16:05:42::SCWMssOS::Checking the sw design at  C:/Cascade_hydrophones/WorkspaceOMDHydrophones/Software/MicroBlaze_wrapper/microblaze_0/standalone_microblaze_0/bsp/system.mss
TRACE::2024-11-01.16:05:42::SCWMssOS::DEBUG:  swdes dump  C:/Cascade_hydrophones/WorkspaceOMDHydrophones/Software/MicroBlaze_wrapper/microblaze_0/standalone_microblaze_0/bsp/system.mss|system||

TRACE::2024-11-01.16:05:42::SCWMssOS::Sw design exists and opened at  C:/Cascade_hydrophones/WorkspaceOMDHydrophones/Software/MicroBlaze_wrapper/microblaze_0/standalone_microblaze_0/bsp/system.mss
TRACE::2024-11-01.16:05:42::SCWWriter::formatted JSON is {
	"platformName":	"MicroBlaze_wrapper",
	"sprVersion":	"2.0",
	"mode":	"gui",
	"dsaType":	"Fixed",
	"platformDesc":	"MicroBlaze_wrapper",
	"platHandOff":	"C:/Cascade_hydrophones/WorkspaceOMDHydrophones/Hardware/HydroProccess/MicroBlaze_wrapper.xsa",
	"platIntHandOff":	"<platformDir>/hw/MicroBlaze_wrapper.xsa",
	"deviceType":	"FPGA",
	"platIsPrebuiltAutogen":	"false",
	"platIsNoBootBsp":	"false",
	"hasFsblMakeHasChanges":	"false",
	"hasPmufwMakeHasChanges":	"false",
	"platPreBuiltFlag":	false,
	"platformSamplesDir":	"",
	"platActiveSys":	"MicroBlaze_wrapper",
	"systems":	[{
			"systemName":	"MicroBlaze_wrapper",
			"systemDesc":	"MicroBlaze_wrapper",
			"sysIsBootAutoGen":	"true",
			"systemDispName":	"MicroBlaze_wrapper",
			"sysActiveDom":	"standalone_microblaze_0",
			"sysDefaultDom":	"standalone_microblaze_0",
			"domains":	[{
					"domainName":	"standalone_microblaze_0",
					"domainDispName":	"standalone_microblaze_0",
					"domainDesc":	"standalone_microblaze_0",
					"processors":	"microblaze_0",
					"os":	"standalone",
					"sdxOs":	"standalone",
					"debugEnable":	"False",
					"domRuntimes":	["cpp"],
					"swRepo":	"",
					"mssOsVer":	"8.0",
					"mssFile":	"",
					"md5Digest":	"6e91e78d049f568725ef943f0158302e",
					"compatibleApp":	"hello_world",
					"domType":	"mssDomain",
					"arch":	"32-bit",
					"appSettings":	{
						"appCompilerFlags":	"",
						"appLinkerFlags":	""
					},
					"addedLibs":	[],
					"libOptions":	{
						"libsContainingOptions":	[]
					},
					"prebuiltLibs":	{
						"prebuiltIncPath":	[],
						"prebuiltLibPath":	[]
					},
					"isolation":	{
					}
				}]
		}]
}
KEYINFO::2024-11-01.16:05:42::SCWPlatform::updated the xpfm file.
TRACE::2024-11-01.16:05:42::SCWPlatform::Trying to open the hw design at C:/Cascade_hydrophones/WorkspaceOMDHydrophones/Software/MicroBlaze_wrapper/hw/MicroBlaze_wrapper.xsa
TRACE::2024-11-01.16:05:42::SCWPlatform::DSA given C:/Cascade_hydrophones/WorkspaceOMDHydrophones/Software/MicroBlaze_wrapper/hw/MicroBlaze_wrapper.xsa
TRACE::2024-11-01.16:05:42::SCWPlatform::DSA absoulate path C:/Cascade_hydrophones/WorkspaceOMDHydrophones/Software/MicroBlaze_wrapper/hw/MicroBlaze_wrapper.xsa
TRACE::2024-11-01.16:05:42::SCWPlatform::DSA directory C:/Cascade_hydrophones/WorkspaceOMDHydrophones/Software/MicroBlaze_wrapper/hw
TRACE::2024-11-01.16:05:42::SCWPlatform:: Platform Path C:/Cascade_hydrophones/WorkspaceOMDHydrophones/Software/MicroBlaze_wrapper/hw/MicroBlaze_wrapper.xsa
TRACE::2024-11-01.16:05:42::SCWPlatform:: Unique name xilinx:cmod-s7-25::0.0
TRACE::2024-11-01.16:05:42::SCWPlatform::Trying to set the existing hwdb with name MicroBlaze_wrapper_0
TRACE::2024-11-01.16:05:42::SCWPlatform::Opened existing hwdb MicroBlaze_wrapper_0
TRACE::2024-11-01.16:05:42::SCWPlatform::Found the Hw Db part of the input DSA
TRACE::2024-11-01.16:05:42::SCWMssOS::Checking the sw design at  C:/Cascade_hydrophones/WorkspaceOMDHydrophones/Software/MicroBlaze_wrapper/microblaze_0/standalone_microblaze_0/bsp/system.mss
TRACE::2024-11-01.16:05:42::SCWMssOS::DEBUG:  swdes dump  C:/Cascade_hydrophones/WorkspaceOMDHydrophones/Software/MicroBlaze_wrapper/microblaze_0/standalone_microblaze_0/bsp/system.mss|system||

TRACE::2024-11-01.16:05:42::SCWMssOS::Sw design exists and opened at  C:/Cascade_hydrophones/WorkspaceOMDHydrophones/Software/MicroBlaze_wrapper/microblaze_0/standalone_microblaze_0/bsp/system.mss
TRACE::2024-11-01.16:05:42::SCWMssOS::Saving the mss changes C:/Cascade_hydrophones/WorkspaceOMDHydrophones/Software/MicroBlaze_wrapper/microblaze_0/standalone_microblaze_0/bsp/system.mss
TRACE::2024-11-01.16:05:42::SCWMssOS::Found a swdesign opened with the mssfile.
TRACE::2024-11-01.16:05:42::SCWMssOS::Completed writemss as part of save.
TRACE::2024-11-01.16:05:42::SCWMssOS::Commit changes completed.
TRACE::2024-11-01.16:05:42::SCWPlatform::Trying to open the hw design at C:/Cascade_hydrophones/WorkspaceOMDHydrophones/Software/MicroBlaze_wrapper/hw/MicroBlaze_wrapper.xsa
TRACE::2024-11-01.16:05:42::SCWPlatform::DSA given C:/Cascade_hydrophones/WorkspaceOMDHydrophones/Software/MicroBlaze_wrapper/hw/MicroBlaze_wrapper.xsa
TRACE::2024-11-01.16:05:42::SCWPlatform::DSA absoulate path C:/Cascade_hydrophones/WorkspaceOMDHydrophones/Software/MicroBlaze_wrapper/hw/MicroBlaze_wrapper.xsa
TRACE::2024-11-01.16:05:42::SCWPlatform::DSA directory C:/Cascade_hydrophones/WorkspaceOMDHydrophones/Software/MicroBlaze_wrapper/hw
TRACE::2024-11-01.16:05:42::SCWPlatform:: Platform Path C:/Cascade_hydrophones/WorkspaceOMDHydrophones/Software/MicroBlaze_wrapper/hw/MicroBlaze_wrapper.xsa
TRACE::2024-11-01.16:05:42::SCWPlatform:: Unique name xilinx:cmod-s7-25::0.0
TRACE::2024-11-01.16:05:42::SCWPlatform::Trying to set the existing hwdb with name MicroBlaze_wrapper_0
TRACE::2024-11-01.16:05:42::SCWPlatform::Opened existing hwdb MicroBlaze_wrapper_0
TRACE::2024-11-01.16:05:42::SCWPlatform::Found the Hw Db part of the input DSA
TRACE::2024-11-01.16:05:42::SCWMssOS::Checking the sw design at  C:/Cascade_hydrophones/WorkspaceOMDHydrophones/Software/MicroBlaze_wrapper/microblaze_0/standalone_microblaze_0/bsp/system.mss
TRACE::2024-11-01.16:05:42::SCWMssOS::DEBUG:  swdes dump  C:/Cascade_hydrophones/WorkspaceOMDHydrophones/Software/MicroBlaze_wrapper/microblaze_0/standalone_microblaze_0/bsp/system.mss|system||

TRACE::2024-11-01.16:05:42::SCWMssOS::Sw design exists and opened at  C:/Cascade_hydrophones/WorkspaceOMDHydrophones/Software/MicroBlaze_wrapper/microblaze_0/standalone_microblaze_0/bsp/system.mss
TRACE::2024-11-01.16:05:42::SCWPlatform::Trying to open the hw design at C:/Cascade_hydrophones/WorkspaceOMDHydrophones/Software/MicroBlaze_wrapper/hw/MicroBlaze_wrapper.xsa
TRACE::2024-11-01.16:05:42::SCWPlatform::DSA given C:/Cascade_hydrophones/WorkspaceOMDHydrophones/Software/MicroBlaze_wrapper/hw/MicroBlaze_wrapper.xsa
TRACE::2024-11-01.16:05:42::SCWPlatform::DSA absoulate path C:/Cascade_hydrophones/WorkspaceOMDHydrophones/Software/MicroBlaze_wrapper/hw/MicroBlaze_wrapper.xsa
TRACE::2024-11-01.16:05:42::SCWPlatform::DSA directory C:/Cascade_hydrophones/WorkspaceOMDHydrophones/Software/MicroBlaze_wrapper/hw
TRACE::2024-11-01.16:05:42::SCWPlatform:: Platform Path C:/Cascade_hydrophones/WorkspaceOMDHydrophones/Software/MicroBlaze_wrapper/hw/MicroBlaze_wrapper.xsa
TRACE::2024-11-01.16:05:42::SCWPlatform:: Unique name xilinx:cmod-s7-25::0.0
TRACE::2024-11-01.16:05:42::SCWPlatform::Trying to set the existing hwdb with name MicroBlaze_wrapper_0
TRACE::2024-11-01.16:05:42::SCWPlatform::Opened existing hwdb MicroBlaze_wrapper_0
TRACE::2024-11-01.16:05:42::SCWPlatform::Found the Hw Db part of the input DSA
TRACE::2024-11-01.16:05:42::SCWMssOS::Checking the sw design at  C:/Cascade_hydrophones/WorkspaceOMDHydrophones/Software/MicroBlaze_wrapper/microblaze_0/standalone_microblaze_0/bsp/system.mss
TRACE::2024-11-01.16:05:42::SCWMssOS::DEBUG:  swdes dump  C:/Cascade_hydrophones/WorkspaceOMDHydrophones/Software/MicroBlaze_wrapper/microblaze_0/standalone_microblaze_0/bsp/system.mss|system||

TRACE::2024-11-01.16:05:42::SCWMssOS::Sw design exists and opened at  C:/Cascade_hydrophones/WorkspaceOMDHydrophones/Software/MicroBlaze_wrapper/microblaze_0/standalone_microblaze_0/bsp/system.mss
TRACE::2024-11-01.16:05:42::SCWPlatform::Trying to open the hw design at C:/Cascade_hydrophones/WorkspaceOMDHydrophones/Software/MicroBlaze_wrapper/hw/MicroBlaze_wrapper.xsa
TRACE::2024-11-01.16:05:42::SCWPlatform::DSA given C:/Cascade_hydrophones/WorkspaceOMDHydrophones/Software/MicroBlaze_wrapper/hw/MicroBlaze_wrapper.xsa
TRACE::2024-11-01.16:05:42::SCWPlatform::DSA absoulate path C:/Cascade_hydrophones/WorkspaceOMDHydrophones/Software/MicroBlaze_wrapper/hw/MicroBlaze_wrapper.xsa
TRACE::2024-11-01.16:05:42::SCWPlatform::DSA directory C:/Cascade_hydrophones/WorkspaceOMDHydrophones/Software/MicroBlaze_wrapper/hw
TRACE::2024-11-01.16:05:42::SCWPlatform:: Platform Path C:/Cascade_hydrophones/WorkspaceOMDHydrophones/Software/MicroBlaze_wrapper/hw/MicroBlaze_wrapper.xsa
TRACE::2024-11-01.16:05:42::SCWPlatform:: Unique name xilinx:cmod-s7-25::0.0
TRACE::2024-11-01.16:05:42::SCWPlatform::Trying to set the existing hwdb with name MicroBlaze_wrapper_0
TRACE::2024-11-01.16:05:42::SCWPlatform::Opened existing hwdb MicroBlaze_wrapper_0
TRACE::2024-11-01.16:05:42::SCWPlatform::Found the Hw Db part of the input DSA
TRACE::2024-11-01.16:05:42::SCWMssOS::Checking the sw design at  C:/Cascade_hydrophones/WorkspaceOMDHydrophones/Software/MicroBlaze_wrapper/microblaze_0/standalone_microblaze_0/bsp/system.mss
TRACE::2024-11-01.16:05:42::SCWMssOS::DEBUG:  swdes dump  C:/Cascade_hydrophones/WorkspaceOMDHydrophones/Software/MicroBlaze_wrapper/microblaze_0/standalone_microblaze_0/bsp/system.mss|system||

TRACE::2024-11-01.16:05:42::SCWMssOS::Sw design exists and opened at  C:/Cascade_hydrophones/WorkspaceOMDHydrophones/Software/MicroBlaze_wrapper/microblaze_0/standalone_microblaze_0/bsp/system.mss
TRACE::2024-11-01.16:05:42::SCWWriter::formatted JSON is {
	"platformName":	"MicroBlaze_wrapper",
	"sprVersion":	"2.0",
	"mode":	"gui",
	"dsaType":	"Fixed",
	"platformDesc":	"MicroBlaze_wrapper",
	"platHandOff":	"C:/Cascade_hydrophones/WorkspaceOMDHydrophones/Hardware/HydroProccess/MicroBlaze_wrapper.xsa",
	"platIntHandOff":	"<platformDir>/hw/MicroBlaze_wrapper.xsa",
	"deviceType":	"FPGA",
	"platIsPrebuiltAutogen":	"false",
	"platIsNoBootBsp":	"false",
	"hasFsblMakeHasChanges":	"false",
	"hasPmufwMakeHasChanges":	"false",
	"platPreBuiltFlag":	false,
	"platformSamplesDir":	"",
	"platActiveSys":	"MicroBlaze_wrapper",
	"systems":	[{
			"systemName":	"MicroBlaze_wrapper",
			"systemDesc":	"MicroBlaze_wrapper",
			"sysIsBootAutoGen":	"true",
			"systemDispName":	"MicroBlaze_wrapper",
			"sysActiveDom":	"standalone_microblaze_0",
			"sysDefaultDom":	"standalone_microblaze_0",
			"domains":	[{
					"domainName":	"standalone_microblaze_0",
					"domainDispName":	"standalone_microblaze_0",
					"domainDesc":	"standalone_microblaze_0",
					"processors":	"microblaze_0",
					"os":	"standalone",
					"sdxOs":	"standalone",
					"debugEnable":	"False",
					"domRuntimes":	["cpp"],
					"swRepo":	"",
					"mssOsVer":	"8.0",
					"mssFile":	"",
					"md5Digest":	"6e91e78d049f568725ef943f0158302e",
					"compatibleApp":	"hello_world",
					"domType":	"mssDomain",
					"arch":	"32-bit",
					"appSettings":	{
						"appCompilerFlags":	"",
						"appLinkerFlags":	""
					},
					"addedLibs":	[],
					"libOptions":	{
						"libsContainingOptions":	[]
					},
					"prebuiltLibs":	{
						"prebuiltIncPath":	[],
						"prebuiltLibPath":	[]
					},
					"isolation":	{
					}
				}]
		}]
}
TRACE::2024-11-01.16:05:42::SCWPlatform::Trying to open the hw design at C:/Cascade_hydrophones/WorkspaceOMDHydrophones/Software/MicroBlaze_wrapper/hw/MicroBlaze_wrapper.xsa
TRACE::2024-11-01.16:05:42::SCWPlatform::DSA given C:/Cascade_hydrophones/WorkspaceOMDHydrophones/Software/MicroBlaze_wrapper/hw/MicroBlaze_wrapper.xsa
TRACE::2024-11-01.16:05:42::SCWPlatform::DSA absoulate path C:/Cascade_hydrophones/WorkspaceOMDHydrophones/Software/MicroBlaze_wrapper/hw/MicroBlaze_wrapper.xsa
TRACE::2024-11-01.16:05:42::SCWPlatform::DSA directory C:/Cascade_hydrophones/WorkspaceOMDHydrophones/Software/MicroBlaze_wrapper/hw
TRACE::2024-11-01.16:05:42::SCWPlatform:: Platform Path C:/Cascade_hydrophones/WorkspaceOMDHydrophones/Software/MicroBlaze_wrapper/hw/MicroBlaze_wrapper.xsa
TRACE::2024-11-01.16:05:42::SCWPlatform:: Unique name xilinx:cmod-s7-25::0.0
TRACE::2024-11-01.16:05:42::SCWPlatform::Trying to set the existing hwdb with name MicroBlaze_wrapper_0
TRACE::2024-11-01.16:05:42::SCWPlatform::Opened existing hwdb MicroBlaze_wrapper_0
TRACE::2024-11-01.16:05:42::SCWPlatform::Found the Hw Db part of the input DSA
TRACE::2024-11-01.16:05:42::SCWMssOS::Checking the sw design at  C:/Cascade_hydrophones/WorkspaceOMDHydrophones/Software/MicroBlaze_wrapper/microblaze_0/standalone_microblaze_0/bsp/system.mss
TRACE::2024-11-01.16:05:42::SCWMssOS::DEBUG:  swdes dump  C:/Cascade_hydrophones/WorkspaceOMDHydrophones/Software/MicroBlaze_wrapper/microblaze_0/standalone_microblaze_0/bsp/system.mss|system||

TRACE::2024-11-01.16:05:42::SCWMssOS::Sw design exists and opened at  C:/Cascade_hydrophones/WorkspaceOMDHydrophones/Software/MicroBlaze_wrapper/microblaze_0/standalone_microblaze_0/bsp/system.mss
TRACE::2024-11-01.16:05:42::SCWPlatform::Trying to open the hw design at C:/Cascade_hydrophones/WorkspaceOMDHydrophones/Software/MicroBlaze_wrapper/hw/MicroBlaze_wrapper.xsa
TRACE::2024-11-01.16:05:42::SCWPlatform::DSA given C:/Cascade_hydrophones/WorkspaceOMDHydrophones/Software/MicroBlaze_wrapper/hw/MicroBlaze_wrapper.xsa
TRACE::2024-11-01.16:05:42::SCWPlatform::DSA absoulate path C:/Cascade_hydrophones/WorkspaceOMDHydrophones/Software/MicroBlaze_wrapper/hw/MicroBlaze_wrapper.xsa
TRACE::2024-11-01.16:05:42::SCWPlatform::DSA directory C:/Cascade_hydrophones/WorkspaceOMDHydrophones/Software/MicroBlaze_wrapper/hw
TRACE::2024-11-01.16:05:42::SCWPlatform:: Platform Path C:/Cascade_hydrophones/WorkspaceOMDHydrophones/Software/MicroBlaze_wrapper/hw/MicroBlaze_wrapper.xsa
TRACE::2024-11-01.16:05:42::SCWPlatform:: Unique name xilinx:cmod-s7-25::0.0
TRACE::2024-11-01.16:05:42::SCWPlatform::Trying to set the existing hwdb with name MicroBlaze_wrapper_0
TRACE::2024-11-01.16:05:42::SCWPlatform::Opened existing hwdb MicroBlaze_wrapper_0
TRACE::2024-11-01.16:05:42::SCWPlatform::Found the Hw Db part of the input DSA
TRACE::2024-11-01.16:05:42::SCWMssOS::Checking the sw design at  C:/Cascade_hydrophones/WorkspaceOMDHydrophones/Software/MicroBlaze_wrapper/microblaze_0/standalone_microblaze_0/bsp/system.mss
TRACE::2024-11-01.16:05:42::SCWMssOS::DEBUG:  swdes dump  C:/Cascade_hydrophones/WorkspaceOMDHydrophones/Software/MicroBlaze_wrapper/microblaze_0/standalone_microblaze_0/bsp/system.mss|system||

TRACE::2024-11-01.16:05:42::SCWMssOS::Sw design exists and opened at  C:/Cascade_hydrophones/WorkspaceOMDHydrophones/Software/MicroBlaze_wrapper/microblaze_0/standalone_microblaze_0/bsp/system.mss
TRACE::2024-11-01.16:05:42::SCWMssOS::Saving the mss changes C:/Cascade_hydrophones/WorkspaceOMDHydrophones/Software/MicroBlaze_wrapper/microblaze_0/standalone_microblaze_0/bsp/system.mss
TRACE::2024-11-01.16:05:42::SCWMssOS::Found a swdesign opened with the mssfile.
TRACE::2024-11-01.16:05:42::SCWMssOS::Completed writemss as part of save.
TRACE::2024-11-01.16:05:42::SCWMssOS::Commit changes completed.
TRACE::2024-11-01.16:05:42::SCWPlatform::Trying to open the hw design at C:/Cascade_hydrophones/WorkspaceOMDHydrophones/Software/MicroBlaze_wrapper/hw/MicroBlaze_wrapper.xsa
TRACE::2024-11-01.16:05:42::SCWPlatform::DSA given C:/Cascade_hydrophones/WorkspaceOMDHydrophones/Software/MicroBlaze_wrapper/hw/MicroBlaze_wrapper.xsa
TRACE::2024-11-01.16:05:42::SCWPlatform::DSA absoulate path C:/Cascade_hydrophones/WorkspaceOMDHydrophones/Software/MicroBlaze_wrapper/hw/MicroBlaze_wrapper.xsa
TRACE::2024-11-01.16:05:42::SCWPlatform::DSA directory C:/Cascade_hydrophones/WorkspaceOMDHydrophones/Software/MicroBlaze_wrapper/hw
TRACE::2024-11-01.16:05:42::SCWPlatform:: Platform Path C:/Cascade_hydrophones/WorkspaceOMDHydrophones/Software/MicroBlaze_wrapper/hw/MicroBlaze_wrapper.xsa
TRACE::2024-11-01.16:05:42::SCWPlatform:: Unique name xilinx:cmod-s7-25::0.0
TRACE::2024-11-01.16:05:42::SCWPlatform::Trying to set the existing hwdb with name MicroBlaze_wrapper_0
TRACE::2024-11-01.16:05:42::SCWPlatform::Opened existing hwdb MicroBlaze_wrapper_0
TRACE::2024-11-01.16:05:42::SCWPlatform::Found the Hw Db part of the input DSA
TRACE::2024-11-01.16:05:42::SCWMssOS::Checking the sw design at  C:/Cascade_hydrophones/WorkspaceOMDHydrophones/Software/MicroBlaze_wrapper/microblaze_0/standalone_microblaze_0/bsp/system.mss
TRACE::2024-11-01.16:05:42::SCWMssOS::DEBUG:  swdes dump  C:/Cascade_hydrophones/WorkspaceOMDHydrophones/Software/MicroBlaze_wrapper/microblaze_0/standalone_microblaze_0/bsp/system.mss|system||

TRACE::2024-11-01.16:05:42::SCWMssOS::Sw design exists and opened at  C:/Cascade_hydrophones/WorkspaceOMDHydrophones/Software/MicroBlaze_wrapper/microblaze_0/standalone_microblaze_0/bsp/system.mss
TRACE::2024-11-01.16:05:42::SCWPlatform::Trying to open the hw design at C:/Cascade_hydrophones/WorkspaceOMDHydrophones/Software/MicroBlaze_wrapper/hw/MicroBlaze_wrapper.xsa
TRACE::2024-11-01.16:05:42::SCWPlatform::DSA given C:/Cascade_hydrophones/WorkspaceOMDHydrophones/Software/MicroBlaze_wrapper/hw/MicroBlaze_wrapper.xsa
TRACE::2024-11-01.16:05:42::SCWPlatform::DSA absoulate path C:/Cascade_hydrophones/WorkspaceOMDHydrophones/Software/MicroBlaze_wrapper/hw/MicroBlaze_wrapper.xsa
TRACE::2024-11-01.16:05:42::SCWPlatform::DSA directory C:/Cascade_hydrophones/WorkspaceOMDHydrophones/Software/MicroBlaze_wrapper/hw
TRACE::2024-11-01.16:05:42::SCWPlatform:: Platform Path C:/Cascade_hydrophones/WorkspaceOMDHydrophones/Software/MicroBlaze_wrapper/hw/MicroBlaze_wrapper.xsa
TRACE::2024-11-01.16:05:42::SCWPlatform:: Unique name xilinx:cmod-s7-25::0.0
TRACE::2024-11-01.16:05:42::SCWPlatform::Trying to set the existing hwdb with name MicroBlaze_wrapper_0
TRACE::2024-11-01.16:05:42::SCWPlatform::Opened existing hwdb MicroBlaze_wrapper_0
TRACE::2024-11-01.16:05:42::SCWPlatform::Found the Hw Db part of the input DSA
TRACE::2024-11-01.16:05:42::SCWMssOS::Checking the sw design at  C:/Cascade_hydrophones/WorkspaceOMDHydrophones/Software/MicroBlaze_wrapper/microblaze_0/standalone_microblaze_0/bsp/system.mss
TRACE::2024-11-01.16:05:42::SCWMssOS::DEBUG:  swdes dump  C:/Cascade_hydrophones/WorkspaceOMDHydrophones/Software/MicroBlaze_wrapper/microblaze_0/standalone_microblaze_0/bsp/system.mss|system||

TRACE::2024-11-01.16:05:42::SCWMssOS::Sw design exists and opened at  C:/Cascade_hydrophones/WorkspaceOMDHydrophones/Software/MicroBlaze_wrapper/microblaze_0/standalone_microblaze_0/bsp/system.mss
TRACE::2024-11-01.16:05:42::SCWPlatform::Trying to open the hw design at C:/Cascade_hydrophones/WorkspaceOMDHydrophones/Software/MicroBlaze_wrapper/hw/MicroBlaze_wrapper.xsa
TRACE::2024-11-01.16:05:42::SCWPlatform::DSA given C:/Cascade_hydrophones/WorkspaceOMDHydrophones/Software/MicroBlaze_wrapper/hw/MicroBlaze_wrapper.xsa
TRACE::2024-11-01.16:05:42::SCWPlatform::DSA absoulate path C:/Cascade_hydrophones/WorkspaceOMDHydrophones/Software/MicroBlaze_wrapper/hw/MicroBlaze_wrapper.xsa
TRACE::2024-11-01.16:05:42::SCWPlatform::DSA directory C:/Cascade_hydrophones/WorkspaceOMDHydrophones/Software/MicroBlaze_wrapper/hw
TRACE::2024-11-01.16:05:42::SCWPlatform:: Platform Path C:/Cascade_hydrophones/WorkspaceOMDHydrophones/Software/MicroBlaze_wrapper/hw/MicroBlaze_wrapper.xsa
TRACE::2024-11-01.16:05:42::SCWPlatform:: Unique name xilinx:cmod-s7-25::0.0
TRACE::2024-11-01.16:05:42::SCWPlatform::Trying to set the existing hwdb with name MicroBlaze_wrapper_0
TRACE::2024-11-01.16:05:42::SCWPlatform::Opened existing hwdb MicroBlaze_wrapper_0
TRACE::2024-11-01.16:05:42::SCWPlatform::Found the Hw Db part of the input DSA
TRACE::2024-11-01.16:05:42::SCWMssOS::Checking the sw design at  C:/Cascade_hydrophones/WorkspaceOMDHydrophones/Software/MicroBlaze_wrapper/microblaze_0/standalone_microblaze_0/bsp/system.mss
TRACE::2024-11-01.16:05:42::SCWMssOS::DEBUG:  swdes dump  C:/Cascade_hydrophones/WorkspaceOMDHydrophones/Software/MicroBlaze_wrapper/microblaze_0/standalone_microblaze_0/bsp/system.mss|system||

TRACE::2024-11-01.16:05:42::SCWMssOS::Sw design exists and opened at  C:/Cascade_hydrophones/WorkspaceOMDHydrophones/Software/MicroBlaze_wrapper/microblaze_0/standalone_microblaze_0/bsp/system.mss
TRACE::2024-11-01.16:05:42::SCWWriter::formatted JSON is {
	"platformName":	"MicroBlaze_wrapper",
	"sprVersion":	"2.0",
	"mode":	"gui",
	"dsaType":	"Fixed",
	"platformDesc":	"MicroBlaze_wrapper",
	"platHandOff":	"C:/Cascade_hydrophones/WorkspaceOMDHydrophones/Hardware/HydroProccess/MicroBlaze_wrapper.xsa",
	"platIntHandOff":	"<platformDir>/hw/MicroBlaze_wrapper.xsa",
	"deviceType":	"FPGA",
	"platIsPrebuiltAutogen":	"false",
	"platIsNoBootBsp":	"false",
	"hasFsblMakeHasChanges":	"false",
	"hasPmufwMakeHasChanges":	"false",
	"platPreBuiltFlag":	false,
	"platformSamplesDir":	"",
	"platActiveSys":	"MicroBlaze_wrapper",
	"systems":	[{
			"systemName":	"MicroBlaze_wrapper",
			"systemDesc":	"MicroBlaze_wrapper",
			"sysIsBootAutoGen":	"true",
			"systemDispName":	"MicroBlaze_wrapper",
			"sysActiveDom":	"standalone_microblaze_0",
			"sysDefaultDom":	"standalone_microblaze_0",
			"domains":	[{
					"domainName":	"standalone_microblaze_0",
					"domainDispName":	"standalone_microblaze_0",
					"domainDesc":	"standalone_microblaze_0",
					"processors":	"microblaze_0",
					"os":	"standalone",
					"sdxOs":	"standalone",
					"debugEnable":	"False",
					"domRuntimes":	["cpp"],
					"swRepo":	"",
					"mssOsVer":	"8.0",
					"mssFile":	"",
					"md5Digest":	"6e91e78d049f568725ef943f0158302e",
					"compatibleApp":	"hello_world",
					"domType":	"mssDomain",
					"arch":	"32-bit",
					"appSettings":	{
						"appCompilerFlags":	"",
						"appLinkerFlags":	""
					},
					"addedLibs":	[],
					"libOptions":	{
						"libsContainingOptions":	[]
					},
					"prebuiltLibs":	{
						"prebuiltIncPath":	[],
						"prebuiltLibPath":	[]
					},
					"isolation":	{
					}
				}]
		}]
}
LOG::2024-11-01.16:05:42::SCWPlatform::Started generating the artifacts platform MicroBlaze_wrapper
TRACE::2024-11-01.16:05:42::SCWPlatform::Sanity checking of platform is completed
LOG::2024-11-01.16:05:42::SCWPlatform::Started generating the artifacts for system configuration MicroBlaze_wrapper
LOG::2024-11-01.16:05:42::SCWSystem::Started Processing the domain standalone_microblaze_0
TRACE::2024-11-01.16:05:42::SCWDomain::Generating domain artifcats
TRACE::2024-11-01.16:05:42::SCWMssOS::Generating standalone artifcats
TRACE::2024-11-01.16:05:42::SCWMssOS:: Copying the user libraries. 
TRACE::2024-11-01.16:05:42::SCWPlatform::Trying to open the hw design at C:/Cascade_hydrophones/WorkspaceOMDHydrophones/Software/MicroBlaze_wrapper/hw/MicroBlaze_wrapper.xsa
TRACE::2024-11-01.16:05:42::SCWPlatform::DSA given C:/Cascade_hydrophones/WorkspaceOMDHydrophones/Software/MicroBlaze_wrapper/hw/MicroBlaze_wrapper.xsa
TRACE::2024-11-01.16:05:42::SCWPlatform::DSA absoulate path C:/Cascade_hydrophones/WorkspaceOMDHydrophones/Software/MicroBlaze_wrapper/hw/MicroBlaze_wrapper.xsa
TRACE::2024-11-01.16:05:42::SCWPlatform::DSA directory C:/Cascade_hydrophones/WorkspaceOMDHydrophones/Software/MicroBlaze_wrapper/hw
TRACE::2024-11-01.16:05:42::SCWPlatform:: Platform Path C:/Cascade_hydrophones/WorkspaceOMDHydrophones/Software/MicroBlaze_wrapper/hw/MicroBlaze_wrapper.xsa
TRACE::2024-11-01.16:05:42::SCWPlatform:: Unique name xilinx:cmod-s7-25::0.0
TRACE::2024-11-01.16:05:42::SCWPlatform::Trying to set the existing hwdb with name MicroBlaze_wrapper_0
TRACE::2024-11-01.16:05:42::SCWPlatform::Opened existing hwdb MicroBlaze_wrapper_0
TRACE::2024-11-01.16:05:42::SCWPlatform::Found the Hw Db part of the input DSA
TRACE::2024-11-01.16:05:42::SCWMssOS::Checking the sw design at  C:/Cascade_hydrophones/WorkspaceOMDHydrophones/Software/MicroBlaze_wrapper/microblaze_0/standalone_microblaze_0/bsp/system.mss
TRACE::2024-11-01.16:05:42::SCWMssOS::DEBUG:  swdes dump  C:/Cascade_hydrophones/WorkspaceOMDHydrophones/Software/MicroBlaze_wrapper/microblaze_0/standalone_microblaze_0/bsp/system.mss|system||

TRACE::2024-11-01.16:05:42::SCWMssOS::Sw design exists and opened at  C:/Cascade_hydrophones/WorkspaceOMDHydrophones/Software/MicroBlaze_wrapper/microblaze_0/standalone_microblaze_0/bsp/system.mss
TRACE::2024-11-01.16:05:42::SCWMssOS::Completed writing the mss file at C:/Cascade_hydrophones/WorkspaceOMDHydrophones/Software/MicroBlaze_wrapper/microblaze_0/standalone_microblaze_0/bsp
TRACE::2024-11-01.16:05:42::SCWMssOS::Mss edits present, copying mssfile into export location C:/Cascade_hydrophones/WorkspaceOMDHydrophones/Software/MicroBlaze_wrapper/microblaze_0/standalone_microblaze_0/bsp/system.mss
TRACE::2024-11-01.16:05:42::SCWMssOS::bsp generated is upto date with the mss file. Skipping bsp generation.
TRACE::2024-11-01.16:05:42::SCWMssOS::BSP is already built. skipping the bsp build ... 
TRACE::2024-11-01.16:05:42::SCWDomain::Building the domain as part of full build :  standalone_microblaze_0
TRACE::2024-11-01.16:05:42::SCWMssOS::skipping the bsp build ... 
TRACE::2024-11-01.16:05:42::SCWMssOS::Copying to export directory.
TRACE::2024-11-01.16:05:42::SCWMssOS:: Checking if to create the Supporting Applications
TRACE::2024-11-01.16:05:42::SCWMssOS:: No Linux domain exists, trying to generate FSBL 
LOG::2024-11-01.16:05:42::SCWSystem::Completed Processing the domain standalone_microblaze_0
LOG::2024-11-01.16:05:42::SCWSystem::Completed Processing the sysconfig MicroBlaze_wrapper
LOG::2024-11-01.16:05:42::SCWPlatform::Completed generating the artifacts for system configuration MicroBlaze_wrapper
TRACE::2024-11-01.16:05:42::SCWPlatform::Started preparing the platform 
TRACE::2024-11-01.16:05:42::SCWSystem::Writing the bif file for system config MicroBlaze_wrapper
TRACE::2024-11-01.16:05:42::SCWSystem::dir created 
TRACE::2024-11-01.16:05:42::SCWSystem::Writing the bif 
TRACE::2024-11-01.16:05:42::SCWPlatform::Started writing the spfm file 
TRACE::2024-11-01.16:05:42::SCWPlatform::Started writing the xpfm file 
TRACE::2024-11-01.16:05:42::SCWPlatform::Completed generating the platform
TRACE::2024-11-01.16:05:42::SCWMssOS::Saving the mss changes C:/Cascade_hydrophones/WorkspaceOMDHydrophones/Software/MicroBlaze_wrapper/microblaze_0/standalone_microblaze_0/bsp/system.mss
TRACE::2024-11-01.16:05:42::SCWMssOS::Found a swdesign opened with the mssfile.
TRACE::2024-11-01.16:05:42::SCWMssOS::Completed writemss as part of save.
TRACE::2024-11-01.16:05:42::SCWMssOS::Commit changes completed.
TRACE::2024-11-01.16:05:42::SCWPlatform::Trying to open the hw design at C:/Cascade_hydrophones/WorkspaceOMDHydrophones/Software/MicroBlaze_wrapper/hw/MicroBlaze_wrapper.xsa
TRACE::2024-11-01.16:05:42::SCWPlatform::DSA given C:/Cascade_hydrophones/WorkspaceOMDHydrophones/Software/MicroBlaze_wrapper/hw/MicroBlaze_wrapper.xsa
TRACE::2024-11-01.16:05:42::SCWPlatform::DSA absoulate path C:/Cascade_hydrophones/WorkspaceOMDHydrophones/Software/MicroBlaze_wrapper/hw/MicroBlaze_wrapper.xsa
TRACE::2024-11-01.16:05:42::SCWPlatform::DSA directory C:/Cascade_hydrophones/WorkspaceOMDHydrophones/Software/MicroBlaze_wrapper/hw
TRACE::2024-11-01.16:05:42::SCWPlatform:: Platform Path C:/Cascade_hydrophones/WorkspaceOMDHydrophones/Software/MicroBlaze_wrapper/hw/MicroBlaze_wrapper.xsa
TRACE::2024-11-01.16:05:42::SCWPlatform:: Unique name xilinx:cmod-s7-25::0.0
TRACE::2024-11-01.16:05:42::SCWPlatform::Trying to set the existing hwdb with name MicroBlaze_wrapper_0
TRACE::2024-11-01.16:05:42::SCWPlatform::Opened existing hwdb MicroBlaze_wrapper_0
TRACE::2024-11-01.16:05:42::SCWPlatform::Found the Hw Db part of the input DSA
TRACE::2024-11-01.16:05:42::SCWMssOS::Checking the sw design at  C:/Cascade_hydrophones/WorkspaceOMDHydrophones/Software/MicroBlaze_wrapper/microblaze_0/standalone_microblaze_0/bsp/system.mss
TRACE::2024-11-01.16:05:42::SCWMssOS::DEBUG:  swdes dump  C:/Cascade_hydrophones/WorkspaceOMDHydrophones/Software/MicroBlaze_wrapper/microblaze_0/standalone_microblaze_0/bsp/system.mss|system||

TRACE::2024-11-01.16:05:42::SCWMssOS::Sw design exists and opened at  C:/Cascade_hydrophones/WorkspaceOMDHydrophones/Software/MicroBlaze_wrapper/microblaze_0/standalone_microblaze_0/bsp/system.mss
TRACE::2024-11-01.16:05:42::SCWPlatform::Trying to open the hw design at C:/Cascade_hydrophones/WorkspaceOMDHydrophones/Software/MicroBlaze_wrapper/hw/MicroBlaze_wrapper.xsa
TRACE::2024-11-01.16:05:42::SCWPlatform::DSA given C:/Cascade_hydrophones/WorkspaceOMDHydrophones/Software/MicroBlaze_wrapper/hw/MicroBlaze_wrapper.xsa
TRACE::2024-11-01.16:05:42::SCWPlatform::DSA absoulate path C:/Cascade_hydrophones/WorkspaceOMDHydrophones/Software/MicroBlaze_wrapper/hw/MicroBlaze_wrapper.xsa
TRACE::2024-11-01.16:05:42::SCWPlatform::DSA directory C:/Cascade_hydrophones/WorkspaceOMDHydrophones/Software/MicroBlaze_wrapper/hw
TRACE::2024-11-01.16:05:42::SCWPlatform:: Platform Path C:/Cascade_hydrophones/WorkspaceOMDHydrophones/Software/MicroBlaze_wrapper/hw/MicroBlaze_wrapper.xsa
TRACE::2024-11-01.16:05:42::SCWPlatform:: Unique name xilinx:cmod-s7-25::0.0
TRACE::2024-11-01.16:05:42::SCWPlatform::Trying to set the existing hwdb with name MicroBlaze_wrapper_0
TRACE::2024-11-01.16:05:42::SCWPlatform::Opened existing hwdb MicroBlaze_wrapper_0
TRACE::2024-11-01.16:05:42::SCWPlatform::Found the Hw Db part of the input DSA
TRACE::2024-11-01.16:05:42::SCWMssOS::Checking the sw design at  C:/Cascade_hydrophones/WorkspaceOMDHydrophones/Software/MicroBlaze_wrapper/microblaze_0/standalone_microblaze_0/bsp/system.mss
TRACE::2024-11-01.16:05:42::SCWMssOS::DEBUG:  swdes dump  C:/Cascade_hydrophones/WorkspaceOMDHydrophones/Software/MicroBlaze_wrapper/microblaze_0/standalone_microblaze_0/bsp/system.mss|system||

TRACE::2024-11-01.16:05:42::SCWMssOS::Sw design exists and opened at  C:/Cascade_hydrophones/WorkspaceOMDHydrophones/Software/MicroBlaze_wrapper/microblaze_0/standalone_microblaze_0/bsp/system.mss
TRACE::2024-11-01.16:05:42::SCWPlatform::Trying to open the hw design at C:/Cascade_hydrophones/WorkspaceOMDHydrophones/Software/MicroBlaze_wrapper/hw/MicroBlaze_wrapper.xsa
TRACE::2024-11-01.16:05:42::SCWPlatform::DSA given C:/Cascade_hydrophones/WorkspaceOMDHydrophones/Software/MicroBlaze_wrapper/hw/MicroBlaze_wrapper.xsa
TRACE::2024-11-01.16:05:42::SCWPlatform::DSA absoulate path C:/Cascade_hydrophones/WorkspaceOMDHydrophones/Software/MicroBlaze_wrapper/hw/MicroBlaze_wrapper.xsa
TRACE::2024-11-01.16:05:42::SCWPlatform::DSA directory C:/Cascade_hydrophones/WorkspaceOMDHydrophones/Software/MicroBlaze_wrapper/hw
TRACE::2024-11-01.16:05:42::SCWPlatform:: Platform Path C:/Cascade_hydrophones/WorkspaceOMDHydrophones/Software/MicroBlaze_wrapper/hw/MicroBlaze_wrapper.xsa
TRACE::2024-11-01.16:05:42::SCWPlatform:: Unique name xilinx:cmod-s7-25::0.0
TRACE::2024-11-01.16:05:42::SCWPlatform::Trying to set the existing hwdb with name MicroBlaze_wrapper_0
TRACE::2024-11-01.16:05:42::SCWPlatform::Opened existing hwdb MicroBlaze_wrapper_0
TRACE::2024-11-01.16:05:42::SCWPlatform::Found the Hw Db part of the input DSA
TRACE::2024-11-01.16:05:42::SCWMssOS::Checking the sw design at  C:/Cascade_hydrophones/WorkspaceOMDHydrophones/Software/MicroBlaze_wrapper/microblaze_0/standalone_microblaze_0/bsp/system.mss
TRACE::2024-11-01.16:05:42::SCWMssOS::DEBUG:  swdes dump  C:/Cascade_hydrophones/WorkspaceOMDHydrophones/Software/MicroBlaze_wrapper/microblaze_0/standalone_microblaze_0/bsp/system.mss|system||

TRACE::2024-11-01.16:05:42::SCWMssOS::Sw design exists and opened at  C:/Cascade_hydrophones/WorkspaceOMDHydrophones/Software/MicroBlaze_wrapper/microblaze_0/standalone_microblaze_0/bsp/system.mss
TRACE::2024-11-01.16:05:42::SCWWriter::formatted JSON is {
	"platformName":	"MicroBlaze_wrapper",
	"sprVersion":	"2.0",
	"mode":	"gui",
	"dsaType":	"Fixed",
	"platformDesc":	"MicroBlaze_wrapper",
	"platHandOff":	"C:/Cascade_hydrophones/WorkspaceOMDHydrophones/Hardware/HydroProccess/MicroBlaze_wrapper.xsa",
	"platIntHandOff":	"<platformDir>/hw/MicroBlaze_wrapper.xsa",
	"deviceType":	"FPGA",
	"platIsPrebuiltAutogen":	"false",
	"platIsNoBootBsp":	"false",
	"hasFsblMakeHasChanges":	"false",
	"hasPmufwMakeHasChanges":	"false",
	"platPreBuiltFlag":	false,
	"platformSamplesDir":	"",
	"platActiveSys":	"MicroBlaze_wrapper",
	"systems":	[{
			"systemName":	"MicroBlaze_wrapper",
			"systemDesc":	"MicroBlaze_wrapper",
			"sysIsBootAutoGen":	"true",
			"systemDispName":	"MicroBlaze_wrapper",
			"sysActiveDom":	"standalone_microblaze_0",
			"sysDefaultDom":	"standalone_microblaze_0",
			"domains":	[{
					"domainName":	"standalone_microblaze_0",
					"domainDispName":	"standalone_microblaze_0",
					"domainDesc":	"standalone_microblaze_0",
					"processors":	"microblaze_0",
					"os":	"standalone",
					"sdxOs":	"standalone",
					"debugEnable":	"False",
					"domRuntimes":	["cpp"],
					"swRepo":	"",
					"mssOsVer":	"8.0",
					"mssFile":	"",
					"md5Digest":	"6e91e78d049f568725ef943f0158302e",
					"compatibleApp":	"hello_world",
					"domType":	"mssDomain",
					"arch":	"32-bit",
					"appSettings":	{
						"appCompilerFlags":	"",
						"appLinkerFlags":	""
					},
					"addedLibs":	[],
					"libOptions":	{
						"libsContainingOptions":	[]
					},
					"prebuiltLibs":	{
						"prebuiltIncPath":	[],
						"prebuiltLibPath":	[]
					},
					"isolation":	{
					}
				}]
		}]
}
KEYINFO::2024-11-01.16:05:42::SCWPlatform::updated the xpfm file.
LOG::2024-11-01.16:15:11::SCWPlatform::Started generating the artifacts platform MicroBlaze_wrapper
TRACE::2024-11-01.16:15:11::SCWPlatform::Sanity checking of platform is completed
LOG::2024-11-01.16:15:11::SCWPlatform::Started generating the artifacts for system configuration MicroBlaze_wrapper
LOG::2024-11-01.16:15:11::SCWSystem::Checking the domain standalone_microblaze_0
LOG::2024-11-01.16:15:11::SCWSystem::Not a boot domain 
LOG::2024-11-01.16:15:11::SCWSystem::Started Processing the domain standalone_microblaze_0
TRACE::2024-11-01.16:15:11::SCWDomain::Generating domain artifcats
TRACE::2024-11-01.16:15:11::SCWMssOS::Generating standalone artifcats
TRACE::2024-11-01.16:15:11::SCWMssOS:: Copying the user libraries. 
TRACE::2024-11-01.16:15:11::SCWPlatform::Trying to open the hw design at C:/Cascade_hydrophones/WorkspaceOMDHydrophones/Software/MicroBlaze_wrapper/hw/MicroBlaze_wrapper.xsa
TRACE::2024-11-01.16:15:11::SCWPlatform::DSA given C:/Cascade_hydrophones/WorkspaceOMDHydrophones/Software/MicroBlaze_wrapper/hw/MicroBlaze_wrapper.xsa
TRACE::2024-11-01.16:15:11::SCWPlatform::DSA absoulate path C:/Cascade_hydrophones/WorkspaceOMDHydrophones/Software/MicroBlaze_wrapper/hw/MicroBlaze_wrapper.xsa
TRACE::2024-11-01.16:15:11::SCWPlatform::DSA directory C:/Cascade_hydrophones/WorkspaceOMDHydrophones/Software/MicroBlaze_wrapper/hw
TRACE::2024-11-01.16:15:11::SCWPlatform:: Platform Path C:/Cascade_hydrophones/WorkspaceOMDHydrophones/Software/MicroBlaze_wrapper/hw/MicroBlaze_wrapper.xsa
TRACE::2024-11-01.16:15:11::SCWPlatform:: Unique name xilinx:cmod-s7-25::0.0
TRACE::2024-11-01.16:15:11::SCWPlatform::Trying to set the existing hwdb with name MicroBlaze_wrapper_0
TRACE::2024-11-01.16:15:11::SCWPlatform::Opened existing hwdb MicroBlaze_wrapper_0
TRACE::2024-11-01.16:15:11::SCWPlatform::Found the Hw Db part of the input DSA
TRACE::2024-11-01.16:15:11::SCWMssOS::Checking the sw design at  C:/Cascade_hydrophones/WorkspaceOMDHydrophones/Software/MicroBlaze_wrapper/microblaze_0/standalone_microblaze_0/bsp/system.mss
TRACE::2024-11-01.16:15:11::SCWMssOS::DEBUG:  swdes dump  C:/Cascade_hydrophones/WorkspaceOMDHydrophones/Software/MicroBlaze_wrapper/microblaze_0/standalone_microblaze_0/bsp/system.mss|system||

TRACE::2024-11-01.16:15:11::SCWMssOS::Sw design exists and opened at  C:/Cascade_hydrophones/WorkspaceOMDHydrophones/Software/MicroBlaze_wrapper/microblaze_0/standalone_microblaze_0/bsp/system.mss
TRACE::2024-11-01.16:15:11::SCWMssOS::Completed writing the mss file at C:/Cascade_hydrophones/WorkspaceOMDHydrophones/Software/MicroBlaze_wrapper/microblaze_0/standalone_microblaze_0/bsp
TRACE::2024-11-01.16:15:11::SCWMssOS::Mss edits present, copying mssfile into export location C:/Cascade_hydrophones/WorkspaceOMDHydrophones/Software/MicroBlaze_wrapper/microblaze_0/standalone_microblaze_0/bsp/system.mss
TRACE::2024-11-01.16:15:11::SCWMssOS::bsp generated is upto date with the mss file. Skipping bsp generation.
TRACE::2024-11-01.16:15:11::SCWMssOS::BSP is already built. skipping the bsp build ... 
TRACE::2024-11-01.16:15:11::SCWDomain::Building the domain as part of full build :  standalone_microblaze_0
TRACE::2024-11-01.16:15:11::SCWMssOS::doing bsp build ... 
TRACE::2024-11-01.16:15:11::SCWMssOS::System Command Ran  C: & cd  C:/Cascade_hydrophones/WorkspaceOMDHydrophones/Software/MicroBlaze_wrapper/microblaze_0/standalone_microblaze_0/bsp & make 
TRACE::2024-11-01.16:15:11::SCWMssOS::make --no-print-directory seq_libs

TRACE::2024-11-01.16:15:11::SCWMssOS::'Finished building libraries sequentially.'

TRACE::2024-11-01.16:15:11::SCWMssOS::make -j 14 --no-print-directory par_libs

TRACE::2024-11-01.16:15:11::SCWMssOS::"Running Make include in microblaze_0/libsrc/bram_v4_8/src"

TRACE::2024-11-01.16:15:11::SCWMssOS::make -C microblaze_0/libsrc/bram_v4_8/src -s include  "SHELL=CMD" "COMPILER=mb-gcc" "ASSEMBLER=mb-as" "ARCHIVER=mb-ar" "COMPILE
TRACE::2024-11-01.16:15:11::SCWMssOS::R_FLAGS=  -O2 -c -mcpu=v11.0 -mlittle-endian -mxl-soft-mul" "EXTRA_COMPILER_FLAGS=-g -ffunction-sections -fdata-sections -Wall 
TRACE::2024-11-01.16:15:11::SCWMssOS::-Wextra -fno-tree-loop-distribute-patterns"

TRACE::2024-11-01.16:15:11::SCWMssOS::"Running Make include in microblaze_0/libsrc/cpu_v2_16/src"

TRACE::2024-11-01.16:15:11::SCWMssOS::make -C microblaze_0/libsrc/cpu_v2_16/src -s include  "SHELL=CMD" "COMPILER=mb-gcc" "ASSEMBLER=mb-as" "ARCHIVER=mb-ar" "COMPILE
TRACE::2024-11-01.16:15:11::SCWMssOS::R_FLAGS=  -O2 -c -mcpu=v11.0 -mlittle-endian -mxl-soft-mul" "EXTRA_COMPILER_FLAGS=-g -ffunction-sections -fdata-sections -Wall 
TRACE::2024-11-01.16:15:11::SCWMssOS::-Wextra -fno-tree-loop-distribute-patterns"

TRACE::2024-11-01.16:15:11::SCWMssOS::"Running Make include in microblaze_0/libsrc/gpio_v4_9/src"

TRACE::2024-11-01.16:15:11::SCWMssOS::make -C microblaze_0/libsrc/gpio_v4_9/src -s include  "SHELL=CMD" "COMPILER=mb-gcc" "ASSEMBLER=mb-as" "ARCHIVER=mb-ar" "COMPILE
TRACE::2024-11-01.16:15:11::SCWMssOS::R_FLAGS=  -O2 -c -mcpu=v11.0 -mlittle-endian -mxl-soft-mul" "EXTRA_COMPILER_FLAGS=-g -ffunction-sections -fdata-sections -Wall 
TRACE::2024-11-01.16:15:11::SCWMssOS::-Wextra -fno-tree-loop-distribute-patterns"

TRACE::2024-11-01.16:15:11::SCWMssOS::"Running Make include in microblaze_0/libsrc/standalone_v8_0/src"

TRACE::2024-11-01.16:15:11::SCWMssOS::make -C microblaze_0/libsrc/standalone_v8_0/src -s include  "SHELL=CMD" "COMPILER=mb-gcc" "ASSEMBLER=mb-as" "ARCHIVER=mb-ar" "C
TRACE::2024-11-01.16:15:11::SCWMssOS::OMPILER_FLAGS=  -O2 -c -mcpu=v11.0 -mlittle-endian -mxl-soft-mul" "EXTRA_COMPILER_FLAGS=-g -ffunction-sections -fdata-sections 
TRACE::2024-11-01.16:15:11::SCWMssOS::-Wall -Wextra -fno-tree-loop-distribute-patterns"

TRACE::2024-11-01.16:15:11::SCWMssOS::"Running Make include in microblaze_0/libsrc/uartlite_v3_7/src"

TRACE::2024-11-01.16:15:11::SCWMssOS::make -C microblaze_0/libsrc/uartlite_v3_7/src -s include  "SHELL=CMD" "COMPILER=mb-gcc" "ASSEMBLER=mb-as" "ARCHIVER=mb-ar" "COM
TRACE::2024-11-01.16:15:11::SCWMssOS::PILER_FLAGS=  -O2 -c -mcpu=v11.0 -mlittle-endian -mxl-soft-mul" "EXTRA_COMPILER_FLAGS=-g -ffunction-sections -fdata-sections -W
TRACE::2024-11-01.16:15:11::SCWMssOS::all -Wextra -fno-tree-loop-distribute-patterns"

TRACE::2024-11-01.16:15:11::SCWMssOS::"Running Make libs in microblaze_0/libsrc/bram_v4_8/src"

TRACE::2024-11-01.16:15:11::SCWMssOS::make -C microblaze_0/libsrc/bram_v4_8/src -s libs  "SHELL=CMD" "COMPILER=mb-gcc" "ASSEMBLER=mb-as" "ARCHIVER=mb-ar" "COMPILER_F
TRACE::2024-11-01.16:15:11::SCWMssOS::LAGS=  -O2 -c -mcpu=v11.0 -mlittle-endian -mxl-soft-mul" "EXTRA_COMPILER_FLAGS=-g -ffunction-sections -fdata-sections -Wall -We
TRACE::2024-11-01.16:15:11::SCWMssOS::xtra -fno-tree-loop-distribute-patterns"

TRACE::2024-11-01.16:15:11::SCWMssOS::"Running Make libs in microblaze_0/libsrc/cpu_v2_16/src"

TRACE::2024-11-01.16:15:11::SCWMssOS::make -C microblaze_0/libsrc/cpu_v2_16/src -s libs  "SHELL=CMD" "COMPILER=mb-gcc" "ASSEMBLER=mb-as" "ARCHIVER=mb-ar" "COMPILER_F
TRACE::2024-11-01.16:15:11::SCWMssOS::LAGS=  -O2 -c -mcpu=v11.0 -mlittle-endian -mxl-soft-mul" "EXTRA_COMPILER_FLAGS=-g -ffunction-sections -fdata-sections -Wall -We
TRACE::2024-11-01.16:15:11::SCWMssOS::xtra -fno-tree-loop-distribute-patterns"

TRACE::2024-11-01.16:15:11::SCWMssOS::"Running Make libs in microblaze_0/libsrc/gpio_v4_9/src"

TRACE::2024-11-01.16:15:12::SCWMssOS::make -C microblaze_0/libsrc/gpio_v4_9/src -s libs  "SHELL=CMD" "COMPILER=mb-gcc" "ASSEMBLER=mb-as" "ARCHIVER=mb-ar" "COMPILER_F
TRACE::2024-11-01.16:15:12::SCWMssOS::LAGS=  -O2 -c -mcpu=v11.0 -mlittle-endian -mxl-soft-mul" "EXTRA_COMPILER_FLAGS=-g -ffunction-sections -fdata-sections -Wall -We
TRACE::2024-11-01.16:15:12::SCWMssOS::xtra -fno-tree-loop-distribute-patterns"

TRACE::2024-11-01.16:15:12::SCWMssOS::"Running Make libs in microblaze_0/libsrc/standalone_v8_0/src"

TRACE::2024-11-01.16:15:12::SCWMssOS::make -C microblaze_0/libsrc/standalone_v8_0/src -s libs  "SHELL=CMD" "COMPILER=mb-gcc" "ASSEMBLER=mb-as" "ARCHIVER=mb-ar" "COMP
TRACE::2024-11-01.16:15:12::SCWMssOS::ILER_FLAGS=  -O2 -c -mcpu=v11.0 -mlittle-endian -mxl-soft-mul" "EXTRA_COMPILER_FLAGS=-g -ffunction-sections -fdata-sections -Wa
TRACE::2024-11-01.16:15:12::SCWMssOS::ll -Wextra -fno-tree-loop-distribute-patterns"

TRACE::2024-11-01.16:15:12::SCWMssOS::"Running Make libs in microblaze_0/libsrc/uartlite_v3_7/src"

TRACE::2024-11-01.16:15:12::SCWMssOS::make -C microblaze_0/libsrc/uartlite_v3_7/src -s libs  "SHELL=CMD" "COMPILER=mb-gcc" "ASSEMBLER=mb-as" "ARCHIVER=mb-ar" "COMPIL
TRACE::2024-11-01.16:15:12::SCWMssOS::ER_FLAGS=  -O2 -c -mcpu=v11.0 -mlittle-endian -mxl-soft-mul" "EXTRA_COMPILER_FLAGS=-g -ffunction-sections -fdata-sections -Wall
TRACE::2024-11-01.16:15:12::SCWMssOS:: -Wextra -fno-tree-loop-distribute-patterns"

TRACE::2024-11-01.16:15:12::SCWMssOS::"DEBUG NON_LTO_OBJECTS is ../../../lib/microblaze_interrupt_handler.o"

TRACE::2024-11-01.16:15:12::SCWMssOS::'Finished building libraries parallelly.'

TRACE::2024-11-01.16:15:12::SCWMssOS::make --no-print-directory archive

TRACE::2024-11-01.16:15:12::SCWMssOS::mb-ar -r  microblaze_0/lib/libxil.a microblaze_0/lib/_exit.o microblaze_0/lib/errno.o microblaze_0/lib/fcntl.o microblaze_0/lib
TRACE::2024-11-01.16:15:12::SCWMssOS::/hw_exception_handler.o microblaze_0/lib/inbyte.o microblaze_0/lib/microblaze_disable_dcache.o microblaze_0/lib/microblaze_disa
TRACE::2024-11-01.16:15:12::SCWMssOS::ble_exceptions.o microblaze_0/lib/microblaze_disable_icache.o microblaze_0/lib/microblaze_disable_interrupts.o microblaze_0/lib
TRACE::2024-11-01.16:15:12::SCWMssOS::/microblaze_enable_dcache.o microblaze_0/lib/microblaze_enable_exceptions.o microblaze_0/lib/microblaze_enable_icache.o microbl
TRACE::2024-11-01.16:15:12::SCWMssOS::aze_0/lib/microblaze_enable_interrupts.o microblaze_0/lib/microblaze_exception_handler.o microblaze_0/lib/microblaze_flush_cach
TRACE::2024-11-01.16:15:12::SCWMssOS::e_ext.o microblaze_0/lib/microblaze_flush_cache_ext_range.o microblaze_0/lib/microblaze_flush_dcache.o microblaze_0/lib/microbl
TRACE::2024-11-01.16:15:12::SCWMssOS::aze_flush_dcache_range.o microblaze_0/lib/microblaze_init_dcache_range.o microblaze_0/lib/microblaze_init_icache_range.o microb
TRACE::2024-11-01.16:15:12::SCWMssOS::laze_0/lib/microblaze_interrupt_handler.o microblaze_0/lib/microblaze_interrupts_g.o microblaze_0/lib/microblaze_invalidate_cac
TRACE::2024-11-01.16:15:12::SCWMssOS::he_ext.o microblaze_0/lib/microblaze_invalidate_cache_ext_range.o microblaze_0/lib/microblaze_invalidate_dcache.o microblaze_0/
TRACE::2024-11-01.16:15:12::SCWMssOS::lib/microblaze_invalidate_dcache_range.o microblaze_0/lib/microblaze_invalidate_icache.o microblaze_0/lib/microblaze_invalidate
TRACE::2024-11-01.16:15:12::SCWMssOS::_icache_range.o microblaze_0/lib/microblaze_scrub.o microblaze_0/lib/microblaze_selftest.o microblaze_0/lib/microblaze_sleep.o 
TRACE::2024-11-01.16:15:12::SCWMssOS::microblaze_0/lib/microblaze_update_dcache.o microblaze_0/lib/microblaze_update_icache.o microblaze_0/lib/outbyte.o microblaze_0
TRACE::2024-11-01.16:15:12::SCWMssOS::/lib/print.o microblaze_0/lib/pvr.o microblaze_0/lib/xbram.o microblaze_0/lib/xbram_g.o microblaze_0/lib/xbram_intr.o microblaz
TRACE::2024-11-01.16:15:12::SCWMssOS::e_0/lib/xbram_selftest.o microblaze_0/lib/xbram_sinit.o microblaze_0/lib/xgpio.o microblaze_0/lib/xgpio_extra.o microblaze_0/li
TRACE::2024-11-01.16:15:12::SCWMssOS::b/xgpio_g.o microblaze_0/lib/xgpio_intr.o microblaze_0/lib/xgpio_selftest.o microblaze_0/lib/xgpio_sinit.o microblaze_0/lib/xil
TRACE::2024-11-01.16:15:12::SCWMssOS::_assert.o microblaze_0/lib/xil_cache.o microblaze_0/lib/xil_clocking.o microblaze_0/lib/xil_exception.o microblaze_0/lib/xil_me
TRACE::2024-11-01.16:15:12::SCWMssOS::m.o microblaze_0/lib/xil_misc_psreset_api.o microblaze_0/lib/xil_printf.o microblaze_0/lib/xil_sleepcommon.o microblaze_0/lib/x
TRACE::2024-11-01.16:15:12::SCWMssOS::il_testcache.o microblaze_0/lib/xil_testio.o microblaze_0/lib/xil_testmem.o microblaze_0/lib/xil_util.o microblaze_0/lib/xinter
TRACE::2024-11-01.16:15:12::SCWMssOS::rupt_wrap.o microblaze_0/lib/xio.o microblaze_0/lib/xplatform_info.o microblaze_0/lib/xuartlite.o microblaze_0/lib/xuartlite_g.
TRACE::2024-11-01.16:15:12::SCWMssOS::o microblaze_0/lib/xuartlite_intr.o microblaze_0/lib/xuartlite_l.o microblaze_0/lib/xuartlite_selftest.o microblaze_0/lib/xuart
TRACE::2024-11-01.16:15:12::SCWMssOS::lite_sinit.o microblaze_0/lib/xuartlite_stats.o

TRACE::2024-11-01.16:15:12::SCWMssOS::'Finished building libraries'

TRACE::2024-11-01.16:15:13::SCWMssOS::Copying to export directory.
TRACE::2024-11-01.16:15:13::SCWMssOS:: Checking if to create the Supporting Applications
TRACE::2024-11-01.16:15:13::SCWMssOS:: No Linux domain exists, trying to generate FSBL 
LOG::2024-11-01.16:15:13::SCWSystem::Completed Processing the domain standalone_microblaze_0
LOG::2024-11-01.16:15:13::SCWSystem::Completed Processing the sysconfig MicroBlaze_wrapper
LOG::2024-11-01.16:15:13::SCWPlatform::Completed generating the artifacts for system configuration MicroBlaze_wrapper
TRACE::2024-11-01.16:15:13::SCWPlatform::Started preparing the platform 
TRACE::2024-11-01.16:15:13::SCWSystem::Writing the bif file for system config MicroBlaze_wrapper
TRACE::2024-11-01.16:15:13::SCWSystem::dir created 
TRACE::2024-11-01.16:15:13::SCWSystem::Writing the bif 
TRACE::2024-11-01.16:15:13::SCWPlatform::Started writing the spfm file 
TRACE::2024-11-01.16:15:13::SCWPlatform::Started writing the xpfm file 
TRACE::2024-11-01.16:15:13::SCWPlatform::Completed generating the platform
TRACE::2024-11-01.16:15:13::SCWMssOS::Saving the mss changes C:/Cascade_hydrophones/WorkspaceOMDHydrophones/Software/MicroBlaze_wrapper/microblaze_0/standalone_microblaze_0/bsp/system.mss
TRACE::2024-11-01.16:15:13::SCWMssOS::Found a swdesign opened with the mssfile.
TRACE::2024-11-01.16:15:13::SCWMssOS::Completed writemss as part of save.
TRACE::2024-11-01.16:15:13::SCWMssOS::Commit changes completed.
TRACE::2024-11-01.16:15:13::SCWPlatform::Trying to open the hw design at C:/Cascade_hydrophones/WorkspaceOMDHydrophones/Software/MicroBlaze_wrapper/hw/MicroBlaze_wrapper.xsa
TRACE::2024-11-01.16:15:13::SCWPlatform::DSA given C:/Cascade_hydrophones/WorkspaceOMDHydrophones/Software/MicroBlaze_wrapper/hw/MicroBlaze_wrapper.xsa
TRACE::2024-11-01.16:15:13::SCWPlatform::DSA absoulate path C:/Cascade_hydrophones/WorkspaceOMDHydrophones/Software/MicroBlaze_wrapper/hw/MicroBlaze_wrapper.xsa
TRACE::2024-11-01.16:15:13::SCWPlatform::DSA directory C:/Cascade_hydrophones/WorkspaceOMDHydrophones/Software/MicroBlaze_wrapper/hw
TRACE::2024-11-01.16:15:13::SCWPlatform:: Platform Path C:/Cascade_hydrophones/WorkspaceOMDHydrophones/Software/MicroBlaze_wrapper/hw/MicroBlaze_wrapper.xsa
TRACE::2024-11-01.16:15:13::SCWPlatform:: Unique name xilinx:cmod-s7-25::0.0
TRACE::2024-11-01.16:15:13::SCWPlatform::Trying to set the existing hwdb with name MicroBlaze_wrapper_0
TRACE::2024-11-01.16:15:13::SCWPlatform::Opened existing hwdb MicroBlaze_wrapper_0
TRACE::2024-11-01.16:15:13::SCWPlatform::Found the Hw Db part of the input DSA
TRACE::2024-11-01.16:15:13::SCWMssOS::Checking the sw design at  C:/Cascade_hydrophones/WorkspaceOMDHydrophones/Software/MicroBlaze_wrapper/microblaze_0/standalone_microblaze_0/bsp/system.mss
TRACE::2024-11-01.16:15:13::SCWMssOS::DEBUG:  swdes dump  C:/Cascade_hydrophones/WorkspaceOMDHydrophones/Software/MicroBlaze_wrapper/microblaze_0/standalone_microblaze_0/bsp/system.mss|system||

TRACE::2024-11-01.16:15:13::SCWMssOS::Sw design exists and opened at  C:/Cascade_hydrophones/WorkspaceOMDHydrophones/Software/MicroBlaze_wrapper/microblaze_0/standalone_microblaze_0/bsp/system.mss
TRACE::2024-11-01.16:15:13::SCWPlatform::Trying to open the hw design at C:/Cascade_hydrophones/WorkspaceOMDHydrophones/Software/MicroBlaze_wrapper/hw/MicroBlaze_wrapper.xsa
TRACE::2024-11-01.16:15:13::SCWPlatform::DSA given C:/Cascade_hydrophones/WorkspaceOMDHydrophones/Software/MicroBlaze_wrapper/hw/MicroBlaze_wrapper.xsa
TRACE::2024-11-01.16:15:13::SCWPlatform::DSA absoulate path C:/Cascade_hydrophones/WorkspaceOMDHydrophones/Software/MicroBlaze_wrapper/hw/MicroBlaze_wrapper.xsa
TRACE::2024-11-01.16:15:13::SCWPlatform::DSA directory C:/Cascade_hydrophones/WorkspaceOMDHydrophones/Software/MicroBlaze_wrapper/hw
TRACE::2024-11-01.16:15:13::SCWPlatform:: Platform Path C:/Cascade_hydrophones/WorkspaceOMDHydrophones/Software/MicroBlaze_wrapper/hw/MicroBlaze_wrapper.xsa
TRACE::2024-11-01.16:15:13::SCWPlatform:: Unique name xilinx:cmod-s7-25::0.0
TRACE::2024-11-01.16:15:13::SCWPlatform::Trying to set the existing hwdb with name MicroBlaze_wrapper_0
TRACE::2024-11-01.16:15:13::SCWPlatform::Opened existing hwdb MicroBlaze_wrapper_0
TRACE::2024-11-01.16:15:13::SCWPlatform::Found the Hw Db part of the input DSA
TRACE::2024-11-01.16:15:13::SCWMssOS::Checking the sw design at  C:/Cascade_hydrophones/WorkspaceOMDHydrophones/Software/MicroBlaze_wrapper/microblaze_0/standalone_microblaze_0/bsp/system.mss
TRACE::2024-11-01.16:15:13::SCWMssOS::DEBUG:  swdes dump  C:/Cascade_hydrophones/WorkspaceOMDHydrophones/Software/MicroBlaze_wrapper/microblaze_0/standalone_microblaze_0/bsp/system.mss|system||

TRACE::2024-11-01.16:15:13::SCWMssOS::Sw design exists and opened at  C:/Cascade_hydrophones/WorkspaceOMDHydrophones/Software/MicroBlaze_wrapper/microblaze_0/standalone_microblaze_0/bsp/system.mss
TRACE::2024-11-01.16:15:13::SCWPlatform::Trying to open the hw design at C:/Cascade_hydrophones/WorkspaceOMDHydrophones/Software/MicroBlaze_wrapper/hw/MicroBlaze_wrapper.xsa
TRACE::2024-11-01.16:15:13::SCWPlatform::DSA given C:/Cascade_hydrophones/WorkspaceOMDHydrophones/Software/MicroBlaze_wrapper/hw/MicroBlaze_wrapper.xsa
TRACE::2024-11-01.16:15:13::SCWPlatform::DSA absoulate path C:/Cascade_hydrophones/WorkspaceOMDHydrophones/Software/MicroBlaze_wrapper/hw/MicroBlaze_wrapper.xsa
TRACE::2024-11-01.16:15:13::SCWPlatform::DSA directory C:/Cascade_hydrophones/WorkspaceOMDHydrophones/Software/MicroBlaze_wrapper/hw
TRACE::2024-11-01.16:15:13::SCWPlatform:: Platform Path C:/Cascade_hydrophones/WorkspaceOMDHydrophones/Software/MicroBlaze_wrapper/hw/MicroBlaze_wrapper.xsa
TRACE::2024-11-01.16:15:13::SCWPlatform:: Unique name xilinx:cmod-s7-25::0.0
TRACE::2024-11-01.16:15:13::SCWPlatform::Trying to set the existing hwdb with name MicroBlaze_wrapper_0
TRACE::2024-11-01.16:15:13::SCWPlatform::Opened existing hwdb MicroBlaze_wrapper_0
TRACE::2024-11-01.16:15:13::SCWPlatform::Found the Hw Db part of the input DSA
TRACE::2024-11-01.16:15:13::SCWMssOS::Checking the sw design at  C:/Cascade_hydrophones/WorkspaceOMDHydrophones/Software/MicroBlaze_wrapper/microblaze_0/standalone_microblaze_0/bsp/system.mss
TRACE::2024-11-01.16:15:13::SCWMssOS::DEBUG:  swdes dump  C:/Cascade_hydrophones/WorkspaceOMDHydrophones/Software/MicroBlaze_wrapper/microblaze_0/standalone_microblaze_0/bsp/system.mss|system||

TRACE::2024-11-01.16:15:13::SCWMssOS::Sw design exists and opened at  C:/Cascade_hydrophones/WorkspaceOMDHydrophones/Software/MicroBlaze_wrapper/microblaze_0/standalone_microblaze_0/bsp/system.mss
TRACE::2024-11-01.16:15:13::SCWWriter::formatted JSON is {
	"platformName":	"MicroBlaze_wrapper",
	"sprVersion":	"2.0",
	"mode":	"gui",
	"dsaType":	"Fixed",
	"platformDesc":	"MicroBlaze_wrapper",
	"platHandOff":	"C:/Cascade_hydrophones/WorkspaceOMDHydrophones/Hardware/HydroProccess/MicroBlaze_wrapper.xsa",
	"platIntHandOff":	"<platformDir>/hw/MicroBlaze_wrapper.xsa",
	"deviceType":	"FPGA",
	"platIsPrebuiltAutogen":	"false",
	"platIsNoBootBsp":	"false",
	"hasFsblMakeHasChanges":	"false",
	"hasPmufwMakeHasChanges":	"false",
	"platPreBuiltFlag":	false,
	"platformSamplesDir":	"",
	"platActiveSys":	"MicroBlaze_wrapper",
	"systems":	[{
			"systemName":	"MicroBlaze_wrapper",
			"systemDesc":	"MicroBlaze_wrapper",
			"sysIsBootAutoGen":	"true",
			"systemDispName":	"MicroBlaze_wrapper",
			"sysActiveDom":	"standalone_microblaze_0",
			"sysDefaultDom":	"standalone_microblaze_0",
			"domains":	[{
					"domainName":	"standalone_microblaze_0",
					"domainDispName":	"standalone_microblaze_0",
					"domainDesc":	"standalone_microblaze_0",
					"processors":	"microblaze_0",
					"os":	"standalone",
					"sdxOs":	"standalone",
					"debugEnable":	"False",
					"domRuntimes":	["cpp"],
					"swRepo":	"",
					"mssOsVer":	"8.0",
					"mssFile":	"",
					"md5Digest":	"6e91e78d049f568725ef943f0158302e",
					"compatibleApp":	"hello_world",
					"domType":	"mssDomain",
					"arch":	"32-bit",
					"appSettings":	{
						"appCompilerFlags":	"",
						"appLinkerFlags":	""
					},
					"addedLibs":	[],
					"libOptions":	{
						"libsContainingOptions":	[]
					},
					"prebuiltLibs":	{
						"prebuiltIncPath":	[],
						"prebuiltLibPath":	[]
					},
					"isolation":	{
					}
				}]
		}]
}
KEYINFO::2024-11-01.16:15:13::SCWPlatform::updated the xpfm file.
TRACE::2024-11-01.16:15:13::SCWPlatform::Trying to open the hw design at C:/Cascade_hydrophones/WorkspaceOMDHydrophones/Software/MicroBlaze_wrapper/hw/MicroBlaze_wrapper.xsa
TRACE::2024-11-01.16:15:13::SCWPlatform::DSA given C:/Cascade_hydrophones/WorkspaceOMDHydrophones/Software/MicroBlaze_wrapper/hw/MicroBlaze_wrapper.xsa
TRACE::2024-11-01.16:15:13::SCWPlatform::DSA absoulate path C:/Cascade_hydrophones/WorkspaceOMDHydrophones/Software/MicroBlaze_wrapper/hw/MicroBlaze_wrapper.xsa
TRACE::2024-11-01.16:15:13::SCWPlatform::DSA directory C:/Cascade_hydrophones/WorkspaceOMDHydrophones/Software/MicroBlaze_wrapper/hw
TRACE::2024-11-01.16:15:13::SCWPlatform:: Platform Path C:/Cascade_hydrophones/WorkspaceOMDHydrophones/Software/MicroBlaze_wrapper/hw/MicroBlaze_wrapper.xsa
TRACE::2024-11-01.16:15:13::SCWPlatform:: Unique name xilinx:cmod-s7-25::0.0
TRACE::2024-11-01.16:15:13::SCWPlatform::Trying to set the existing hwdb with name MicroBlaze_wrapper_0
TRACE::2024-11-01.16:15:13::SCWPlatform::Opened existing hwdb MicroBlaze_wrapper_0
TRACE::2024-11-01.16:15:13::SCWPlatform::Found the Hw Db part of the input DSA
TRACE::2024-11-01.16:15:13::SCWMssOS::Checking the sw design at  C:/Cascade_hydrophones/WorkspaceOMDHydrophones/Software/MicroBlaze_wrapper/microblaze_0/standalone_microblaze_0/bsp/system.mss
TRACE::2024-11-01.16:15:13::SCWMssOS::DEBUG:  swdes dump  C:/Cascade_hydrophones/WorkspaceOMDHydrophones/Software/MicroBlaze_wrapper/microblaze_0/standalone_microblaze_0/bsp/system.mss|system||

TRACE::2024-11-01.16:15:13::SCWMssOS::Sw design exists and opened at  C:/Cascade_hydrophones/WorkspaceOMDHydrophones/Software/MicroBlaze_wrapper/microblaze_0/standalone_microblaze_0/bsp/system.mss
