INFO: [VRFC 10-2263] Analyzing Verilog file "C:/Cascade_hydrophones/WorkspaceOMDHydrophones/Hardware/HydroProccess/HydroProccess.srcs/sources_1/new/SineWaveGen.v" into library xil_defaultlib
INFO: [VRFC 10-311] analyzing module SineWaveGen
INFO: [VRFC 10-2263] Analyzing SystemVerilog file "C:/Cascade_hydrophones/WorkspaceOMDHydrophones/Hardware/HydroProccess/HydroProccess.srcs/sources_1/new/XCORR_BRAM.sv" into library xil_defaultlib
INFO: [VRFC 10-311] analyzing module XCORR_BRAM
INFO: [VRFC 10-2263] Analyzing SystemVerilog file "C:/Cascade_hydrophones/WorkspaceOMDHydrophones/Hardware/HydroProccess/HydroProccess.srcs/sources_1/new/XCORR_SV.sv" into library xil_defaultlib
INFO: [VRFC 10-311] analyzing module XCORR_SV
WARNING: [VRFC 10-2502] extra semicolon in $unit (global) scope [C:/Cascade_hydrophones/WorkspaceOMDHydrophones/Hardware/HydroProccess/HydroProccess.srcs/sources_1/new/XCORR_SV.sv:112]
INFO: [VRFC 10-2263] Analyzing SystemVerilog file "C:/Cascade_hydrophones/WorkspaceOMDHydrophones/Hardware/HydroProccess/HydroProccess.srcs/sources_1/new/XCorr_BramMux.sv" into library xil_defaultlib
INFO: [VRFC 10-311] analyzing module XCorr_BramMux
INFO: [VRFC 10-2263] Analyzing SystemVerilog file "C:/Cascade_hydrophones/WorkspaceOMDHydrophones/Hardware/HydroProccess/HydroProccess.srcs/sources_1/new/XCorr_waveParser.sv" into library xil_defaultlib
INFO: [VRFC 10-311] analyzing module XCorr_waveParser
INFO: [VRFC 10-2263] Analyzing SystemVerilog file "C:/Cascade_hydrophones/WorkspaceOMDHydrophones/Hardware/HydroProccess/HydroProccess.srcs/sources_1/new/topXCorr.sv" into library xil_defaultlib
INFO: [VRFC 10-311] analyzing module topXCorr
INFO: [VRFC 10-2263] Analyzing Verilog file "C:/Cascade_hydrophones/WorkspaceOMDHydrophones/Hardware/HydroProccess/HydroProccess.srcs/sources_1/new/Wrapper_XCorr.v" into library xil_defaultlib
INFO: [VRFC 10-311] analyzing module Wrapper_XCorr
INFO: [VRFC 10-2263] Analyzing Verilog file "C:/Cascade_hydrophones/WorkspaceOMDHydrophones/Hardware/HydroProccess/HydroProccess.srcs/sources_1/new/MaximumFinder.v" into library xil_defaultlib
INFO: [VRFC 10-311] analyzing module MaximumFinder
INFO: [VRFC 10-2263] Analyzing Verilog file "C:/Cascade_hydrophones/WorkspaceOMDHydrophones/Hardware/HydroProccess/HydroProccess.ip_user_files/bd/XCORR_Unit/ip/XCORR_Unit_SineWaveGen_0_0/sim/XCORR_Unit_SineWaveGen_0_0.v" into library xil_defaultlib
INFO: [VRFC 10-311] analyzing module XCORR_Unit_SineWaveGen_0_0
INFO: [VRFC 10-2263] Analyzing Verilog file "C:/Cascade_hydrophones/WorkspaceOMDHydrophones/Hardware/HydroProccess/HydroProccess.ip_user_files/bd/XCORR_Unit/ip/XCORR_Unit_xlconstant_0_0/sim/XCORR_Unit_xlconstant_0_0.v" into library xil_defaultlib
INFO: [VRFC 10-311] analyzing module XCORR_Unit_xlconstant_0_0
INFO: [VRFC 10-2263] Analyzing Verilog file "C:/Cascade_hydrophones/WorkspaceOMDHydrophones/Hardware/HydroProccess/HydroProccess.ip_user_files/bd/XCORR_Unit/ip/XCORR_Unit_Wrapper_XCorr_0_0/sim/XCORR_Unit_Wrapper_XCorr_0_0.v" into library xil_defaultlib
INFO: [VRFC 10-311] analyzing module XCORR_Unit_Wrapper_XCorr_0_0
INFO: [VRFC 10-2263] Analyzing Verilog file "C:/Cascade_hydrophones/WorkspaceOMDHydrophones/Hardware/HydroProccess/HydroProccess.ip_user_files/bd/XCORR_Unit/ip/XCORR_Unit_SineWaveGen_1_0/sim/XCORR_Unit_SineWaveGen_1_0.v" into library xil_defaultlib
INFO: [VRFC 10-311] analyzing module XCORR_Unit_SineWaveGen_1_0
INFO: [VRFC 10-2263] Analyzing Verilog file "C:/Cascade_hydrophones/WorkspaceOMDHydrophones/Hardware/HydroProccess/HydroProccess.ip_user_files/bd/XCORR_Unit/ip/XCORR_Unit_SineWaveGen_2_0/sim/XCORR_Unit_SineWaveGen_2_0.v" into library xil_defaultlib
INFO: [VRFC 10-311] analyzing module XCORR_Unit_SineWaveGen_2_0
INFO: [VRFC 10-2263] Analyzing Verilog file "C:/Cascade_hydrophones/WorkspaceOMDHydrophones/Hardware/HydroProccess/HydroProccess.ip_user_files/bd/XCORR_Unit/ip/XCORR_Unit_xlconstant_1_0/sim/XCORR_Unit_xlconstant_1_0.v" into library xil_defaultlib
INFO: [VRFC 10-311] analyzing module XCORR_Unit_xlconstant_1_0
INFO: [VRFC 10-2263] Analyzing Verilog file "C:/Cascade_hydrophones/WorkspaceOMDHydrophones/Hardware/HydroProccess/HydroProccess.ip_user_files/bd/XCORR_Unit/ip/XCORR_Unit_xlslice_0_0/sim/XCORR_Unit_xlslice_0_0.v" into library xil_defaultlib
INFO: [VRFC 10-311] analyzing module XCORR_Unit_xlslice_0_0
INFO: [VRFC 10-2263] Analyzing Verilog file "C:/Cascade_hydrophones/WorkspaceOMDHydrophones/Hardware/HydroProccess/HydroProccess.ip_user_files/bd/XCORR_Unit/ip/XCORR_Unit_xlslice_1_0/sim/XCORR_Unit_xlslice_1_0.v" into library xil_defaultlib
INFO: [VRFC 10-311] analyzing module XCORR_Unit_xlslice_1_0
INFO: [VRFC 10-2263] Analyzing Verilog file "C:/Cascade_hydrophones/WorkspaceOMDHydrophones/Hardware/HydroProccess/HydroProccess.ip_user_files/bd/XCORR_Unit/ip/XCORR_Unit_MaximumFinder_0_0/sim/XCORR_Unit_MaximumFinder_0_0.v" into library xil_defaultlib
INFO: [VRFC 10-311] analyzing module XCORR_Unit_MaximumFinder_0_0
INFO: [VRFC 10-2263] Analyzing Verilog file "C:/Cascade_hydrophones/WorkspaceOMDHydrophones/Hardware/HydroProccess/HydroProccess.ip_user_files/bd/XCORR_Unit/sim/XCORR_Unit.v" into library xil_defaultlib
INFO: [VRFC 10-311] analyzing module XCORR_Unit
INFO: [VRFC 10-2263] Analyzing Verilog file "C:/Cascade_hydrophones/WorkspaceOMDHydrophones/Hardware/HydroProccess/HydroProccess.gen/sources_1/bd/XCORR_Unit/hdl/XCORR_Unit_wrapper.v" into library xil_defaultlib
INFO: [VRFC 10-311] analyzing module XCORR_Unit_wrapper
INFO: [VRFC 10-2263] Analyzing SystemVerilog file "C:/Cascade_hydrophones/WorkspaceOMDHydrophones/Hardware/HydroProccess/HydroProccess.srcs/sim_1/new/TestBenchXCorr.sv" into library xil_defaultlib
INFO: [VRFC 10-311] analyzing module TestBenchXCorr
INFO: [VRFC 10-2263] Analyzing Verilog file "C:/Cascade_hydrophones/WorkspaceOMDHydrophones/Hardware/HydroProccess/HydroProccess.sim/sim_1/behav/xsim/glbl.v" into library xil_defaultlib
INFO: [VRFC 10-311] analyzing module glbl
