Time resolution is 1 ps
Block Memory Generator module TestBench.DUT.MicroBlaze_i.blk_mem_gen_0.inst.native_mem_module.blk_mem_gen_v8_4_9_inst is using a behavioral model for simulation which will not precisely model memory collision behavior.
Block Memory Generator module TestBench.DUT.MicroBlaze_i.blk_mem_gen_1.inst.native_mem_module.blk_mem_gen_v8_4_9_inst is using a behavioral model for simulation which will not precisely model memory collision behavior.
XilinxAXIVIP: Found at Path: TestBench.DUT.MicroBlaze_i.processing_system7_0.inst.M_AXI_GP0.master
[0] : *ZYNQ_VIP_INFO : M_AXI_GP0 : Port is ENABLED.
XilinxAXIVIP: Found at Path: TestBench.DUT.MicroBlaze_i.processing_system7_0.inst.M_AXI_GP1.master
[0] : *ZYNQ_VIP_INFO : M_AXI_GP1 : Port is DISABLED.
XilinxAXIVIP: Found at Path: TestBench.DUT.MicroBlaze_i.processing_system7_0.inst.S_AXI_GP0.slave
[0] : *ZYNQ_VIP_INFO : S_AXI_GP0 : Port is DISABLED.
XilinxAXIVIP: Found at Path: TestBench.DUT.MicroBlaze_i.processing_system7_0.inst.S_AXI_GP1.slave
[0] : *ZYNQ_VIP_INFO : S_AXI_GP1 : Port is DISABLED.
XilinxAXIVIP: Found at Path: TestBench.DUT.MicroBlaze_i.processing_system7_0.inst.S_AXI_HP0.slave
[0] : *ZYNQ_VIP_INFO : S_AXI_HP0 : Port is DISABLED.
                   0 BEFORE checking line ...... x
                   0 AFTER checking line ...... x
XilinxAXIVIP: Found at Path: TestBench.DUT.MicroBlaze_i.processing_system7_0.inst.S_AXI_HP1.slave
[0] : *ZYNQ_VIP_INFO : S_AXI_HP1 : Port is DISABLED.
                   0 BEFORE checking line ...... x
                   0 AFTER checking line ...... x
XilinxAXIVIP: Found at Path: TestBench.DUT.MicroBlaze_i.processing_system7_0.inst.S_AXI_HP2.slave
[0] : *ZYNQ_VIP_INFO : S_AXI_HP2 : Port is DISABLED.
                   0 BEFORE checking line ...... x
                   0 AFTER checking line ...... x
XilinxAXIVIP: Found at Path: TestBench.DUT.MicroBlaze_i.processing_system7_0.inst.S_AXI_HP3.slave
[0] : *ZYNQ_VIP_INFO : S_AXI_HP3 : Port is DISABLED.
                   0 BEFORE checking line ...... x
                   0 AFTER checking line ...... x
XilinxAXIVIP: Found at Path: TestBench.DUT.MicroBlaze_i.processing_system7_0.inst.S_AXI_ACP.slave
[0] : *ZYNQ_VIP_INFO : S_AXI_ACP : Port is DISABLED.
                   0 else checking line ......x
WARNING: 2 ns TestBench.DUT.MicroBlaze_i.processing_system7_0.inst.M_AXI_GP0.master.IF : ARESET_N can't be X/Z after 1 cycle of clock. To downgrade, use <hierarchy_path to VIP>.IF.set_enable_xchecks_to_warn(), or filter using clr_enable_xchecks.
blk_mem_gen_v8_4_9 collision detected at time: 7500, Instance: TestBench.DUT.MicroBlaze_i.blk_mem_gen_0.inst.native_mem_module.blk_mem_gen_v8_4_9_inst, A read address: 0, B write address: 0
blk_mem_gen_v8_4_9 collision detected at time: 7500, Instance: TestBench.DUT.MicroBlaze_i.blk_mem_gen_1.inst.native_mem_module.blk_mem_gen_v8_4_9_inst, A read address: 0, B write address: 0
blk_mem_gen_v8_4_9 collision detected at time: 12500, Instance: TestBench.DUT.MicroBlaze_i.blk_mem_gen_0.inst.native_mem_module.blk_mem_gen_v8_4_9_inst, A read address: 0, B write address: 0
blk_mem_gen_v8_4_9 collision detected at time: 12500, Instance: TestBench.DUT.MicroBlaze_i.blk_mem_gen_1.inst.native_mem_module.blk_mem_gen_v8_4_9_inst, A read address: 0, B write address: 0
blk_mem_gen_v8_4_9 collision detected at time: 17500, Instance: TestBench.DUT.MicroBlaze_i.blk_mem_gen_0.inst.native_mem_module.blk_mem_gen_v8_4_9_inst, A read address: 0, B write address: 0
blk_mem_gen_v8_4_9 collision detected at time: 17500, Instance: TestBench.DUT.MicroBlaze_i.blk_mem_gen_1.inst.native_mem_module.blk_mem_gen_v8_4_9_inst, A read address: 0, B write address: 0
blk_mem_gen_v8_4_9 collision detected at time: 22500, Instance: TestBench.DUT.MicroBlaze_i.blk_mem_gen_0.inst.native_mem_module.blk_mem_gen_v8_4_9_inst, A read address: 0, B write address: 0
blk_mem_gen_v8_4_9 collision detected at time: 22500, Instance: TestBench.DUT.MicroBlaze_i.blk_mem_gen_1.inst.native_mem_module.blk_mem_gen_v8_4_9_inst, A read address: 0, B write address: 0
blk_mem_gen_v8_4_9 collision detected at time: 27500, Instance: TestBench.DUT.MicroBlaze_i.blk_mem_gen_0.inst.native_mem_module.blk_mem_gen_v8_4_9_inst, A read address: 0, B write address: 0
blk_mem_gen_v8_4_9 collision detected at time: 27500, Instance: TestBench.DUT.MicroBlaze_i.blk_mem_gen_1.inst.native_mem_module.blk_mem_gen_v8_4_9_inst, A read address: 0, B write address: 0
blk_mem_gen_v8_4_9 collision detected at time: 32500, Instance: TestBench.DUT.MicroBlaze_i.blk_mem_gen_0.inst.native_mem_module.blk_mem_gen_v8_4_9_inst, A read address: 0, B write address: 0
blk_mem_gen_v8_4_9 collision detected at time: 32500, Instance: TestBench.DUT.MicroBlaze_i.blk_mem_gen_1.inst.native_mem_module.blk_mem_gen_v8_4_9_inst, A read address: 0, B write address: 0
blk_mem_gen_v8_4_9 collision detected at time: 37500, Instance: TestBench.DUT.MicroBlaze_i.blk_mem_gen_0.inst.native_mem_module.blk_mem_gen_v8_4_9_inst, A read address: 0, B write address: 0
blk_mem_gen_v8_4_9 collision detected at time: 37500, Instance: TestBench.DUT.MicroBlaze_i.blk_mem_gen_1.inst.native_mem_module.blk_mem_gen_v8_4_9_inst, A read address: 0, B write address: 0
blk_mem_gen_v8_4_9 collision detected at time: 42500, Instance: TestBench.DUT.MicroBlaze_i.blk_mem_gen_0.inst.native_mem_module.blk_mem_gen_v8_4_9_inst, A read address: 0, B write address: 0
blk_mem_gen_v8_4_9 collision detected at time: 42500, Instance: TestBench.DUT.MicroBlaze_i.blk_mem_gen_1.inst.native_mem_module.blk_mem_gen_v8_4_9_inst, A read address: 0, B write address: 0
blk_mem_gen_v8_4_9 collision detected at time: 47500, Instance: TestBench.DUT.MicroBlaze_i.blk_mem_gen_0.inst.native_mem_module.blk_mem_gen_v8_4_9_inst, A read address: 0, B write address: 0
blk_mem_gen_v8_4_9 collision detected at time: 47500, Instance: TestBench.DUT.MicroBlaze_i.blk_mem_gen_1.inst.native_mem_module.blk_mem_gen_v8_4_9_inst, A read address: 0, B write address: 0
blk_mem_gen_v8_4_9 collision detected at time: 52500, Instance: TestBench.DUT.MicroBlaze_i.blk_mem_gen_0.inst.native_mem_module.blk_mem_gen_v8_4_9_inst, A read address: 0, B write address: 0
blk_mem_gen_v8_4_9 collision detected at time: 52500, Instance: TestBench.DUT.MicroBlaze_i.blk_mem_gen_1.inst.native_mem_module.blk_mem_gen_v8_4_9_inst, A read address: 0, B write address: 0
blk_mem_gen_v8_4_9 collision detected at time: 57500, Instance: TestBench.DUT.MicroBlaze_i.blk_mem_gen_0.inst.native_mem_module.blk_mem_gen_v8_4_9_inst, A read address: 0, B write address: 0
blk_mem_gen_v8_4_9 collision detected at time: 57500, Instance: TestBench.DUT.MicroBlaze_i.blk_mem_gen_1.inst.native_mem_module.blk_mem_gen_v8_4_9_inst, A read address: 0, B write address: 0
blk_mem_gen_v8_4_9 collision detected at time: 62500, Instance: TestBench.DUT.MicroBlaze_i.blk_mem_gen_0.inst.native_mem_module.blk_mem_gen_v8_4_9_inst, A read address: 0, B write address: 0
blk_mem_gen_v8_4_9 collision detected at time: 62500, Instance: TestBench.DUT.MicroBlaze_i.blk_mem_gen_1.inst.native_mem_module.blk_mem_gen_v8_4_9_inst, A read address: 0, B write address: 0
blk_mem_gen_v8_4_9 collision detected at time: 67500, Instance: TestBench.DUT.MicroBlaze_i.blk_mem_gen_0.inst.native_mem_module.blk_mem_gen_v8_4_9_inst, A read address: 0, B write address: 0
blk_mem_gen_v8_4_9 collision detected at time: 67500, Instance: TestBench.DUT.MicroBlaze_i.blk_mem_gen_1.inst.native_mem_module.blk_mem_gen_v8_4_9_inst, A read address: 0, B write address: 0
blk_mem_gen_v8_4_9 collision detected at time: 72500, Instance: TestBench.DUT.MicroBlaze_i.blk_mem_gen_0.inst.native_mem_module.blk_mem_gen_v8_4_9_inst, A read address: 0, B write address: 0
blk_mem_gen_v8_4_9 collision detected at time: 72500, Instance: TestBench.DUT.MicroBlaze_i.blk_mem_gen_1.inst.native_mem_module.blk_mem_gen_v8_4_9_inst, A read address: 0, B write address: 0
blk_mem_gen_v8_4_9 collision detected at time: 77500, Instance: TestBench.DUT.MicroBlaze_i.blk_mem_gen_0.inst.native_mem_module.blk_mem_gen_v8_4_9_inst, A read address: 0, B write address: 0
blk_mem_gen_v8_4_9 collision detected at time: 77500, Instance: TestBench.DUT.MicroBlaze_i.blk_mem_gen_1.inst.native_mem_module.blk_mem_gen_v8_4_9_inst, A read address: 0, B write address: 0
blk_mem_gen_v8_4_9 collision detected at time: 82500, Instance: TestBench.DUT.MicroBlaze_i.blk_mem_gen_0.inst.native_mem_module.blk_mem_gen_v8_4_9_inst, A read address: 0, B write address: 0
blk_mem_gen_v8_4_9 collision detected at time: 82500, Instance: TestBench.DUT.MicroBlaze_i.blk_mem_gen_1.inst.native_mem_module.blk_mem_gen_v8_4_9_inst, A read address: 0, B write address: 0
blk_mem_gen_v8_4_9 collision detected at time: 87500, Instance: TestBench.DUT.MicroBlaze_i.blk_mem_gen_0.inst.native_mem_module.blk_mem_gen_v8_4_9_inst, A read address: 0, B write address: 0
blk_mem_gen_v8_4_9 collision detected at time: 87500, Instance: TestBench.DUT.MicroBlaze_i.blk_mem_gen_1.inst.native_mem_module.blk_mem_gen_v8_4_9_inst, A read address: 0, B write address: 0
blk_mem_gen_v8_4_9 collision detected at time: 92500, Instance: TestBench.DUT.MicroBlaze_i.blk_mem_gen_0.inst.native_mem_module.blk_mem_gen_v8_4_9_inst, A read address: 0, B write address: 0
blk_mem_gen_v8_4_9 collision detected at time: 92500, Instance: TestBench.DUT.MicroBlaze_i.blk_mem_gen_1.inst.native_mem_module.blk_mem_gen_v8_4_9_inst, A read address: 0, B write address: 0
blk_mem_gen_v8_4_9 collision detected at time: 97500, Instance: TestBench.DUT.MicroBlaze_i.blk_mem_gen_0.inst.native_mem_module.blk_mem_gen_v8_4_9_inst, A read address: 0, B write address: 0
blk_mem_gen_v8_4_9 collision detected at time: 97500, Instance: TestBench.DUT.MicroBlaze_i.blk_mem_gen_1.inst.native_mem_module.blk_mem_gen_v8_4_9_inst, A read address: 0, B write address: 0
blk_mem_gen_v8_4_9 collision detected at time: 102500, Instance: TestBench.DUT.MicroBlaze_i.blk_mem_gen_0.inst.native_mem_module.blk_mem_gen_v8_4_9_inst, A read address: 0, B write address: 0
blk_mem_gen_v8_4_9 collision detected at time: 102500, Instance: TestBench.DUT.MicroBlaze_i.blk_mem_gen_1.inst.native_mem_module.blk_mem_gen_v8_4_9_inst, A read address: 0, B write address: 0
blk_mem_gen_v8_4_9 collision detected at time: 107500, Instance: TestBench.DUT.MicroBlaze_i.blk_mem_gen_0.inst.native_mem_module.blk_mem_gen_v8_4_9_inst, A read address: 0, B write address: 0
blk_mem_gen_v8_4_9 collision detected at time: 107500, Instance: TestBench.DUT.MicroBlaze_i.blk_mem_gen_1.inst.native_mem_module.blk_mem_gen_v8_4_9_inst, A read address: 0, B write address: 0
blk_mem_gen_v8_4_9 collision detected at time: 112500, Instance: TestBench.DUT.MicroBlaze_i.blk_mem_gen_0.inst.native_mem_module.blk_mem_gen_v8_4_9_inst, A read address: 0, B write address: 0
blk_mem_gen_v8_4_9 collision detected at time: 112500, Instance: TestBench.DUT.MicroBlaze_i.blk_mem_gen_1.inst.native_mem_module.blk_mem_gen_v8_4_9_inst, A read address: 0, B write address: 0
blk_mem_gen_v8_4_9 collision detected at time: 117500, Instance: TestBench.DUT.MicroBlaze_i.blk_mem_gen_0.inst.native_mem_module.blk_mem_gen_v8_4_9_inst, A read address: 0, B write address: 0
blk_mem_gen_v8_4_9 collision detected at time: 117500, Instance: TestBench.DUT.MicroBlaze_i.blk_mem_gen_1.inst.native_mem_module.blk_mem_gen_v8_4_9_inst, A read address: 0, B write address: 0
blk_mem_gen_v8_4_9 collision detected at time: 122500, Instance: TestBench.DUT.MicroBlaze_i.blk_mem_gen_0.inst.native_mem_module.blk_mem_gen_v8_4_9_inst, A read address: 0, B write address: 0
blk_mem_gen_v8_4_9 collision detected at time: 122500, Instance: TestBench.DUT.MicroBlaze_i.blk_mem_gen_1.inst.native_mem_module.blk_mem_gen_v8_4_9_inst, A read address: 0, B write address: 0
blk_mem_gen_v8_4_9 collision detected at time: 127500, Instance: TestBench.DUT.MicroBlaze_i.blk_mem_gen_0.inst.native_mem_module.blk_mem_gen_v8_4_9_inst, A read address: 0, B write address: 0
blk_mem_gen_v8_4_9 collision detected at time: 127500, Instance: TestBench.DUT.MicroBlaze_i.blk_mem_gen_1.inst.native_mem_module.blk_mem_gen_v8_4_9_inst, A read address: 0, B write address: 0
blk_mem_gen_v8_4_9 collision detected at time: 132500, Instance: TestBench.DUT.MicroBlaze_i.blk_mem_gen_0.inst.native_mem_module.blk_mem_gen_v8_4_9_inst, A read address: 0, B write address: 0
blk_mem_gen_v8_4_9 collision detected at time: 132500, Instance: TestBench.DUT.MicroBlaze_i.blk_mem_gen_1.inst.native_mem_module.blk_mem_gen_v8_4_9_inst, A read address: 0, B write address: 0
blk_mem_gen_v8_4_9 collision detected at time: 137500, Instance: TestBench.DUT.MicroBlaze_i.blk_mem_gen_0.inst.native_mem_module.blk_mem_gen_v8_4_9_inst, A read address: 0, B write address: 0
blk_mem_gen_v8_4_9 collision detected at time: 137500, Instance: TestBench.DUT.MicroBlaze_i.blk_mem_gen_1.inst.native_mem_module.blk_mem_gen_v8_4_9_inst, A read address: 0, B write address: 0
blk_mem_gen_v8_4_9 collision detected at time: 142500, Instance: TestBench.DUT.MicroBlaze_i.blk_mem_gen_0.inst.native_mem_module.blk_mem_gen_v8_4_9_inst, A read address: 0, B write address: 0
blk_mem_gen_v8_4_9 collision detected at time: 142500, Instance: TestBench.DUT.MicroBlaze_i.blk_mem_gen_1.inst.native_mem_module.blk_mem_gen_v8_4_9_inst, A read address: 0, B write address: 0
blk_mem_gen_v8_4_9 collision detected at time: 147500, Instance: TestBench.DUT.MicroBlaze_i.blk_mem_gen_0.inst.native_mem_module.blk_mem_gen_v8_4_9_inst, A read address: 0, B write address: 0
blk_mem_gen_v8_4_9 collision detected at time: 147500, Instance: TestBench.DUT.MicroBlaze_i.blk_mem_gen_1.inst.native_mem_module.blk_mem_gen_v8_4_9_inst, A read address: 0, B write address: 0
blk_mem_gen_v8_4_9 collision detected at time: 152500, Instance: TestBench.DUT.MicroBlaze_i.blk_mem_gen_0.inst.native_mem_module.blk_mem_gen_v8_4_9_inst, A read address: 0, B write address: 0
blk_mem_gen_v8_4_9 collision detected at time: 152500, Instance: TestBench.DUT.MicroBlaze_i.blk_mem_gen_1.inst.native_mem_module.blk_mem_gen_v8_4_9_inst, A read address: 0, B write address: 0
blk_mem_gen_v8_4_9 collision detected at time: 157500, Instance: TestBench.DUT.MicroBlaze_i.blk_mem_gen_0.inst.native_mem_module.blk_mem_gen_v8_4_9_inst, A read address: 0, B write address: 0
blk_mem_gen_v8_4_9 collision detected at time: 157500, Instance: TestBench.DUT.MicroBlaze_i.blk_mem_gen_1.inst.native_mem_module.blk_mem_gen_v8_4_9_inst, A read address: 0, B write address: 0
blk_mem_gen_v8_4_9 collision detected at time: 162500, Instance: TestBench.DUT.MicroBlaze_i.blk_mem_gen_0.inst.native_mem_module.blk_mem_gen_v8_4_9_inst, A read address: 0, B write address: 0
blk_mem_gen_v8_4_9 collision detected at time: 162500, Instance: TestBench.DUT.MicroBlaze_i.blk_mem_gen_1.inst.native_mem_module.blk_mem_gen_v8_4_9_inst, A read address: 0, B write address: 0
blk_mem_gen_v8_4_9 collision detected at time: 167500, Instance: TestBench.DUT.MicroBlaze_i.blk_mem_gen_0.inst.native_mem_module.blk_mem_gen_v8_4_9_inst, A read address: 0, B write address: 0
blk_mem_gen_v8_4_9 collision detected at time: 167500, Instance: TestBench.DUT.MicroBlaze_i.blk_mem_gen_1.inst.native_mem_module.blk_mem_gen_v8_4_9_inst, A read address: 0, B write address: 0
blk_mem_gen_v8_4_9 collision detected at time: 172500, Instance: TestBench.DUT.MicroBlaze_i.blk_mem_gen_0.inst.native_mem_module.blk_mem_gen_v8_4_9_inst, A read address: 0, B write address: 0
blk_mem_gen_v8_4_9 collision detected at time: 172500, Instance: TestBench.DUT.MicroBlaze_i.blk_mem_gen_1.inst.native_mem_module.blk_mem_gen_v8_4_9_inst, A read address: 0, B write address: 0
blk_mem_gen_v8_4_9 collision detected at time: 177500, Instance: TestBench.DUT.MicroBlaze_i.blk_mem_gen_0.inst.native_mem_module.blk_mem_gen_v8_4_9_inst, A read address: 0, B write address: 0
blk_mem_gen_v8_4_9 collision detected at time: 177500, Instance: TestBench.DUT.MicroBlaze_i.blk_mem_gen_1.inst.native_mem_module.blk_mem_gen_v8_4_9_inst, A read address: 0, B write address: 0
blk_mem_gen_v8_4_9 collision detected at time: 182500, Instance: TestBench.DUT.MicroBlaze_i.blk_mem_gen_0.inst.native_mem_module.blk_mem_gen_v8_4_9_inst, A read address: 0, B write address: 0
blk_mem_gen_v8_4_9 collision detected at time: 182500, Instance: TestBench.DUT.MicroBlaze_i.blk_mem_gen_1.inst.native_mem_module.blk_mem_gen_v8_4_9_inst, A read address: 0, B write address: 0
blk_mem_gen_v8_4_9 collision detected at time: 187500, Instance: TestBench.DUT.MicroBlaze_i.blk_mem_gen_0.inst.native_mem_module.blk_mem_gen_v8_4_9_inst, A read address: 0, B write address: 0
blk_mem_gen_v8_4_9 collision detected at time: 187500, Instance: TestBench.DUT.MicroBlaze_i.blk_mem_gen_1.inst.native_mem_module.blk_mem_gen_v8_4_9_inst, A read address: 0, B write address: 0
blk_mem_gen_v8_4_9 collision detected at time: 192500, Instance: TestBench.DUT.MicroBlaze_i.blk_mem_gen_0.inst.native_mem_module.blk_mem_gen_v8_4_9_inst, A read address: 0, B write address: 0
blk_mem_gen_v8_4_9 collision detected at time: 192500, Instance: TestBench.DUT.MicroBlaze_i.blk_mem_gen_1.inst.native_mem_module.blk_mem_gen_v8_4_9_inst, A read address: 0, B write address: 0
blk_mem_gen_v8_4_9 collision detected at time: 197500, Instance: TestBench.DUT.MicroBlaze_i.blk_mem_gen_0.inst.native_mem_module.blk_mem_gen_v8_4_9_inst, A read address: 0, B write address: 0
blk_mem_gen_v8_4_9 collision detected at time: 197500, Instance: TestBench.DUT.MicroBlaze_i.blk_mem_gen_1.inst.native_mem_module.blk_mem_gen_v8_4_9_inst, A read address: 0, B write address: 0
blk_mem_gen_v8_4_9 collision detected at time: 202500, Instance: TestBench.DUT.MicroBlaze_i.blk_mem_gen_0.inst.native_mem_module.blk_mem_gen_v8_4_9_inst, A read address: 0, B write address: 0
blk_mem_gen_v8_4_9 collision detected at time: 202500, Instance: TestBench.DUT.MicroBlaze_i.blk_mem_gen_1.inst.native_mem_module.blk_mem_gen_v8_4_9_inst, A read address: 0, B write address: 0
blk_mem_gen_v8_4_9 collision detected at time: 207500, Instance: TestBench.DUT.MicroBlaze_i.blk_mem_gen_0.inst.native_mem_module.blk_mem_gen_v8_4_9_inst, A read address: 0, B write address: 0
blk_mem_gen_v8_4_9 collision detected at time: 207500, Instance: TestBench.DUT.MicroBlaze_i.blk_mem_gen_1.inst.native_mem_module.blk_mem_gen_v8_4_9_inst, A read address: 0, B write address: 0
blk_mem_gen_v8_4_9 collision detected at time: 212500, Instance: TestBench.DUT.MicroBlaze_i.blk_mem_gen_0.inst.native_mem_module.blk_mem_gen_v8_4_9_inst, A read address: 0, B write address: 0
blk_mem_gen_v8_4_9 collision detected at time: 212500, Instance: TestBench.DUT.MicroBlaze_i.blk_mem_gen_1.inst.native_mem_module.blk_mem_gen_v8_4_9_inst, A read address: 0, B write address: 0
blk_mem_gen_v8_4_9 collision detected at time: 217500, Instance: TestBench.DUT.MicroBlaze_i.blk_mem_gen_0.inst.native_mem_module.blk_mem_gen_v8_4_9_inst, A read address: 0, B write address: 0
blk_mem_gen_v8_4_9 collision detected at time: 217500, Instance: TestBench.DUT.MicroBlaze_i.blk_mem_gen_1.inst.native_mem_module.blk_mem_gen_v8_4_9_inst, A read address: 0, B write address: 0
blk_mem_gen_v8_4_9 collision detected at time: 222500, Instance: TestBench.DUT.MicroBlaze_i.blk_mem_gen_0.inst.native_mem_module.blk_mem_gen_v8_4_9_inst, A read address: 0, B write address: 0
blk_mem_gen_v8_4_9 collision detected at time: 222500, Instance: TestBench.DUT.MicroBlaze_i.blk_mem_gen_1.inst.native_mem_module.blk_mem_gen_v8_4_9_inst, A read address: 0, B write address: 0
blk_mem_gen_v8_4_9 collision detected at time: 227500, Instance: TestBench.DUT.MicroBlaze_i.blk_mem_gen_0.inst.native_mem_module.blk_mem_gen_v8_4_9_inst, A read address: 0, B write address: 0
blk_mem_gen_v8_4_9 collision detected at time: 227500, Instance: TestBench.DUT.MicroBlaze_i.blk_mem_gen_1.inst.native_mem_module.blk_mem_gen_v8_4_9_inst, A read address: 0, B write address: 0
blk_mem_gen_v8_4_9 collision detected at time: 232500, Instance: TestBench.DUT.MicroBlaze_i.blk_mem_gen_0.inst.native_mem_module.blk_mem_gen_v8_4_9_inst, A read address: 0, B write address: 0
blk_mem_gen_v8_4_9 collision detected at time: 232500, Instance: TestBench.DUT.MicroBlaze_i.blk_mem_gen_1.inst.native_mem_module.blk_mem_gen_v8_4_9_inst, A read address: 0, B write address: 0
blk_mem_gen_v8_4_9 collision detected at time: 237500, Instance: TestBench.DUT.MicroBlaze_i.blk_mem_gen_0.inst.native_mem_module.blk_mem_gen_v8_4_9_inst, A read address: 0, B write address: 0
blk_mem_gen_v8_4_9 collision detected at time: 237500, Instance: TestBench.DUT.MicroBlaze_i.blk_mem_gen_1.inst.native_mem_module.blk_mem_gen_v8_4_9_inst, A read address: 0, B write address: 0
blk_mem_gen_v8_4_9 collision detected at time: 242500, Instance: TestBench.DUT.MicroBlaze_i.blk_mem_gen_0.inst.native_mem_module.blk_mem_gen_v8_4_9_inst, A read address: 0, B write address: 0
blk_mem_gen_v8_4_9 collision detected at time: 242500, Instance: TestBench.DUT.MicroBlaze_i.blk_mem_gen_1.inst.native_mem_module.blk_mem_gen_v8_4_9_inst, A read address: 0, B write address: 0
blk_mem_gen_v8_4_9 collision detected at time: 247500, Instance: TestBench.DUT.MicroBlaze_i.blk_mem_gen_0.inst.native_mem_module.blk_mem_gen_v8_4_9_inst, A read address: 0, B write address: 0
blk_mem_gen_v8_4_9 collision detected at time: 247500, Instance: TestBench.DUT.MicroBlaze_i.blk_mem_gen_1.inst.native_mem_module.blk_mem_gen_v8_4_9_inst, A read address: 0, B write address: 0
blk_mem_gen_v8_4_9 collision detected at time: 252500, Instance: TestBench.DUT.MicroBlaze_i.blk_mem_gen_0.inst.native_mem_module.blk_mem_gen_v8_4_9_inst, A read address: 0, B write address: 0
blk_mem_gen_v8_4_9 collision detected at time: 252500, Instance: TestBench.DUT.MicroBlaze_i.blk_mem_gen_1.inst.native_mem_module.blk_mem_gen_v8_4_9_inst, A read address: 0, B write address: 0
blk_mem_gen_v8_4_9 collision detected at time: 257500, Instance: TestBench.DUT.MicroBlaze_i.blk_mem_gen_0.inst.native_mem_module.blk_mem_gen_v8_4_9_inst, A read address: 0, B write address: 0
blk_mem_gen_v8_4_9 collision detected at time: 257500, Instance: TestBench.DUT.MicroBlaze_i.blk_mem_gen_1.inst.native_mem_module.blk_mem_gen_v8_4_9_inst, A read address: 0, B write address: 0
blk_mem_gen_v8_4_9 collision detected at time: 262500, Instance: TestBench.DUT.MicroBlaze_i.blk_mem_gen_0.inst.native_mem_module.blk_mem_gen_v8_4_9_inst, A read address: 0, B write address: 0
blk_mem_gen_v8_4_9 collision detected at time: 262500, Instance: TestBench.DUT.MicroBlaze_i.blk_mem_gen_1.inst.native_mem_module.blk_mem_gen_v8_4_9_inst, A read address: 0, B write address: 0
blk_mem_gen_v8_4_9 collision detected at time: 267500, Instance: TestBench.DUT.MicroBlaze_i.blk_mem_gen_0.inst.native_mem_module.blk_mem_gen_v8_4_9_inst, A read address: 0, B write address: 0
blk_mem_gen_v8_4_9 collision detected at time: 267500, Instance: TestBench.DUT.MicroBlaze_i.blk_mem_gen_1.inst.native_mem_module.blk_mem_gen_v8_4_9_inst, A read address: 0, B write address: 0
blk_mem_gen_v8_4_9 collision detected at time: 272500, Instance: TestBench.DUT.MicroBlaze_i.blk_mem_gen_0.inst.native_mem_module.blk_mem_gen_v8_4_9_inst, A read address: 0, B write address: 0
blk_mem_gen_v8_4_9 collision detected at time: 272500, Instance: TestBench.DUT.MicroBlaze_i.blk_mem_gen_1.inst.native_mem_module.blk_mem_gen_v8_4_9_inst, A read address: 0, B write address: 0
blk_mem_gen_v8_4_9 collision detected at time: 277500, Instance: TestBench.DUT.MicroBlaze_i.blk_mem_gen_0.inst.native_mem_module.blk_mem_gen_v8_4_9_inst, A read address: 0, B write address: 0
blk_mem_gen_v8_4_9 collision detected at time: 277500, Instance: TestBench.DUT.MicroBlaze_i.blk_mem_gen_1.inst.native_mem_module.blk_mem_gen_v8_4_9_inst, A read address: 0, B write address: 0
blk_mem_gen_v8_4_9 collision detected at time: 282500, Instance: TestBench.DUT.MicroBlaze_i.blk_mem_gen_0.inst.native_mem_module.blk_mem_gen_v8_4_9_inst, A read address: 0, B write address: 0
blk_mem_gen_v8_4_9 collision detected at time: 282500, Instance: TestBench.DUT.MicroBlaze_i.blk_mem_gen_1.inst.native_mem_module.blk_mem_gen_v8_4_9_inst, A read address: 0, B write address: 0
blk_mem_gen_v8_4_9 collision detected at time: 287500, Instance: TestBench.DUT.MicroBlaze_i.blk_mem_gen_0.inst.native_mem_module.blk_mem_gen_v8_4_9_inst, A read address: 0, B write address: 0
blk_mem_gen_v8_4_9 collision detected at time: 287500, Instance: TestBench.DUT.MicroBlaze_i.blk_mem_gen_1.inst.native_mem_module.blk_mem_gen_v8_4_9_inst, A read address: 0, B write address: 0
blk_mem_gen_v8_4_9 collision detected at time: 292500, Instance: TestBench.DUT.MicroBlaze_i.blk_mem_gen_0.inst.native_mem_module.blk_mem_gen_v8_4_9_inst, A read address: 0, B write address: 0
blk_mem_gen_v8_4_9 collision detected at time: 292500, Instance: TestBench.DUT.MicroBlaze_i.blk_mem_gen_1.inst.native_mem_module.blk_mem_gen_v8_4_9_inst, A read address: 0, B write address: 0
blk_mem_gen_v8_4_9 collision detected at time: 297500, Instance: TestBench.DUT.MicroBlaze_i.blk_mem_gen_0.inst.native_mem_module.blk_mem_gen_v8_4_9_inst, A read address: 0, B write address: 0
blk_mem_gen_v8_4_9 collision detected at time: 297500, Instance: TestBench.DUT.MicroBlaze_i.blk_mem_gen_1.inst.native_mem_module.blk_mem_gen_v8_4_9_inst, A read address: 0, B write address: 0
blk_mem_gen_v8_4_9 collision detected at time: 302500, Instance: TestBench.DUT.MicroBlaze_i.blk_mem_gen_0.inst.native_mem_module.blk_mem_gen_v8_4_9_inst, A read address: 0, B write address: 0
blk_mem_gen_v8_4_9 collision detected at time: 302500, Instance: TestBench.DUT.MicroBlaze_i.blk_mem_gen_1.inst.native_mem_module.blk_mem_gen_v8_4_9_inst, A read address: 0, B write address: 0
blk_mem_gen_v8_4_9 collision detected at time: 307500, Instance: TestBench.DUT.MicroBlaze_i.blk_mem_gen_0.inst.native_mem_module.blk_mem_gen_v8_4_9_inst, A read address: 0, B write address: 0
blk_mem_gen_v8_4_9 collision detected at time: 307500, Instance: TestBench.DUT.MicroBlaze_i.blk_mem_gen_1.inst.native_mem_module.blk_mem_gen_v8_4_9_inst, A read address: 0, B write address: 0
blk_mem_gen_v8_4_9 collision detected at time: 312500, Instance: TestBench.DUT.MicroBlaze_i.blk_mem_gen_0.inst.native_mem_module.blk_mem_gen_v8_4_9_inst, A read address: 0, B write address: 0
blk_mem_gen_v8_4_9 collision detected at time: 312500, Instance: TestBench.DUT.MicroBlaze_i.blk_mem_gen_1.inst.native_mem_module.blk_mem_gen_v8_4_9_inst, A read address: 0, B write address: 0
blk_mem_gen_v8_4_9 collision detected at time: 317500, Instance: TestBench.DUT.MicroBlaze_i.blk_mem_gen_0.inst.native_mem_module.blk_mem_gen_v8_4_9_inst, A read address: 0, B write address: 0
blk_mem_gen_v8_4_9 collision detected at time: 317500, Instance: TestBench.DUT.MicroBlaze_i.blk_mem_gen_1.inst.native_mem_module.blk_mem_gen_v8_4_9_inst, A read address: 0, B write address: 0
blk_mem_gen_v8_4_9 collision detected at time: 322500, Instance: TestBench.DUT.MicroBlaze_i.blk_mem_gen_0.inst.native_mem_module.blk_mem_gen_v8_4_9_inst, A read address: 0, B write address: 0
blk_mem_gen_v8_4_9 collision detected at time: 322500, Instance: TestBench.DUT.MicroBlaze_i.blk_mem_gen_1.inst.native_mem_module.blk_mem_gen_v8_4_9_inst, A read address: 0, B write address: 0
blk_mem_gen_v8_4_9 collision detected at time: 327500, Instance: TestBench.DUT.MicroBlaze_i.blk_mem_gen_0.inst.native_mem_module.blk_mem_gen_v8_4_9_inst, A read address: 0, B write address: 0
blk_mem_gen_v8_4_9 collision detected at time: 327500, Instance: TestBench.DUT.MicroBlaze_i.blk_mem_gen_1.inst.native_mem_module.blk_mem_gen_v8_4_9_inst, A read address: 0, B write address: 0
blk_mem_gen_v8_4_9 collision detected at time: 332500, Instance: TestBench.DUT.MicroBlaze_i.blk_mem_gen_0.inst.native_mem_module.blk_mem_gen_v8_4_9_inst, A read address: 0, B write address: 0
blk_mem_gen_v8_4_9 collision detected at time: 332500, Instance: TestBench.DUT.MicroBlaze_i.blk_mem_gen_1.inst.native_mem_module.blk_mem_gen_v8_4_9_inst, A read address: 0, B write address: 0
blk_mem_gen_v8_4_9 collision detected at time: 337500, Instance: TestBench.DUT.MicroBlaze_i.blk_mem_gen_0.inst.native_mem_module.blk_mem_gen_v8_4_9_inst, A read address: 0, B write address: 0
blk_mem_gen_v8_4_9 collision detected at time: 337500, Instance: TestBench.DUT.MicroBlaze_i.blk_mem_gen_1.inst.native_mem_module.blk_mem_gen_v8_4_9_inst, A read address: 0, B write address: 0
blk_mem_gen_v8_4_9 collision detected at time: 342500, Instance: TestBench.DUT.MicroBlaze_i.blk_mem_gen_0.inst.native_mem_module.blk_mem_gen_v8_4_9_inst, A read address: 0, B write address: 0
blk_mem_gen_v8_4_9 collision detected at time: 342500, Instance: TestBench.DUT.MicroBlaze_i.blk_mem_gen_1.inst.native_mem_module.blk_mem_gen_v8_4_9_inst, A read address: 0, B write address: 0
blk_mem_gen_v8_4_9 collision detected at time: 347500, Instance: TestBench.DUT.MicroBlaze_i.blk_mem_gen_0.inst.native_mem_module.blk_mem_gen_v8_4_9_inst, A read address: 0, B write address: 0
blk_mem_gen_v8_4_9 collision detected at time: 347500, Instance: TestBench.DUT.MicroBlaze_i.blk_mem_gen_1.inst.native_mem_module.blk_mem_gen_v8_4_9_inst, A read address: 0, B write address: 0
blk_mem_gen_v8_4_9 collision detected at time: 352500, Instance: TestBench.DUT.MicroBlaze_i.blk_mem_gen_0.inst.native_mem_module.blk_mem_gen_v8_4_9_inst, A read address: 0, B write address: 0
blk_mem_gen_v8_4_9 collision detected at time: 352500, Instance: TestBench.DUT.MicroBlaze_i.blk_mem_gen_1.inst.native_mem_module.blk_mem_gen_v8_4_9_inst, A read address: 0, B write address: 0
blk_mem_gen_v8_4_9 collision detected at time: 357500, Instance: TestBench.DUT.MicroBlaze_i.blk_mem_gen_0.inst.native_mem_module.blk_mem_gen_v8_4_9_inst, A read address: 0, B write address: 0
blk_mem_gen_v8_4_9 collision detected at time: 357500, Instance: TestBench.DUT.MicroBlaze_i.blk_mem_gen_1.inst.native_mem_module.blk_mem_gen_v8_4_9_inst, A read address: 0, B write address: 0
blk_mem_gen_v8_4_9 collision detected at time: 362500, Instance: TestBench.DUT.MicroBlaze_i.blk_mem_gen_0.inst.native_mem_module.blk_mem_gen_v8_4_9_inst, A read address: 0, B write address: 0
blk_mem_gen_v8_4_9 collision detected at time: 362500, Instance: TestBench.DUT.MicroBlaze_i.blk_mem_gen_1.inst.native_mem_module.blk_mem_gen_v8_4_9_inst, A read address: 0, B write address: 0
blk_mem_gen_v8_4_9 collision detected at time: 367500, Instance: TestBench.DUT.MicroBlaze_i.blk_mem_gen_0.inst.native_mem_module.blk_mem_gen_v8_4_9_inst, A read address: 0, B write address: 0
blk_mem_gen_v8_4_9 collision detected at time: 367500, Instance: TestBench.DUT.MicroBlaze_i.blk_mem_gen_1.inst.native_mem_module.blk_mem_gen_v8_4_9_inst, A read address: 0, B write address: 0
blk_mem_gen_v8_4_9 collision detected at time: 372500, Instance: TestBench.DUT.MicroBlaze_i.blk_mem_gen_0.inst.native_mem_module.blk_mem_gen_v8_4_9_inst, A read address: 0, B write address: 0
blk_mem_gen_v8_4_9 collision detected at time: 372500, Instance: TestBench.DUT.MicroBlaze_i.blk_mem_gen_1.inst.native_mem_module.blk_mem_gen_v8_4_9_inst, A read address: 0, B write address: 0
blk_mem_gen_v8_4_9 collision detected at time: 377500, Instance: TestBench.DUT.MicroBlaze_i.blk_mem_gen_0.inst.native_mem_module.blk_mem_gen_v8_4_9_inst, A read address: 0, B write address: 0
blk_mem_gen_v8_4_9 collision detected at time: 377500, Instance: TestBench.DUT.MicroBlaze_i.blk_mem_gen_1.inst.native_mem_module.blk_mem_gen_v8_4_9_inst, A read address: 0, B write address: 0
blk_mem_gen_v8_4_9 collision detected at time: 382500, Instance: TestBench.DUT.MicroBlaze_i.blk_mem_gen_0.inst.native_mem_module.blk_mem_gen_v8_4_9_inst, A read address: 0, B write address: 0
blk_mem_gen_v8_4_9 collision detected at time: 382500, Instance: TestBench.DUT.MicroBlaze_i.blk_mem_gen_1.inst.native_mem_module.blk_mem_gen_v8_4_9_inst, A read address: 0, B write address: 0
blk_mem_gen_v8_4_9 collision detected at time: 387500, Instance: TestBench.DUT.MicroBlaze_i.blk_mem_gen_0.inst.native_mem_module.blk_mem_gen_v8_4_9_inst, A read address: 0, B write address: 0
blk_mem_gen_v8_4_9 collision detected at time: 387500, Instance: TestBench.DUT.MicroBlaze_i.blk_mem_gen_1.inst.native_mem_module.blk_mem_gen_v8_4_9_inst, A read address: 0, B write address: 0
blk_mem_gen_v8_4_9 collision detected at time: 392500, Instance: TestBench.DUT.MicroBlaze_i.blk_mem_gen_0.inst.native_mem_module.blk_mem_gen_v8_4_9_inst, A read address: 0, B write address: 0
blk_mem_gen_v8_4_9 collision detected at time: 392500, Instance: TestBench.DUT.MicroBlaze_i.blk_mem_gen_1.inst.native_mem_module.blk_mem_gen_v8_4_9_inst, A read address: 0, B write address: 0
blk_mem_gen_v8_4_9 collision detected at time: 397500, Instance: TestBench.DUT.MicroBlaze_i.blk_mem_gen_0.inst.native_mem_module.blk_mem_gen_v8_4_9_inst, A read address: 0, B write address: 0
blk_mem_gen_v8_4_9 collision detected at time: 397500, Instance: TestBench.DUT.MicroBlaze_i.blk_mem_gen_1.inst.native_mem_module.blk_mem_gen_v8_4_9_inst, A read address: 0, B write address: 0
blk_mem_gen_v8_4_9 collision detected at time: 402500, Instance: TestBench.DUT.MicroBlaze_i.blk_mem_gen_0.inst.native_mem_module.blk_mem_gen_v8_4_9_inst, A read address: 0, B write address: 0
blk_mem_gen_v8_4_9 collision detected at time: 402500, Instance: TestBench.DUT.MicroBlaze_i.blk_mem_gen_1.inst.native_mem_module.blk_mem_gen_v8_4_9_inst, A read address: 0, B write address: 0
blk_mem_gen_v8_4_9 collision detected at time: 407500, Instance: TestBench.DUT.MicroBlaze_i.blk_mem_gen_0.inst.native_mem_module.blk_mem_gen_v8_4_9_inst, A read address: 0, B write address: 0
blk_mem_gen_v8_4_9 collision detected at time: 407500, Instance: TestBench.DUT.MicroBlaze_i.blk_mem_gen_1.inst.native_mem_module.blk_mem_gen_v8_4_9_inst, A read address: 0, B write address: 0
blk_mem_gen_v8_4_9 collision detected at time: 412500, Instance: TestBench.DUT.MicroBlaze_i.blk_mem_gen_0.inst.native_mem_module.blk_mem_gen_v8_4_9_inst, A read address: 0, B write address: 0
blk_mem_gen_v8_4_9 collision detected at time: 412500, Instance: TestBench.DUT.MicroBlaze_i.blk_mem_gen_1.inst.native_mem_module.blk_mem_gen_v8_4_9_inst, A read address: 0, B write address: 0
blk_mem_gen_v8_4_9 collision detected at time: 417500, Instance: TestBench.DUT.MicroBlaze_i.blk_mem_gen_0.inst.native_mem_module.blk_mem_gen_v8_4_9_inst, A read address: 0, B write address: 0
blk_mem_gen_v8_4_9 collision detected at time: 417500, Instance: TestBench.DUT.MicroBlaze_i.blk_mem_gen_1.inst.native_mem_module.blk_mem_gen_v8_4_9_inst, A read address: 0, B write address: 0
blk_mem_gen_v8_4_9 collision detected at time: 422500, Instance: TestBench.DUT.MicroBlaze_i.blk_mem_gen_0.inst.native_mem_module.blk_mem_gen_v8_4_9_inst, A read address: 0, B write address: 0
blk_mem_gen_v8_4_9 collision detected at time: 422500, Instance: TestBench.DUT.MicroBlaze_i.blk_mem_gen_1.inst.native_mem_module.blk_mem_gen_v8_4_9_inst, A read address: 0, B write address: 0
blk_mem_gen_v8_4_9 collision detected at time: 427500, Instance: TestBench.DUT.MicroBlaze_i.blk_mem_gen_0.inst.native_mem_module.blk_mem_gen_v8_4_9_inst, A read address: 0, B write address: 0
blk_mem_gen_v8_4_9 collision detected at time: 427500, Instance: TestBench.DUT.MicroBlaze_i.blk_mem_gen_1.inst.native_mem_module.blk_mem_gen_v8_4_9_inst, A read address: 0, B write address: 0
blk_mem_gen_v8_4_9 collision detected at time: 432500, Instance: TestBench.DUT.MicroBlaze_i.blk_mem_gen_0.inst.native_mem_module.blk_mem_gen_v8_4_9_inst, A read address: 0, B write address: 0
blk_mem_gen_v8_4_9 collision detected at time: 432500, Instance: TestBench.DUT.MicroBlaze_i.blk_mem_gen_1.inst.native_mem_module.blk_mem_gen_v8_4_9_inst, A read address: 0, B write address: 0
blk_mem_gen_v8_4_9 collision detected at time: 437500, Instance: TestBench.DUT.MicroBlaze_i.blk_mem_gen_0.inst.native_mem_module.blk_mem_gen_v8_4_9_inst, A read address: 0, B write address: 0
blk_mem_gen_v8_4_9 collision detected at time: 437500, Instance: TestBench.DUT.MicroBlaze_i.blk_mem_gen_1.inst.native_mem_module.blk_mem_gen_v8_4_9_inst, A read address: 0, B write address: 0
blk_mem_gen_v8_4_9 collision detected at time: 442500, Instance: TestBench.DUT.MicroBlaze_i.blk_mem_gen_0.inst.native_mem_module.blk_mem_gen_v8_4_9_inst, A read address: 0, B write address: 0
blk_mem_gen_v8_4_9 collision detected at time: 442500, Instance: TestBench.DUT.MicroBlaze_i.blk_mem_gen_1.inst.native_mem_module.blk_mem_gen_v8_4_9_inst, A read address: 0, B write address: 0
blk_mem_gen_v8_4_9 collision detected at time: 447500, Instance: TestBench.DUT.MicroBlaze_i.blk_mem_gen_0.inst.native_mem_module.blk_mem_gen_v8_4_9_inst, A read address: 0, B write address: 0
blk_mem_gen_v8_4_9 collision detected at time: 447500, Instance: TestBench.DUT.MicroBlaze_i.blk_mem_gen_1.inst.native_mem_module.blk_mem_gen_v8_4_9_inst, A read address: 0, B write address: 0
blk_mem_gen_v8_4_9 collision detected at time: 452500, Instance: TestBench.DUT.MicroBlaze_i.blk_mem_gen_0.inst.native_mem_module.blk_mem_gen_v8_4_9_inst, A read address: 0, B write address: 0
blk_mem_gen_v8_4_9 collision detected at time: 452500, Instance: TestBench.DUT.MicroBlaze_i.blk_mem_gen_1.inst.native_mem_module.blk_mem_gen_v8_4_9_inst, A read address: 0, B write address: 0
blk_mem_gen_v8_4_9 collision detected at time: 457500, Instance: TestBench.DUT.MicroBlaze_i.blk_mem_gen_0.inst.native_mem_module.blk_mem_gen_v8_4_9_inst, A read address: 0, B write address: 0
blk_mem_gen_v8_4_9 collision detected at time: 457500, Instance: TestBench.DUT.MicroBlaze_i.blk_mem_gen_1.inst.native_mem_module.blk_mem_gen_v8_4_9_inst, A read address: 0, B write address: 0
blk_mem_gen_v8_4_9 collision detected at time: 462500, Instance: TestBench.DUT.MicroBlaze_i.blk_mem_gen_0.inst.native_mem_module.blk_mem_gen_v8_4_9_inst, A read address: 0, B write address: 0
blk_mem_gen_v8_4_9 collision detected at time: 462500, Instance: TestBench.DUT.MicroBlaze_i.blk_mem_gen_1.inst.native_mem_module.blk_mem_gen_v8_4_9_inst, A read address: 0, B write address: 0
blk_mem_gen_v8_4_9 collision detected at time: 467500, Instance: TestBench.DUT.MicroBlaze_i.blk_mem_gen_0.inst.native_mem_module.blk_mem_gen_v8_4_9_inst, A read address: 0, B write address: 0
blk_mem_gen_v8_4_9 collision detected at time: 467500, Instance: TestBench.DUT.MicroBlaze_i.blk_mem_gen_1.inst.native_mem_module.blk_mem_gen_v8_4_9_inst, A read address: 0, B write address: 0
blk_mem_gen_v8_4_9 collision detected at time: 472500, Instance: TestBench.DUT.MicroBlaze_i.blk_mem_gen_0.inst.native_mem_module.blk_mem_gen_v8_4_9_inst, A read address: 0, B write address: 0
blk_mem_gen_v8_4_9 collision detected at time: 472500, Instance: TestBench.DUT.MicroBlaze_i.blk_mem_gen_1.inst.native_mem_module.blk_mem_gen_v8_4_9_inst, A read address: 0, B write address: 0
blk_mem_gen_v8_4_9 collision detected at time: 477500, Instance: TestBench.DUT.MicroBlaze_i.blk_mem_gen_0.inst.native_mem_module.blk_mem_gen_v8_4_9_inst, A read address: 0, B write address: 0
blk_mem_gen_v8_4_9 collision detected at time: 477500, Instance: TestBench.DUT.MicroBlaze_i.blk_mem_gen_1.inst.native_mem_module.blk_mem_gen_v8_4_9_inst, A read address: 0, B write address: 0
blk_mem_gen_v8_4_9 collision detected at time: 482500, Instance: TestBench.DUT.MicroBlaze_i.blk_mem_gen_0.inst.native_mem_module.blk_mem_gen_v8_4_9_inst, A read address: 0, B write address: 0
blk_mem_gen_v8_4_9 collision detected at time: 482500, Instance: TestBench.DUT.MicroBlaze_i.blk_mem_gen_1.inst.native_mem_module.blk_mem_gen_v8_4_9_inst, A read address: 0, B write address: 0
blk_mem_gen_v8_4_9 collision detected at time: 487500, Instance: TestBench.DUT.MicroBlaze_i.blk_mem_gen_0.inst.native_mem_module.blk_mem_gen_v8_4_9_inst, A read address: 0, B write address: 0
blk_mem_gen_v8_4_9 collision detected at time: 487500, Instance: TestBench.DUT.MicroBlaze_i.blk_mem_gen_1.inst.native_mem_module.blk_mem_gen_v8_4_9_inst, A read address: 0, B write address: 0
blk_mem_gen_v8_4_9 collision detected at time: 492500, Instance: TestBench.DUT.MicroBlaze_i.blk_mem_gen_0.inst.native_mem_module.blk_mem_gen_v8_4_9_inst, A read address: 0, B write address: 0
blk_mem_gen_v8_4_9 collision detected at time: 492500, Instance: TestBench.DUT.MicroBlaze_i.blk_mem_gen_1.inst.native_mem_module.blk_mem_gen_v8_4_9_inst, A read address: 0, B write address: 0
blk_mem_gen_v8_4_9 collision detected at time: 497500, Instance: TestBench.DUT.MicroBlaze_i.blk_mem_gen_0.inst.native_mem_module.blk_mem_gen_v8_4_9_inst, A read address: 0, B write address: 0
blk_mem_gen_v8_4_9 collision detected at time: 497500, Instance: TestBench.DUT.MicroBlaze_i.blk_mem_gen_1.inst.native_mem_module.blk_mem_gen_v8_4_9_inst, A read address: 0, B write address: 0
blk_mem_gen_v8_4_9 collision detected at time: 502500, Instance: TestBench.DUT.MicroBlaze_i.blk_mem_gen_0.inst.native_mem_module.blk_mem_gen_v8_4_9_inst, A read address: 0, B write address: 0
blk_mem_gen_v8_4_9 collision detected at time: 502500, Instance: TestBench.DUT.MicroBlaze_i.blk_mem_gen_1.inst.native_mem_module.blk_mem_gen_v8_4_9_inst, A read address: 0, B write address: 0
blk_mem_gen_v8_4_9 collision detected at time: 507500, Instance: TestBench.DUT.MicroBlaze_i.blk_mem_gen_0.inst.native_mem_module.blk_mem_gen_v8_4_9_inst, A read address: 0, B write address: 0
blk_mem_gen_v8_4_9 collision detected at time: 507500, Instance: TestBench.DUT.MicroBlaze_i.blk_mem_gen_1.inst.native_mem_module.blk_mem_gen_v8_4_9_inst, A read address: 0, B write address: 0
blk_mem_gen_v8_4_9 collision detected at time: 512500, Instance: TestBench.DUT.MicroBlaze_i.blk_mem_gen_0.inst.native_mem_module.blk_mem_gen_v8_4_9_inst, A read address: 0, B write address: 0
blk_mem_gen_v8_4_9 collision detected at time: 512500, Instance: TestBench.DUT.MicroBlaze_i.blk_mem_gen_1.inst.native_mem_module.blk_mem_gen_v8_4_9_inst, A read address: 0, B write address: 0
blk_mem_gen_v8_4_9 collision detected at time: 517500, Instance: TestBench.DUT.MicroBlaze_i.blk_mem_gen_0.inst.native_mem_module.blk_mem_gen_v8_4_9_inst, A read address: 0, B write address: 0
blk_mem_gen_v8_4_9 collision detected at time: 517500, Instance: TestBench.DUT.MicroBlaze_i.blk_mem_gen_1.inst.native_mem_module.blk_mem_gen_v8_4_9_inst, A read address: 0, B write address: 0
blk_mem_gen_v8_4_9 collision detected at time: 522500, Instance: TestBench.DUT.MicroBlaze_i.blk_mem_gen_0.inst.native_mem_module.blk_mem_gen_v8_4_9_inst, A read address: 0, B write address: 0
blk_mem_gen_v8_4_9 collision detected at time: 522500, Instance: TestBench.DUT.MicroBlaze_i.blk_mem_gen_1.inst.native_mem_module.blk_mem_gen_v8_4_9_inst, A read address: 0, B write address: 0
blk_mem_gen_v8_4_9 collision detected at time: 527500, Instance: TestBench.DUT.MicroBlaze_i.blk_mem_gen_0.inst.native_mem_module.blk_mem_gen_v8_4_9_inst, A read address: 0, B write address: 0
blk_mem_gen_v8_4_9 collision detected at time: 527500, Instance: TestBench.DUT.MicroBlaze_i.blk_mem_gen_1.inst.native_mem_module.blk_mem_gen_v8_4_9_inst, A read address: 0, B write address: 0
blk_mem_gen_v8_4_9 collision detected at time: 532500, Instance: TestBench.DUT.MicroBlaze_i.blk_mem_gen_0.inst.native_mem_module.blk_mem_gen_v8_4_9_inst, A read address: 0, B write address: 0
blk_mem_gen_v8_4_9 collision detected at time: 532500, Instance: TestBench.DUT.MicroBlaze_i.blk_mem_gen_1.inst.native_mem_module.blk_mem_gen_v8_4_9_inst, A read address: 0, B write address: 0
blk_mem_gen_v8_4_9 collision detected at time: 537500, Instance: TestBench.DUT.MicroBlaze_i.blk_mem_gen_0.inst.native_mem_module.blk_mem_gen_v8_4_9_inst, A read address: 0, B write address: 0
blk_mem_gen_v8_4_9 collision detected at time: 537500, Instance: TestBench.DUT.MicroBlaze_i.blk_mem_gen_1.inst.native_mem_module.blk_mem_gen_v8_4_9_inst, A read address: 0, B write address: 0
blk_mem_gen_v8_4_9 collision detected at time: 542500, Instance: TestBench.DUT.MicroBlaze_i.blk_mem_gen_0.inst.native_mem_module.blk_mem_gen_v8_4_9_inst, A read address: 0, B write address: 0
blk_mem_gen_v8_4_9 collision detected at time: 542500, Instance: TestBench.DUT.MicroBlaze_i.blk_mem_gen_1.inst.native_mem_module.blk_mem_gen_v8_4_9_inst, A read address: 0, B write address: 0
blk_mem_gen_v8_4_9 collision detected at time: 547500, Instance: TestBench.DUT.MicroBlaze_i.blk_mem_gen_0.inst.native_mem_module.blk_mem_gen_v8_4_9_inst, A read address: 0, B write address: 0
blk_mem_gen_v8_4_9 collision detected at time: 547500, Instance: TestBench.DUT.MicroBlaze_i.blk_mem_gen_1.inst.native_mem_module.blk_mem_gen_v8_4_9_inst, A read address: 0, B write address: 0
blk_mem_gen_v8_4_9 collision detected at time: 552500, Instance: TestBench.DUT.MicroBlaze_i.blk_mem_gen_0.inst.native_mem_module.blk_mem_gen_v8_4_9_inst, A read address: 0, B write address: 0
blk_mem_gen_v8_4_9 collision detected at time: 552500, Instance: TestBench.DUT.MicroBlaze_i.blk_mem_gen_1.inst.native_mem_module.blk_mem_gen_v8_4_9_inst, A read address: 0, B write address: 0
blk_mem_gen_v8_4_9 collision detected at time: 557500, Instance: TestBench.DUT.MicroBlaze_i.blk_mem_gen_0.inst.native_mem_module.blk_mem_gen_v8_4_9_inst, A read address: 0, B write address: 0
blk_mem_gen_v8_4_9 collision detected at time: 557500, Instance: TestBench.DUT.MicroBlaze_i.blk_mem_gen_1.inst.native_mem_module.blk_mem_gen_v8_4_9_inst, A read address: 0, B write address: 0
blk_mem_gen_v8_4_9 collision detected at time: 562500, Instance: TestBench.DUT.MicroBlaze_i.blk_mem_gen_0.inst.native_mem_module.blk_mem_gen_v8_4_9_inst, A read address: 0, B write address: 0
blk_mem_gen_v8_4_9 collision detected at time: 562500, Instance: TestBench.DUT.MicroBlaze_i.blk_mem_gen_1.inst.native_mem_module.blk_mem_gen_v8_4_9_inst, A read address: 0, B write address: 0
blk_mem_gen_v8_4_9 collision detected at time: 567500, Instance: TestBench.DUT.MicroBlaze_i.blk_mem_gen_0.inst.native_mem_module.blk_mem_gen_v8_4_9_inst, A read address: 0, B write address: 0
blk_mem_gen_v8_4_9 collision detected at time: 567500, Instance: TestBench.DUT.MicroBlaze_i.blk_mem_gen_1.inst.native_mem_module.blk_mem_gen_v8_4_9_inst, A read address: 0, B write address: 0
blk_mem_gen_v8_4_9 collision detected at time: 572500, Instance: TestBench.DUT.MicroBlaze_i.blk_mem_gen_0.inst.native_mem_module.blk_mem_gen_v8_4_9_inst, A read address: 0, B write address: 0
blk_mem_gen_v8_4_9 collision detected at time: 572500, Instance: TestBench.DUT.MicroBlaze_i.blk_mem_gen_1.inst.native_mem_module.blk_mem_gen_v8_4_9_inst, A read address: 0, B write address: 0
blk_mem_gen_v8_4_9 collision detected at time: 577500, Instance: TestBench.DUT.MicroBlaze_i.blk_mem_gen_0.inst.native_mem_module.blk_mem_gen_v8_4_9_inst, A read address: 0, B write address: 0
blk_mem_gen_v8_4_9 collision detected at time: 577500, Instance: TestBench.DUT.MicroBlaze_i.blk_mem_gen_1.inst.native_mem_module.blk_mem_gen_v8_4_9_inst, A read address: 0, B write address: 0
blk_mem_gen_v8_4_9 collision detected at time: 582500, Instance: TestBench.DUT.MicroBlaze_i.blk_mem_gen_0.inst.native_mem_module.blk_mem_gen_v8_4_9_inst, A read address: 0, B write address: 0
blk_mem_gen_v8_4_9 collision detected at time: 582500, Instance: TestBench.DUT.MicroBlaze_i.blk_mem_gen_1.inst.native_mem_module.blk_mem_gen_v8_4_9_inst, A read address: 0, B write address: 0
blk_mem_gen_v8_4_9 collision detected at time: 587500, Instance: TestBench.DUT.MicroBlaze_i.blk_mem_gen_0.inst.native_mem_module.blk_mem_gen_v8_4_9_inst, A read address: 0, B write address: 0
blk_mem_gen_v8_4_9 collision detected at time: 587500, Instance: TestBench.DUT.MicroBlaze_i.blk_mem_gen_1.inst.native_mem_module.blk_mem_gen_v8_4_9_inst, A read address: 0, B write address: 0
blk_mem_gen_v8_4_9 collision detected at time: 592500, Instance: TestBench.DUT.MicroBlaze_i.blk_mem_gen_0.inst.native_mem_module.blk_mem_gen_v8_4_9_inst, A read address: 0, B write address: 0
blk_mem_gen_v8_4_9 collision detected at time: 592500, Instance: TestBench.DUT.MicroBlaze_i.blk_mem_gen_1.inst.native_mem_module.blk_mem_gen_v8_4_9_inst, A read address: 0, B write address: 0
blk_mem_gen_v8_4_9 collision detected at time: 597500, Instance: TestBench.DUT.MicroBlaze_i.blk_mem_gen_0.inst.native_mem_module.blk_mem_gen_v8_4_9_inst, A read address: 0, B write address: 0
blk_mem_gen_v8_4_9 collision detected at time: 597500, Instance: TestBench.DUT.MicroBlaze_i.blk_mem_gen_1.inst.native_mem_module.blk_mem_gen_v8_4_9_inst, A read address: 0, B write address: 0
blk_mem_gen_v8_4_9 collision detected at time: 602500, Instance: TestBench.DUT.MicroBlaze_i.blk_mem_gen_0.inst.native_mem_module.blk_mem_gen_v8_4_9_inst, A read address: 0, B write address: 0
blk_mem_gen_v8_4_9 collision detected at time: 602500, Instance: TestBench.DUT.MicroBlaze_i.blk_mem_gen_1.inst.native_mem_module.blk_mem_gen_v8_4_9_inst, A read address: 0, B write address: 0
blk_mem_gen_v8_4_9 collision detected at time: 607500, Instance: TestBench.DUT.MicroBlaze_i.blk_mem_gen_0.inst.native_mem_module.blk_mem_gen_v8_4_9_inst, A read address: 0, B write address: 0
blk_mem_gen_v8_4_9 collision detected at time: 607500, Instance: TestBench.DUT.MicroBlaze_i.blk_mem_gen_1.inst.native_mem_module.blk_mem_gen_v8_4_9_inst, A read address: 0, B write address: 0
blk_mem_gen_v8_4_9 collision detected at time: 612500, Instance: TestBench.DUT.MicroBlaze_i.blk_mem_gen_0.inst.native_mem_module.blk_mem_gen_v8_4_9_inst, A read address: 0, B write address: 0
blk_mem_gen_v8_4_9 collision detected at time: 612500, Instance: TestBench.DUT.MicroBlaze_i.blk_mem_gen_1.inst.native_mem_module.blk_mem_gen_v8_4_9_inst, A read address: 0, B write address: 0
blk_mem_gen_v8_4_9 collision detected at time: 617500, Instance: TestBench.DUT.MicroBlaze_i.blk_mem_gen_0.inst.native_mem_module.blk_mem_gen_v8_4_9_inst, A read address: 0, B write address: 0
blk_mem_gen_v8_4_9 collision detected at time: 617500, Instance: TestBench.DUT.MicroBlaze_i.blk_mem_gen_1.inst.native_mem_module.blk_mem_gen_v8_4_9_inst, A read address: 0, B write address: 0
blk_mem_gen_v8_4_9 collision detected at time: 622500, Instance: TestBench.DUT.MicroBlaze_i.blk_mem_gen_0.inst.native_mem_module.blk_mem_gen_v8_4_9_inst, A read address: 0, B write address: 0
blk_mem_gen_v8_4_9 collision detected at time: 622500, Instance: TestBench.DUT.MicroBlaze_i.blk_mem_gen_1.inst.native_mem_module.blk_mem_gen_v8_4_9_inst, A read address: 0, B write address: 0
blk_mem_gen_v8_4_9 collision detected at time: 627500, Instance: TestBench.DUT.MicroBlaze_i.blk_mem_gen_0.inst.native_mem_module.blk_mem_gen_v8_4_9_inst, A read address: 0, B write address: 0
blk_mem_gen_v8_4_9 collision detected at time: 627500, Instance: TestBench.DUT.MicroBlaze_i.blk_mem_gen_1.inst.native_mem_module.blk_mem_gen_v8_4_9_inst, A read address: 0, B write address: 0
blk_mem_gen_v8_4_9 collision detected at time: 632500, Instance: TestBench.DUT.MicroBlaze_i.blk_mem_gen_0.inst.native_mem_module.blk_mem_gen_v8_4_9_inst, A read address: 0, B write address: 0
blk_mem_gen_v8_4_9 collision detected at time: 632500, Instance: TestBench.DUT.MicroBlaze_i.blk_mem_gen_1.inst.native_mem_module.blk_mem_gen_v8_4_9_inst, A read address: 0, B write address: 0
blk_mem_gen_v8_4_9 collision detected at time: 637500, Instance: TestBench.DUT.MicroBlaze_i.blk_mem_gen_0.inst.native_mem_module.blk_mem_gen_v8_4_9_inst, A read address: 0, B write address: 0
blk_mem_gen_v8_4_9 collision detected at time: 637500, Instance: TestBench.DUT.MicroBlaze_i.blk_mem_gen_1.inst.native_mem_module.blk_mem_gen_v8_4_9_inst, A read address: 0, B write address: 0
blk_mem_gen_v8_4_9 collision detected at time: 642500, Instance: TestBench.DUT.MicroBlaze_i.blk_mem_gen_0.inst.native_mem_module.blk_mem_gen_v8_4_9_inst, A read address: 0, B write address: 0
blk_mem_gen_v8_4_9 collision detected at time: 642500, Instance: TestBench.DUT.MicroBlaze_i.blk_mem_gen_1.inst.native_mem_module.blk_mem_gen_v8_4_9_inst, A read address: 0, B write address: 0
blk_mem_gen_v8_4_9 collision detected at time: 647500, Instance: TestBench.DUT.MicroBlaze_i.blk_mem_gen_0.inst.native_mem_module.blk_mem_gen_v8_4_9_inst, A read address: 0, B write address: 0
blk_mem_gen_v8_4_9 collision detected at time: 647500, Instance: TestBench.DUT.MicroBlaze_i.blk_mem_gen_1.inst.native_mem_module.blk_mem_gen_v8_4_9_inst, A read address: 0, B write address: 0
blk_mem_gen_v8_4_9 collision detected at time: 652500, Instance: TestBench.DUT.MicroBlaze_i.blk_mem_gen_0.inst.native_mem_module.blk_mem_gen_v8_4_9_inst, A read address: 0, B write address: 0
blk_mem_gen_v8_4_9 collision detected at time: 652500, Instance: TestBench.DUT.MicroBlaze_i.blk_mem_gen_1.inst.native_mem_module.blk_mem_gen_v8_4_9_inst, A read address: 0, B write address: 0
blk_mem_gen_v8_4_9 collision detected at time: 657500, Instance: TestBench.DUT.MicroBlaze_i.blk_mem_gen_0.inst.native_mem_module.blk_mem_gen_v8_4_9_inst, A read address: 0, B write address: 0
blk_mem_gen_v8_4_9 collision detected at time: 657500, Instance: TestBench.DUT.MicroBlaze_i.blk_mem_gen_1.inst.native_mem_module.blk_mem_gen_v8_4_9_inst, A read address: 0, B write address: 0
blk_mem_gen_v8_4_9 collision detected at time: 662500, Instance: TestBench.DUT.MicroBlaze_i.blk_mem_gen_0.inst.native_mem_module.blk_mem_gen_v8_4_9_inst, A read address: 0, B write address: 0
blk_mem_gen_v8_4_9 collision detected at time: 662500, Instance: TestBench.DUT.MicroBlaze_i.blk_mem_gen_1.inst.native_mem_module.blk_mem_gen_v8_4_9_inst, A read address: 0, B write address: 0
blk_mem_gen_v8_4_9 collision detected at time: 667500, Instance: TestBench.DUT.MicroBlaze_i.blk_mem_gen_0.inst.native_mem_module.blk_mem_gen_v8_4_9_inst, A read address: 0, B write address: 0
blk_mem_gen_v8_4_9 collision detected at time: 667500, Instance: TestBench.DUT.MicroBlaze_i.blk_mem_gen_1.inst.native_mem_module.blk_mem_gen_v8_4_9_inst, A read address: 0, B write address: 0
blk_mem_gen_v8_4_9 collision detected at time: 672500, Instance: TestBench.DUT.MicroBlaze_i.blk_mem_gen_0.inst.native_mem_module.blk_mem_gen_v8_4_9_inst, A read address: 0, B write address: 0
blk_mem_gen_v8_4_9 collision detected at time: 672500, Instance: TestBench.DUT.MicroBlaze_i.blk_mem_gen_1.inst.native_mem_module.blk_mem_gen_v8_4_9_inst, A read address: 0, B write address: 0
blk_mem_gen_v8_4_9 collision detected at time: 677500, Instance: TestBench.DUT.MicroBlaze_i.blk_mem_gen_0.inst.native_mem_module.blk_mem_gen_v8_4_9_inst, A read address: 0, B write address: 0
blk_mem_gen_v8_4_9 collision detected at time: 677500, Instance: TestBench.DUT.MicroBlaze_i.blk_mem_gen_1.inst.native_mem_module.blk_mem_gen_v8_4_9_inst, A read address: 0, B write address: 0
blk_mem_gen_v8_4_9 collision detected at time: 682500, Instance: TestBench.DUT.MicroBlaze_i.blk_mem_gen_0.inst.native_mem_module.blk_mem_gen_v8_4_9_inst, A read address: 0, B write address: 0
blk_mem_gen_v8_4_9 collision detected at time: 682500, Instance: TestBench.DUT.MicroBlaze_i.blk_mem_gen_1.inst.native_mem_module.blk_mem_gen_v8_4_9_inst, A read address: 0, B write address: 0
blk_mem_gen_v8_4_9 collision detected at time: 687500, Instance: TestBench.DUT.MicroBlaze_i.blk_mem_gen_0.inst.native_mem_module.blk_mem_gen_v8_4_9_inst, A read address: 0, B write address: 0
blk_mem_gen_v8_4_9 collision detected at time: 687500, Instance: TestBench.DUT.MicroBlaze_i.blk_mem_gen_1.inst.native_mem_module.blk_mem_gen_v8_4_9_inst, A read address: 0, B write address: 0
blk_mem_gen_v8_4_9 collision detected at time: 692500, Instance: TestBench.DUT.MicroBlaze_i.blk_mem_gen_0.inst.native_mem_module.blk_mem_gen_v8_4_9_inst, A read address: 0, B write address: 0
blk_mem_gen_v8_4_9 collision detected at time: 692500, Instance: TestBench.DUT.MicroBlaze_i.blk_mem_gen_1.inst.native_mem_module.blk_mem_gen_v8_4_9_inst, A read address: 0, B write address: 0
blk_mem_gen_v8_4_9 collision detected at time: 697500, Instance: TestBench.DUT.MicroBlaze_i.blk_mem_gen_0.inst.native_mem_module.blk_mem_gen_v8_4_9_inst, A read address: 0, B write address: 0
blk_mem_gen_v8_4_9 collision detected at time: 697500, Instance: TestBench.DUT.MicroBlaze_i.blk_mem_gen_1.inst.native_mem_module.blk_mem_gen_v8_4_9_inst, A read address: 0, B write address: 0
blk_mem_gen_v8_4_9 collision detected at time: 702500, Instance: TestBench.DUT.MicroBlaze_i.blk_mem_gen_0.inst.native_mem_module.blk_mem_gen_v8_4_9_inst, A read address: 0, B write address: 0
blk_mem_gen_v8_4_9 collision detected at time: 702500, Instance: TestBench.DUT.MicroBlaze_i.blk_mem_gen_1.inst.native_mem_module.blk_mem_gen_v8_4_9_inst, A read address: 0, B write address: 0
blk_mem_gen_v8_4_9 collision detected at time: 707500, Instance: TestBench.DUT.MicroBlaze_i.blk_mem_gen_0.inst.native_mem_module.blk_mem_gen_v8_4_9_inst, A read address: 0, B write address: 0
blk_mem_gen_v8_4_9 collision detected at time: 707500, Instance: TestBench.DUT.MicroBlaze_i.blk_mem_gen_1.inst.native_mem_module.blk_mem_gen_v8_4_9_inst, A read address: 0, B write address: 0
blk_mem_gen_v8_4_9 collision detected at time: 712500, Instance: TestBench.DUT.MicroBlaze_i.blk_mem_gen_0.inst.native_mem_module.blk_mem_gen_v8_4_9_inst, A read address: 0, B write address: 0
blk_mem_gen_v8_4_9 collision detected at time: 712500, Instance: TestBench.DUT.MicroBlaze_i.blk_mem_gen_1.inst.native_mem_module.blk_mem_gen_v8_4_9_inst, A read address: 0, B write address: 0
blk_mem_gen_v8_4_9 collision detected at time: 717500, Instance: TestBench.DUT.MicroBlaze_i.blk_mem_gen_0.inst.native_mem_module.blk_mem_gen_v8_4_9_inst, A read address: 0, B write address: 0
blk_mem_gen_v8_4_9 collision detected at time: 717500, Instance: TestBench.DUT.MicroBlaze_i.blk_mem_gen_1.inst.native_mem_module.blk_mem_gen_v8_4_9_inst, A read address: 0, B write address: 0
blk_mem_gen_v8_4_9 collision detected at time: 722500, Instance: TestBench.DUT.MicroBlaze_i.blk_mem_gen_0.inst.native_mem_module.blk_mem_gen_v8_4_9_inst, A read address: 0, B write address: 0
blk_mem_gen_v8_4_9 collision detected at time: 722500, Instance: TestBench.DUT.MicroBlaze_i.blk_mem_gen_1.inst.native_mem_module.blk_mem_gen_v8_4_9_inst, A read address: 0, B write address: 0
blk_mem_gen_v8_4_9 collision detected at time: 727500, Instance: TestBench.DUT.MicroBlaze_i.blk_mem_gen_0.inst.native_mem_module.blk_mem_gen_v8_4_9_inst, A read address: 0, B write address: 0
blk_mem_gen_v8_4_9 collision detected at time: 727500, Instance: TestBench.DUT.MicroBlaze_i.blk_mem_gen_1.inst.native_mem_module.blk_mem_gen_v8_4_9_inst, A read address: 0, B write address: 0
blk_mem_gen_v8_4_9 collision detected at time: 732500, Instance: TestBench.DUT.MicroBlaze_i.blk_mem_gen_0.inst.native_mem_module.blk_mem_gen_v8_4_9_inst, A read address: 0, B write address: 0
blk_mem_gen_v8_4_9 collision detected at time: 732500, Instance: TestBench.DUT.MicroBlaze_i.blk_mem_gen_1.inst.native_mem_module.blk_mem_gen_v8_4_9_inst, A read address: 0, B write address: 0
blk_mem_gen_v8_4_9 collision detected at time: 737500, Instance: TestBench.DUT.MicroBlaze_i.blk_mem_gen_0.inst.native_mem_module.blk_mem_gen_v8_4_9_inst, A read address: 0, B write address: 0
blk_mem_gen_v8_4_9 collision detected at time: 737500, Instance: TestBench.DUT.MicroBlaze_i.blk_mem_gen_1.inst.native_mem_module.blk_mem_gen_v8_4_9_inst, A read address: 0, B write address: 0
blk_mem_gen_v8_4_9 collision detected at time: 742500, Instance: TestBench.DUT.MicroBlaze_i.blk_mem_gen_0.inst.native_mem_module.blk_mem_gen_v8_4_9_inst, A read address: 0, B write address: 0
blk_mem_gen_v8_4_9 collision detected at time: 742500, Instance: TestBench.DUT.MicroBlaze_i.blk_mem_gen_1.inst.native_mem_module.blk_mem_gen_v8_4_9_inst, A read address: 0, B write address: 0
blk_mem_gen_v8_4_9 collision detected at time: 747500, Instance: TestBench.DUT.MicroBlaze_i.blk_mem_gen_0.inst.native_mem_module.blk_mem_gen_v8_4_9_inst, A read address: 0, B write address: 0
blk_mem_gen_v8_4_9 collision detected at time: 747500, Instance: TestBench.DUT.MicroBlaze_i.blk_mem_gen_1.inst.native_mem_module.blk_mem_gen_v8_4_9_inst, A read address: 0, B write address: 0
blk_mem_gen_v8_4_9 collision detected at time: 752500, Instance: TestBench.DUT.MicroBlaze_i.blk_mem_gen_0.inst.native_mem_module.blk_mem_gen_v8_4_9_inst, A read address: 0, B write address: 0
blk_mem_gen_v8_4_9 collision detected at time: 752500, Instance: TestBench.DUT.MicroBlaze_i.blk_mem_gen_1.inst.native_mem_module.blk_mem_gen_v8_4_9_inst, A read address: 0, B write address: 0
blk_mem_gen_v8_4_9 collision detected at time: 757500, Instance: TestBench.DUT.MicroBlaze_i.blk_mem_gen_0.inst.native_mem_module.blk_mem_gen_v8_4_9_inst, A read address: 0, B write address: 0
blk_mem_gen_v8_4_9 collision detected at time: 757500, Instance: TestBench.DUT.MicroBlaze_i.blk_mem_gen_1.inst.native_mem_module.blk_mem_gen_v8_4_9_inst, A read address: 0, B write address: 0
blk_mem_gen_v8_4_9 collision detected at time: 762500, Instance: TestBench.DUT.MicroBlaze_i.blk_mem_gen_0.inst.native_mem_module.blk_mem_gen_v8_4_9_inst, A read address: 0, B write address: 0
blk_mem_gen_v8_4_9 collision detected at time: 762500, Instance: TestBench.DUT.MicroBlaze_i.blk_mem_gen_1.inst.native_mem_module.blk_mem_gen_v8_4_9_inst, A read address: 0, B write address: 0
blk_mem_gen_v8_4_9 collision detected at time: 767500, Instance: TestBench.DUT.MicroBlaze_i.blk_mem_gen_0.inst.native_mem_module.blk_mem_gen_v8_4_9_inst, A read address: 0, B write address: 0
blk_mem_gen_v8_4_9 collision detected at time: 767500, Instance: TestBench.DUT.MicroBlaze_i.blk_mem_gen_1.inst.native_mem_module.blk_mem_gen_v8_4_9_inst, A read address: 0, B write address: 0
blk_mem_gen_v8_4_9 collision detected at time: 772500, Instance: TestBench.DUT.MicroBlaze_i.blk_mem_gen_0.inst.native_mem_module.blk_mem_gen_v8_4_9_inst, A read address: 0, B write address: 0
blk_mem_gen_v8_4_9 collision detected at time: 772500, Instance: TestBench.DUT.MicroBlaze_i.blk_mem_gen_1.inst.native_mem_module.blk_mem_gen_v8_4_9_inst, A read address: 0, B write address: 0
blk_mem_gen_v8_4_9 collision detected at time: 777500, Instance: TestBench.DUT.MicroBlaze_i.blk_mem_gen_0.inst.native_mem_module.blk_mem_gen_v8_4_9_inst, A read address: 0, B write address: 0
blk_mem_gen_v8_4_9 collision detected at time: 777500, Instance: TestBench.DUT.MicroBlaze_i.blk_mem_gen_1.inst.native_mem_module.blk_mem_gen_v8_4_9_inst, A read address: 0, B write address: 0
blk_mem_gen_v8_4_9 collision detected at time: 782500, Instance: TestBench.DUT.MicroBlaze_i.blk_mem_gen_0.inst.native_mem_module.blk_mem_gen_v8_4_9_inst, A read address: 0, B write address: 0
blk_mem_gen_v8_4_9 collision detected at time: 782500, Instance: TestBench.DUT.MicroBlaze_i.blk_mem_gen_1.inst.native_mem_module.blk_mem_gen_v8_4_9_inst, A read address: 0, B write address: 0
blk_mem_gen_v8_4_9 collision detected at time: 787500, Instance: TestBench.DUT.MicroBlaze_i.blk_mem_gen_0.inst.native_mem_module.blk_mem_gen_v8_4_9_inst, A read address: 0, B write address: 0
blk_mem_gen_v8_4_9 collision detected at time: 787500, Instance: TestBench.DUT.MicroBlaze_i.blk_mem_gen_1.inst.native_mem_module.blk_mem_gen_v8_4_9_inst, A read address: 0, B write address: 0
blk_mem_gen_v8_4_9 collision detected at time: 792500, Instance: TestBench.DUT.MicroBlaze_i.blk_mem_gen_0.inst.native_mem_module.blk_mem_gen_v8_4_9_inst, A read address: 0, B write address: 0
blk_mem_gen_v8_4_9 collision detected at time: 792500, Instance: TestBench.DUT.MicroBlaze_i.blk_mem_gen_1.inst.native_mem_module.blk_mem_gen_v8_4_9_inst, A read address: 0, B write address: 0
blk_mem_gen_v8_4_9 collision detected at time: 797500, Instance: TestBench.DUT.MicroBlaze_i.blk_mem_gen_0.inst.native_mem_module.blk_mem_gen_v8_4_9_inst, A read address: 0, B write address: 0
blk_mem_gen_v8_4_9 collision detected at time: 797500, Instance: TestBench.DUT.MicroBlaze_i.blk_mem_gen_1.inst.native_mem_module.blk_mem_gen_v8_4_9_inst, A read address: 0, B write address: 0
blk_mem_gen_v8_4_9 collision detected at time: 802500, Instance: TestBench.DUT.MicroBlaze_i.blk_mem_gen_0.inst.native_mem_module.blk_mem_gen_v8_4_9_inst, A read address: 0, B write address: 0
blk_mem_gen_v8_4_9 collision detected at time: 802500, Instance: TestBench.DUT.MicroBlaze_i.blk_mem_gen_1.inst.native_mem_module.blk_mem_gen_v8_4_9_inst, A read address: 0, B write address: 0
blk_mem_gen_v8_4_9 collision detected at time: 807500, Instance: TestBench.DUT.MicroBlaze_i.blk_mem_gen_0.inst.native_mem_module.blk_mem_gen_v8_4_9_inst, A read address: 0, B write address: 0
blk_mem_gen_v8_4_9 collision detected at time: 807500, Instance: TestBench.DUT.MicroBlaze_i.blk_mem_gen_1.inst.native_mem_module.blk_mem_gen_v8_4_9_inst, A read address: 0, B write address: 0
blk_mem_gen_v8_4_9 collision detected at time: 812500, Instance: TestBench.DUT.MicroBlaze_i.blk_mem_gen_0.inst.native_mem_module.blk_mem_gen_v8_4_9_inst, A read address: 0, B write address: 0
blk_mem_gen_v8_4_9 collision detected at time: 812500, Instance: TestBench.DUT.MicroBlaze_i.blk_mem_gen_1.inst.native_mem_module.blk_mem_gen_v8_4_9_inst, A read address: 0, B write address: 0
blk_mem_gen_v8_4_9 collision detected at time: 817500, Instance: TestBench.DUT.MicroBlaze_i.blk_mem_gen_0.inst.native_mem_module.blk_mem_gen_v8_4_9_inst, A read address: 0, B write address: 0
blk_mem_gen_v8_4_9 collision detected at time: 817500, Instance: TestBench.DUT.MicroBlaze_i.blk_mem_gen_1.inst.native_mem_module.blk_mem_gen_v8_4_9_inst, A read address: 0, B write address: 0
blk_mem_gen_v8_4_9 collision detected at time: 822500, Instance: TestBench.DUT.MicroBlaze_i.blk_mem_gen_0.inst.native_mem_module.blk_mem_gen_v8_4_9_inst, A read address: 0, B write address: 0
blk_mem_gen_v8_4_9 collision detected at time: 822500, Instance: TestBench.DUT.MicroBlaze_i.blk_mem_gen_1.inst.native_mem_module.blk_mem_gen_v8_4_9_inst, A read address: 0, B write address: 0
blk_mem_gen_v8_4_9 collision detected at time: 827500, Instance: TestBench.DUT.MicroBlaze_i.blk_mem_gen_0.inst.native_mem_module.blk_mem_gen_v8_4_9_inst, A read address: 0, B write address: 0
blk_mem_gen_v8_4_9 collision detected at time: 827500, Instance: TestBench.DUT.MicroBlaze_i.blk_mem_gen_1.inst.native_mem_module.blk_mem_gen_v8_4_9_inst, A read address: 0, B write address: 0
blk_mem_gen_v8_4_9 collision detected at time: 832500, Instance: TestBench.DUT.MicroBlaze_i.blk_mem_gen_0.inst.native_mem_module.blk_mem_gen_v8_4_9_inst, A read address: 0, B write address: 0
blk_mem_gen_v8_4_9 collision detected at time: 832500, Instance: TestBench.DUT.MicroBlaze_i.blk_mem_gen_1.inst.native_mem_module.blk_mem_gen_v8_4_9_inst, A read address: 0, B write address: 0
blk_mem_gen_v8_4_9 collision detected at time: 837500, Instance: TestBench.DUT.MicroBlaze_i.blk_mem_gen_0.inst.native_mem_module.blk_mem_gen_v8_4_9_inst, A read address: 0, B write address: 0
blk_mem_gen_v8_4_9 collision detected at time: 837500, Instance: TestBench.DUT.MicroBlaze_i.blk_mem_gen_1.inst.native_mem_module.blk_mem_gen_v8_4_9_inst, A read address: 0, B write address: 0
blk_mem_gen_v8_4_9 collision detected at time: 842500, Instance: TestBench.DUT.MicroBlaze_i.blk_mem_gen_0.inst.native_mem_module.blk_mem_gen_v8_4_9_inst, A read address: 0, B write address: 0
blk_mem_gen_v8_4_9 collision detected at time: 842500, Instance: TestBench.DUT.MicroBlaze_i.blk_mem_gen_1.inst.native_mem_module.blk_mem_gen_v8_4_9_inst, A read address: 0, B write address: 0
blk_mem_gen_v8_4_9 collision detected at time: 847500, Instance: TestBench.DUT.MicroBlaze_i.blk_mem_gen_0.inst.native_mem_module.blk_mem_gen_v8_4_9_inst, A read address: 0, B write address: 0
blk_mem_gen_v8_4_9 collision detected at time: 847500, Instance: TestBench.DUT.MicroBlaze_i.blk_mem_gen_1.inst.native_mem_module.blk_mem_gen_v8_4_9_inst, A read address: 0, B write address: 0
blk_mem_gen_v8_4_9 collision detected at time: 852500, Instance: TestBench.DUT.MicroBlaze_i.blk_mem_gen_0.inst.native_mem_module.blk_mem_gen_v8_4_9_inst, A read address: 0, B write address: 0
blk_mem_gen_v8_4_9 collision detected at time: 852500, Instance: TestBench.DUT.MicroBlaze_i.blk_mem_gen_1.inst.native_mem_module.blk_mem_gen_v8_4_9_inst, A read address: 0, B write address: 0
blk_mem_gen_v8_4_9 collision detected at time: 857500, Instance: TestBench.DUT.MicroBlaze_i.blk_mem_gen_0.inst.native_mem_module.blk_mem_gen_v8_4_9_inst, A read address: 0, B write address: 0
blk_mem_gen_v8_4_9 collision detected at time: 857500, Instance: TestBench.DUT.MicroBlaze_i.blk_mem_gen_1.inst.native_mem_module.blk_mem_gen_v8_4_9_inst, A read address: 0, B write address: 0
blk_mem_gen_v8_4_9 collision detected at time: 862500, Instance: TestBench.DUT.MicroBlaze_i.blk_mem_gen_0.inst.native_mem_module.blk_mem_gen_v8_4_9_inst, A read address: 0, B write address: 0
blk_mem_gen_v8_4_9 collision detected at time: 862500, Instance: TestBench.DUT.MicroBlaze_i.blk_mem_gen_1.inst.native_mem_module.blk_mem_gen_v8_4_9_inst, A read address: 0, B write address: 0
blk_mem_gen_v8_4_9 collision detected at time: 867500, Instance: TestBench.DUT.MicroBlaze_i.blk_mem_gen_0.inst.native_mem_module.blk_mem_gen_v8_4_9_inst, A read address: 0, B write address: 0
blk_mem_gen_v8_4_9 collision detected at time: 867500, Instance: TestBench.DUT.MicroBlaze_i.blk_mem_gen_1.inst.native_mem_module.blk_mem_gen_v8_4_9_inst, A read address: 0, B write address: 0
blk_mem_gen_v8_4_9 collision detected at time: 872500, Instance: TestBench.DUT.MicroBlaze_i.blk_mem_gen_0.inst.native_mem_module.blk_mem_gen_v8_4_9_inst, A read address: 0, B write address: 0
blk_mem_gen_v8_4_9 collision detected at time: 872500, Instance: TestBench.DUT.MicroBlaze_i.blk_mem_gen_1.inst.native_mem_module.blk_mem_gen_v8_4_9_inst, A read address: 0, B write address: 0
blk_mem_gen_v8_4_9 collision detected at time: 877500, Instance: TestBench.DUT.MicroBlaze_i.blk_mem_gen_0.inst.native_mem_module.blk_mem_gen_v8_4_9_inst, A read address: 0, B write address: 0
blk_mem_gen_v8_4_9 collision detected at time: 877500, Instance: TestBench.DUT.MicroBlaze_i.blk_mem_gen_1.inst.native_mem_module.blk_mem_gen_v8_4_9_inst, A read address: 0, B write address: 0
blk_mem_gen_v8_4_9 collision detected at time: 882500, Instance: TestBench.DUT.MicroBlaze_i.blk_mem_gen_0.inst.native_mem_module.blk_mem_gen_v8_4_9_inst, A read address: 0, B write address: 0
blk_mem_gen_v8_4_9 collision detected at time: 882500, Instance: TestBench.DUT.MicroBlaze_i.blk_mem_gen_1.inst.native_mem_module.blk_mem_gen_v8_4_9_inst, A read address: 0, B write address: 0
blk_mem_gen_v8_4_9 collision detected at time: 887500, Instance: TestBench.DUT.MicroBlaze_i.blk_mem_gen_0.inst.native_mem_module.blk_mem_gen_v8_4_9_inst, A read address: 0, B write address: 0
blk_mem_gen_v8_4_9 collision detected at time: 887500, Instance: TestBench.DUT.MicroBlaze_i.blk_mem_gen_1.inst.native_mem_module.blk_mem_gen_v8_4_9_inst, A read address: 0, B write address: 0
blk_mem_gen_v8_4_9 collision detected at time: 892500, Instance: TestBench.DUT.MicroBlaze_i.blk_mem_gen_0.inst.native_mem_module.blk_mem_gen_v8_4_9_inst, A read address: 0, B write address: 0
blk_mem_gen_v8_4_9 collision detected at time: 892500, Instance: TestBench.DUT.MicroBlaze_i.blk_mem_gen_1.inst.native_mem_module.blk_mem_gen_v8_4_9_inst, A read address: 0, B write address: 0
blk_mem_gen_v8_4_9 collision detected at time: 897500, Instance: TestBench.DUT.MicroBlaze_i.blk_mem_gen_0.inst.native_mem_module.blk_mem_gen_v8_4_9_inst, A read address: 0, B write address: 0
blk_mem_gen_v8_4_9 collision detected at time: 897500, Instance: TestBench.DUT.MicroBlaze_i.blk_mem_gen_1.inst.native_mem_module.blk_mem_gen_v8_4_9_inst, A read address: 0, B write address: 0
blk_mem_gen_v8_4_9 collision detected at time: 902500, Instance: TestBench.DUT.MicroBlaze_i.blk_mem_gen_0.inst.native_mem_module.blk_mem_gen_v8_4_9_inst, A read address: 0, B write address: 0
blk_mem_gen_v8_4_9 collision detected at time: 902500, Instance: TestBench.DUT.MicroBlaze_i.blk_mem_gen_1.inst.native_mem_module.blk_mem_gen_v8_4_9_inst, A read address: 0, B write address: 0
blk_mem_gen_v8_4_9 collision detected at time: 907500, Instance: TestBench.DUT.MicroBlaze_i.blk_mem_gen_0.inst.native_mem_module.blk_mem_gen_v8_4_9_inst, A read address: 0, B write address: 0
blk_mem_gen_v8_4_9 collision detected at time: 907500, Instance: TestBench.DUT.MicroBlaze_i.blk_mem_gen_1.inst.native_mem_module.blk_mem_gen_v8_4_9_inst, A read address: 0, B write address: 0
blk_mem_gen_v8_4_9 collision detected at time: 912500, Instance: TestBench.DUT.MicroBlaze_i.blk_mem_gen_0.inst.native_mem_module.blk_mem_gen_v8_4_9_inst, A read address: 0, B write address: 0
blk_mem_gen_v8_4_9 collision detected at time: 912500, Instance: TestBench.DUT.MicroBlaze_i.blk_mem_gen_1.inst.native_mem_module.blk_mem_gen_v8_4_9_inst, A read address: 0, B write address: 0
blk_mem_gen_v8_4_9 collision detected at time: 917500, Instance: TestBench.DUT.MicroBlaze_i.blk_mem_gen_0.inst.native_mem_module.blk_mem_gen_v8_4_9_inst, A read address: 0, B write address: 0
blk_mem_gen_v8_4_9 collision detected at time: 917500, Instance: TestBench.DUT.MicroBlaze_i.blk_mem_gen_1.inst.native_mem_module.blk_mem_gen_v8_4_9_inst, A read address: 0, B write address: 0
blk_mem_gen_v8_4_9 collision detected at time: 922500, Instance: TestBench.DUT.MicroBlaze_i.blk_mem_gen_0.inst.native_mem_module.blk_mem_gen_v8_4_9_inst, A read address: 0, B write address: 0
blk_mem_gen_v8_4_9 collision detected at time: 922500, Instance: TestBench.DUT.MicroBlaze_i.blk_mem_gen_1.inst.native_mem_module.blk_mem_gen_v8_4_9_inst, A read address: 0, B write address: 0
blk_mem_gen_v8_4_9 collision detected at time: 927500, Instance: TestBench.DUT.MicroBlaze_i.blk_mem_gen_0.inst.native_mem_module.blk_mem_gen_v8_4_9_inst, A read address: 0, B write address: 0
blk_mem_gen_v8_4_9 collision detected at time: 927500, Instance: TestBench.DUT.MicroBlaze_i.blk_mem_gen_1.inst.native_mem_module.blk_mem_gen_v8_4_9_inst, A read address: 0, B write address: 0
blk_mem_gen_v8_4_9 collision detected at time: 932500, Instance: TestBench.DUT.MicroBlaze_i.blk_mem_gen_0.inst.native_mem_module.blk_mem_gen_v8_4_9_inst, A read address: 0, B write address: 0
blk_mem_gen_v8_4_9 collision detected at time: 932500, Instance: TestBench.DUT.MicroBlaze_i.blk_mem_gen_1.inst.native_mem_module.blk_mem_gen_v8_4_9_inst, A read address: 0, B write address: 0
blk_mem_gen_v8_4_9 collision detected at time: 937500, Instance: TestBench.DUT.MicroBlaze_i.blk_mem_gen_0.inst.native_mem_module.blk_mem_gen_v8_4_9_inst, A read address: 0, B write address: 0
blk_mem_gen_v8_4_9 collision detected at time: 937500, Instance: TestBench.DUT.MicroBlaze_i.blk_mem_gen_1.inst.native_mem_module.blk_mem_gen_v8_4_9_inst, A read address: 0, B write address: 0
blk_mem_gen_v8_4_9 collision detected at time: 942500, Instance: TestBench.DUT.MicroBlaze_i.blk_mem_gen_0.inst.native_mem_module.blk_mem_gen_v8_4_9_inst, A read address: 0, B write address: 0
blk_mem_gen_v8_4_9 collision detected at time: 942500, Instance: TestBench.DUT.MicroBlaze_i.blk_mem_gen_1.inst.native_mem_module.blk_mem_gen_v8_4_9_inst, A read address: 0, B write address: 0
blk_mem_gen_v8_4_9 collision detected at time: 947500, Instance: TestBench.DUT.MicroBlaze_i.blk_mem_gen_0.inst.native_mem_module.blk_mem_gen_v8_4_9_inst, A read address: 0, B write address: 0
blk_mem_gen_v8_4_9 collision detected at time: 947500, Instance: TestBench.DUT.MicroBlaze_i.blk_mem_gen_1.inst.native_mem_module.blk_mem_gen_v8_4_9_inst, A read address: 0, B write address: 0
blk_mem_gen_v8_4_9 collision detected at time: 952500, Instance: TestBench.DUT.MicroBlaze_i.blk_mem_gen_0.inst.native_mem_module.blk_mem_gen_v8_4_9_inst, A read address: 0, B write address: 0
blk_mem_gen_v8_4_9 collision detected at time: 952500, Instance: TestBench.DUT.MicroBlaze_i.blk_mem_gen_1.inst.native_mem_module.blk_mem_gen_v8_4_9_inst, A read address: 0, B write address: 0
blk_mem_gen_v8_4_9 collision detected at time: 957500, Instance: TestBench.DUT.MicroBlaze_i.blk_mem_gen_0.inst.native_mem_module.blk_mem_gen_v8_4_9_inst, A read address: 0, B write address: 0
blk_mem_gen_v8_4_9 collision detected at time: 957500, Instance: TestBench.DUT.MicroBlaze_i.blk_mem_gen_1.inst.native_mem_module.blk_mem_gen_v8_4_9_inst, A read address: 0, B write address: 0
blk_mem_gen_v8_4_9 collision detected at time: 962500, Instance: TestBench.DUT.MicroBlaze_i.blk_mem_gen_0.inst.native_mem_module.blk_mem_gen_v8_4_9_inst, A read address: 0, B write address: 0
blk_mem_gen_v8_4_9 collision detected at time: 962500, Instance: TestBench.DUT.MicroBlaze_i.blk_mem_gen_1.inst.native_mem_module.blk_mem_gen_v8_4_9_inst, A read address: 0, B write address: 0
blk_mem_gen_v8_4_9 collision detected at time: 967500, Instance: TestBench.DUT.MicroBlaze_i.blk_mem_gen_0.inst.native_mem_module.blk_mem_gen_v8_4_9_inst, A read address: 0, B write address: 0
blk_mem_gen_v8_4_9 collision detected at time: 967500, Instance: TestBench.DUT.MicroBlaze_i.blk_mem_gen_1.inst.native_mem_module.blk_mem_gen_v8_4_9_inst, A read address: 0, B write address: 0
blk_mem_gen_v8_4_9 collision detected at time: 972500, Instance: TestBench.DUT.MicroBlaze_i.blk_mem_gen_0.inst.native_mem_module.blk_mem_gen_v8_4_9_inst, A read address: 0, B write address: 0
blk_mem_gen_v8_4_9 collision detected at time: 972500, Instance: TestBench.DUT.MicroBlaze_i.blk_mem_gen_1.inst.native_mem_module.blk_mem_gen_v8_4_9_inst, A read address: 0, B write address: 0
blk_mem_gen_v8_4_9 collision detected at time: 977500, Instance: TestBench.DUT.MicroBlaze_i.blk_mem_gen_0.inst.native_mem_module.blk_mem_gen_v8_4_9_inst, A read address: 0, B write address: 0
blk_mem_gen_v8_4_9 collision detected at time: 977500, Instance: TestBench.DUT.MicroBlaze_i.blk_mem_gen_1.inst.native_mem_module.blk_mem_gen_v8_4_9_inst, A read address: 0, B write address: 0
blk_mem_gen_v8_4_9 collision detected at time: 982500, Instance: TestBench.DUT.MicroBlaze_i.blk_mem_gen_0.inst.native_mem_module.blk_mem_gen_v8_4_9_inst, A read address: 0, B write address: 0
blk_mem_gen_v8_4_9 collision detected at time: 982500, Instance: TestBench.DUT.MicroBlaze_i.blk_mem_gen_1.inst.native_mem_module.blk_mem_gen_v8_4_9_inst, A read address: 0, B write address: 0
blk_mem_gen_v8_4_9 collision detected at time: 987500, Instance: TestBench.DUT.MicroBlaze_i.blk_mem_gen_0.inst.native_mem_module.blk_mem_gen_v8_4_9_inst, A read address: 0, B write address: 0
blk_mem_gen_v8_4_9 collision detected at time: 987500, Instance: TestBench.DUT.MicroBlaze_i.blk_mem_gen_1.inst.native_mem_module.blk_mem_gen_v8_4_9_inst, A read address: 0, B write address: 0
blk_mem_gen_v8_4_9 collision detected at time: 992500, Instance: TestBench.DUT.MicroBlaze_i.blk_mem_gen_0.inst.native_mem_module.blk_mem_gen_v8_4_9_inst, A read address: 0, B write address: 0
blk_mem_gen_v8_4_9 collision detected at time: 992500, Instance: TestBench.DUT.MicroBlaze_i.blk_mem_gen_1.inst.native_mem_module.blk_mem_gen_v8_4_9_inst, A read address: 0, B write address: 0
blk_mem_gen_v8_4_9 collision detected at time: 997500, Instance: TestBench.DUT.MicroBlaze_i.blk_mem_gen_0.inst.native_mem_module.blk_mem_gen_v8_4_9_inst, A read address: 0, B write address: 0
blk_mem_gen_v8_4_9 collision detected at time: 997500, Instance: TestBench.DUT.MicroBlaze_i.blk_mem_gen_1.inst.native_mem_module.blk_mem_gen_v8_4_9_inst, A read address: 0, B write address: 0
Executing Axi4 End Of Simulation checks
Executing Axi4 End Of Simulation checks
Executing Axi4 End Of Simulation checks
Executing Axi4 End Of Simulation checks
Executing Axi4 End Of Simulation checks
Executing Axi4 End Of Simulation checks
Executing Axi4 End Of Simulation checks
Executing Axi4 End Of Simulation checks
Executing Axi4 End Of Simulation checks
