INFO: [VRFC 10-163] Analyzing VHDL file "C:/Cascade_hydrophones/WorkspaceOMDHydrophones/Hardware/HydroProccess/HydroProccess.ip_user_files/bd/MicroBlaze/ip/MicroBlaze_dds_compiler_0_1/sim/MicroBlaze_dds_compiler_0_1.vhd" into library xil_defaultlib
INFO: [VRFC 10-3107] analyzing entity 'MicroBlaze_dds_compiler_0_1'
INFO: [VRFC 10-163] Analyzing VHDL file "C:/Cascade_hydrophones/WorkspaceOMDHydrophones/Hardware/HydroProccess/HydroProccess.ip_user_files/bd/MicroBlaze/ip/MicroBlaze_microblaze_0_0/sim/MicroBlaze_microblaze_0_0.vhd" into library xil_defaultlib
INFO: [VRFC 10-3107] analyzing entity 'MicroBlaze_microblaze_0_0'
INFO: [VRFC 10-163] Analyzing VHDL file "C:/Cascade_hydrophones/WorkspaceOMDHydrophones/Hardware/HydroProccess/HydroProccess.ip_user_files/bd/MicroBlaze/ip/MicroBlaze_dlmb_v10_0/sim/MicroBlaze_dlmb_v10_0.vhd" into library xil_defaultlib
INFO: [VRFC 10-3107] analyzing entity 'MicroBlaze_dlmb_v10_0'
INFO: [VRFC 10-163] Analyzing VHDL file "C:/Cascade_hydrophones/WorkspaceOMDHydrophones/Hardware/HydroProccess/HydroProccess.ip_user_files/bd/MicroBlaze/ip/MicroBlaze_ilmb_v10_0/sim/MicroBlaze_ilmb_v10_0.vhd" into library xil_defaultlib
INFO: [VRFC 10-3107] analyzing entity 'MicroBlaze_ilmb_v10_0'
INFO: [VRFC 10-163] Analyzing VHDL file "C:/Cascade_hydrophones/WorkspaceOMDHydrophones/Hardware/HydroProccess/HydroProccess.ip_user_files/bd/MicroBlaze/ip/MicroBlaze_dlmb_bram_if_cntlr_0/sim/MicroBlaze_dlmb_bram_if_cntlr_0.vhd" into library xil_defaultlib
INFO: [VRFC 10-3107] analyzing entity 'MicroBlaze_dlmb_bram_if_cntlr_0'
INFO: [VRFC 10-163] Analyzing VHDL file "C:/Cascade_hydrophones/WorkspaceOMDHydrophones/Hardware/HydroProccess/HydroProccess.ip_user_files/bd/MicroBlaze/ip/MicroBlaze_ilmb_bram_if_cntlr_0/sim/MicroBlaze_ilmb_bram_if_cntlr_0.vhd" into library xil_defaultlib
INFO: [VRFC 10-3107] analyzing entity 'MicroBlaze_ilmb_bram_if_cntlr_0'
INFO: [VRFC 10-163] Analyzing VHDL file "C:/Cascade_hydrophones/WorkspaceOMDHydrophones/Hardware/HydroProccess/HydroProccess.ip_user_files/bd/MicroBlaze/ip/MicroBlaze_mdm_1_0/sim/MicroBlaze_mdm_1_0.vhd" into library xil_defaultlib
INFO: [VRFC 10-3107] analyzing entity 'MicroBlaze_mdm_1_0'
INFO: [VRFC 10-163] Analyzing VHDL file "C:/Cascade_hydrophones/WorkspaceOMDHydrophones/Hardware/HydroProccess/HydroProccess.ip_user_files/bd/MicroBlaze/ip/MicroBlaze_rst_clk_wiz_0_200M_0/sim/MicroBlaze_rst_clk_wiz_0_200M_0.vhd" into library xil_defaultlib
INFO: [VRFC 10-3107] analyzing entity 'MicroBlaze_rst_clk_wiz_0_200M_0'
INFO: [VRFC 10-163] Analyzing VHDL file "C:/Cascade_hydrophones/WorkspaceOMDHydrophones/Hardware/HydroProccess/HydroProccess.ip_user_files/bd/MicroBlaze/ip/MicroBlaze_axi_uartlite_0_0/sim/MicroBlaze_axi_uartlite_0_0.vhd" into library xil_defaultlib
INFO: [VRFC 10-3107] analyzing entity 'MicroBlaze_axi_uartlite_0_0'
INFO: [VRFC 10-163] Analyzing VHDL file "C:/Cascade_hydrophones/WorkspaceOMDHydrophones/Hardware/HydroProccess/HydroProccess.ip_user_files/bd/MicroBlaze/ip/MicroBlaze_axi_gpio_0_0/sim/MicroBlaze_axi_gpio_0_0.vhd" into library xil_defaultlib
INFO: [VRFC 10-3107] analyzing entity 'MicroBlaze_axi_gpio_0_0'
