INFO: [VRFC 10-2263] Analyzing Verilog file "C:/Cascade_hydrophones/WorkspaceOMDHydrophones/Hardware/HydroProccess/HydroProccess.srcs/sources_1/new/BlockRam.v" into library xil_defaultlib
INFO: [VRFC 10-311] analyzing module BlockRam
WARNING: [VRFC 10-3380] identifier 'Ram1' is used before its declaration [C:/Cascade_hydrophones/WorkspaceOMDHydrophones/Hardware/HydroProccess/HydroProccess.srcs/sources_1/new/BlockRam.v:54]
WARNING: [VRFC 10-3380] identifier 'Ram2' is used before its declaration [C:/Cascade_hydrophones/WorkspaceOMDHydrophones/Hardware/HydroProccess/HydroProccess.srcs/sources_1/new/BlockRam.v:55]
WARNING: [VRFC 10-3380] identifier 'Ram3' is used before its declaration [C:/Cascade_hydrophones/WorkspaceOMDHydrophones/Hardware/HydroProccess/HydroProccess.srcs/sources_1/new/BlockRam.v:56]
WARNING: [VRFC 10-3380] identifier 'Ram4' is used before its declaration [C:/Cascade_hydrophones/WorkspaceOMDHydrophones/Hardware/HydroProccess/HydroProccess.srcs/sources_1/new/BlockRam.v:57]
WARNING: [VRFC 10-3380] identifier 'Ram5' is used before its declaration [C:/Cascade_hydrophones/WorkspaceOMDHydrophones/Hardware/HydroProccess/HydroProccess.srcs/sources_1/new/BlockRam.v:58]
WARNING: [VRFC 10-3380] identifier 'Ram6' is used before its declaration [C:/Cascade_hydrophones/WorkspaceOMDHydrophones/Hardware/HydroProccess/HydroProccess.srcs/sources_1/new/BlockRam.v:59]
WARNING: [VRFC 10-3380] identifier 'Ram7' is used before its declaration [C:/Cascade_hydrophones/WorkspaceOMDHydrophones/Hardware/HydroProccess/HydroProccess.srcs/sources_1/new/BlockRam.v:60]
WARNING: [VRFC 10-3380] identifier 'Ram8' is used before its declaration [C:/Cascade_hydrophones/WorkspaceOMDHydrophones/Hardware/HydroProccess/HydroProccess.srcs/sources_1/new/BlockRam.v:61]
WARNING: [VRFC 10-3380] identifier 'Ram9' is used before its declaration [C:/Cascade_hydrophones/WorkspaceOMDHydrophones/Hardware/HydroProccess/HydroProccess.srcs/sources_1/new/BlockRam.v:62]
WARNING: [VRFC 10-3380] identifier 'Ram10' is used before its declaration [C:/Cascade_hydrophones/WorkspaceOMDHydrophones/Hardware/HydroProccess/HydroProccess.srcs/sources_1/new/BlockRam.v:63]
WARNING: [VRFC 10-3380] identifier 'Ram11' is used before its declaration [C:/Cascade_hydrophones/WorkspaceOMDHydrophones/Hardware/HydroProccess/HydroProccess.srcs/sources_1/new/BlockRam.v:64]
WARNING: [VRFC 10-3380] identifier 'Ram12' is used before its declaration [C:/Cascade_hydrophones/WorkspaceOMDHydrophones/Hardware/HydroProccess/HydroProccess.srcs/sources_1/new/BlockRam.v:65]
INFO: [VRFC 10-2263] Analyzing Verilog file "C:/Cascade_hydrophones/WorkspaceOMDHydrophones/Hardware/HydroProccess/HydroProccess.srcs/sources_1/new/CC.v" into library xil_defaultlib
INFO: [VRFC 10-311] analyzing module CC
INFO: [VRFC 10-2263] Analyzing Verilog file "C:/Cascade_hydrophones/WorkspaceOMDHydrophones/Hardware/HydroProccess/HydroProccess.srcs/sources_1/new/BRAMMUX.v" into library xil_defaultlib
INFO: [VRFC 10-311] analyzing module BRAMMUX
INFO: [VRFC 10-2263] Analyzing Verilog file "C:/Cascade_hydrophones/WorkspaceOMDHydrophones/Hardware/HydroProccess/HydroProccess.srcs/sources_1/new/waveParser.v" into library xil_defaultlib
INFO: [VRFC 10-311] analyzing module waveParser
INFO: [VRFC 10-2263] Analyzing Verilog file "C:/Cascade_hydrophones/WorkspaceOMDHydrophones/Hardware/HydroProccess/HydroProccess.srcs/sources_1/new/100khzclk.v" into library xil_defaultlib
INFO: [VRFC 10-311] analyzing module clk1Mhz
INFO: [VRFC 10-2263] Analyzing Verilog file "C:/Cascade_hydrophones/WorkspaceOMDHydrophones/Hardware/HydroProccess/HydroProccess.srcs/sources_1/new/AddressFixer.v" into library xil_defaultlib
INFO: [VRFC 10-311] analyzing module AddressFixer
INFO: [VRFC 10-2263] Analyzing Verilog file "C:/Cascade_hydrophones/WorkspaceOMDHydrophones/Hardware/HydroProccess/HydroProccess.srcs/sources_1/new/PulseWaveMaker.v" into library xil_defaultlib
INFO: [VRFC 10-311] analyzing module PulseWaveMaker
INFO: [VRFC 10-2263] Analyzing Verilog file "C:/Cascade_hydrophones/WorkspaceOMDHydrophones/Hardware/HydroProccess/HydroProccess.ip_user_files/bd/MicroBlaze/ip/MicroBlaze_BlockRam_0_0/sim/MicroBlaze_BlockRam_0_0.v" into library xil_defaultlib
INFO: [VRFC 10-311] analyzing module MicroBlaze_BlockRam_0_0
INFO: [VRFC 10-2263] Analyzing Verilog file "C:/Cascade_hydrophones/WorkspaceOMDHydrophones/Hardware/HydroProccess/HydroProccess.ip_user_files/bd/MicroBlaze/ip/MicroBlaze_CC_0_0/sim/MicroBlaze_CC_0_0.v" into library xil_defaultlib
INFO: [VRFC 10-311] analyzing module MicroBlaze_CC_0_0
INFO: [VRFC 10-2263] Analyzing Verilog file "C:/Cascade_hydrophones/WorkspaceOMDHydrophones/Hardware/HydroProccess/HydroProccess.ip_user_files/bd/MicroBlaze/ip/MicroBlaze_BRAMMUX_0_0/sim/MicroBlaze_BRAMMUX_0_0.v" into library xil_defaultlib
INFO: [VRFC 10-311] analyzing module MicroBlaze_BRAMMUX_0_0
INFO: [VRFC 10-2263] Analyzing Verilog file "C:/Cascade_hydrophones/WorkspaceOMDHydrophones/Hardware/HydroProccess/HydroProccess.ip_user_files/bd/MicroBlaze/ip/MicroBlaze_waveParser_0_0/sim/MicroBlaze_waveParser_0_0.v" into library xil_defaultlib
INFO: [VRFC 10-311] analyzing module MicroBlaze_waveParser_0_0
INFO: [VRFC 10-2263] Analyzing Verilog file "C:/Cascade_hydrophones/WorkspaceOMDHydrophones/Hardware/HydroProccess/HydroProccess.ip_user_files/bd/MicroBlaze/ip/MicroBlaze_clk1Mhz_0_0/sim/MicroBlaze_clk1Mhz_0_0.v" into library xil_defaultlib
INFO: [VRFC 10-311] analyzing module MicroBlaze_clk1Mhz_0_0
INFO: [VRFC 10-2263] Analyzing Verilog file "C:/Cascade_hydrophones/WorkspaceOMDHydrophones/Hardware/HydroProccess/HydroProccess.ip_user_files/bd/MicroBlaze/ip/MicroBlaze_xlslice_0_0/sim/MicroBlaze_xlslice_0_0.v" into library xil_defaultlib
INFO: [VRFC 10-311] analyzing module MicroBlaze_xlslice_0_0
INFO: [VRFC 10-2263] Analyzing Verilog file "C:/Cascade_hydrophones/WorkspaceOMDHydrophones/Hardware/HydroProccess/HydroProccess.ip_user_files/bd/MicroBlaze/ip/MicroBlaze_AddressFixer_0_0/sim/MicroBlaze_AddressFixer_0_0.v" into library xil_defaultlib
INFO: [VRFC 10-311] analyzing module MicroBlaze_AddressFixer_0_0
INFO: [VRFC 10-2263] Analyzing Verilog file "C:/Cascade_hydrophones/WorkspaceOMDHydrophones/Hardware/HydroProccess/HydroProccess.ip_user_files/bd/MicroBlaze/ip/MicroBlaze_xlconstant_0_0/sim/MicroBlaze_xlconstant_0_0.v" into library xil_defaultlib
INFO: [VRFC 10-311] analyzing module MicroBlaze_xlconstant_0_0
INFO: [VRFC 10-2263] Analyzing Verilog file "C:/Cascade_hydrophones/WorkspaceOMDHydrophones/Hardware/HydroProccess/HydroProccess.ip_user_files/bd/MicroBlaze/ip/MicroBlaze_blk_mem_gen_0_0/sim/MicroBlaze_blk_mem_gen_0_0.v" into library xil_defaultlib
INFO: [VRFC 10-311] analyzing module MicroBlaze_blk_mem_gen_0_0
INFO: [VRFC 10-2263] Analyzing Verilog file "C:/Cascade_hydrophones/WorkspaceOMDHydrophones/Hardware/HydroProccess/HydroProccess.ip_user_files/bd/MicroBlaze/ip/MicroBlaze_blk_mem_gen_0_1/sim/MicroBlaze_blk_mem_gen_0_1.v" into library xil_defaultlib
INFO: [VRFC 10-311] analyzing module MicroBlaze_blk_mem_gen_0_1
INFO: [VRFC 10-2263] Analyzing Verilog file "C:/Cascade_hydrophones/WorkspaceOMDHydrophones/Hardware/HydroProccess/HydroProccess.ip_user_files/bd/MicroBlaze/ip/MicroBlaze_xlslice_0_1/sim/MicroBlaze_xlslice_0_1.v" into library xil_defaultlib
INFO: [VRFC 10-311] analyzing module MicroBlaze_xlslice_0_1
INFO: [VRFC 10-2263] Analyzing Verilog file "C:/Cascade_hydrophones/WorkspaceOMDHydrophones/Hardware/HydroProccess/HydroProccess.ip_user_files/bd/MicroBlaze/ip/MicroBlaze_processing_system7_0_0/sim/MicroBlaze_processing_system7_0_0.v" into library xil_defaultlib
INFO: [VRFC 10-311] analyzing module MicroBlaze_processing_system7_0_0
INFO: [VRFC 10-2263] Analyzing Verilog file "C:/Cascade_hydrophones/WorkspaceOMDHydrophones/Hardware/HydroProccess/HydroProccess.ip_user_files/bd/MicroBlaze/ip/MicroBlaze_axi_smc_0/bd_0/sim/bd_f84b.v" into library xil_defaultlib
INFO: [VRFC 10-311] analyzing module bd_f84b
INFO: [VRFC 10-311] analyzing module clk_map_imp_1YL05Q
INFO: [VRFC 10-311] analyzing module i_nodes_imp_1J7OULC
INFO: [VRFC 10-311] analyzing module m00_exit_pipeline_imp_1YYLWID
INFO: [VRFC 10-311] analyzing module m00_nodes_imp_1CPFS3D
INFO: [VRFC 10-311] analyzing module m01_exit_pipeline_imp_1SJAWB9
INFO: [VRFC 10-311] analyzing module m01_nodes_imp_E0MZKF
INFO: [VRFC 10-311] analyzing module s00_entry_pipeline_imp_YKGMHI
INFO: [VRFC 10-311] analyzing module s00_nodes_imp_T6O2J0
INFO: [VRFC 10-311] analyzing module switchboards_imp_SFX7C
INFO: [VRFC 10-2263] Analyzing Verilog file "C:/Cascade_hydrophones/WorkspaceOMDHydrophones/Hardware/HydroProccess/HydroProccess.ip_user_files/bd/MicroBlaze/ip/MicroBlaze_axi_smc_0/bd_0/ip/ip_0/sim/bd_f84b_one_0.v" into library xil_defaultlib
INFO: [VRFC 10-311] analyzing module bd_f84b_one_0
INFO: [VRFC 10-2263] Analyzing SystemVerilog file "C:/Cascade_hydrophones/WorkspaceOMDHydrophones/Hardware/HydroProccess/HydroProccess.ip_user_files/bd/MicroBlaze/ip/MicroBlaze_axi_smc_0/bd_0/ip/ip_2/sim/bd_f84b_arinsw_0.sv" into library xil_defaultlib
INFO: [VRFC 10-311] analyzing module bd_f84b_arinsw_0
INFO: [VRFC 10-2263] Analyzing SystemVerilog file "C:/Cascade_hydrophones/WorkspaceOMDHydrophones/Hardware/HydroProccess/HydroProccess.ip_user_files/bd/MicroBlaze/ip/MicroBlaze_axi_smc_0/bd_0/ip/ip_3/sim/bd_f84b_rinsw_0.sv" into library xil_defaultlib
INFO: [VRFC 10-311] analyzing module bd_f84b_rinsw_0
INFO: [VRFC 10-2263] Analyzing SystemVerilog file "C:/Cascade_hydrophones/WorkspaceOMDHydrophones/Hardware/HydroProccess/HydroProccess.ip_user_files/bd/MicroBlaze/ip/MicroBlaze_axi_smc_0/bd_0/ip/ip_4/sim/bd_f84b_awinsw_0.sv" into library xil_defaultlib
INFO: [VRFC 10-311] analyzing module bd_f84b_awinsw_0
INFO: [VRFC 10-2263] Analyzing SystemVerilog file "C:/Cascade_hydrophones/WorkspaceOMDHydrophones/Hardware/HydroProccess/HydroProccess.ip_user_files/bd/MicroBlaze/ip/MicroBlaze_axi_smc_0/bd_0/ip/ip_5/sim/bd_f84b_winsw_0.sv" into library xil_defaultlib
INFO: [VRFC 10-311] analyzing module bd_f84b_winsw_0
INFO: [VRFC 10-2263] Analyzing SystemVerilog file "C:/Cascade_hydrophones/WorkspaceOMDHydrophones/Hardware/HydroProccess/HydroProccess.ip_user_files/bd/MicroBlaze/ip/MicroBlaze_axi_smc_0/bd_0/ip/ip_6/sim/bd_f84b_binsw_0.sv" into library xil_defaultlib
INFO: [VRFC 10-311] analyzing module bd_f84b_binsw_0
INFO: [VRFC 10-2263] Analyzing SystemVerilog file "C:/Cascade_hydrophones/WorkspaceOMDHydrophones/Hardware/HydroProccess/HydroProccess.ip_user_files/bd/MicroBlaze/ip/MicroBlaze_axi_smc_0/bd_0/ip/ip_7/sim/bd_f84b_aroutsw_0.sv" into library xil_defaultlib
INFO: [VRFC 10-311] analyzing module bd_f84b_aroutsw_0
WARNING: [VRFC 10-8772] attribute 'X_INTERFACE_MODE' is already specified; last one will take precedence [C:/Cascade_hydrophones/WorkspaceOMDHydrophones/Hardware/HydroProccess/HydroProccess.ip_user_files/bd/MicroBlaze/ip/MicroBlaze_axi_smc_0/bd_0/ip/ip_7/sim/bd_f84b_aroutsw_0.sv:93]
INFO: [VRFC 10-2263] Analyzing SystemVerilog file "C:/Cascade_hydrophones/WorkspaceOMDHydrophones/Hardware/HydroProccess/HydroProccess.ip_user_files/bd/MicroBlaze/ip/MicroBlaze_axi_smc_0/bd_0/ip/ip_8/sim/bd_f84b_routsw_0.sv" into library xil_defaultlib
INFO: [VRFC 10-311] analyzing module bd_f84b_routsw_0
WARNING: [VRFC 10-8772] attribute 'X_INTERFACE_MODE' is already specified; last one will take precedence [C:/Cascade_hydrophones/WorkspaceOMDHydrophones/Hardware/HydroProccess/HydroProccess.ip_user_files/bd/MicroBlaze/ip/MicroBlaze_axi_smc_0/bd_0/ip/ip_8/sim/bd_f84b_routsw_0.sv:82]
WARNING: [VRFC 10-8772] attribute 'X_INTERFACE_PARAMETER' is already specified; last one will take precedence [C:/Cascade_hydrophones/WorkspaceOMDHydrophones/Hardware/HydroProccess/HydroProccess.ip_user_files/bd/MicroBlaze/ip/MicroBlaze_axi_smc_0/bd_0/ip/ip_8/sim/bd_f84b_routsw_0.sv:83]
INFO: [VRFC 10-2263] Analyzing SystemVerilog file "C:/Cascade_hydrophones/WorkspaceOMDHydrophones/Hardware/HydroProccess/HydroProccess.ip_user_files/bd/MicroBlaze/ip/MicroBlaze_axi_smc_0/bd_0/ip/ip_9/sim/bd_f84b_awoutsw_0.sv" into library xil_defaultlib
INFO: [VRFC 10-311] analyzing module bd_f84b_awoutsw_0
WARNING: [VRFC 10-8772] attribute 'X_INTERFACE_MODE' is already specified; last one will take precedence [C:/Cascade_hydrophones/WorkspaceOMDHydrophones/Hardware/HydroProccess/HydroProccess.ip_user_files/bd/MicroBlaze/ip/MicroBlaze_axi_smc_0/bd_0/ip/ip_9/sim/bd_f84b_awoutsw_0.sv:93]
INFO: [VRFC 10-2263] Analyzing SystemVerilog file "C:/Cascade_hydrophones/WorkspaceOMDHydrophones/Hardware/HydroProccess/HydroProccess.ip_user_files/bd/MicroBlaze/ip/MicroBlaze_axi_smc_0/bd_0/ip/ip_10/sim/bd_f84b_woutsw_0.sv" into library xil_defaultlib
INFO: [VRFC 10-311] analyzing module bd_f84b_woutsw_0
WARNING: [VRFC 10-8772] attribute 'X_INTERFACE_MODE' is already specified; last one will take precedence [C:/Cascade_hydrophones/WorkspaceOMDHydrophones/Hardware/HydroProccess/HydroProccess.ip_user_files/bd/MicroBlaze/ip/MicroBlaze_axi_smc_0/bd_0/ip/ip_10/sim/bd_f84b_woutsw_0.sv:93]
INFO: [VRFC 10-2263] Analyzing SystemVerilog file "C:/Cascade_hydrophones/WorkspaceOMDHydrophones/Hardware/HydroProccess/HydroProccess.ip_user_files/bd/MicroBlaze/ip/MicroBlaze_axi_smc_0/bd_0/ip/ip_11/sim/bd_f84b_boutsw_0.sv" into library xil_defaultlib
INFO: [VRFC 10-311] analyzing module bd_f84b_boutsw_0
WARNING: [VRFC 10-8772] attribute 'X_INTERFACE_MODE' is already specified; last one will take precedence [C:/Cascade_hydrophones/WorkspaceOMDHydrophones/Hardware/HydroProccess/HydroProccess.ip_user_files/bd/MicroBlaze/ip/MicroBlaze_axi_smc_0/bd_0/ip/ip_11/sim/bd_f84b_boutsw_0.sv:82]
WARNING: [VRFC 10-8772] attribute 'X_INTERFACE_PARAMETER' is already specified; last one will take precedence [C:/Cascade_hydrophones/WorkspaceOMDHydrophones/Hardware/HydroProccess/HydroProccess.ip_user_files/bd/MicroBlaze/ip/MicroBlaze_axi_smc_0/bd_0/ip/ip_11/sim/bd_f84b_boutsw_0.sv:83]
INFO: [VRFC 10-2263] Analyzing SystemVerilog file "C:/Cascade_hydrophones/WorkspaceOMDHydrophones/Hardware/HydroProccess/HydroProccess.ip_user_files/bd/MicroBlaze/ip/MicroBlaze_axi_smc_0/bd_0/ip/ip_12/sim/bd_f84b_arni_0.sv" into library xil_defaultlib
INFO: [VRFC 10-311] analyzing module bd_f84b_arni_0
INFO: [VRFC 10-2263] Analyzing SystemVerilog file "C:/Cascade_hydrophones/WorkspaceOMDHydrophones/Hardware/HydroProccess/HydroProccess.ip_user_files/bd/MicroBlaze/ip/MicroBlaze_axi_smc_0/bd_0/ip/ip_13/sim/bd_f84b_rni_0.sv" into library xil_defaultlib
INFO: [VRFC 10-311] analyzing module bd_f84b_rni_0
INFO: [VRFC 10-2263] Analyzing SystemVerilog file "C:/Cascade_hydrophones/WorkspaceOMDHydrophones/Hardware/HydroProccess/HydroProccess.ip_user_files/bd/MicroBlaze/ip/MicroBlaze_axi_smc_0/bd_0/ip/ip_14/sim/bd_f84b_awni_0.sv" into library xil_defaultlib
INFO: [VRFC 10-311] analyzing module bd_f84b_awni_0
INFO: [VRFC 10-2263] Analyzing SystemVerilog file "C:/Cascade_hydrophones/WorkspaceOMDHydrophones/Hardware/HydroProccess/HydroProccess.ip_user_files/bd/MicroBlaze/ip/MicroBlaze_axi_smc_0/bd_0/ip/ip_15/sim/bd_f84b_wni_0.sv" into library xil_defaultlib
INFO: [VRFC 10-311] analyzing module bd_f84b_wni_0
INFO: [VRFC 10-2263] Analyzing SystemVerilog file "C:/Cascade_hydrophones/WorkspaceOMDHydrophones/Hardware/HydroProccess/HydroProccess.ip_user_files/bd/MicroBlaze/ip/MicroBlaze_axi_smc_0/bd_0/ip/ip_16/sim/bd_f84b_bni_0.sv" into library xil_defaultlib
INFO: [VRFC 10-311] analyzing module bd_f84b_bni_0
INFO: [VRFC 10-2263] Analyzing SystemVerilog file "C:/Cascade_hydrophones/WorkspaceOMDHydrophones/Hardware/HydroProccess/HydroProccess.ip_user_files/bd/MicroBlaze/ip/MicroBlaze_axi_smc_0/bd_0/ip/ip_17/sim/bd_f84b_s00mmu_0.sv" into library xil_defaultlib
INFO: [VRFC 10-311] analyzing module bd_f84b_s00mmu_0
INFO: [VRFC 10-2263] Analyzing SystemVerilog file "C:/Cascade_hydrophones/WorkspaceOMDHydrophones/Hardware/HydroProccess/HydroProccess.ip_user_files/bd/MicroBlaze/ip/MicroBlaze_axi_smc_0/bd_0/ip/ip_18/sim/bd_f84b_s00tr_0.sv" into library xil_defaultlib
INFO: [VRFC 10-311] analyzing module bd_f84b_s00tr_0
INFO: [VRFC 10-2263] Analyzing SystemVerilog file "C:/Cascade_hydrophones/WorkspaceOMDHydrophones/Hardware/HydroProccess/HydroProccess.ip_user_files/bd/MicroBlaze/ip/MicroBlaze_axi_smc_0/bd_0/ip/ip_19/sim/bd_f84b_s00sic_0.sv" into library xil_defaultlib
INFO: [VRFC 10-311] analyzing module bd_f84b_s00sic_0
INFO: [VRFC 10-2263] Analyzing SystemVerilog file "C:/Cascade_hydrophones/WorkspaceOMDHydrophones/Hardware/HydroProccess/HydroProccess.ip_user_files/bd/MicroBlaze/ip/MicroBlaze_axi_smc_0/bd_0/ip/ip_20/sim/bd_f84b_s00a2s_0.sv" into library xil_defaultlib
INFO: [VRFC 10-311] analyzing module bd_f84b_s00a2s_0
INFO: [VRFC 10-2263] Analyzing SystemVerilog file "C:/Cascade_hydrophones/WorkspaceOMDHydrophones/Hardware/HydroProccess/HydroProccess.ip_user_files/bd/MicroBlaze/ip/MicroBlaze_axi_smc_0/bd_0/ip/ip_21/sim/bd_f84b_sarn_0.sv" into library xil_defaultlib
INFO: [VRFC 10-311] analyzing module bd_f84b_sarn_0
INFO: [VRFC 10-2263] Analyzing SystemVerilog file "C:/Cascade_hydrophones/WorkspaceOMDHydrophones/Hardware/HydroProccess/HydroProccess.ip_user_files/bd/MicroBlaze/ip/MicroBlaze_axi_smc_0/bd_0/ip/ip_22/sim/bd_f84b_srn_0.sv" into library xil_defaultlib
INFO: [VRFC 10-311] analyzing module bd_f84b_srn_0
INFO: [VRFC 10-2263] Analyzing SystemVerilog file "C:/Cascade_hydrophones/WorkspaceOMDHydrophones/Hardware/HydroProccess/HydroProccess.ip_user_files/bd/MicroBlaze/ip/MicroBlaze_axi_smc_0/bd_0/ip/ip_23/sim/bd_f84b_sawn_0.sv" into library xil_defaultlib
INFO: [VRFC 10-311] analyzing module bd_f84b_sawn_0
INFO: [VRFC 10-2263] Analyzing SystemVerilog file "C:/Cascade_hydrophones/WorkspaceOMDHydrophones/Hardware/HydroProccess/HydroProccess.ip_user_files/bd/MicroBlaze/ip/MicroBlaze_axi_smc_0/bd_0/ip/ip_24/sim/bd_f84b_swn_0.sv" into library xil_defaultlib
INFO: [VRFC 10-311] analyzing module bd_f84b_swn_0
INFO: [VRFC 10-2263] Analyzing SystemVerilog file "C:/Cascade_hydrophones/WorkspaceOMDHydrophones/Hardware/HydroProccess/HydroProccess.ip_user_files/bd/MicroBlaze/ip/MicroBlaze_axi_smc_0/bd_0/ip/ip_25/sim/bd_f84b_sbn_0.sv" into library xil_defaultlib
INFO: [VRFC 10-311] analyzing module bd_f84b_sbn_0
INFO: [VRFC 10-2263] Analyzing SystemVerilog file "C:/Cascade_hydrophones/WorkspaceOMDHydrophones/Hardware/HydroProccess/HydroProccess.ip_user_files/bd/MicroBlaze/ip/MicroBlaze_axi_smc_0/bd_0/ip/ip_26/sim/bd_f84b_m00s2a_0.sv" into library xil_defaultlib
INFO: [VRFC 10-311] analyzing module bd_f84b_m00s2a_0
INFO: [VRFC 10-2263] Analyzing SystemVerilog file "C:/Cascade_hydrophones/WorkspaceOMDHydrophones/Hardware/HydroProccess/HydroProccess.ip_user_files/bd/MicroBlaze/ip/MicroBlaze_axi_smc_0/bd_0/ip/ip_27/sim/bd_f84b_m00arn_0.sv" into library xil_defaultlib
INFO: [VRFC 10-311] analyzing module bd_f84b_m00arn_0
INFO: [VRFC 10-2263] Analyzing SystemVerilog file "C:/Cascade_hydrophones/WorkspaceOMDHydrophones/Hardware/HydroProccess/HydroProccess.ip_user_files/bd/MicroBlaze/ip/MicroBlaze_axi_smc_0/bd_0/ip/ip_28/sim/bd_f84b_m00rn_0.sv" into library xil_defaultlib
INFO: [VRFC 10-311] analyzing module bd_f84b_m00rn_0
INFO: [VRFC 10-2263] Analyzing SystemVerilog file "C:/Cascade_hydrophones/WorkspaceOMDHydrophones/Hardware/HydroProccess/HydroProccess.ip_user_files/bd/MicroBlaze/ip/MicroBlaze_axi_smc_0/bd_0/ip/ip_29/sim/bd_f84b_m00awn_0.sv" into library xil_defaultlib
INFO: [VRFC 10-311] analyzing module bd_f84b_m00awn_0
INFO: [VRFC 10-2263] Analyzing SystemVerilog file "C:/Cascade_hydrophones/WorkspaceOMDHydrophones/Hardware/HydroProccess/HydroProccess.ip_user_files/bd/MicroBlaze/ip/MicroBlaze_axi_smc_0/bd_0/ip/ip_30/sim/bd_f84b_m00wn_0.sv" into library xil_defaultlib
INFO: [VRFC 10-311] analyzing module bd_f84b_m00wn_0
INFO: [VRFC 10-2263] Analyzing SystemVerilog file "C:/Cascade_hydrophones/WorkspaceOMDHydrophones/Hardware/HydroProccess/HydroProccess.ip_user_files/bd/MicroBlaze/ip/MicroBlaze_axi_smc_0/bd_0/ip/ip_31/sim/bd_f84b_m00bn_0.sv" into library xil_defaultlib
INFO: [VRFC 10-311] analyzing module bd_f84b_m00bn_0
INFO: [VRFC 10-2263] Analyzing SystemVerilog file "C:/Cascade_hydrophones/WorkspaceOMDHydrophones/Hardware/HydroProccess/HydroProccess.ip_user_files/bd/MicroBlaze/ip/MicroBlaze_axi_smc_0/bd_0/ip/ip_32/sim/bd_f84b_m00e_0.sv" into library xil_defaultlib
INFO: [VRFC 10-311] analyzing module bd_f84b_m00e_0
INFO: [VRFC 10-2263] Analyzing SystemVerilog file "C:/Cascade_hydrophones/WorkspaceOMDHydrophones/Hardware/HydroProccess/HydroProccess.ip_user_files/bd/MicroBlaze/ip/MicroBlaze_axi_smc_0/bd_0/ip/ip_33/sim/bd_f84b_m01s2a_0.sv" into library xil_defaultlib
INFO: [VRFC 10-311] analyzing module bd_f84b_m01s2a_0
INFO: [VRFC 10-2263] Analyzing SystemVerilog file "C:/Cascade_hydrophones/WorkspaceOMDHydrophones/Hardware/HydroProccess/HydroProccess.ip_user_files/bd/MicroBlaze/ip/MicroBlaze_axi_smc_0/bd_0/ip/ip_34/sim/bd_f84b_m01arn_0.sv" into library xil_defaultlib
INFO: [VRFC 10-311] analyzing module bd_f84b_m01arn_0
INFO: [VRFC 10-2263] Analyzing SystemVerilog file "C:/Cascade_hydrophones/WorkspaceOMDHydrophones/Hardware/HydroProccess/HydroProccess.ip_user_files/bd/MicroBlaze/ip/MicroBlaze_axi_smc_0/bd_0/ip/ip_35/sim/bd_f84b_m01rn_0.sv" into library xil_defaultlib
INFO: [VRFC 10-311] analyzing module bd_f84b_m01rn_0
INFO: [VRFC 10-2263] Analyzing SystemVerilog file "C:/Cascade_hydrophones/WorkspaceOMDHydrophones/Hardware/HydroProccess/HydroProccess.ip_user_files/bd/MicroBlaze/ip/MicroBlaze_axi_smc_0/bd_0/ip/ip_36/sim/bd_f84b_m01awn_0.sv" into library xil_defaultlib
INFO: [VRFC 10-311] analyzing module bd_f84b_m01awn_0
INFO: [VRFC 10-2263] Analyzing SystemVerilog file "C:/Cascade_hydrophones/WorkspaceOMDHydrophones/Hardware/HydroProccess/HydroProccess.ip_user_files/bd/MicroBlaze/ip/MicroBlaze_axi_smc_0/bd_0/ip/ip_37/sim/bd_f84b_m01wn_0.sv" into library xil_defaultlib
INFO: [VRFC 10-311] analyzing module bd_f84b_m01wn_0
INFO: [VRFC 10-2263] Analyzing SystemVerilog file "C:/Cascade_hydrophones/WorkspaceOMDHydrophones/Hardware/HydroProccess/HydroProccess.ip_user_files/bd/MicroBlaze/ip/MicroBlaze_axi_smc_0/bd_0/ip/ip_38/sim/bd_f84b_m01bn_0.sv" into library xil_defaultlib
INFO: [VRFC 10-311] analyzing module bd_f84b_m01bn_0
INFO: [VRFC 10-2263] Analyzing SystemVerilog file "C:/Cascade_hydrophones/WorkspaceOMDHydrophones/Hardware/HydroProccess/HydroProccess.ip_user_files/bd/MicroBlaze/ip/MicroBlaze_axi_smc_0/bd_0/ip/ip_39/sim/bd_f84b_m01e_0.sv" into library xil_defaultlib
INFO: [VRFC 10-311] analyzing module bd_f84b_m01e_0
INFO: [VRFC 10-2263] Analyzing Verilog file "C:/Cascade_hydrophones/WorkspaceOMDHydrophones/Hardware/HydroProccess/HydroProccess.ip_user_files/bd/MicroBlaze/ip/MicroBlaze_axi_smc_0/sim/MicroBlaze_axi_smc_0.v" into library xil_defaultlib
INFO: [VRFC 10-311] analyzing module MicroBlaze_axi_smc_0
INFO: [VRFC 10-2263] Analyzing Verilog file "C:/Cascade_hydrophones/WorkspaceOMDHydrophones/Hardware/HydroProccess/HydroProccess.ip_user_files/bd/MicroBlaze/ip/MicroBlaze_PulseWaveMaker_0_0/sim/MicroBlaze_PulseWaveMaker_0_0.v" into library xil_defaultlib
INFO: [VRFC 10-311] analyzing module MicroBlaze_PulseWaveMaker_0_0
INFO: [VRFC 10-2263] Analyzing Verilog file "C:/Cascade_hydrophones/WorkspaceOMDHydrophones/Hardware/HydroProccess/HydroProccess.ip_user_files/bd/MicroBlaze/sim/MicroBlaze.v" into library xil_defaultlib
INFO: [VRFC 10-311] analyzing module MicroBlaze
INFO: [VRFC 10-2263] Analyzing Verilog file "C:/Cascade_hydrophones/WorkspaceOMDHydrophones/Hardware/HydroProccess/HydroProccess.gen/sources_1/bd/MicroBlaze/hdl/MicroBlaze_wrapper.v" into library xil_defaultlib
INFO: [VRFC 10-311] analyzing module MicroBlaze_wrapper
INFO: [VRFC 10-2263] Analyzing Verilog file "C:/Cascade_hydrophones/WorkspaceOMDHydrophones/Hardware/HydroProccess/HydroProccess.srcs/sim_1/new/TestBench.v" into library xil_defaultlib
INFO: [VRFC 10-311] analyzing module TestBench
